2020-10-29 07:01:43 [DEBUG] [root]show full columns from `heecms_pages`
2020-10-29 07:01:43 [DEBUG] [root]select * from heecms_pages       
2020-10-29 07:01:43 [DEBUG] [root]show full columns from `heecms_config`
2020-10-29 07:01:43 [DEBUG] [root]select * from heecms_link_group   where  (`heecms_link_group`.delete_time IS NULL or `heecms_link_group`.delete_time <=0 or `heecms_link_group`.delete_time='')    
2020-10-29 07:01:43 [DEBUG] [root]select * from heecms_link   where ((`link_group_id`='1')) and (`heecms_link`.delete_time IS NULL or `heecms_link`.delete_time <=0 or `heecms_link`.delete_time='')  order by link_group_id asc  
2020-10-29 07:01:43 [DEBUG] [root]select * from heecms_link   where ((`parent_id`='1')) and (`heecms_link`.delete_time IS NULL or `heecms_link`.delete_time <=0 or `heecms_link`.delete_time='')  order by parent_id asc  
2020-10-29 07:01:43 [DEBUG] [root]select * from heecms_link   where ((`parent_id`='3')) and (`heecms_link`.delete_time IS NULL or `heecms_link`.delete_time <=0 or `heecms_link`.delete_time='')  order by parent_id asc  
2020-10-29 07:01:43 [DEBUG] [root]select * from heecms_link   where ((`parent_id`='4')) and (`heecms_link`.delete_time IS NULL or `heecms_link`.delete_time <=0 or `heecms_link`.delete_time='')  order by parent_id asc  
2020-10-29 07:01:43 [DEBUG] [root]select * from heecms_link   where ((`parent_id`='5')) and (`heecms_link`.delete_time IS NULL or `heecms_link`.delete_time <=0 or `heecms_link`.delete_time='')  order by parent_id asc  
2020-10-29 07:01:43 [DEBUG] [root]select * from heecms_link   where ((`parent_id`='6')) and (`heecms_link`.delete_time IS NULL or `heecms_link`.delete_time <=0 or `heecms_link`.delete_time='')  order by parent_id asc  
2020-10-29 07:01:43 [DEBUG] [root]select * from heecms_link   where ((`parent_id`='7')) and (`heecms_link`.delete_time IS NULL or `heecms_link`.delete_time <=0 or `heecms_link`.delete_time='')  order by parent_id asc  
2020-10-29 07:01:43 [DEBUG] [root]select * from heecms_link   where ((`parent_id`='19')) and (`heecms_link`.delete_time IS NULL or `heecms_link`.delete_time <=0 or `heecms_link`.delete_time='')  order by parent_id asc  
2020-10-29 07:01:43 [DEBUG] [root]select * from heecms_link   where ((`link_group_id`='2')) and (`heecms_link`.delete_time IS NULL or `heecms_link`.delete_time <=0 or `heecms_link`.delete_time='')  order by link_group_id asc  
2020-10-29 07:01:43 [DEBUG] [root]select * from heecms_link   where ((`parent_id`='8')) and (`heecms_link`.delete_time IS NULL or `heecms_link`.delete_time <=0 or `heecms_link`.delete_time='')  order by parent_id asc  
2020-10-29 07:01:43 [DEBUG] [root]select * from heecms_link   where ((`parent_id`='9')) and (`heecms_link`.delete_time IS NULL or `heecms_link`.delete_time <=0 or `heecms_link`.delete_time='')  order by parent_id asc  
2020-10-29 07:01:43 [DEBUG] [root]select * from heecms_link   where ((`parent_id`='10')) and (`heecms_link`.delete_time IS NULL or `heecms_link`.delete_time <=0 or `heecms_link`.delete_time='')  order by parent_id asc  
2020-10-29 07:01:43 [DEBUG] [root]select * from heecms_link   where ((`parent_id`='11')) and (`heecms_link`.delete_time IS NULL or `heecms_link`.delete_time <=0 or `heecms_link`.delete_time='')  order by parent_id asc  
2020-10-29 07:01:43 [DEBUG] [root]select * from heecms_link   where ((`parent_id`='12')) and (`heecms_link`.delete_time IS NULL or `heecms_link`.delete_time <=0 or `heecms_link`.delete_time='')  order by parent_id asc  
2020-10-29 07:01:43 [DEBUG] [root]select * from heecms_link   where ((`parent_id`='13')) and (`heecms_link`.delete_time IS NULL or `heecms_link`.delete_time <=0 or `heecms_link`.delete_time='')  order by parent_id asc  
2020-10-29 07:01:43 [DEBUG] [root]select * from heecms_link   where ((`parent_id`='14')) and (`heecms_link`.delete_time IS NULL or `heecms_link`.delete_time <=0 or `heecms_link`.delete_time='')  order by parent_id asc  
2020-10-29 07:01:43 [DEBUG] [root]select * from heecms_link   where ((`parent_id`='15')) and (`heecms_link`.delete_time IS NULL or `heecms_link`.delete_time <=0 or `heecms_link`.delete_time='')  order by parent_id asc  
2020-10-29 07:01:43 [DEBUG] [root]select * from heecms_link   where ((`parent_id`='16')) and (`heecms_link`.delete_time IS NULL or `heecms_link`.delete_time <=0 or `heecms_link`.delete_time='')  order by parent_id asc  
2020-10-29 07:01:43 [DEBUG] [root]select * from heecms_link   where ((`parent_id`='17')) and (`heecms_link`.delete_time IS NULL or `heecms_link`.delete_time <=0 or `heecms_link`.delete_time='')  order by parent_id asc  
2020-10-29 07:01:43 [DEBUG] [root]select * from heecms_link   where ((`parent_id`='18')) and (`heecms_link`.delete_time IS NULL or `heecms_link`.delete_time <=0 or `heecms_link`.delete_time='')  order by parent_id asc  
2020-10-29 07:01:43 [DEBUG] [root]select * from heecms_link   where ((`link_group_id`='3')) and (`heecms_link`.delete_time IS NULL or `heecms_link`.delete_time <=0 or `heecms_link`.delete_time='')  order by link_group_id asc  
2020-10-29 07:01:43 [DEBUG] [root]select * from heecms_link   where ((`parent_id`='20')) and (`heecms_link`.delete_time IS NULL or `heecms_link`.delete_time <=0 or `heecms_link`.delete_time='')  order by parent_id asc  
2020-10-29 07:01:43 [DEBUG] [root]select * from heecms_link   where ((`parent_id`='21')) and (`heecms_link`.delete_time IS NULL or `heecms_link`.delete_time <=0 or `heecms_link`.delete_time='')  order by parent_id asc  
2020-10-29 07:01:43 [DEBUG] [root]select * from heecms_link   where ((`parent_id`='22')) and (`heecms_link`.delete_time IS NULL or `heecms_link`.delete_time <=0 or `heecms_link`.delete_time='')  order by parent_id asc  
2020-10-29 07:01:43 [DEBUG] [root]select * from heecms_link   where ((`parent_id`='23')) and (`heecms_link`.delete_time IS NULL or `heecms_link`.delete_time <=0 or `heecms_link`.delete_time='')  order by parent_id asc  
2020-10-29 07:01:43 [DEBUG] [root]select * from heecms_link   where ((`parent_id`='24')) and (`heecms_link`.delete_time IS NULL or `heecms_link`.delete_time <=0 or `heecms_link`.delete_time='')  order by parent_id asc  
2020-10-29 07:01:43 [DEBUG] [root]show full columns from `heecms_pages`
2020-10-29 07:01:43 [DEBUG] [root]select * from heecms_pages       
2020-10-29 07:01:57 [DEBUG] [root]show full columns from `heecms_pages`
2020-10-29 07:01:57 [DEBUG] [root]select * from heecms_pages       
2020-10-29 07:01:57 [DEBUG] [root]show full columns from `heecms_pages`
2020-10-29 07:01:57 [DEBUG] [root]select * from heecms_pages       
2020-10-29 07:03:06 [DEBUG] [root]show full columns from `heecms_pages`
2020-10-29 07:03:06 [DEBUG] [root]select * from heecms_pages       
2020-10-29 07:03:06 [DEBUG] [root]show full columns from `heecms_pages`
2020-10-29 07:03:06 [DEBUG] [root]select * from heecms_pages       
2020-10-29 07:03:09 [DEBUG] [root]show full columns from `heecms_pages`
2020-10-29 07:03:09 [DEBUG] [root]select * from heecms_pages       
2020-10-29 07:03:09 [DEBUG] [root]show full columns from `heecms_pages`
2020-10-29 07:03:09 [DEBUG] [root]select * from heecms_pages       
2020-10-29 07:03:10 [DEBUG] [root]show full columns from `heecms_pages`
2020-10-29 07:03:10 [DEBUG] [root]select * from heecms_pages       
2020-10-29 07:03:10 [DEBUG] [root]show full columns from `heecms_pages`
2020-10-29 07:03:10 [DEBUG] [root]select * from heecms_pages       
2020-10-29 07:04:06 [DEBUG] [root]show full columns from `heecms_pages`
2020-10-29 07:04:06 [DEBUG] [root]select * from heecms_pages       
2020-10-29 07:04:06 [DEBUG] [root]show full columns from `heecms_pages`
2020-10-29 07:04:06 [DEBUG] [root]select * from heecms_pages       
2020-10-29 07:04:07 [DEBUG] [root]show full columns from `heecms_pages`
2020-10-29 07:04:07 [DEBUG] [root]select * from heecms_pages       
2020-10-29 07:04:07 [DEBUG] [root]show full columns from `heecms_pages`
2020-10-29 07:04:07 [DEBUG] [root]select * from heecms_pages       
2020-10-29 07:04:08 [DEBUG] [root]show full columns from `heecms_pages`
2020-10-29 07:04:08 [DEBUG] [root]select * from heecms_pages       
2020-10-29 07:05:00 [DEBUG] [root]show full columns from `heecms_pages`
2020-10-29 07:05:00 [DEBUG] [root]select * from heecms_pages       
2020-10-29 07:05:00 [DEBUG] [root]show full columns from `heecms_pages`
2020-10-29 07:05:00 [DEBUG] [root]select * from heecms_pages       
2020-10-29 07:05:23 [DEBUG] [root]show full columns from `heecms_pages`
2020-10-29 07:05:23 [DEBUG] [root]select * from heecms_pages       
2020-10-29 07:05:23 [DEBUG] [root]show full columns from `heecms_pages`
2020-10-29 07:05:23 [DEBUG] [root]select * from heecms_pages       
2020-10-29 07:05:24 [DEBUG] [root]show full columns from `heecms_pages`
2020-10-29 07:05:24 [DEBUG] [root]select * from heecms_pages       
2020-10-29 07:05:24 [DEBUG] [root]show full columns from `heecms_pages`
2020-10-29 07:05:24 [DEBUG] [root]select * from heecms_pages       
2020-10-29 07:05:25 [DEBUG] [root]show full columns from `heecms_pages`
2020-10-29 07:05:25 [DEBUG] [root]select * from heecms_pages       
2020-10-29 07:05:26 [DEBUG] [root]show full columns from `heecms_pages`
2020-10-29 07:05:26 [DEBUG] [root]select * from heecms_pages       
2020-10-29 07:05:26 [DEBUG] [root]show full columns from `heecms_pages`
2020-10-29 07:05:26 [DEBUG] [root]select * from heecms_pages       
2020-10-29 07:49:28 [DEBUG] [root]show full columns from `heecms_pages`
2020-10-29 07:49:28 [DEBUG] [root]select * from heecms_pages       
2020-10-29 07:49:28 [DEBUG] [root]show full columns from `heecms_config`
2020-10-29 07:49:28 [DEBUG] [root]select * from heecms_link_group   where  (`heecms_link_group`.delete_time IS NULL or `heecms_link_group`.delete_time <=0 or `heecms_link_group`.delete_time='')    
2020-10-29 07:49:28 [DEBUG] [root]select * from heecms_link   where ((`link_group_id`='1')) and (`heecms_link`.delete_time IS NULL or `heecms_link`.delete_time <=0 or `heecms_link`.delete_time='')  order by link_group_id asc  
2020-10-29 07:49:28 [DEBUG] [root]select * from heecms_link   where ((`parent_id`='1')) and (`heecms_link`.delete_time IS NULL or `heecms_link`.delete_time <=0 or `heecms_link`.delete_time='')  order by parent_id asc  
2020-10-29 07:49:28 [DEBUG] [root]select * from heecms_link   where ((`parent_id`='3')) and (`heecms_link`.delete_time IS NULL or `heecms_link`.delete_time <=0 or `heecms_link`.delete_time='')  order by parent_id asc  
2020-10-29 07:49:28 [DEBUG] [root]select * from heecms_link   where ((`parent_id`='4')) and (`heecms_link`.delete_time IS NULL or `heecms_link`.delete_time <=0 or `heecms_link`.delete_time='')  order by parent_id asc  
2020-10-29 07:49:28 [DEBUG] [root]select * from heecms_link   where ((`parent_id`='5')) and (`heecms_link`.delete_time IS NULL or `heecms_link`.delete_time <=0 or `heecms_link`.delete_time='')  order by parent_id asc  
2020-10-29 07:49:28 [DEBUG] [root]select * from heecms_link   where ((`parent_id`='6')) and (`heecms_link`.delete_time IS NULL or `heecms_link`.delete_time <=0 or `heecms_link`.delete_time='')  order by parent_id asc  
2020-10-29 07:49:28 [DEBUG] [root]select * from heecms_link   where ((`parent_id`='7')) and (`heecms_link`.delete_time IS NULL or `heecms_link`.delete_time <=0 or `heecms_link`.delete_time='')  order by parent_id asc  
2020-10-29 07:49:28 [DEBUG] [root]select * from heecms_link   where ((`parent_id`='19')) and (`heecms_link`.delete_time IS NULL or `heecms_link`.delete_time <=0 or `heecms_link`.delete_time='')  order by parent_id asc  
2020-10-29 07:49:28 [DEBUG] [root]select * from heecms_link   where ((`link_group_id`='2')) and (`heecms_link`.delete_time IS NULL or `heecms_link`.delete_time <=0 or `heecms_link`.delete_time='')  order by link_group_id asc  
2020-10-29 07:49:29 [DEBUG] [root]select * from heecms_link   where ((`parent_id`='8')) and (`heecms_link`.delete_time IS NULL or `heecms_link`.delete_time <=0 or `heecms_link`.delete_time='')  order by parent_id asc  
2020-10-29 07:49:29 [DEBUG] [root]select * from heecms_link   where ((`parent_id`='9')) and (`heecms_link`.delete_time IS NULL or `heecms_link`.delete_time <=0 or `heecms_link`.delete_time='')  order by parent_id asc  
2020-10-29 07:49:29 [DEBUG] [root]select * from heecms_link   where ((`parent_id`='10')) and (`heecms_link`.delete_time IS NULL or `heecms_link`.delete_time <=0 or `heecms_link`.delete_time='')  order by parent_id asc  
2020-10-29 07:49:29 [DEBUG] [root]select * from heecms_link   where ((`parent_id`='11')) and (`heecms_link`.delete_time IS NULL or `heecms_link`.delete_time <=0 or `heecms_link`.delete_time='')  order by parent_id asc  
2020-10-29 07:49:29 [DEBUG] [root]select * from heecms_link   where ((`parent_id`='12')) and (`heecms_link`.delete_time IS NULL or `heecms_link`.delete_time <=0 or `heecms_link`.delete_time='')  order by parent_id asc  
2020-10-29 07:49:29 [DEBUG] [root]select * from heecms_link   where ((`parent_id`='13')) and (`heecms_link`.delete_time IS NULL or `heecms_link`.delete_time <=0 or `heecms_link`.delete_time='')  order by parent_id asc  
2020-10-29 07:49:29 [DEBUG] [root]select * from heecms_link   where ((`parent_id`='14')) and (`heecms_link`.delete_time IS NULL or `heecms_link`.delete_time <=0 or `heecms_link`.delete_time='')  order by parent_id asc  
2020-10-29 07:49:29 [DEBUG] [root]select * from heecms_link   where ((`parent_id`='15')) and (`heecms_link`.delete_time IS NULL or `heecms_link`.delete_time <=0 or `heecms_link`.delete_time='')  order by parent_id asc  
2020-10-29 07:49:29 [DEBUG] [root]select * from heecms_link   where ((`parent_id`='16')) and (`heecms_link`.delete_time IS NULL or `heecms_link`.delete_time <=0 or `heecms_link`.delete_time='')  order by parent_id asc  
2020-10-29 07:49:29 [DEBUG] [root]select * from heecms_link   where ((`parent_id`='17')) and (`heecms_link`.delete_time IS NULL or `heecms_link`.delete_time <=0 or `heecms_link`.delete_time='')  order by parent_id asc  
2020-10-29 07:49:29 [DEBUG] [root]select * from heecms_link   where ((`parent_id`='18')) and (`heecms_link`.delete_time IS NULL or `heecms_link`.delete_time <=0 or `heecms_link`.delete_time='')  order by parent_id asc  
2020-10-29 07:49:29 [DEBUG] [root]select * from heecms_link   where ((`link_group_id`='3')) and (`heecms_link`.delete_time IS NULL or `heecms_link`.delete_time <=0 or `heecms_link`.delete_time='')  order by link_group_id asc  
2020-10-29 07:49:29 [DEBUG] [root]select * from heecms_link   where ((`parent_id`='20')) and (`heecms_link`.delete_time IS NULL or `heecms_link`.delete_time <=0 or `heecms_link`.delete_time='')  order by parent_id asc  
2020-10-29 07:49:29 [DEBUG] [root]select * from heecms_link   where ((`parent_id`='21')) and (`heecms_link`.delete_time IS NULL or `heecms_link`.delete_time <=0 or `heecms_link`.delete_time='')  order by parent_id asc  
2020-10-29 07:49:29 [DEBUG] [root]select * from heecms_link   where ((`parent_id`='22')) and (`heecms_link`.delete_time IS NULL or `heecms_link`.delete_time <=0 or `heecms_link`.delete_time='')  order by parent_id asc  
2020-10-29 07:49:29 [DEBUG] [root]select * from heecms_link   where ((`parent_id`='23')) and (`heecms_link`.delete_time IS NULL or `heecms_link`.delete_time <=0 or `heecms_link`.delete_time='')  order by parent_id asc  
2020-10-29 07:49:29 [DEBUG] [root]select * from heecms_link   where ((`parent_id`='24')) and (`heecms_link`.delete_time IS NULL or `heecms_link`.delete_time <=0 or `heecms_link`.delete_time='')  order by parent_id asc  
2020-10-29 07:55:11 [DEBUG] [root]show full columns from `heecms_pages`
2020-10-29 07:55:11 [DEBUG] [root]select * from heecms_pages       
2020-10-29 07:55:11 [DEBUG] [root]show full columns from `heecms_config`
2020-10-29 07:55:11 [DEBUG] [root]select * from heecms_link_group   where  (`heecms_link_group`.delete_time IS NULL or `heecms_link_group`.delete_time <=0 or `heecms_link_group`.delete_time='')    
2020-10-29 07:55:11 [DEBUG] [root]select * from heecms_link   where ((`link_group_id`='1')) and (`heecms_link`.delete_time IS NULL or `heecms_link`.delete_time <=0 or `heecms_link`.delete_time='')  order by link_group_id asc  
2020-10-29 07:55:11 [DEBUG] [root]select * from heecms_link   where ((`parent_id`='1')) and (`heecms_link`.delete_time IS NULL or `heecms_link`.delete_time <=0 or `heecms_link`.delete_time='')  order by parent_id asc  
2020-10-29 07:55:11 [DEBUG] [root]select * from heecms_link   where ((`parent_id`='3')) and (`heecms_link`.delete_time IS NULL or `heecms_link`.delete_time <=0 or `heecms_link`.delete_time='')  order by parent_id asc  
2020-10-29 07:55:11 [DEBUG] [root]select * from heecms_link   where ((`parent_id`='4')) and (`heecms_link`.delete_time IS NULL or `heecms_link`.delete_time <=0 or `heecms_link`.delete_time='')  order by parent_id asc  
2020-10-29 07:55:11 [DEBUG] [root]select * from heecms_link   where ((`parent_id`='5')) and (`heecms_link`.delete_time IS NULL or `heecms_link`.delete_time <=0 or `heecms_link`.delete_time='')  order by parent_id asc  
2020-10-29 07:55:11 [DEBUG] [root]select * from heecms_link   where ((`parent_id`='6')) and (`heecms_link`.delete_time IS NULL or `heecms_link`.delete_time <=0 or `heecms_link`.delete_time='')  order by parent_id asc  
2020-10-29 07:55:11 [DEBUG] [root]select * from heecms_link   where ((`parent_id`='7')) and (`heecms_link`.delete_time IS NULL or `heecms_link`.delete_time <=0 or `heecms_link`.delete_time='')  order by parent_id asc  
2020-10-29 07:55:11 [DEBUG] [root]select * from heecms_link   where ((`parent_id`='19')) and (`heecms_link`.delete_time IS NULL or `heecms_link`.delete_time <=0 or `heecms_link`.delete_time='')  order by parent_id asc  
2020-10-29 07:55:11 [DEBUG] [root]select * from heecms_link   where ((`link_group_id`='2')) and (`heecms_link`.delete_time IS NULL or `heecms_link`.delete_time <=0 or `heecms_link`.delete_time='')  order by link_group_id asc  
2020-10-29 07:55:11 [DEBUG] [root]select * from heecms_link   where ((`parent_id`='8')) and (`heecms_link`.delete_time IS NULL or `heecms_link`.delete_time <=0 or `heecms_link`.delete_time='')  order by parent_id asc  
2020-10-29 07:55:11 [DEBUG] [root]select * from heecms_link   where ((`parent_id`='9')) and (`heecms_link`.delete_time IS NULL or `heecms_link`.delete_time <=0 or `heecms_link`.delete_time='')  order by parent_id asc  
2020-10-29 07:55:11 [DEBUG] [root]select * from heecms_link   where ((`parent_id`='10')) and (`heecms_link`.delete_time IS NULL or `heecms_link`.delete_time <=0 or `heecms_link`.delete_time='')  order by parent_id asc  
2020-10-29 07:55:11 [DEBUG] [root]select * from heecms_link   where ((`parent_id`='11')) and (`heecms_link`.delete_time IS NULL or `heecms_link`.delete_time <=0 or `heecms_link`.delete_time='')  order by parent_id asc  
2020-10-29 07:55:11 [DEBUG] [root]select * from heecms_link   where ((`parent_id`='12')) and (`heecms_link`.delete_time IS NULL or `heecms_link`.delete_time <=0 or `heecms_link`.delete_time='')  order by parent_id asc  
2020-10-29 07:55:11 [DEBUG] [root]select * from heecms_link   where ((`parent_id`='13')) and (`heecms_link`.delete_time IS NULL or `heecms_link`.delete_time <=0 or `heecms_link`.delete_time='')  order by parent_id asc  
2020-10-29 07:55:11 [DEBUG] [root]select * from heecms_link   where ((`parent_id`='14')) and (`heecms_link`.delete_time IS NULL or `heecms_link`.delete_time <=0 or `heecms_link`.delete_time='')  order by parent_id asc  
2020-10-29 07:55:11 [DEBUG] [root]select * from heecms_link   where ((`parent_id`='15')) and (`heecms_link`.delete_time IS NULL or `heecms_link`.delete_time <=0 or `heecms_link`.delete_time='')  order by parent_id asc  
2020-10-29 07:55:11 [DEBUG] [root]select * from heecms_link   where ((`parent_id`='16')) and (`heecms_link`.delete_time IS NULL or `heecms_link`.delete_time <=0 or `heecms_link`.delete_time='')  order by parent_id asc  
2020-10-29 07:55:11 [DEBUG] [root]select * from heecms_link   where ((`parent_id`='17')) and (`heecms_link`.delete_time IS NULL or `heecms_link`.delete_time <=0 or `heecms_link`.delete_time='')  order by parent_id asc  
2020-10-29 07:55:11 [DEBUG] [root]select * from heecms_link   where ((`parent_id`='18')) and (`heecms_link`.delete_time IS NULL or `heecms_link`.delete_time <=0 or `heecms_link`.delete_time='')  order by parent_id asc  
2020-10-29 07:55:11 [DEBUG] [root]select * from heecms_link   where ((`link_group_id`='3')) and (`heecms_link`.delete_time IS NULL or `heecms_link`.delete_time <=0 or `heecms_link`.delete_time='')  order by link_group_id asc  
2020-10-29 07:55:11 [DEBUG] [root]select * from heecms_link   where ((`parent_id`='20')) and (`heecms_link`.delete_time IS NULL or `heecms_link`.delete_time <=0 or `heecms_link`.delete_time='')  order by parent_id asc  
2020-10-29 07:55:11 [DEBUG] [root]select * from heecms_link   where ((`parent_id`='21')) and (`heecms_link`.delete_time IS NULL or `heecms_link`.delete_time <=0 or `heecms_link`.delete_time='')  order by parent_id asc  
2020-10-29 07:55:11 [DEBUG] [root]select * from heecms_link   where ((`parent_id`='22')) and (`heecms_link`.delete_time IS NULL or `heecms_link`.delete_time <=0 or `heecms_link`.delete_time='')  order by parent_id asc  
2020-10-29 07:55:11 [DEBUG] [root]select * from heecms_link   where ((`parent_id`='23')) and (`heecms_link`.delete_time IS NULL or `heecms_link`.delete_time <=0 or `heecms_link`.delete_time='')  order by parent_id asc  
2020-10-29 07:55:11 [DEBUG] [root]select * from heecms_link   where ((`parent_id`='24')) and (`heecms_link`.delete_time IS NULL or `heecms_link`.delete_time <=0 or `heecms_link`.delete_time='')  order by parent_id asc  
2020-10-29 07:55:58 [DEBUG] [root]show full columns from `heecms_pages`
2020-10-29 07:55:58 [DEBUG] [root]select * from heecms_pages       
2020-10-29 07:55:58 [DEBUG] [root]show full columns from `heecms_config`
2020-10-29 07:55:58 [DEBUG] [root]select * from heecms_link_group   where  (`heecms_link_group`.delete_time IS NULL or `heecms_link_group`.delete_time <=0 or `heecms_link_group`.delete_time='')    
2020-10-29 07:55:58 [DEBUG] [root]select * from heecms_link   where ((`link_group_id`='1')) and (`heecms_link`.delete_time IS NULL or `heecms_link`.delete_time <=0 or `heecms_link`.delete_time='')  order by link_group_id asc  
2020-10-29 07:55:58 [DEBUG] [root]select * from heecms_link   where ((`parent_id`='1')) and (`heecms_link`.delete_time IS NULL or `heecms_link`.delete_time <=0 or `heecms_link`.delete_time='')  order by parent_id asc  
2020-10-29 07:55:58 [DEBUG] [root]select * from heecms_link   where ((`parent_id`='3')) and (`heecms_link`.delete_time IS NULL or `heecms_link`.delete_time <=0 or `heecms_link`.delete_time='')  order by parent_id asc  
2020-10-29 07:55:58 [DEBUG] [root]select * from heecms_link   where ((`parent_id`='4')) and (`heecms_link`.delete_time IS NULL or `heecms_link`.delete_time <=0 or `heecms_link`.delete_time='')  order by parent_id asc  
2020-10-29 07:55:58 [DEBUG] [root]select * from heecms_link   where ((`parent_id`='5')) and (`heecms_link`.delete_time IS NULL or `heecms_link`.delete_time <=0 or `heecms_link`.delete_time='')  order by parent_id asc  
2020-10-29 07:55:58 [DEBUG] [root]select * from heecms_link   where ((`parent_id`='6')) and (`heecms_link`.delete_time IS NULL or `heecms_link`.delete_time <=0 or `heecms_link`.delete_time='')  order by parent_id asc  
2020-10-29 07:55:58 [DEBUG] [root]select * from heecms_link   where ((`parent_id`='7')) and (`heecms_link`.delete_time IS NULL or `heecms_link`.delete_time <=0 or `heecms_link`.delete_time='')  order by parent_id asc  
2020-10-29 07:55:58 [DEBUG] [root]select * from heecms_link   where ((`parent_id`='19')) and (`heecms_link`.delete_time IS NULL or `heecms_link`.delete_time <=0 or `heecms_link`.delete_time='')  order by parent_id asc  
2020-10-29 07:55:58 [DEBUG] [root]select * from heecms_link   where ((`link_group_id`='2')) and (`heecms_link`.delete_time IS NULL or `heecms_link`.delete_time <=0 or `heecms_link`.delete_time='')  order by link_group_id asc  
2020-10-29 07:55:58 [DEBUG] [root]select * from heecms_link   where ((`parent_id`='8')) and (`heecms_link`.delete_time IS NULL or `heecms_link`.delete_time <=0 or `heecms_link`.delete_time='')  order by parent_id asc  
2020-10-29 07:55:58 [DEBUG] [root]select * from heecms_link   where ((`parent_id`='9')) and (`heecms_link`.delete_time IS NULL or `heecms_link`.delete_time <=0 or `heecms_link`.delete_time='')  order by parent_id asc  
2020-10-29 07:55:58 [DEBUG] [root]select * from heecms_link   where ((`parent_id`='10')) and (`heecms_link`.delete_time IS NULL or `heecms_link`.delete_time <=0 or `heecms_link`.delete_time='')  order by parent_id asc  
2020-10-29 07:55:58 [DEBUG] [root]select * from heecms_link   where ((`parent_id`='11')) and (`heecms_link`.delete_time IS NULL or `heecms_link`.delete_time <=0 or `heecms_link`.delete_time='')  order by parent_id asc  
2020-10-29 07:55:58 [DEBUG] [root]select * from heecms_link   where ((`parent_id`='12')) and (`heecms_link`.delete_time IS NULL or `heecms_link`.delete_time <=0 or `heecms_link`.delete_time='')  order by parent_id asc  
2020-10-29 07:55:58 [DEBUG] [root]select * from heecms_link   where ((`parent_id`='13')) and (`heecms_link`.delete_time IS NULL or `heecms_link`.delete_time <=0 or `heecms_link`.delete_time='')  order by parent_id asc  
2020-10-29 07:55:58 [DEBUG] [root]select * from heecms_link   where ((`parent_id`='14')) and (`heecms_link`.delete_time IS NULL or `heecms_link`.delete_time <=0 or `heecms_link`.delete_time='')  order by parent_id asc  
2020-10-29 07:55:58 [DEBUG] [root]select * from heecms_link   where ((`parent_id`='15')) and (`heecms_link`.delete_time IS NULL or `heecms_link`.delete_time <=0 or `heecms_link`.delete_time='')  order by parent_id asc  
2020-10-29 07:55:58 [DEBUG] [root]select * from heecms_link   where ((`parent_id`='16')) and (`heecms_link`.delete_time IS NULL or `heecms_link`.delete_time <=0 or `heecms_link`.delete_time='')  order by parent_id asc  
2020-10-29 07:55:58 [DEBUG] [root]select * from heecms_link   where ((`parent_id`='17')) and (`heecms_link`.delete_time IS NULL or `heecms_link`.delete_time <=0 or `heecms_link`.delete_time='')  order by parent_id asc  
2020-10-29 07:55:58 [DEBUG] [root]select * from heecms_link   where ((`parent_id`='18')) and (`heecms_link`.delete_time IS NULL or `heecms_link`.delete_time <=0 or `heecms_link`.delete_time='')  order by parent_id asc  
2020-10-29 07:55:58 [DEBUG] [root]select * from heecms_link   where ((`link_group_id`='3')) and (`heecms_link`.delete_time IS NULL or `heecms_link`.delete_time <=0 or `heecms_link`.delete_time='')  order by link_group_id asc  
2020-10-29 07:55:58 [DEBUG] [root]select * from heecms_link   where ((`parent_id`='20')) and (`heecms_link`.delete_time IS NULL or `heecms_link`.delete_time <=0 or `heecms_link`.delete_time='')  order by parent_id asc  
2020-10-29 07:55:58 [DEBUG] [root]select * from heecms_link   where ((`parent_id`='21')) and (`heecms_link`.delete_time IS NULL or `heecms_link`.delete_time <=0 or `heecms_link`.delete_time='')  order by parent_id asc  
2020-10-29 07:55:58 [DEBUG] [root]select * from heecms_link   where ((`parent_id`='22')) and (`heecms_link`.delete_time IS NULL or `heecms_link`.delete_time <=0 or `heecms_link`.delete_time='')  order by parent_id asc  
2020-10-29 07:55:58 [DEBUG] [root]select * from heecms_link   where ((`parent_id`='23')) and (`heecms_link`.delete_time IS NULL or `heecms_link`.delete_time <=0 or `heecms_link`.delete_time='')  order by parent_id asc  
2020-10-29 07:55:58 [DEBUG] [root]select * from heecms_link   where ((`parent_id`='24')) and (`heecms_link`.delete_time IS NULL or `heecms_link`.delete_time <=0 or `heecms_link`.delete_time='')  order by parent_id asc  
2020-10-29 07:56:02 [DEBUG] [root]show full columns from `heecms_pages`
2020-10-29 07:56:02 [DEBUG] [root]select * from heecms_pages       
2020-10-29 07:57:35 [DEBUG] [root]show full columns from `heecms_pages`
2020-10-29 07:57:35 [DEBUG] [root]select * from heecms_pages       
2020-10-29 07:57:36 [DEBUG] [root]show full columns from `heecms_pages`
2020-10-29 07:57:36 [DEBUG] [root]select * from heecms_pages       
2020-10-29 07:57:48 [DEBUG] [root]show full columns from `heecms_pages`
2020-10-29 07:57:48 [DEBUG] [root]select * from heecms_pages       
2020-10-29 07:57:49 [DEBUG] [root]show full columns from `heecms_pages`
2020-10-29 07:57:49 [DEBUG] [root]select * from heecms_pages       
2020-10-29 07:58:14 [DEBUG] [root]show full columns from `heecms_pages`
2020-10-29 07:58:14 [DEBUG] [root]select * from heecms_pages       
2020-10-29 07:58:14 [DEBUG] [root]select * from heecms_config where 1=1  
2020-10-29 07:58:24 [DEBUG] [root]show full columns from `heecms_pages`
2020-10-29 07:58:24 [DEBUG] [root]select * from heecms_pages       
2020-10-29 07:58:25 [DEBUG] [root]show full columns from `heecms_pages`
2020-10-29 07:58:25 [DEBUG] [root]select * from heecms_pages       
2020-10-29 07:58:25 [DEBUG] [root]show full columns from `heecms_pages`
2020-10-29 07:58:25 [DEBUG] [root]select * from heecms_pages       
2020-10-29 07:59:21 [DEBUG] [root]show full columns from `heecms_pages`
2020-10-29 07:59:21 [DEBUG] [root]select * from heecms_pages       
2020-10-29 07:59:30 [DEBUG] [root]show full columns from `heecms_pages`
2020-10-29 07:59:30 [DEBUG] [root]select * from heecms_pages       
2020-10-29 07:59:48 [DEBUG] [root]show full columns from `heecms_pages`
2020-10-29 07:59:48 [DEBUG] [root]select * from heecms_pages       
