2020-11-01 00:09:35 [DEBUG] [root]show full columns from `heecms_pages`
2020-11-01 00:09:35 [DEBUG] [root]select * from heecms_pages       
2020-11-01 00:09:35 [DEBUG] [root]show full columns from `heecms_users_group`
2020-11-01 00:09:35 [DEBUG] [root]select * from heecms_users_group   where ((`users_group_id`=1)) and (`heecms_users_group`.delete_time IS NULL or `heecms_users_group`.delete_time <=0 or `heecms_users_group`.delete_time='')    
2020-11-01 00:09:35 [DEBUG] [root]show full columns from `heecms_message`
2020-11-01 00:09:35 [DEBUG] [root]select * from heecms_message   where ((`isread`=0 and `receiver_users_id`='1')) and (`heecms_message`.delete_time IS NULL or `heecms_message`.delete_time <=0 or `heecms_message`.delete_time='')  order by create_time desc  limit 5
2020-11-01 00:09:36 [DEBUG] [root]show full columns from `heecms_pages`
2020-11-01 00:09:36 [DEBUG] [root]select * from heecms_pages       
2020-11-01 00:09:38 [DEBUG] [root]show full columns from `heecms_pages`
2020-11-01 00:09:38 [DEBUG] [root]select * from heecms_pages       
2020-11-01 00:09:38 [DEBUG] [root]show full columns from `heecms_users_group`
2020-11-01 00:09:38 [DEBUG] [root]select * from heecms_users_group   where ((`users_group_id`=1)) and (`heecms_users_group`.delete_time IS NULL or `heecms_users_group`.delete_time <=0 or `heecms_users_group`.delete_time='')    
2020-11-01 00:09:38 [DEBUG] [root]show full columns from `heecms_message`
2020-11-01 00:09:38 [DEBUG] [root]select * from heecms_message   where ((`isread`=0 and `receiver_users_id`='1')) and (`heecms_message`.delete_time IS NULL or `heecms_message`.delete_time <=0 or `heecms_message`.delete_time='')  order by create_time desc  limit 5
2020-11-01 00:09:38 [DEBUG] [root]show full columns from `heecms_pages`
2020-11-01 00:09:38 [DEBUG] [root]select * from heecms_pages       
2020-11-01 00:09:56 [DEBUG] [root]show full columns from `heecms_pages`
2020-11-01 00:09:56 [DEBUG] [root]select * from heecms_pages       
2020-11-01 00:09:56 [DEBUG] [root]show full columns from `heecms_users_group`
2020-11-01 00:09:56 [DEBUG] [root]select * from heecms_users_group   where ((`users_group_id`=1)) and (`heecms_users_group`.delete_time IS NULL or `heecms_users_group`.delete_time <=0 or `heecms_users_group`.delete_time='')    
2020-11-01 00:09:56 [DEBUG] [root]show full columns from `heecms_message`
2020-11-01 00:09:56 [DEBUG] [root]select * from heecms_message   where ((`isread`=0 and `receiver_users_id`='1')) and (`heecms_message`.delete_time IS NULL or `heecms_message`.delete_time <=0 or `heecms_message`.delete_time='')  order by create_time desc  limit 5
2020-11-01 00:09:56 [DEBUG] [root]show full columns from `heecms_pages`
2020-11-01 00:09:56 [DEBUG] [root]select * from heecms_pages       
2020-11-01 00:09:57 [DEBUG] [root]show full columns from `heecms_pages`
2020-11-01 00:09:57 [DEBUG] [root]select * from heecms_pages       
2020-11-01 00:13:32 [DEBUG] [root]show full columns from `heecms_pages`
2020-11-01 00:13:32 [DEBUG] [root]select * from heecms_pages       
2020-11-01 00:13:32 [DEBUG] [root]show full columns from `heecms_users_group`
2020-11-01 00:13:32 [DEBUG] [root]select * from heecms_users_group   where ((`users_group_id`=1)) and (`heecms_users_group`.delete_time IS NULL or `heecms_users_group`.delete_time <=0 or `heecms_users_group`.delete_time='')    
2020-11-01 00:13:32 [DEBUG] [root]show full columns from `heecms_message`
2020-11-01 00:13:32 [DEBUG] [root]select * from heecms_message   where ((`isread`=0 and `receiver_users_id`='1')) and (`heecms_message`.delete_time IS NULL or `heecms_message`.delete_time <=0 or `heecms_message`.delete_time='')  order by create_time desc  limit 5
2020-11-01 00:13:32 [DEBUG] [root]show full columns from `heecms_pages`
2020-11-01 00:13:32 [DEBUG] [root]select * from heecms_pages       
2020-11-01 00:13:32 [DEBUG] [root]show full columns from `heecms_pages`
2020-11-01 00:13:32 [DEBUG] [root]select * from heecms_pages       
2020-11-01 00:14:02 [DEBUG] [root]show full columns from `heecms_pages`
2020-11-01 00:14:02 [DEBUG] [root]select * from heecms_pages       
2020-11-01 00:14:02 [DEBUG] [root]show full columns from `heecms_users_group`
2020-11-01 00:14:02 [DEBUG] [root]select * from heecms_users_group   where ((`users_group_id`=1)) and (`heecms_users_group`.delete_time IS NULL or `heecms_users_group`.delete_time <=0 or `heecms_users_group`.delete_time='')    
2020-11-01 00:14:02 [DEBUG] [root]show full columns from `heecms_message`
2020-11-01 00:14:02 [DEBUG] [root]select * from heecms_message   where ((`isread`=0 and `receiver_users_id`='1')) and (`heecms_message`.delete_time IS NULL or `heecms_message`.delete_time <=0 or `heecms_message`.delete_time='')  order by create_time desc  limit 5
2020-11-01 00:14:02 [DEBUG] [root]show full columns from `heecms_pages`
2020-11-01 00:14:02 [DEBUG] [root]select * from heecms_pages       
2020-11-01 00:14:02 [DEBUG] [root]show full columns from `heecms_pages`
2020-11-01 00:14:02 [DEBUG] [root]select * from heecms_pages       
2020-11-01 00:14:02 [DEBUG] [root]show full columns from `heecms_pages`
2020-11-01 00:14:02 [DEBUG] [root]select * from heecms_pages       
2020-11-01 00:14:19 [DEBUG] [root]show full columns from `heecms_pages`
2020-11-01 00:14:19 [DEBUG] [root]select * from heecms_pages       
2020-11-01 00:14:19 [DEBUG] [root]show full columns from `heecms_users_group`
2020-11-01 00:14:19 [DEBUG] [root]select * from heecms_users_group   where ((`users_group_id`=1)) and (`heecms_users_group`.delete_time IS NULL or `heecms_users_group`.delete_time <=0 or `heecms_users_group`.delete_time='')    
2020-11-01 00:14:20 [DEBUG] [root]show full columns from `heecms_message`
2020-11-01 00:14:20 [DEBUG] [root]select * from heecms_message   where ((`isread`=0 and `receiver_users_id`='1')) and (`heecms_message`.delete_time IS NULL or `heecms_message`.delete_time <=0 or `heecms_message`.delete_time='')  order by create_time desc  limit 5
2020-11-01 00:14:20 [DEBUG] [root]show full columns from `heecms_pages`
2020-11-01 00:14:20 [DEBUG] [root]select * from heecms_pages       
2020-11-01 00:14:20 [DEBUG] [root]show full columns from `heecms_pages`
2020-11-01 00:14:20 [DEBUG] [root]select * from heecms_pages       
2020-11-01 00:14:44 [DEBUG] [root]show full columns from `heecms_pages`
2020-11-01 00:14:44 [DEBUG] [root]select * from heecms_pages       
2020-11-01 00:14:44 [DEBUG] [root]show full columns from `heecms_users_group`
2020-11-01 00:14:44 [DEBUG] [root]select * from heecms_users_group   where ((`users_group_id`=1)) and (`heecms_users_group`.delete_time IS NULL or `heecms_users_group`.delete_time <=0 or `heecms_users_group`.delete_time='')    
2020-11-01 00:14:44 [DEBUG] [root]show full columns from `heecms_message`
2020-11-01 00:14:44 [DEBUG] [root]select * from heecms_message   where ((`isread`=0 and `receiver_users_id`='1')) and (`heecms_message`.delete_time IS NULL or `heecms_message`.delete_time <=0 or `heecms_message`.delete_time='')  order by create_time desc  limit 5
2020-11-01 00:14:44 [DEBUG] [root]show full columns from `heecms_pages`
2020-11-01 00:14:44 [DEBUG] [root]select * from heecms_pages       
2020-11-01 00:14:45 [DEBUG] [root]show full columns from `heecms_pages`
2020-11-01 00:14:45 [DEBUG] [root]select * from heecms_pages       
2020-11-01 00:14:45 [DEBUG] [root]show full columns from `heecms_pages`
2020-11-01 00:14:46 [DEBUG] [root]select * from heecms_pages       
2020-11-01 00:14:46 [DEBUG] [root]show full columns from `heecms_users_group`
2020-11-01 00:14:46 [DEBUG] [root]select * from heecms_users_group   where ((`users_group_id`=1)) and (`heecms_users_group`.delete_time IS NULL or `heecms_users_group`.delete_time <=0 or `heecms_users_group`.delete_time='')    
2020-11-01 00:14:46 [DEBUG] [root]show full columns from `heecms_message`
2020-11-01 00:14:46 [DEBUG] [root]select * from heecms_message   where ((`isread`=0 and `receiver_users_id`='1')) and (`heecms_message`.delete_time IS NULL or `heecms_message`.delete_time <=0 or `heecms_message`.delete_time='')  order by create_time desc  limit 5
2020-11-01 00:14:46 [DEBUG] [root]show full columns from `heecms_pages`
2020-11-01 00:14:46 [DEBUG] [root]select * from heecms_pages       
2020-11-01 00:14:46 [DEBUG] [root]show full columns from `heecms_pages`
2020-11-01 00:14:46 [DEBUG] [root]select * from heecms_pages       
2020-11-01 00:15:06 [DEBUG] [root]show full columns from `heecms_pages`
2020-11-01 00:15:06 [DEBUG] [root]select * from heecms_pages       
2020-11-01 00:15:06 [DEBUG] [root]show full columns from `heecms_users_group`
2020-11-01 00:15:06 [DEBUG] [root]select * from heecms_users_group   where ((`users_group_id`=1)) and (`heecms_users_group`.delete_time IS NULL or `heecms_users_group`.delete_time <=0 or `heecms_users_group`.delete_time='')    
2020-11-01 00:15:06 [DEBUG] [root]show full columns from `heecms_message`
2020-11-01 00:15:06 [DEBUG] [root]select * from heecms_message   where ((`isread`=0 and `receiver_users_id`='1')) and (`heecms_message`.delete_time IS NULL or `heecms_message`.delete_time <=0 or `heecms_message`.delete_time='')  order by create_time desc  limit 5
2020-11-01 00:15:06 [DEBUG] [root]show full columns from `heecms_pages`
2020-11-01 00:15:06 [DEBUG] [root]select * from heecms_pages       
2020-11-01 00:15:06 [DEBUG] [root]show full columns from `heecms_pages`
2020-11-01 00:15:06 [DEBUG] [root]select * from heecms_pages       
2020-11-01 00:15:25 [DEBUG] [root]show full columns from `heecms_pages`
2020-11-01 00:15:25 [DEBUG] [root]select * from heecms_pages       
2020-11-01 00:15:25 [DEBUG] [root]show full columns from `heecms_users_group`
2020-11-01 00:15:25 [DEBUG] [root]select * from heecms_users_group   where ((`users_group_id`=1)) and (`heecms_users_group`.delete_time IS NULL or `heecms_users_group`.delete_time <=0 or `heecms_users_group`.delete_time='')    
2020-11-01 00:15:25 [DEBUG] [root]show full columns from `heecms_message`
2020-11-01 00:15:25 [DEBUG] [root]select * from heecms_message   where ((`isread`=0 and `receiver_users_id`='1')) and (`heecms_message`.delete_time IS NULL or `heecms_message`.delete_time <=0 or `heecms_message`.delete_time='')  order by create_time desc  limit 5
2020-11-01 00:15:25 [DEBUG] [root]show full columns from `heecms_pages`
2020-11-01 00:15:25 [DEBUG] [root]select * from heecms_pages       
2020-11-01 00:15:25 [DEBUG] [root]show full columns from `heecms_pages`
2020-11-01 00:15:25 [DEBUG] [root]select * from heecms_pages       
2020-11-01 00:15:38 [DEBUG] [root]show full columns from `heecms_pages`
2020-11-01 00:15:38 [DEBUG] [root]select * from heecms_pages       
2020-11-01 00:15:38 [DEBUG] [root]show full columns from `heecms_users_group`
2020-11-01 00:15:38 [DEBUG] [root]select * from heecms_users_group   where ((`users_group_id`=1)) and (`heecms_users_group`.delete_time IS NULL or `heecms_users_group`.delete_time <=0 or `heecms_users_group`.delete_time='')    
2020-11-01 00:15:38 [DEBUG] [root]show full columns from `heecms_message`
2020-11-01 00:15:38 [DEBUG] [root]select * from heecms_message   where ((`isread`=0 and `receiver_users_id`='1')) and (`heecms_message`.delete_time IS NULL or `heecms_message`.delete_time <=0 or `heecms_message`.delete_time='')  order by create_time desc  limit 5
2020-11-01 00:15:39 [DEBUG] [root]show full columns from `heecms_pages`
2020-11-01 00:15:39 [DEBUG] [root]select * from heecms_pages       
2020-11-01 00:15:39 [DEBUG] [root]show full columns from `heecms_pages`
2020-11-01 00:15:39 [DEBUG] [root]select * from heecms_pages       
2020-11-01 00:24:42 [DEBUG] [root]show full columns from `heecms_pages`
2020-11-01 00:24:42 [DEBUG] [root]select * from heecms_pages       
2020-11-01 00:24:42 [DEBUG] [root]show full columns from `heecms_users_group`
2020-11-01 00:24:42 [DEBUG] [root]select * from heecms_users_group   where ((`users_group_id`=1)) and (`heecms_users_group`.delete_time IS NULL or `heecms_users_group`.delete_time <=0 or `heecms_users_group`.delete_time='')    
2020-11-01 00:24:42 [DEBUG] [root]show full columns from `heecms_message`
2020-11-01 00:24:42 [DEBUG] [root]select * from heecms_message   where ((`isread`=0 and `receiver_users_id`='1')) and (`heecms_message`.delete_time IS NULL or `heecms_message`.delete_time <=0 or `heecms_message`.delete_time='')  order by create_time desc  limit 5
2020-11-01 00:24:43 [DEBUG] [root]show full columns from `heecms_pages`
2020-11-01 00:24:43 [DEBUG] [root]select * from heecms_pages       
2020-11-01 00:24:43 [DEBUG] [root]show full columns from `heecms_pages`
2020-11-01 00:24:43 [DEBUG] [root]select * from heecms_pages       
2020-11-01 00:26:03 [DEBUG] [root]show full columns from `heecms_pages`
2020-11-01 00:26:03 [DEBUG] [root]select * from heecms_pages       
2020-11-01 00:26:03 [DEBUG] [root]show full columns from `heecms_users_group`
2020-11-01 00:26:03 [DEBUG] [root]select * from heecms_users_group   where ((`users_group_id`=1)) and (`heecms_users_group`.delete_time IS NULL or `heecms_users_group`.delete_time <=0 or `heecms_users_group`.delete_time='')    
2020-11-01 00:26:03 [DEBUG] [root]show full columns from `heecms_message`
2020-11-01 00:26:03 [DEBUG] [root]select * from heecms_message   where ((`isread`=0 and `receiver_users_id`='1')) and (`heecms_message`.delete_time IS NULL or `heecms_message`.delete_time <=0 or `heecms_message`.delete_time='')  order by create_time desc  limit 5
2020-11-01 00:26:03 [DEBUG] [root]show full columns from `heecms_pages`
2020-11-01 00:26:03 [DEBUG] [root]select * from heecms_pages       
2020-11-01 00:26:03 [DEBUG] [root]show full columns from `heecms_pages`
2020-11-01 00:26:03 [DEBUG] [root]select * from heecms_pages       
2020-11-01 00:28:00 [DEBUG] [root]show full columns from `heecms_pages`
2020-11-01 00:28:00 [DEBUG] [root]select * from heecms_pages       
2020-11-01 00:28:01 [DEBUG] [root]show full columns from `heecms_users_group`
2020-11-01 00:28:01 [DEBUG] [root]select * from heecms_users_group   where ((`users_group_id`=1)) and (`heecms_users_group`.delete_time IS NULL or `heecms_users_group`.delete_time <=0 or `heecms_users_group`.delete_time='')    
2020-11-01 00:28:01 [DEBUG] [root]show full columns from `heecms_message`
2020-11-01 00:28:01 [DEBUG] [root]select * from heecms_message   where ((`isread`=0 and `receiver_users_id`='1')) and (`heecms_message`.delete_time IS NULL or `heecms_message`.delete_time <=0 or `heecms_message`.delete_time='')  order by create_time desc  limit 5
2020-11-01 00:28:01 [DEBUG] [root]show full columns from `heecms_pages`
2020-11-01 00:28:01 [DEBUG] [root]select * from heecms_pages       
2020-11-01 00:28:01 [DEBUG] [root]show full columns from `heecms_pages`
2020-11-01 00:28:01 [DEBUG] [root]select * from heecms_pages       
2020-11-01 00:31:12 [DEBUG] [root]show full columns from `heecms_pages`
2020-11-01 00:31:12 [DEBUG] [root]select * from heecms_pages       
2020-11-01 00:31:12 [DEBUG] [root]show full columns from `heecms_users_group`
2020-11-01 00:31:12 [DEBUG] [root]select * from heecms_users_group   where ((`users_group_id`=1)) and (`heecms_users_group`.delete_time IS NULL or `heecms_users_group`.delete_time <=0 or `heecms_users_group`.delete_time='')    
2020-11-01 00:31:12 [DEBUG] [root]show full columns from `heecms_message`
2020-11-01 00:31:12 [DEBUG] [root]select * from heecms_message   where ((`isread`=0 and `receiver_users_id`='1')) and (`heecms_message`.delete_time IS NULL or `heecms_message`.delete_time <=0 or `heecms_message`.delete_time='')  order by create_time desc  limit 5
2020-11-01 00:31:13 [DEBUG] [root]show full columns from `heecms_pages`
2020-11-01 00:31:13 [DEBUG] [root]select * from heecms_pages       
2020-11-01 00:31:13 [DEBUG] [root]show full columns from `heecms_pages`
2020-11-01 00:31:13 [DEBUG] [root]select * from heecms_pages       
2020-11-01 00:32:02 [DEBUG] [root]show full columns from `heecms_pages`
2020-11-01 00:32:02 [DEBUG] [root]select * from heecms_pages       
2020-11-01 00:32:02 [DEBUG] [root]show full columns from `heecms_users_group`
2020-11-01 00:32:02 [DEBUG] [root]select * from heecms_users_group   where ((`users_group_id`=1)) and (`heecms_users_group`.delete_time IS NULL or `heecms_users_group`.delete_time <=0 or `heecms_users_group`.delete_time='')    
2020-11-01 00:32:02 [DEBUG] [root]show full columns from `heecms_message`
2020-11-01 00:32:02 [DEBUG] [root]select * from heecms_message   where ((`isread`=0 and `receiver_users_id`='1')) and (`heecms_message`.delete_time IS NULL or `heecms_message`.delete_time <=0 or `heecms_message`.delete_time='')  order by create_time desc  limit 5
2020-11-01 00:32:03 [DEBUG] [root]show full columns from `heecms_pages`
2020-11-01 00:32:03 [DEBUG] [root]select * from heecms_pages       
2020-11-01 00:32:03 [DEBUG] [root]show full columns from `heecms_pages`
2020-11-01 00:32:03 [DEBUG] [root]select * from heecms_pages       
2020-11-01 00:32:34 [DEBUG] [root]show full columns from `heecms_pages`
2020-11-01 00:32:34 [DEBUG] [root]select * from heecms_pages       
2020-11-01 00:32:34 [DEBUG] [root]show full columns from `heecms_users_group`
2020-11-01 00:32:34 [DEBUG] [root]select * from heecms_users_group   where ((`users_group_id`=1)) and (`heecms_users_group`.delete_time IS NULL or `heecms_users_group`.delete_time <=0 or `heecms_users_group`.delete_time='')    
2020-11-01 00:32:34 [DEBUG] [root]show full columns from `heecms_message`
2020-11-01 00:32:34 [DEBUG] [root]select * from heecms_message   where ((`isread`=0 and `receiver_users_id`='1')) and (`heecms_message`.delete_time IS NULL or `heecms_message`.delete_time <=0 or `heecms_message`.delete_time='')  order by create_time desc  limit 5
2020-11-01 00:32:35 [DEBUG] [root]show full columns from `heecms_pages`
2020-11-01 00:32:35 [DEBUG] [root]select * from heecms_pages       
2020-11-01 00:32:35 [DEBUG] [root]show full columns from `heecms_pages`
2020-11-01 00:32:35 [DEBUG] [root]select * from heecms_pages       
2020-11-01 00:33:01 [DEBUG] [root]show full columns from `heecms_pages`
2020-11-01 00:33:01 [DEBUG] [root]select * from heecms_pages       
2020-11-01 00:33:01 [DEBUG] [root]show full columns from `heecms_users_group`
2020-11-01 00:33:01 [DEBUG] [root]select * from heecms_users_group   where ((`users_group_id`=1)) and (`heecms_users_group`.delete_time IS NULL or `heecms_users_group`.delete_time <=0 or `heecms_users_group`.delete_time='')    
2020-11-01 00:33:01 [DEBUG] [root]show full columns from `heecms_message`
2020-11-01 00:33:01 [DEBUG] [root]select * from heecms_message   where ((`isread`=0 and `receiver_users_id`='1')) and (`heecms_message`.delete_time IS NULL or `heecms_message`.delete_time <=0 or `heecms_message`.delete_time='')  order by create_time desc  limit 5
2020-11-01 00:33:02 [DEBUG] [root]show full columns from `heecms_pages`
2020-11-01 00:33:02 [DEBUG] [root]select * from heecms_pages       
2020-11-01 00:33:02 [DEBUG] [root]show full columns from `heecms_pages`
2020-11-01 00:33:02 [DEBUG] [root]select * from heecms_pages       
2020-11-01 00:34:28 [DEBUG] [root]show full columns from `heecms_pages`
2020-11-01 00:34:28 [DEBUG] [root]select * from heecms_pages       
2020-11-01 00:34:28 [DEBUG] [root]show full columns from `heecms_users_group`
2020-11-01 00:34:28 [DEBUG] [root]select * from heecms_users_group   where ((`users_group_id`=1)) and (`heecms_users_group`.delete_time IS NULL or `heecms_users_group`.delete_time <=0 or `heecms_users_group`.delete_time='')    
2020-11-01 00:34:28 [DEBUG] [root]show full columns from `heecms_message`
2020-11-01 00:34:28 [DEBUG] [root]select * from heecms_message   where ((`isread`=0 and `receiver_users_id`='1')) and (`heecms_message`.delete_time IS NULL or `heecms_message`.delete_time <=0 or `heecms_message`.delete_time='')  order by create_time desc  limit 5
2020-11-01 00:34:29 [DEBUG] [root]show full columns from `heecms_pages`
2020-11-01 00:34:29 [DEBUG] [root]select * from heecms_pages       
2020-11-01 00:34:29 [DEBUG] [root]show full columns from `heecms_pages`
2020-11-01 00:34:29 [DEBUG] [root]select * from heecms_pages       
2020-11-01 00:34:31 [DEBUG] [root]show full columns from `heecms_pages`
2020-11-01 00:34:31 [DEBUG] [root]select * from heecms_pages       
2020-11-01 00:34:31 [DEBUG] [root]show full columns from `heecms_users_group`
2020-11-01 00:34:31 [DEBUG] [root]select * from heecms_users_group   where ((`users_group_id`=1)) and (`heecms_users_group`.delete_time IS NULL or `heecms_users_group`.delete_time <=0 or `heecms_users_group`.delete_time='')    
2020-11-01 00:34:31 [DEBUG] [root]show full columns from `heecms_message`
2020-11-01 00:34:31 [DEBUG] [root]select * from heecms_message   where ((`isread`=0 and `receiver_users_id`='1')) and (`heecms_message`.delete_time IS NULL or `heecms_message`.delete_time <=0 or `heecms_message`.delete_time='')  order by create_time desc  limit 5
2020-11-01 00:34:31 [DEBUG] [root]show full columns from `heecms_pages`
2020-11-01 00:34:31 [DEBUG] [root]select * from heecms_pages       
2020-11-01 00:34:31 [DEBUG] [root]show full columns from `heecms_pages`
2020-11-01 00:34:31 [DEBUG] [root]select * from heecms_pages       
2020-11-01 00:36:10 [DEBUG] [root]show full columns from `heecms_pages`
2020-11-01 00:36:10 [DEBUG] [root]select * from heecms_pages       
2020-11-01 00:36:10 [DEBUG] [root]show full columns from `heecms_users_group`
2020-11-01 00:36:10 [DEBUG] [root]select * from heecms_users_group   where ((`users_group_id`=1)) and (`heecms_users_group`.delete_time IS NULL or `heecms_users_group`.delete_time <=0 or `heecms_users_group`.delete_time='')    
2020-11-01 00:36:10 [DEBUG] [root]show full columns from `heecms_message`
2020-11-01 00:36:10 [DEBUG] [root]select * from heecms_message   where ((`isread`=0 and `receiver_users_id`='1')) and (`heecms_message`.delete_time IS NULL or `heecms_message`.delete_time <=0 or `heecms_message`.delete_time='')  order by create_time desc  limit 5
2020-11-01 00:36:11 [DEBUG] [root]show full columns from `heecms_pages`
2020-11-01 00:36:11 [DEBUG] [root]select * from heecms_pages       
2020-11-01 00:36:11 [DEBUG] [root]show full columns from `heecms_pages`
2020-11-01 00:36:11 [DEBUG] [root]select * from heecms_pages       
2020-11-01 00:36:16 [DEBUG] [root]show full columns from `heecms_pages`
2020-11-01 00:36:16 [DEBUG] [root]select * from heecms_pages       
2020-11-01 00:36:17 [DEBUG] [root]show full columns from `heecms_pages`
2020-11-01 00:36:17 [DEBUG] [root]select * from heecms_pages       
2020-11-01 00:36:46 [DEBUG] [root]show full columns from `heecms_pages`
2020-11-01 00:36:46 [DEBUG] [root]select * from heecms_pages       
2020-11-01 00:36:46 [DEBUG] [root]show full columns from `heecms_users_group`
2020-11-01 00:36:46 [DEBUG] [root]select * from heecms_users_group   where ((`users_group_id`=1)) and (`heecms_users_group`.delete_time IS NULL or `heecms_users_group`.delete_time <=0 or `heecms_users_group`.delete_time='')    
2020-11-01 00:36:46 [DEBUG] [root]show full columns from `heecms_message`
2020-11-01 00:36:46 [DEBUG] [root]select * from heecms_message   where ((`isread`=0 and `receiver_users_id`='1')) and (`heecms_message`.delete_time IS NULL or `heecms_message`.delete_time <=0 or `heecms_message`.delete_time='')  order by create_time desc  limit 5
2020-11-01 00:36:46 [DEBUG] [root]show full columns from `heecms_pages`
2020-11-01 00:36:46 [DEBUG] [root]select * from heecms_pages       
2020-11-01 00:36:46 [DEBUG] [root]show full columns from `heecms_pages`
2020-11-01 00:36:46 [DEBUG] [root]select * from heecms_pages       
2020-11-01 00:36:46 [DEBUG] [root]show full columns from `heecms_pages`
2020-11-01 00:36:46 [DEBUG] [root]select * from heecms_pages       
2020-11-01 00:36:47 [DEBUG] [root]show full columns from `heecms_pages`
2020-11-01 00:36:47 [DEBUG] [root]select * from heecms_pages       
2020-11-01 00:36:56 [DEBUG] [root]show full columns from `heecms_pages`
2020-11-01 00:36:56 [DEBUG] [root]select * from heecms_pages       
2020-11-01 00:36:56 [DEBUG] [root]show full columns from `heecms_users_group`
2020-11-01 00:36:56 [DEBUG] [root]select * from heecms_users_group   where ((`users_group_id`=1)) and (`heecms_users_group`.delete_time IS NULL or `heecms_users_group`.delete_time <=0 or `heecms_users_group`.delete_time='')    
2020-11-01 00:36:56 [DEBUG] [root]show full columns from `heecms_message`
2020-11-01 00:36:56 [DEBUG] [root]select * from heecms_message   where ((`isread`=0 and `receiver_users_id`='1')) and (`heecms_message`.delete_time IS NULL or `heecms_message`.delete_time <=0 or `heecms_message`.delete_time='')  order by create_time desc  limit 5
2020-11-01 00:36:56 [DEBUG] [root]show full columns from `heecms_pages`
2020-11-01 00:36:56 [DEBUG] [root]select * from heecms_pages       
2020-11-01 00:36:56 [DEBUG] [root]show full columns from `heecms_pages`
2020-11-01 00:36:56 [DEBUG] [root]select * from heecms_pages       
2020-11-01 00:37:12 [DEBUG] [root]show full columns from `heecms_pages`
2020-11-01 00:37:12 [DEBUG] [root]select * from heecms_pages       
2020-11-01 00:37:12 [DEBUG] [root]show full columns from `heecms_users_group`
2020-11-01 00:37:12 [DEBUG] [root]select * from heecms_users_group   where ((`users_group_id`=1)) and (`heecms_users_group`.delete_time IS NULL or `heecms_users_group`.delete_time <=0 or `heecms_users_group`.delete_time='')    
2020-11-01 00:37:12 [DEBUG] [root]show full columns from `heecms_message`
2020-11-01 00:37:12 [DEBUG] [root]select * from heecms_message   where ((`isread`=0 and `receiver_users_id`='1')) and (`heecms_message`.delete_time IS NULL or `heecms_message`.delete_time <=0 or `heecms_message`.delete_time='')  order by create_time desc  limit 5
2020-11-01 00:37:12 [DEBUG] [root]show full columns from `heecms_pages`
2020-11-01 00:37:12 [DEBUG] [root]select * from heecms_pages       
2020-11-01 00:37:12 [DEBUG] [root]show full columns from `heecms_pages`
2020-11-01 00:37:12 [DEBUG] [root]select * from heecms_pages       
2020-11-01 00:38:12 [DEBUG] [root]show full columns from `heecms_pages`
2020-11-01 00:38:12 [DEBUG] [root]select * from heecms_pages       
2020-11-01 00:38:12 [DEBUG] [root]show full columns from `heecms_users_group`
2020-11-01 00:38:12 [DEBUG] [root]select * from heecms_users_group   where ((`users_group_id`=1)) and (`heecms_users_group`.delete_time IS NULL or `heecms_users_group`.delete_time <=0 or `heecms_users_group`.delete_time='')    
2020-11-01 00:38:12 [DEBUG] [root]show full columns from `heecms_message`
2020-11-01 00:38:12 [DEBUG] [root]select * from heecms_message   where ((`isread`=0 and `receiver_users_id`='1')) and (`heecms_message`.delete_time IS NULL or `heecms_message`.delete_time <=0 or `heecms_message`.delete_time='')  order by create_time desc  limit 5
2020-11-01 00:38:12 [DEBUG] [root]show full columns from `heecms_pages`
2020-11-01 00:38:12 [DEBUG] [root]select * from heecms_pages       
2020-11-01 00:38:13 [DEBUG] [root]show full columns from `heecms_pages`
2020-11-01 00:38:13 [DEBUG] [root]select * from heecms_pages       
2020-11-01 00:38:33 [DEBUG] [root]show full columns from `heecms_pages`
2020-11-01 00:38:33 [DEBUG] [root]select * from heecms_pages       
2020-11-01 00:38:33 [DEBUG] [root]show full columns from `heecms_users_group`
2020-11-01 00:38:33 [DEBUG] [root]select * from heecms_users_group   where ((`users_group_id`=1)) and (`heecms_users_group`.delete_time IS NULL or `heecms_users_group`.delete_time <=0 or `heecms_users_group`.delete_time='')    
2020-11-01 00:38:33 [DEBUG] [root]show full columns from `heecms_message`
2020-11-01 00:38:33 [DEBUG] [root]select * from heecms_message   where ((`isread`=0 and `receiver_users_id`='1')) and (`heecms_message`.delete_time IS NULL or `heecms_message`.delete_time <=0 or `heecms_message`.delete_time='')  order by create_time desc  limit 5
2020-11-01 00:38:34 [DEBUG] [root]show full columns from `heecms_pages`
2020-11-01 00:38:34 [DEBUG] [root]select * from heecms_pages       
2020-11-01 00:38:34 [DEBUG] [root]show full columns from `heecms_pages`
2020-11-01 00:38:34 [DEBUG] [root]select * from heecms_pages       
2020-11-01 00:40:59 [DEBUG] [root]show full columns from `heecms_pages`
2020-11-01 00:40:59 [DEBUG] [root]select * from heecms_pages       
2020-11-01 00:40:59 [DEBUG] [root]show full columns from `heecms_users_group`
2020-11-01 00:40:59 [DEBUG] [root]select * from heecms_users_group   where ((`users_group_id`=1)) and (`heecms_users_group`.delete_time IS NULL or `heecms_users_group`.delete_time <=0 or `heecms_users_group`.delete_time='')    
2020-11-01 00:40:59 [DEBUG] [root]show full columns from `heecms_message`
2020-11-01 00:40:59 [DEBUG] [root]select * from heecms_message   where ((`isread`=0 and `receiver_users_id`='1')) and (`heecms_message`.delete_time IS NULL or `heecms_message`.delete_time <=0 or `heecms_message`.delete_time='')  order by create_time desc  limit 5
2020-11-01 00:41:00 [DEBUG] [root]show full columns from `heecms_pages`
2020-11-01 00:41:00 [DEBUG] [root]select * from heecms_pages       
2020-11-01 00:41:00 [DEBUG] [root]show full columns from `heecms_pages`
2020-11-01 00:41:00 [DEBUG] [root]select * from heecms_pages       
2020-11-01 00:41:01 [DEBUG] [root]show full columns from `heecms_pages`
2020-11-01 00:41:01 [DEBUG] [root]select * from heecms_pages       
2020-11-01 00:41:19 [DEBUG] [root]show full columns from `heecms_pages`
2020-11-01 00:41:19 [DEBUG] [root]select * from heecms_pages       
2020-11-01 00:41:19 [DEBUG] [root]show full columns from `heecms_users_group`
2020-11-01 00:41:19 [DEBUG] [root]select * from heecms_users_group   where ((`users_group_id`=1)) and (`heecms_users_group`.delete_time IS NULL or `heecms_users_group`.delete_time <=0 or `heecms_users_group`.delete_time='')    
2020-11-01 00:41:19 [DEBUG] [root]show full columns from `heecms_message`
2020-11-01 00:41:19 [DEBUG] [root]select * from heecms_message   where ((`isread`=0 and `receiver_users_id`='1')) and (`heecms_message`.delete_time IS NULL or `heecms_message`.delete_time <=0 or `heecms_message`.delete_time='')  order by create_time desc  limit 5
2020-11-01 00:41:19 [DEBUG] [root]show full columns from `heecms_pages`
2020-11-01 00:41:19 [DEBUG] [root]select * from heecms_pages       
2020-11-01 00:41:19 [DEBUG] [root]show full columns from `heecms_pages`
2020-11-01 00:41:19 [DEBUG] [root]select * from heecms_pages       
2020-11-01 00:43:09 [DEBUG] [root]show full columns from `heecms_pages`
2020-11-01 00:43:09 [DEBUG] [root]select * from heecms_pages       
2020-11-01 00:43:09 [DEBUG] [root]show full columns from `heecms_users_group`
2020-11-01 00:43:09 [DEBUG] [root]select * from heecms_users_group   where ((`users_group_id`=1)) and (`heecms_users_group`.delete_time IS NULL or `heecms_users_group`.delete_time <=0 or `heecms_users_group`.delete_time='')    
2020-11-01 00:43:09 [DEBUG] [root]show full columns from `heecms_message`
2020-11-01 00:43:09 [DEBUG] [root]select * from heecms_message   where ((`isread`=0 and `receiver_users_id`='1')) and (`heecms_message`.delete_time IS NULL or `heecms_message`.delete_time <=0 or `heecms_message`.delete_time='')  order by create_time desc  limit 5
2020-11-01 00:43:09 [DEBUG] [root]show full columns from `heecms_pages`
2020-11-01 00:43:09 [DEBUG] [root]select * from heecms_pages       
2020-11-01 00:43:09 [DEBUG] [root]show full columns from `heecms_pages`
2020-11-01 00:43:09 [DEBUG] [root]select * from heecms_pages       
2020-11-01 00:45:58 [DEBUG] [root]show full columns from `heecms_pages`
2020-11-01 00:45:58 [DEBUG] [root]select * from heecms_pages       
2020-11-01 00:45:58 [DEBUG] [root]show full columns from `heecms_users_group`
2020-11-01 00:45:58 [DEBUG] [root]select * from heecms_users_group   where ((`users_group_id`=1)) and (`heecms_users_group`.delete_time IS NULL or `heecms_users_group`.delete_time <=0 or `heecms_users_group`.delete_time='')    
2020-11-01 00:45:58 [DEBUG] [root]show full columns from `heecms_message`
2020-11-01 00:45:58 [DEBUG] [root]select * from heecms_message   where ((`isread`=0 and `receiver_users_id`='1')) and (`heecms_message`.delete_time IS NULL or `heecms_message`.delete_time <=0 or `heecms_message`.delete_time='')  order by create_time desc  limit 5
2020-11-01 00:45:59 [DEBUG] [root]show full columns from `heecms_pages`
2020-11-01 00:45:59 [DEBUG] [root]select * from heecms_pages       
2020-11-01 00:45:59 [DEBUG] [root]show full columns from `heecms_pages`
2020-11-01 00:45:59 [DEBUG] [root]select * from heecms_pages       
2020-11-01 00:47:21 [DEBUG] [root]show full columns from `heecms_pages`
2020-11-01 00:47:21 [DEBUG] [root]select * from heecms_pages       
2020-11-01 00:47:21 [DEBUG] [root]show full columns from `heecms_users_group`
2020-11-01 00:47:21 [DEBUG] [root]select * from heecms_users_group   where ((`users_group_id`=1)) and (`heecms_users_group`.delete_time IS NULL or `heecms_users_group`.delete_time <=0 or `heecms_users_group`.delete_time='')    
2020-11-01 00:47:21 [DEBUG] [root]show full columns from `heecms_message`
2020-11-01 00:47:21 [DEBUG] [root]select * from heecms_message   where ((`isread`=0 and `receiver_users_id`='1')) and (`heecms_message`.delete_time IS NULL or `heecms_message`.delete_time <=0 or `heecms_message`.delete_time='')  order by create_time desc  limit 5
2020-11-01 00:47:21 [DEBUG] [root]show full columns from `heecms_pages`
2020-11-01 00:47:21 [DEBUG] [root]select * from heecms_pages       
2020-11-01 00:47:21 [DEBUG] [root]show full columns from `heecms_pages`
2020-11-01 00:47:21 [DEBUG] [root]select * from heecms_pages       
2020-11-01 00:47:48 [DEBUG] [root]show full columns from `heecms_pages`
2020-11-01 00:47:48 [DEBUG] [root]select * from heecms_pages       
2020-11-01 00:47:48 [DEBUG] [root]show full columns from `heecms_users_group`
2020-11-01 00:47:48 [DEBUG] [root]select * from heecms_users_group   where ((`users_group_id`=1)) and (`heecms_users_group`.delete_time IS NULL or `heecms_users_group`.delete_time <=0 or `heecms_users_group`.delete_time='')    
2020-11-01 00:47:48 [DEBUG] [root]show full columns from `heecms_message`
2020-11-01 00:47:48 [DEBUG] [root]select * from heecms_message   where ((`isread`=0 and `receiver_users_id`='1')) and (`heecms_message`.delete_time IS NULL or `heecms_message`.delete_time <=0 or `heecms_message`.delete_time='')  order by create_time desc  limit 5
2020-11-01 00:47:49 [DEBUG] [root]show full columns from `heecms_pages`
2020-11-01 00:47:49 [DEBUG] [root]select * from heecms_pages       
2020-11-01 00:47:49 [DEBUG] [root]show full columns from `heecms_pages`
2020-11-01 00:47:49 [DEBUG] [root]select * from heecms_pages       
2020-11-01 00:48:41 [DEBUG] [root]show full columns from `heecms_pages`
2020-11-01 00:48:41 [DEBUG] [root]select * from heecms_pages       
2020-11-01 00:48:41 [DEBUG] [root]show full columns from `heecms_users_group`
2020-11-01 00:48:41 [DEBUG] [root]select * from heecms_users_group   where ((`users_group_id`=1)) and (`heecms_users_group`.delete_time IS NULL or `heecms_users_group`.delete_time <=0 or `heecms_users_group`.delete_time='')    
2020-11-01 00:48:41 [DEBUG] [root]show full columns from `heecms_message`
2020-11-01 00:48:41 [DEBUG] [root]select * from heecms_message   where ((`isread`=0 and `receiver_users_id`='1')) and (`heecms_message`.delete_time IS NULL or `heecms_message`.delete_time <=0 or `heecms_message`.delete_time='')  order by create_time desc  limit 5
2020-11-01 00:48:42 [DEBUG] [root]show full columns from `heecms_pages`
2020-11-01 00:48:42 [DEBUG] [root]select * from heecms_pages       
2020-11-01 00:48:42 [DEBUG] [root]show full columns from `heecms_pages`
2020-11-01 00:48:42 [DEBUG] [root]select * from heecms_pages       
2020-11-01 00:48:43 [DEBUG] [root]show full columns from `heecms_pages`
2020-11-01 00:48:43 [DEBUG] [root]select * from heecms_pages       
2020-11-01 00:48:43 [DEBUG] [root]show full columns from `heecms_users_group`
2020-11-01 00:48:43 [DEBUG] [root]select * from heecms_users_group   where ((`users_group_id`=1)) and (`heecms_users_group`.delete_time IS NULL or `heecms_users_group`.delete_time <=0 or `heecms_users_group`.delete_time='')    
2020-11-01 00:48:43 [DEBUG] [root]show full columns from `heecms_message`
2020-11-01 00:48:43 [DEBUG] [root]select * from heecms_message   where ((`isread`=0 and `receiver_users_id`='1')) and (`heecms_message`.delete_time IS NULL or `heecms_message`.delete_time <=0 or `heecms_message`.delete_time='')  order by create_time desc  limit 5
2020-11-01 00:48:43 [DEBUG] [root]show full columns from `heecms_pages`
2020-11-01 00:48:43 [DEBUG] [root]select * from heecms_pages       
2020-11-01 00:51:50 [DEBUG] [root]show full columns from `heecms_pages`
2020-11-01 00:51:50 [DEBUG] [root]select * from heecms_pages       
2020-11-01 00:51:50 [DEBUG] [root]show full columns from `heecms_users_group`
2020-11-01 00:51:50 [DEBUG] [root]select * from heecms_users_group   where ((`users_group_id`=1)) and (`heecms_users_group`.delete_time IS NULL or `heecms_users_group`.delete_time <=0 or `heecms_users_group`.delete_time='')    
2020-11-01 00:51:50 [DEBUG] [root]show full columns from `heecms_message`
2020-11-01 00:51:50 [DEBUG] [root]select * from heecms_message   where ((`isread`=0 and `receiver_users_id`='1')) and (`heecms_message`.delete_time IS NULL or `heecms_message`.delete_time <=0 or `heecms_message`.delete_time='')  order by create_time desc  limit 5
2020-11-01 00:51:51 [DEBUG] [root]show full columns from `heecms_config`
2020-11-01 00:51:51 [DEBUG] [root]show full columns from `heecms_config`
2020-11-01 00:51:51 [DEBUG] [root]update `heecms_config` set `value`='official' where (`name`='website_skin') 
2020-11-01 00:51:51 [DEBUG] [root]show full columns from `heecms_pages`
2020-11-01 00:51:51 [DEBUG] [root]select * from heecms_pages       
2020-11-01 00:51:52 [DEBUG] [root]show full columns from `heecms_pages`
2020-11-01 00:51:52 [DEBUG] [root]select * from heecms_pages       
2020-11-01 00:51:52 [DEBUG] [root]show full columns from `heecms_users_group`
2020-11-01 00:51:52 [DEBUG] [root]select * from heecms_users_group   where ((`users_group_id`=1)) and (`heecms_users_group`.delete_time IS NULL or `heecms_users_group`.delete_time <=0 or `heecms_users_group`.delete_time='')    
2020-11-01 00:51:52 [DEBUG] [root]show full columns from `heecms_message`
2020-11-01 00:51:52 [DEBUG] [root]select * from heecms_message   where ((`isread`=0 and `receiver_users_id`='1')) and (`heecms_message`.delete_time IS NULL or `heecms_message`.delete_time <=0 or `heecms_message`.delete_time='')  order by create_time desc  limit 5
2020-11-01 00:51:52 [DEBUG] [root]show full columns from `heecms_pages`
2020-11-01 00:51:52 [DEBUG] [root]select * from heecms_pages       
2020-11-01 00:51:52 [DEBUG] [root]show full columns from `heecms_pages`
2020-11-01 00:51:52 [DEBUG] [root]select * from heecms_pages       
2020-11-01 00:51:55 [DEBUG] [root]show full columns from `heecms_pages`
2020-11-01 00:51:55 [DEBUG] [root]select * from heecms_pages       
2020-11-01 00:51:55 [DEBUG] [root]show full columns from `heecms_users_group`
2020-11-01 00:51:55 [DEBUG] [root]select * from heecms_users_group   where ((`users_group_id`=1)) and (`heecms_users_group`.delete_time IS NULL or `heecms_users_group`.delete_time <=0 or `heecms_users_group`.delete_time='')    
2020-11-01 00:51:55 [DEBUG] [root]show full columns from `heecms_message`
2020-11-01 00:51:55 [DEBUG] [root]select * from heecms_message   where ((`isread`=0 and `receiver_users_id`='1')) and (`heecms_message`.delete_time IS NULL or `heecms_message`.delete_time <=0 or `heecms_message`.delete_time='')  order by create_time desc  limit 5
2020-11-01 00:51:55 [DEBUG] [root]show full columns from `heecms_config`
2020-11-01 00:51:55 [DEBUG] [root]show full columns from `heecms_config`
2020-11-01 00:51:55 [DEBUG] [root]update `heecms_config` set `value`='default' where (`name`='website_skin') 
2020-11-01 00:51:55 [DEBUG] [root]show full columns from `heecms_pages`
2020-11-01 00:51:55 [DEBUG] [root]select * from heecms_pages       
2020-11-01 00:51:55 [DEBUG] [root]show full columns from `heecms_users_group`
2020-11-01 00:51:55 [DEBUG] [root]select * from heecms_users_group   where ((`users_group_id`=1)) and (`heecms_users_group`.delete_time IS NULL or `heecms_users_group`.delete_time <=0 or `heecms_users_group`.delete_time='')    
2020-11-01 00:51:55 [DEBUG] [root]show full columns from `heecms_message`
2020-11-01 00:51:55 [DEBUG] [root]select * from heecms_message   where ((`isread`=0 and `receiver_users_id`='1')) and (`heecms_message`.delete_time IS NULL or `heecms_message`.delete_time <=0 or `heecms_message`.delete_time='')  order by create_time desc  limit 5
2020-11-01 00:51:56 [DEBUG] [root]show full columns from `heecms_pages`
2020-11-01 00:51:56 [DEBUG] [root]select * from heecms_pages       
2020-11-01 00:51:56 [DEBUG] [root]show full columns from `heecms_pages`
2020-11-01 00:51:56 [DEBUG] [root]select * from heecms_pages       
2020-11-01 00:51:59 [DEBUG] [root]show full columns from `heecms_pages`
2020-11-01 00:51:59 [DEBUG] [root]select * from heecms_pages       
2020-11-01 00:51:59 [DEBUG] [root]show full columns from `heecms_users_group`
2020-11-01 00:51:59 [DEBUG] [root]select * from heecms_users_group   where ((`users_group_id`=1)) and (`heecms_users_group`.delete_time IS NULL or `heecms_users_group`.delete_time <=0 or `heecms_users_group`.delete_time='')    
2020-11-01 00:51:59 [DEBUG] [root]show full columns from `heecms_message`
2020-11-01 00:51:59 [DEBUG] [root]select * from heecms_message   where ((`isread`=0 and `receiver_users_id`='1')) and (`heecms_message`.delete_time IS NULL or `heecms_message`.delete_time <=0 or `heecms_message`.delete_time='')  order by create_time desc  limit 5
2020-11-01 00:51:59 [DEBUG] [root]show full columns from `heecms_config`
2020-11-01 00:51:59 [DEBUG] [root]show full columns from `heecms_config`
2020-11-01 00:51:59 [DEBUG] [root]update `heecms_config` set `value`='default' where (`name`='website_skin') 
2020-11-01 00:51:59 [DEBUG] [root]show full columns from `heecms_pages`
2020-11-01 00:51:59 [DEBUG] [root]select * from heecms_pages       
2020-11-01 00:52:00 [DEBUG] [root]show full columns from `heecms_pages`
2020-11-01 00:52:00 [DEBUG] [root]select * from heecms_pages       
2020-11-01 00:52:00 [DEBUG] [root]show full columns from `heecms_users_group`
2020-11-01 00:52:00 [DEBUG] [root]select * from heecms_users_group   where ((`users_group_id`=1)) and (`heecms_users_group`.delete_time IS NULL or `heecms_users_group`.delete_time <=0 or `heecms_users_group`.delete_time='')    
2020-11-01 00:52:00 [DEBUG] [root]show full columns from `heecms_message`
2020-11-01 00:52:00 [DEBUG] [root]select * from heecms_message   where ((`isread`=0 and `receiver_users_id`='1')) and (`heecms_message`.delete_time IS NULL or `heecms_message`.delete_time <=0 or `heecms_message`.delete_time='')  order by create_time desc  limit 5
2020-11-01 00:52:01 [DEBUG] [root]show full columns from `heecms_pages`
2020-11-01 00:52:01 [DEBUG] [root]select * from heecms_pages       
2020-11-01 00:52:01 [DEBUG] [root]show full columns from `heecms_pages`
2020-11-01 00:52:01 [DEBUG] [root]select * from heecms_pages       
2020-11-01 00:52:03 [DEBUG] [root]show full columns from `heecms_pages`
2020-11-01 00:52:03 [DEBUG] [root]select * from heecms_pages       
2020-11-01 00:52:03 [DEBUG] [root]show full columns from `heecms_users_group`
2020-11-01 00:52:03 [DEBUG] [root]select * from heecms_users_group   where ((`users_group_id`=1)) and (`heecms_users_group`.delete_time IS NULL or `heecms_users_group`.delete_time <=0 or `heecms_users_group`.delete_time='')    
2020-11-01 00:52:03 [DEBUG] [root]show full columns from `heecms_message`
2020-11-01 00:52:03 [DEBUG] [root]select * from heecms_message   where ((`isread`=0 and `receiver_users_id`='1')) and (`heecms_message`.delete_time IS NULL or `heecms_message`.delete_time <=0 or `heecms_message`.delete_time='')  order by create_time desc  limit 5
2020-11-01 00:52:04 [DEBUG] [root]show full columns from `heecms_pages`
2020-11-01 00:52:04 [DEBUG] [root]select * from heecms_pages       
2020-11-01 00:52:04 [DEBUG] [root]show full columns from `heecms_pages`
2020-11-01 00:52:04 [DEBUG] [root]select * from heecms_pages       
2020-11-01 00:52:32 [DEBUG] [root]show full columns from `heecms_pages`
2020-11-01 00:52:32 [DEBUG] [root]select * from heecms_pages       
2020-11-01 00:52:32 [DEBUG] [root]show full columns from `heecms_users_group`
2020-11-01 00:52:32 [DEBUG] [root]select * from heecms_users_group   where ((`users_group_id`=1)) and (`heecms_users_group`.delete_time IS NULL or `heecms_users_group`.delete_time <=0 or `heecms_users_group`.delete_time='')    
2020-11-01 00:52:32 [DEBUG] [root]show full columns from `heecms_message`
2020-11-01 00:52:32 [DEBUG] [root]select * from heecms_message   where ((`isread`=0 and `receiver_users_id`='1')) and (`heecms_message`.delete_time IS NULL or `heecms_message`.delete_time <=0 or `heecms_message`.delete_time='')  order by create_time desc  limit 5
2020-11-01 00:52:33 [DEBUG] [root]show full columns from `heecms_pages`
2020-11-01 00:52:33 [DEBUG] [root]select * from heecms_pages       
2020-11-01 00:52:33 [DEBUG] [root]show full columns from `heecms_pages`
2020-11-01 00:52:33 [DEBUG] [root]select * from heecms_pages       
2020-11-01 00:52:34 [DEBUG] [root]show full columns from `heecms_pages`
2020-11-01 00:52:34 [DEBUG] [root]select * from heecms_pages       
2020-11-01 00:52:34 [DEBUG] [root]show full columns from `heecms_users_group`
2020-11-01 00:52:34 [DEBUG] [root]select * from heecms_users_group   where ((`users_group_id`=1)) and (`heecms_users_group`.delete_time IS NULL or `heecms_users_group`.delete_time <=0 or `heecms_users_group`.delete_time='')    
2020-11-01 00:52:34 [DEBUG] [root]show full columns from `heecms_message`
2020-11-01 00:52:34 [DEBUG] [root]select * from heecms_message   where ((`isread`=0 and `receiver_users_id`='1')) and (`heecms_message`.delete_time IS NULL or `heecms_message`.delete_time <=0 or `heecms_message`.delete_time='')  order by create_time desc  limit 5
2020-11-01 00:52:34 [DEBUG] [root]show full columns from `heecms_pages`
2020-11-01 00:52:34 [DEBUG] [root]select * from heecms_pages       
2020-11-01 00:52:34 [DEBUG] [root]show full columns from `heecms_pages`
2020-11-01 00:52:34 [DEBUG] [root]select * from heecms_pages       
2020-11-01 00:52:35 [DEBUG] [root]show full columns from `heecms_pages`
2020-11-01 00:52:35 [DEBUG] [root]select * from heecms_pages       
2020-11-01 00:52:35 [DEBUG] [root]show full columns from `heecms_users_group`
2020-11-01 00:52:35 [DEBUG] [root]select * from heecms_users_group   where ((`users_group_id`=1)) and (`heecms_users_group`.delete_time IS NULL or `heecms_users_group`.delete_time <=0 or `heecms_users_group`.delete_time='')    
2020-11-01 00:52:35 [DEBUG] [root]show full columns from `heecms_message`
2020-11-01 00:52:35 [DEBUG] [root]select * from heecms_message   where ((`isread`=0 and `receiver_users_id`='1')) and (`heecms_message`.delete_time IS NULL or `heecms_message`.delete_time <=0 or `heecms_message`.delete_time='')  order by create_time desc  limit 5
2020-11-01 00:52:35 [DEBUG] [root]show full columns from `heecms_pages`
2020-11-01 00:52:35 [DEBUG] [root]select * from heecms_pages       
2020-11-01 00:52:36 [DEBUG] [root]show full columns from `heecms_pages`
2020-11-01 00:52:36 [DEBUG] [root]select * from heecms_pages       
2020-11-01 00:52:37 [DEBUG] [root]show full columns from `heecms_pages`
2020-11-01 00:52:37 [DEBUG] [root]select * from heecms_pages       
2020-11-01 00:52:37 [DEBUG] [root]show full columns from `heecms_users_group`
2020-11-01 00:52:37 [DEBUG] [root]select * from heecms_users_group   where ((`users_group_id`=1)) and (`heecms_users_group`.delete_time IS NULL or `heecms_users_group`.delete_time <=0 or `heecms_users_group`.delete_time='')    
2020-11-01 00:52:37 [DEBUG] [root]show full columns from `heecms_message`
2020-11-01 00:52:37 [DEBUG] [root]select * from heecms_message   where ((`isread`=0 and `receiver_users_id`='1')) and (`heecms_message`.delete_time IS NULL or `heecms_message`.delete_time <=0 or `heecms_message`.delete_time='')  order by create_time desc  limit 5
2020-11-01 00:52:37 [DEBUG] [root]show full columns from `heecms_config`
2020-11-01 00:52:37 [DEBUG] [root]show full columns from `heecms_config`
2020-11-01 00:52:37 [DEBUG] [root]update `heecms_config` set `value`='default' where (`name`='website_skin') 
2020-11-01 00:52:37 [DEBUG] [root]show full columns from `heecms_pages`
2020-11-01 00:52:37 [DEBUG] [root]select * from heecms_pages       
2020-11-01 00:52:38 [DEBUG] [root]show full columns from `heecms_pages`
2020-11-01 00:52:38 [DEBUG] [root]select * from heecms_pages       
2020-11-01 00:52:38 [DEBUG] [root]show full columns from `heecms_users_group`
2020-11-01 00:52:38 [DEBUG] [root]select * from heecms_users_group   where ((`users_group_id`=1)) and (`heecms_users_group`.delete_time IS NULL or `heecms_users_group`.delete_time <=0 or `heecms_users_group`.delete_time='')    
2020-11-01 00:52:38 [DEBUG] [root]show full columns from `heecms_message`
2020-11-01 00:52:38 [DEBUG] [root]select * from heecms_message   where ((`isread`=0 and `receiver_users_id`='1')) and (`heecms_message`.delete_time IS NULL or `heecms_message`.delete_time <=0 or `heecms_message`.delete_time='')  order by create_time desc  limit 5
2020-11-01 00:52:39 [DEBUG] [root]show full columns from `heecms_pages`
2020-11-01 00:52:39 [DEBUG] [root]select * from heecms_pages       
2020-11-01 00:52:39 [DEBUG] [root]show full columns from `heecms_pages`
2020-11-01 00:52:39 [DEBUG] [root]select * from heecms_pages       
2020-11-01 00:52:41 [DEBUG] [root]show full columns from `heecms_pages`
2020-11-01 00:52:41 [DEBUG] [root]select * from heecms_pages       
2020-11-01 00:52:41 [DEBUG] [root]show full columns from `heecms_users_group`
2020-11-01 00:52:41 [DEBUG] [root]select * from heecms_users_group   where ((`users_group_id`=1)) and (`heecms_users_group`.delete_time IS NULL or `heecms_users_group`.delete_time <=0 or `heecms_users_group`.delete_time='')    
2020-11-01 00:52:41 [DEBUG] [root]show full columns from `heecms_message`
2020-11-01 00:52:41 [DEBUG] [root]select * from heecms_message   where ((`isread`=0 and `receiver_users_id`='1')) and (`heecms_message`.delete_time IS NULL or `heecms_message`.delete_time <=0 or `heecms_message`.delete_time='')  order by create_time desc  limit 5
2020-11-01 00:52:41 [DEBUG] [root]show full columns from `heecms_config`
2020-11-01 00:52:41 [DEBUG] [root]show full columns from `heecms_config`
2020-11-01 00:52:41 [DEBUG] [root]update `heecms_config` set `value`='merged' where (`name`='website_skin') 
2020-11-01 00:52:41 [DEBUG] [root]show full columns from `heecms_pages`
2020-11-01 00:52:41 [DEBUG] [root]select * from heecms_pages       
2020-11-01 00:52:41 [DEBUG] [root]select * from heecms_config where 1=1  
2020-11-01 00:52:42 [DEBUG] [root]show full columns from `heecms_users_group`
2020-11-01 00:52:42 [DEBUG] [root]select * from heecms_users_group   where ((`users_group_id`=1)) and (`heecms_users_group`.delete_time IS NULL or `heecms_users_group`.delete_time <=0 or `heecms_users_group`.delete_time='')    
2020-11-01 00:52:42 [DEBUG] [root]show full columns from `heecms_message`
2020-11-01 00:52:42 [DEBUG] [root]select * from heecms_message   where ((`isread`=0 and `receiver_users_id`='1')) and (`heecms_message`.delete_time IS NULL or `heecms_message`.delete_time <=0 or `heecms_message`.delete_time='')  order by create_time desc  limit 5
2020-11-01 00:52:42 [DEBUG] [root]select * from heecms_menus   where ( `parent_id` IS NULL or `parent_id`='' or `parent_id`=0 ) and (`heecms_menus`.delete_time IS NULL or `heecms_menus`.delete_time <=0 or `heecms_menus`.delete_time='')  order by ord asc  
2020-11-01 00:52:42 [DEBUG] [root]select * from heecms_menus   where ((`parent_id`='8')) and (`heecms_menus`.delete_time IS NULL or `heecms_menus`.delete_time <=0 or `heecms_menus`.delete_time='')  order by ord asc  
2020-11-01 00:52:42 [DEBUG] [root]select * from heecms_users   where ((`users_id`='1')) and (`heecms_users`.delete_time IS NULL or `heecms_users`.delete_time <=0 or `heecms_users`.delete_time='')    
2020-11-01 00:52:42 [DEBUG] [root]select * from heecms_menus   where ((`parent_id`='10')) and (`heecms_menus`.delete_time IS NULL or `heecms_menus`.delete_time <=0 or `heecms_menus`.delete_time='')  order by ord asc  
2020-11-01 00:52:42 [DEBUG] [root]select * from heecms_menus   where ((`parent_id`='15')) and (`heecms_menus`.delete_time IS NULL or `heecms_menus`.delete_time <=0 or `heecms_menus`.delete_time='')  order by ord asc  
2020-11-01 00:52:42 [DEBUG] [root]select * from heecms_menus   where ((`parent_id`='5')) and (`heecms_menus`.delete_time IS NULL or `heecms_menus`.delete_time <=0 or `heecms_menus`.delete_time='')  order by ord asc  
2020-11-01 00:52:42 [DEBUG] [root]select * from heecms_menus   where ((`parent_id`='18')) and (`heecms_menus`.delete_time IS NULL or `heecms_menus`.delete_time <=0 or `heecms_menus`.delete_time='')  order by ord asc  
2020-11-01 00:52:42 [DEBUG] [root]select * from heecms_menus   where ((`parent_id`='21')) and (`heecms_menus`.delete_time IS NULL or `heecms_menus`.delete_time <=0 or `heecms_menus`.delete_time='')  order by ord asc  
2020-11-01 00:52:42 [DEBUG] [root]select * from heecms_menus   where ((`parent_id`='24')) and (`heecms_menus`.delete_time IS NULL or `heecms_menus`.delete_time <=0 or `heecms_menus`.delete_time='')  order by ord asc  
2020-11-01 00:52:42 [DEBUG] [root]select * from heecms_menus   where ((`parent_id`='12')) and (`heecms_menus`.delete_time IS NULL or `heecms_menus`.delete_time <=0 or `heecms_menus`.delete_time='')  order by ord asc  
2020-11-01 00:52:42 [DEBUG] [root]show full columns from `heecms_pages`
2020-11-01 00:52:42 [DEBUG] [root]select * from heecms_pages       
2020-11-01 00:52:42 [DEBUG] [root]show full columns from `heecms_pages`
2020-11-01 00:52:42 [DEBUG] [root]select * from heecms_pages       
2020-11-01 00:52:45 [DEBUG] [root]show full columns from `heecms_pages`
2020-11-01 00:52:45 [DEBUG] [root]select * from heecms_pages       
2020-11-01 00:52:45 [DEBUG] [root]show full columns from `heecms_users_group`
2020-11-01 00:52:45 [DEBUG] [root]select * from heecms_users_group   where ((`users_group_id`=1)) and (`heecms_users_group`.delete_time IS NULL or `heecms_users_group`.delete_time <=0 or `heecms_users_group`.delete_time='')    
2020-11-01 00:52:45 [DEBUG] [root]show full columns from `heecms_message`
2020-11-01 00:52:45 [DEBUG] [root]select * from heecms_message   where ((`isread`=0 and `receiver_users_id`='1')) and (`heecms_message`.delete_time IS NULL or `heecms_message`.delete_time <=0 or `heecms_message`.delete_time='')  order by create_time desc  limit 5
2020-11-01 00:52:45 [DEBUG] [root]show full columns from `heecms_config`
2020-11-01 00:52:45 [DEBUG] [root]show full columns from `heecms_config`
2020-11-01 00:52:45 [DEBUG] [root]update `heecms_config` set `value`='blueoffice' where (`name`='website_skin') 
2020-11-01 00:52:45 [DEBUG] [root]show full columns from `heecms_pages`
2020-11-01 00:52:45 [DEBUG] [root]select * from heecms_pages       
2020-11-01 00:52:45 [DEBUG] [root]select * from heecms_config where 1=1  
2020-11-01 00:52:45 [DEBUG] [root]show full columns from `heecms_users_group`
2020-11-01 00:52:45 [DEBUG] [root]select * from heecms_users_group   where ((`users_group_id`=1)) and (`heecms_users_group`.delete_time IS NULL or `heecms_users_group`.delete_time <=0 or `heecms_users_group`.delete_time='')    
2020-11-01 00:52:45 [DEBUG] [root]show full columns from `heecms_message`
2020-11-01 00:52:45 [DEBUG] [root]select * from heecms_message   where ((`isread`=0 and `receiver_users_id`='1')) and (`heecms_message`.delete_time IS NULL or `heecms_message`.delete_time <=0 or `heecms_message`.delete_time='')  order by create_time desc  limit 5
2020-11-01 00:52:45 [DEBUG] [root]select * from heecms_menus   where ( `parent_id` IS NULL or `parent_id`='' or `parent_id`=0 ) and (`heecms_menus`.delete_time IS NULL or `heecms_menus`.delete_time <=0 or `heecms_menus`.delete_time='')  order by ord asc  
2020-11-01 00:52:45 [DEBUG] [root]select * from heecms_menus   where ((`parent_id`='8')) and (`heecms_menus`.delete_time IS NULL or `heecms_menus`.delete_time <=0 or `heecms_menus`.delete_time='')  order by ord asc  
2020-11-01 00:52:45 [DEBUG] [root]select * from heecms_users   where ((`users_id`='1')) and (`heecms_users`.delete_time IS NULL or `heecms_users`.delete_time <=0 or `heecms_users`.delete_time='')    
2020-11-01 00:52:45 [DEBUG] [root]select * from heecms_menus   where ((`parent_id`='10')) and (`heecms_menus`.delete_time IS NULL or `heecms_menus`.delete_time <=0 or `heecms_menus`.delete_time='')  order by ord asc  
2020-11-01 00:52:45 [DEBUG] [root]select * from heecms_menus   where ((`parent_id`='15')) and (`heecms_menus`.delete_time IS NULL or `heecms_menus`.delete_time <=0 or `heecms_menus`.delete_time='')  order by ord asc  
2020-11-01 00:52:45 [DEBUG] [root]select * from heecms_menus   where ((`parent_id`='5')) and (`heecms_menus`.delete_time IS NULL or `heecms_menus`.delete_time <=0 or `heecms_menus`.delete_time='')  order by ord asc  
2020-11-01 00:52:45 [DEBUG] [root]select * from heecms_menus   where ((`parent_id`='18')) and (`heecms_menus`.delete_time IS NULL or `heecms_menus`.delete_time <=0 or `heecms_menus`.delete_time='')  order by ord asc  
2020-11-01 00:52:45 [DEBUG] [root]select * from heecms_menus   where ((`parent_id`='21')) and (`heecms_menus`.delete_time IS NULL or `heecms_menus`.delete_time <=0 or `heecms_menus`.delete_time='')  order by ord asc  
2020-11-01 00:52:45 [DEBUG] [root]select * from heecms_menus   where ((`parent_id`='24')) and (`heecms_menus`.delete_time IS NULL or `heecms_menus`.delete_time <=0 or `heecms_menus`.delete_time='')  order by ord asc  
2020-11-01 00:52:45 [DEBUG] [root]select * from heecms_menus   where ((`parent_id`='12')) and (`heecms_menus`.delete_time IS NULL or `heecms_menus`.delete_time <=0 or `heecms_menus`.delete_time='')  order by ord asc  
2020-11-01 00:52:46 [DEBUG] [root]show full columns from `heecms_pages`
2020-11-01 00:52:46 [DEBUG] [root]select * from heecms_pages       
2020-11-01 00:52:46 [DEBUG] [root]show full columns from `heecms_pages`
2020-11-01 00:52:46 [DEBUG] [root]select * from heecms_pages       
2020-11-01 00:54:48 [DEBUG] [root]show full columns from `heecms_pages`
2020-11-01 00:54:48 [DEBUG] [root]select * from heecms_pages       
2020-11-01 00:54:48 [DEBUG] [root]show full columns from `heecms_users_group`
2020-11-01 00:54:48 [DEBUG] [root]select * from heecms_users_group   where ((`users_group_id`=1)) and (`heecms_users_group`.delete_time IS NULL or `heecms_users_group`.delete_time <=0 or `heecms_users_group`.delete_time='')    
2020-11-01 00:54:48 [DEBUG] [root]show full columns from `heecms_message`
2020-11-01 00:54:48 [DEBUG] [root]select * from heecms_message   where ((`isread`=0 and `receiver_users_id`='1')) and (`heecms_message`.delete_time IS NULL or `heecms_message`.delete_time <=0 or `heecms_message`.delete_time='')  order by create_time desc  limit 5
2020-11-01 00:54:49 [DEBUG] [root]show full columns from `heecms_pages`
2020-11-01 00:54:49 [DEBUG] [root]select * from heecms_pages       
2020-11-01 00:54:49 [DEBUG] [root]show full columns from `heecms_pages`
2020-11-01 00:54:49 [DEBUG] [root]select * from heecms_pages       
