2020-05-09 19:00:13 [DEBUG] [root]自动加载类：app\admin\controller\adminBase
2020-05-09 19:00:13 [DEBUG] [root]自动加载类：heephp\database\mysqli
2020-05-09 19:00:13 [DEBUG] [root]自动加载类：heephp\database\databaseInterface
2020-05-09 19:00:13 [DEBUG] [root]show full columns from `heecms_users_group`
2020-05-09 19:00:13 [DEBUG] [root]select name from heecms_users_group where (`users_group_id`=1) and (delete_time IS NULL or delete_time <=0 or delete_time='')  
2020-05-09 19:00:13 [DEBUG] [root]show full columns from `heecms_message`
2020-05-09 19:00:13 [DEBUG] [root]select * from heecms_message where (`isread`=0 and `receiver_users_id`='1') and (delete_time IS NULL or delete_time <=0 or delete_time='')  order by create_time desc limit 0,5
2020-05-09 19:00:13 [DEBUG] [root]show full columns from `heecms_menus`
2020-05-09 19:00:13 [DEBUG] [root]自动加载类：heephp\cache\file
2020-05-09 19:00:13 [DEBUG] [root]自动加载类：heephp\cache\cacheInterface
2020-05-09 19:00:13 [DEBUG] [root]show full columns from `heecms_menus`
2020-05-09 19:00:13 [DEBUG] [root]show full columns from `heecms_config`
2020-05-09 19:00:13 [DEBUG] [root]select * from heecms_config where 1=1  
2020-05-09 19:16:07 [DEBUG] [root]自动加载类：app\admin\controller\adminBase
2020-05-09 19:16:07 [DEBUG] [root]自动加载类：heephp\database\mysqli
2020-05-09 19:16:07 [DEBUG] [root]自动加载类：heephp\database\databaseInterface
2020-05-09 19:16:07 [DEBUG] [root]show full columns from `heecms_users_group`
2020-05-09 19:16:07 [DEBUG] [root]select name from heecms_users_group where (`users_group_id`=1) and (delete_time IS NULL or delete_time <=0 or delete_time='')  
2020-05-09 19:16:07 [DEBUG] [root]show full columns from `heecms_message`
2020-05-09 19:16:07 [DEBUG] [root]select * from heecms_message where (`isread`=0 and `receiver_users_id`='1') and (delete_time IS NULL or delete_time <=0 or delete_time='')  order by create_time desc limit 0,5
2020-05-09 19:16:07 [DEBUG] [root]show full columns from `heecms_menus`
2020-05-09 19:16:07 [DEBUG] [root]自动加载类：heephp\cache\file
2020-05-09 19:16:07 [DEBUG] [root]自动加载类：heephp\cache\cacheInterface
2020-05-09 19:16:07 [DEBUG] [root]select * from heecms_menus where (parent_id=0 or parent_id IS NULL or parent_id='') and (delete_time IS NULL or delete_time <=0 or delete_time='')  order by ord asc 
2020-05-09 19:16:07 [DEBUG] [root]show full columns from `heecms_menus`
2020-05-09 19:16:07 [DEBUG] [root]select * from heecms_menus where (`parent_id`='8') and (delete_time IS NULL or delete_time <=0 or delete_time='')  order by ord asc 
2020-05-09 19:16:07 [DEBUG] [root]select * from heecms_users where (`users_id`='1') and (delete_time IS NULL or delete_time <=0 or delete_time='')
2020-05-09 19:16:07 [DEBUG] [root]select * from heecms_menus where (`parent_id`='10') and (delete_time IS NULL or delete_time <=0 or delete_time='')  order by ord asc 
2020-05-09 19:16:07 [DEBUG] [root]select * from heecms_menus where (`parent_id`='5') and (delete_time IS NULL or delete_time <=0 or delete_time='')  order by ord asc 
2020-05-09 19:16:07 [DEBUG] [root]select * from heecms_menus where (`parent_id`='15') and (delete_time IS NULL or delete_time <=0 or delete_time='')  order by ord asc 
2020-05-09 19:16:07 [DEBUG] [root]select * from heecms_menus where (`parent_id`='12') and (delete_time IS NULL or delete_time <=0 or delete_time='')  order by ord asc 
2020-05-09 19:16:07 [DEBUG] [root]show full columns from `heecms_config`
2020-05-09 19:16:07 [DEBUG] [root]select * from heecms_config where 1=1  
2020-05-09 19:19:02 [DEBUG] [root]自动加载类：app\admin\controller\adminBase
2020-05-09 19:19:02 [DEBUG] [root]自动加载类：heephp\database\mysqli
2020-05-09 19:19:02 [DEBUG] [root]自动加载类：heephp\database\databaseInterface
2020-05-09 19:19:02 [DEBUG] [root]show full columns from `heecms_users_group`
2020-05-09 19:19:02 [DEBUG] [root]select name from heecms_users_group where (`users_group_id`=1) and (delete_time IS NULL or delete_time <=0 or delete_time='')  
2020-05-09 19:19:02 [DEBUG] [root]show full columns from `heecms_message`
2020-05-09 19:19:02 [DEBUG] [root]select * from heecms_message where (`isread`=0 and `receiver_users_id`='1') and (delete_time IS NULL or delete_time <=0 or delete_time='')  order by create_time desc limit 0,5
2020-05-09 19:19:02 [DEBUG] [root]show full columns from `heecms_menus`
2020-05-09 19:19:02 [DEBUG] [root]自动加载类：heephp\cache\file
2020-05-09 19:19:02 [DEBUG] [root]自动加载类：heephp\cache\cacheInterface
2020-05-09 19:19:02 [DEBUG] [root]show full columns from `heecms_menus`
2020-05-09 19:19:02 [DEBUG] [root]show full columns from `heecms_config`
2020-05-09 19:19:02 [DEBUG] [root]select * from heecms_config where 1=1  
2020-05-09 19:20:03 [DEBUG] [root]自动加载类：app\admin\controller\adminBase
2020-05-09 19:20:03 [DEBUG] [root]自动加载类：heephp\database\mysqli
2020-05-09 19:20:03 [DEBUG] [root]自动加载类：heephp\database\databaseInterface
2020-05-09 19:20:03 [DEBUG] [root]show full columns from `heecms_users_group`
2020-05-09 19:20:03 [DEBUG] [root]select name from heecms_users_group where (`users_group_id`=1) and (delete_time IS NULL or delete_time <=0 or delete_time='')  
2020-05-09 19:20:03 [DEBUG] [root]show full columns from `heecms_message`
2020-05-09 19:20:03 [DEBUG] [root]select * from heecms_message where (`isread`=0 and `receiver_users_id`='1') and (delete_time IS NULL or delete_time <=0 or delete_time='')  order by create_time desc limit 0,5
2020-05-09 19:20:03 [DEBUG] [root]show full columns from `heecms_menus`
2020-05-09 19:20:03 [DEBUG] [root]自动加载类：heephp\cache\file
2020-05-09 19:20:03 [DEBUG] [root]自动加载类：heephp\cache\cacheInterface
2020-05-09 19:20:03 [DEBUG] [root]show full columns from `heecms_menus`
2020-05-09 19:20:03 [DEBUG] [root]show full columns from `heecms_config`
2020-05-09 19:20:03 [DEBUG] [root]select * from heecms_config where 1=1  
2020-05-09 19:24:39 [DEBUG] [root]自动加载类：app\admin\controller\adminBase
2020-05-09 19:24:39 [DEBUG] [root]自动加载类：heephp\database\mysqli
2020-05-09 19:24:39 [DEBUG] [root]自动加载类：heephp\database\databaseInterface
2020-05-09 19:24:39 [DEBUG] [root]show full columns from `heecms_users_group`
2020-05-09 19:24:39 [DEBUG] [root]select name from heecms_users_group where (`users_group_id`=1) and (delete_time IS NULL or delete_time <=0 or delete_time='')  
2020-05-09 19:24:39 [DEBUG] [root]show full columns from `heecms_message`
2020-05-09 19:24:39 [DEBUG] [root]select * from heecms_message where (`isread`=0 and `receiver_users_id`='1') and (delete_time IS NULL or delete_time <=0 or delete_time='')  order by create_time desc limit 0,5
2020-05-09 19:24:39 [DEBUG] [root]show full columns from `heecms_menus`
2020-05-09 19:24:39 [DEBUG] [root]自动加载类：heephp\cache\file
2020-05-09 19:24:39 [DEBUG] [root]自动加载类：heephp\cache\cacheInterface
2020-05-09 19:24:39 [DEBUG] [root]show full columns from `heecms_menus`
2020-05-09 19:24:39 [DEBUG] [root]show full columns from `heecms_config`
2020-05-09 19:24:39 [DEBUG] [root]select * from heecms_config where 1=1  
2020-05-09 19:40:51 [DEBUG] [root]自动加载类：app\admin\controller\adminBase
2020-05-09 19:40:51 [DEBUG] [root]自动加载类：heephp\database\mysqli
2020-05-09 19:40:51 [DEBUG] [root]自动加载类：heephp\database\databaseInterface
2020-05-09 19:40:51 [DEBUG] [root]show full columns from `heecms_users_group`
2020-05-09 19:40:51 [DEBUG] [root]select name from heecms_users_group where (`users_group_id`=1) and (delete_time IS NULL or delete_time <=0 or delete_time='')  
2020-05-09 19:40:51 [DEBUG] [root]show full columns from `heecms_message`
2020-05-09 19:40:51 [DEBUG] [root]select * from heecms_message where (`isread`=0 and `receiver_users_id`='1') and (delete_time IS NULL or delete_time <=0 or delete_time='')  order by create_time desc limit 0,5
2020-05-09 19:40:51 [DEBUG] [root]show full columns from `heecms_menus`
2020-05-09 19:40:51 [DEBUG] [root]自动加载类：heephp\cache\file
2020-05-09 19:40:51 [DEBUG] [root]自动加载类：heephp\cache\cacheInterface
2020-05-09 19:40:51 [DEBUG] [root]show full columns from `heecms_menus`
2020-05-09 19:40:51 [DEBUG] [root]show full columns from `heecms_config`
2020-05-09 19:40:51 [DEBUG] [root]select * from heecms_config where 1=1  
2020-05-09 19:41:41 [DEBUG] [root]自动加载类：app\admin\controller\adminBase
2020-05-09 19:41:41 [DEBUG] [root]自动加载类：heephp\database\mysqli
2020-05-09 19:41:41 [DEBUG] [root]自动加载类：heephp\database\databaseInterface
2020-05-09 19:41:41 [DEBUG] [root]show full columns from `heecms_users_group`
2020-05-09 19:41:41 [DEBUG] [root]select name from heecms_users_group where (`users_group_id`=1) and (delete_time IS NULL or delete_time <=0 or delete_time='')  
2020-05-09 19:41:41 [DEBUG] [root]show full columns from `heecms_message`
2020-05-09 19:41:41 [DEBUG] [root]select * from heecms_message where (`isread`=0 and `receiver_users_id`='1') and (delete_time IS NULL or delete_time <=0 or delete_time='')  order by create_time desc limit 0,5
2020-05-09 19:41:41 [DEBUG] [root]show full columns from `heecms_menus`
2020-05-09 19:41:41 [DEBUG] [root]自动加载类：heephp\cache\file
2020-05-09 19:41:41 [DEBUG] [root]自动加载类：heephp\cache\cacheInterface
2020-05-09 19:41:41 [DEBUG] [root]show full columns from `heecms_menus`
2020-05-09 19:41:41 [DEBUG] [root]show full columns from `heecms_config`
2020-05-09 19:41:41 [DEBUG] [root]select * from heecms_config where 1=1  
2020-05-09 19:41:55 [DEBUG] [root]自动加载类：app\admin\controller\adminBase
2020-05-09 19:41:55 [DEBUG] [root]自动加载类：heephp\database\mysqli
2020-05-09 19:41:55 [DEBUG] [root]自动加载类：heephp\database\databaseInterface
2020-05-09 19:41:55 [DEBUG] [root]show full columns from `heecms_users_group`
2020-05-09 19:41:55 [DEBUG] [root]select name from heecms_users_group where (`users_group_id`=1) and (delete_time IS NULL or delete_time <=0 or delete_time='')  
2020-05-09 19:41:55 [DEBUG] [root]show full columns from `heecms_message`
2020-05-09 19:41:55 [DEBUG] [root]select * from heecms_message where (`isread`=0 and `receiver_users_id`='1') and (delete_time IS NULL or delete_time <=0 or delete_time='')  order by create_time desc limit 0,5
2020-05-09 19:41:55 [DEBUG] [root]show full columns from `heecms_menus`
2020-05-09 19:41:55 [DEBUG] [root]自动加载类：heephp\cache\file
2020-05-09 19:41:55 [DEBUG] [root]自动加载类：heephp\cache\cacheInterface
2020-05-09 19:41:55 [DEBUG] [root]show full columns from `heecms_menus`
2020-05-09 19:41:55 [DEBUG] [root]show full columns from `heecms_config`
2020-05-09 19:41:55 [DEBUG] [root]select * from heecms_config where 1=1  
2020-05-09 19:42:11 [DEBUG] [root]自动加载类：app\admin\controller\adminBase
2020-05-09 19:42:11 [DEBUG] [root]自动加载类：heephp\database\mysqli
2020-05-09 19:42:11 [DEBUG] [root]自动加载类：heephp\database\databaseInterface
2020-05-09 19:42:11 [DEBUG] [root]show full columns from `heecms_users_group`
2020-05-09 19:42:11 [DEBUG] [root]select name from heecms_users_group where (`users_group_id`=1) and (delete_time IS NULL or delete_time <=0 or delete_time='')  
2020-05-09 19:42:11 [DEBUG] [root]show full columns from `heecms_message`
2020-05-09 19:42:11 [DEBUG] [root]select * from heecms_message where (`isread`=0 and `receiver_users_id`='1') and (delete_time IS NULL or delete_time <=0 or delete_time='')  order by create_time desc limit 0,5
2020-05-09 19:42:11 [DEBUG] [root]show full columns from `heecms_menus`
2020-05-09 19:42:11 [DEBUG] [root]自动加载类：heephp\cache\file
2020-05-09 19:42:11 [DEBUG] [root]自动加载类：heephp\cache\cacheInterface
2020-05-09 19:42:11 [DEBUG] [root]show full columns from `heecms_menus`
2020-05-09 19:42:11 [DEBUG] [root]show full columns from `heecms_config`
2020-05-09 19:42:11 [DEBUG] [root]select * from heecms_config where 1=1  
2020-05-09 19:42:54 [DEBUG] [root]自动加载类：app\admin\controller\adminBase
2020-05-09 19:42:54 [DEBUG] [root]自动加载类：heephp\database\mysqli
2020-05-09 19:42:54 [DEBUG] [root]自动加载类：heephp\database\databaseInterface
2020-05-09 19:42:54 [DEBUG] [root]show full columns from `heecms_users_group`
2020-05-09 19:42:54 [DEBUG] [root]select name from heecms_users_group where (`users_group_id`=1) and (delete_time IS NULL or delete_time <=0 or delete_time='')  
2020-05-09 19:42:54 [DEBUG] [root]show full columns from `heecms_message`
2020-05-09 19:42:54 [DEBUG] [root]select * from heecms_message where (`isread`=0 and `receiver_users_id`='1') and (delete_time IS NULL or delete_time <=0 or delete_time='')  order by create_time desc limit 0,5
2020-05-09 19:42:54 [DEBUG] [root]show full columns from `heecms_menus`
2020-05-09 19:42:54 [DEBUG] [root]自动加载类：heephp\cache\file
2020-05-09 19:42:54 [DEBUG] [root]自动加载类：heephp\cache\cacheInterface
2020-05-09 19:42:54 [DEBUG] [root]show full columns from `heecms_menus`
2020-05-09 19:42:54 [DEBUG] [root]show full columns from `heecms_config`
2020-05-09 19:42:54 [DEBUG] [root]select * from heecms_config where 1=1  
2020-05-09 19:43:09 [DEBUG] [root]自动加载类：app\admin\controller\adminBase
2020-05-09 19:43:09 [DEBUG] [root]自动加载类：heephp\database\mysqli
2020-05-09 19:43:09 [DEBUG] [root]自动加载类：heephp\database\databaseInterface
2020-05-09 19:43:09 [DEBUG] [root]show full columns from `heecms_users_group`
2020-05-09 19:43:09 [DEBUG] [root]select name from heecms_users_group where (`users_group_id`=1) and (delete_time IS NULL or delete_time <=0 or delete_time='')  
2020-05-09 19:43:09 [DEBUG] [root]show full columns from `heecms_message`
2020-05-09 19:43:09 [DEBUG] [root]select * from heecms_message where (`isread`=0 and `receiver_users_id`='1') and (delete_time IS NULL or delete_time <=0 or delete_time='')  order by create_time desc limit 0,5
2020-05-09 19:43:09 [DEBUG] [root]show full columns from `heecms_menus`
2020-05-09 19:43:09 [DEBUG] [root]自动加载类：heephp\cache\file
2020-05-09 19:43:09 [DEBUG] [root]自动加载类：heephp\cache\cacheInterface
2020-05-09 19:43:09 [DEBUG] [root]show full columns from `heecms_menus`
2020-05-09 19:43:09 [DEBUG] [root]show full columns from `heecms_config`
2020-05-09 19:43:09 [DEBUG] [root]select * from heecms_config where 1=1  
2020-05-09 19:43:21 [DEBUG] [root]自动加载类：app\admin\controller\adminBase
2020-05-09 19:43:21 [DEBUG] [root]自动加载类：heephp\database\mysqli
2020-05-09 19:43:21 [DEBUG] [root]自动加载类：heephp\database\databaseInterface
2020-05-09 19:43:21 [DEBUG] [root]show full columns from `heecms_users_group`
2020-05-09 19:43:21 [DEBUG] [root]select name from heecms_users_group where (`users_group_id`=1) and (delete_time IS NULL or delete_time <=0 or delete_time='')  
2020-05-09 19:43:21 [DEBUG] [root]show full columns from `heecms_message`
2020-05-09 19:43:21 [DEBUG] [root]select * from heecms_message where (`isread`=0 and `receiver_users_id`='1') and (delete_time IS NULL or delete_time <=0 or delete_time='')  order by create_time desc limit 0,5
2020-05-09 19:43:21 [DEBUG] [root]show full columns from `heecms_menus`
2020-05-09 19:43:21 [DEBUG] [root]自动加载类：heephp\cache\file
2020-05-09 19:43:21 [DEBUG] [root]自动加载类：heephp\cache\cacheInterface
2020-05-09 19:43:21 [DEBUG] [root]show full columns from `heecms_menus`
2020-05-09 19:43:21 [DEBUG] [root]show full columns from `heecms_config`
2020-05-09 19:43:21 [DEBUG] [root]select * from heecms_config where 1=1  
2020-05-09 19:50:18 [DEBUG] [root]自动加载类：app\admin\controller\adminBase
2020-05-09 19:50:18 [DEBUG] [root]自动加载类：heephp\database\mysqli
2020-05-09 19:50:18 [DEBUG] [root]自动加载类：heephp\database\databaseInterface
2020-05-09 19:50:18 [DEBUG] [root]show full columns from `heecms_users_group`
2020-05-09 19:50:18 [DEBUG] [root]select name from heecms_users_group where (`users_group_id`=1) and (delete_time IS NULL or delete_time <=0 or delete_time='')  
2020-05-09 19:50:18 [DEBUG] [root]show full columns from `heecms_message`
2020-05-09 19:50:18 [DEBUG] [root]select * from heecms_message where (`isread`=0 and `receiver_users_id`='1') and (delete_time IS NULL or delete_time <=0 or delete_time='')  order by create_time desc limit 0,5
2020-05-09 19:50:18 [DEBUG] [root]show full columns from `heecms_menus`
2020-05-09 19:50:18 [DEBUG] [root]自动加载类：heephp\cache\file
2020-05-09 19:50:18 [DEBUG] [root]自动加载类：heephp\cache\cacheInterface
2020-05-09 19:50:18 [DEBUG] [root]show full columns from `heecms_menus`
2020-05-09 19:50:18 [DEBUG] [root]show full columns from `heecms_config`
2020-05-09 19:50:18 [DEBUG] [root]select * from heecms_config where 1=1  
2020-05-09 19:50:37 [DEBUG] [root]自动加载类：app\admin\controller\adminBase
2020-05-09 19:50:37 [DEBUG] [root]自动加载类：heephp\database\mysqli
2020-05-09 19:50:37 [DEBUG] [root]自动加载类：heephp\database\databaseInterface
2020-05-09 19:50:37 [DEBUG] [root]show full columns from `heecms_users_group`
2020-05-09 19:50:37 [DEBUG] [root]select name from heecms_users_group where (`users_group_id`=1) and (delete_time IS NULL or delete_time <=0 or delete_time='')  
2020-05-09 19:50:37 [DEBUG] [root]show full columns from `heecms_message`
2020-05-09 19:50:37 [DEBUG] [root]select * from heecms_message where (`isread`=0 and `receiver_users_id`='1') and (delete_time IS NULL or delete_time <=0 or delete_time='')  order by create_time desc limit 0,5
2020-05-09 19:50:37 [DEBUG] [root]show full columns from `heecms_menus`
2020-05-09 19:50:37 [DEBUG] [root]自动加载类：heephp\cache\file
2020-05-09 19:50:37 [DEBUG] [root]自动加载类：heephp\cache\cacheInterface
2020-05-09 19:50:37 [DEBUG] [root]show full columns from `heecms_menus`
2020-05-09 19:50:37 [DEBUG] [root]show full columns from `heecms_config`
2020-05-09 19:50:37 [DEBUG] [root]select * from heecms_config where 1=1  
2020-05-09 19:53:16 [DEBUG] [root]自动加载类：app\admin\controller\adminBase
2020-05-09 19:53:16 [DEBUG] [root]自动加载类：heephp\database\mysqli
2020-05-09 19:53:16 [DEBUG] [root]自动加载类：heephp\database\databaseInterface
2020-05-09 19:53:16 [DEBUG] [root]show full columns from `heecms_users_group`
2020-05-09 19:53:16 [DEBUG] [root]select name from heecms_users_group where (`users_group_id`=1) and (delete_time IS NULL or delete_time <=0 or delete_time='')  
2020-05-09 19:53:16 [DEBUG] [root]show full columns from `heecms_message`
2020-05-09 19:53:16 [DEBUG] [root]select * from heecms_message where (`isread`=0 and `receiver_users_id`='1') and (delete_time IS NULL or delete_time <=0 or delete_time='')  order by create_time desc limit 0,5
2020-05-09 19:53:16 [DEBUG] [root]show full columns from `heecms_menus`
2020-05-09 19:53:16 [DEBUG] [root]自动加载类：heephp\cache\file
2020-05-09 19:53:16 [DEBUG] [root]自动加载类：heephp\cache\cacheInterface
2020-05-09 19:53:16 [DEBUG] [root]show full columns from `heecms_menus`
2020-05-09 19:53:16 [DEBUG] [root]show full columns from `heecms_config`
2020-05-09 19:53:16 [DEBUG] [root]select * from heecms_config where 1=1  
2020-05-09 19:57:08 [DEBUG] [root]自动加载类：app\admin\controller\adminBase
2020-05-09 19:57:08 [DEBUG] [root]自动加载类：heephp\database\mysqli
2020-05-09 19:57:08 [DEBUG] [root]自动加载类：heephp\database\databaseInterface
2020-05-09 19:57:08 [DEBUG] [root]show full columns from `heecms_users_group`
2020-05-09 19:57:08 [DEBUG] [root]select name from heecms_users_group where (`users_group_id`=1) and (delete_time IS NULL or delete_time <=0 or delete_time='')  
2020-05-09 19:57:08 [DEBUG] [root]show full columns from `heecms_message`
2020-05-09 19:57:08 [DEBUG] [root]select * from heecms_message where (`isread`=0 and `receiver_users_id`='1') and (delete_time IS NULL or delete_time <=0 or delete_time='')  order by create_time desc limit 0,5
2020-05-09 19:57:08 [DEBUG] [root]show full columns from `heecms_menus`
2020-05-09 19:57:08 [DEBUG] [root]自动加载类：heephp\cache\file
2020-05-09 19:57:08 [DEBUG] [root]自动加载类：heephp\cache\cacheInterface
2020-05-09 19:57:08 [DEBUG] [root]show full columns from `heecms_menus`
2020-05-09 19:57:08 [DEBUG] [root]show full columns from `heecms_config`
2020-05-09 19:57:08 [DEBUG] [root]select * from heecms_config where 1=1  
2020-05-09 19:57:24 [DEBUG] [root]自动加载类：app\admin\controller\adminBase
2020-05-09 19:57:24 [DEBUG] [root]自动加载类：heephp\database\mysqli
2020-05-09 19:57:24 [DEBUG] [root]自动加载类：heephp\database\databaseInterface
2020-05-09 19:57:24 [DEBUG] [root]show full columns from `heecms_users_group`
2020-05-09 19:57:24 [DEBUG] [root]select name from heecms_users_group where (`users_group_id`=1) and (delete_time IS NULL or delete_time <=0 or delete_time='')  
2020-05-09 19:57:24 [DEBUG] [root]show full columns from `heecms_message`
2020-05-09 19:57:24 [DEBUG] [root]select * from heecms_message where (`isread`=0 and `receiver_users_id`='1') and (delete_time IS NULL or delete_time <=0 or delete_time='')  order by create_time desc limit 0,5
2020-05-09 19:57:24 [DEBUG] [root]show full columns from `heecms_menus`
2020-05-09 19:57:24 [DEBUG] [root]自动加载类：heephp\cache\file
2020-05-09 19:57:24 [DEBUG] [root]自动加载类：heephp\cache\cacheInterface
2020-05-09 19:57:24 [DEBUG] [root]show full columns from `heecms_menus`
2020-05-09 19:57:24 [DEBUG] [root]show full columns from `heecms_config`
2020-05-09 19:57:24 [DEBUG] [root]select * from heecms_config where 1=1  
2020-05-09 19:58:18 [DEBUG] [root]自动加载类：app\admin\controller\adminBase
2020-05-09 19:58:18 [DEBUG] [root]自动加载类：heephp\database\mysqli
2020-05-09 19:58:18 [DEBUG] [root]自动加载类：heephp\database\databaseInterface
2020-05-09 19:58:18 [DEBUG] [root]show full columns from `heecms_users_group`
2020-05-09 19:58:18 [DEBUG] [root]select name from heecms_users_group where (`users_group_id`=1) and (delete_time IS NULL or delete_time <=0 or delete_time='')  
2020-05-09 19:58:18 [DEBUG] [root]show full columns from `heecms_message`
2020-05-09 19:58:18 [DEBUG] [root]select * from heecms_message where (`isread`=0 and `receiver_users_id`='1') and (delete_time IS NULL or delete_time <=0 or delete_time='')  order by create_time desc limit 0,5
2020-05-09 19:58:18 [DEBUG] [root]show full columns from `heecms_menus`
2020-05-09 19:58:18 [DEBUG] [root]自动加载类：heephp\cache\file
2020-05-09 19:58:18 [DEBUG] [root]自动加载类：heephp\cache\cacheInterface
2020-05-09 19:58:18 [DEBUG] [root]show full columns from `heecms_menus`
2020-05-09 19:58:18 [DEBUG] [root]show full columns from `heecms_config`
2020-05-09 19:58:18 [DEBUG] [root]select * from heecms_config where 1=1  
2020-05-09 19:59:13 [DEBUG] [root]自动加载类：app\admin\controller\adminBase
2020-05-09 19:59:13 [DEBUG] [root]自动加载类：heephp\database\mysqli
2020-05-09 19:59:13 [DEBUG] [root]自动加载类：heephp\database\databaseInterface
2020-05-09 19:59:13 [DEBUG] [root]show full columns from `heecms_users_group`
2020-05-09 19:59:13 [DEBUG] [root]select name from heecms_users_group where (`users_group_id`=1) and (delete_time IS NULL or delete_time <=0 or delete_time='')  
2020-05-09 19:59:13 [DEBUG] [root]show full columns from `heecms_message`
2020-05-09 19:59:13 [DEBUG] [root]select * from heecms_message where (`isread`=0 and `receiver_users_id`='1') and (delete_time IS NULL or delete_time <=0 or delete_time='')  order by create_time desc limit 0,5
2020-05-09 19:59:13 [DEBUG] [root]show full columns from `heecms_menus`
2020-05-09 19:59:13 [DEBUG] [root]自动加载类：heephp\cache\file
2020-05-09 19:59:13 [DEBUG] [root]自动加载类：heephp\cache\cacheInterface
2020-05-09 19:59:13 [DEBUG] [root]show full columns from `heecms_menus`
2020-05-09 19:59:13 [DEBUG] [root]show full columns from `heecms_config`
2020-05-09 19:59:13 [DEBUG] [root]select * from heecms_config where 1=1  
