2020-05-09 18:00:00 [DEBUG] [root]自动加载类：app\admin\controller\adminBase
2020-05-09 18:00:00 [DEBUG] [root]自动加载类：heephp\database\mysqli
2020-05-09 18:00:00 [DEBUG] [root]自动加载类：heephp\database\databaseInterface
2020-05-09 18:00:00 [DEBUG] [root]show full columns from `heecms_users_group`
2020-05-09 18:00:00 [DEBUG] [root]select name from heecms_users_group where (`users_group_id`=1) and (delete_time IS NULL or delete_time <=0 or delete_time='')  
2020-05-09 18:00:00 [DEBUG] [root]show full columns from `heecms_message`
2020-05-09 18:00:00 [DEBUG] [root]select * from heecms_message where (`isread`=0 and `receiver_users_id`='1') and (delete_time IS NULL or delete_time <=0 or delete_time='')  order by create_time desc limit 0,5
2020-05-09 18:00:00 [DEBUG] [root]show full columns from `heecms_menus`
2020-05-09 18:00:00 [DEBUG] [root]自动加载类：heephp\cache\file
2020-05-09 18:00:00 [DEBUG] [root]自动加载类：heephp\cache\cacheInterface
2020-05-09 18:00:00 [DEBUG] [root]show full columns from `heecms_menus`
2020-05-09 18:00:02 [DEBUG] [root]自动加载类：app\admin\controller\adminBase
2020-05-09 18:00:02 [DEBUG] [root]自动加载类：heephp\database\mysqli
2020-05-09 18:00:02 [DEBUG] [root]自动加载类：heephp\database\databaseInterface
2020-05-09 18:00:02 [DEBUG] [root]show full columns from `heecms_users_group`
2020-05-09 18:00:02 [DEBUG] [root]select name from heecms_users_group where (`users_group_id`=1) and (delete_time IS NULL or delete_time <=0 or delete_time='')  
2020-05-09 18:00:02 [DEBUG] [root]show full columns from `heecms_message`
2020-05-09 18:00:02 [DEBUG] [root]select * from heecms_message where (`isread`=0 and `receiver_users_id`='1') and (delete_time IS NULL or delete_time <=0 or delete_time='')  order by create_time desc limit 0,5
2020-05-09 18:00:02 [DEBUG] [root]show full columns from `heecms_menus`
2020-05-09 18:00:02 [DEBUG] [root]自动加载类：heephp\cache\file
2020-05-09 18:00:02 [DEBUG] [root]自动加载类：heephp\cache\cacheInterface
2020-05-09 18:00:02 [DEBUG] [root]show full columns from `heecms_menus`
2020-05-09 18:00:20 [DEBUG] [root]自动加载类：app\admin\controller\adminBase
2020-05-09 18:00:20 [DEBUG] [root]自动加载类：heephp\database\mysqli
2020-05-09 18:00:20 [DEBUG] [root]自动加载类：heephp\database\databaseInterface
2020-05-09 18:00:20 [DEBUG] [root]show full columns from `heecms_users_group`
2020-05-09 18:00:20 [DEBUG] [root]select name from heecms_users_group where (`users_group_id`=1) and (delete_time IS NULL or delete_time <=0 or delete_time='')  
2020-05-09 18:00:20 [DEBUG] [root]show full columns from `heecms_message`
2020-05-09 18:00:20 [DEBUG] [root]select * from heecms_message where (`isread`=0 and `receiver_users_id`='1') and (delete_time IS NULL or delete_time <=0 or delete_time='')  order by create_time desc limit 0,5
2020-05-09 18:00:20 [DEBUG] [root]show full columns from `heecms_menus`
2020-05-09 18:00:20 [DEBUG] [root]自动加载类：heephp\cache\file
2020-05-09 18:00:20 [DEBUG] [root]自动加载类：heephp\cache\cacheInterface
2020-05-09 18:00:20 [DEBUG] [root]show full columns from `heecms_menus`
2020-05-09 18:00:20 [DEBUG] [root]select * from heecms_category where (parent_id<1 or parent_id IS NULL or parent_id='') and (delete_time IS NULL or delete_time <=0 or delete_time='')  
2020-05-09 18:00:20 [DEBUG] [root]自动加载类：app\admin\model\sysmodel
2020-05-09 18:00:20 [DEBUG] [root]show full columns from `heecms_model`
2020-05-09 18:00:20 [DEBUG] [root]select * from heecms_model where (1=1) and (delete_time IS NULL or delete_time <=0 or delete_time='')  
2020-05-09 18:00:20 [DEBUG] [root]select * from heecms_category where (category_id = '2') and (delete_time IS NULL or delete_time <=0 or delete_time='')
2020-05-09 18:00:24 [DEBUG] [root]自动加载类：app\admin\controller\adminBase
2020-05-09 18:00:24 [DEBUG] [root]自动加载类：heephp\database\mysqli
2020-05-09 18:00:24 [DEBUG] [root]自动加载类：heephp\database\databaseInterface
2020-05-09 18:00:24 [DEBUG] [root]show full columns from `heecms_users_group`
2020-05-09 18:00:24 [DEBUG] [root]select name from heecms_users_group where (`users_group_id`=1) and (delete_time IS NULL or delete_time <=0 or delete_time='')  
2020-05-09 18:00:24 [DEBUG] [root]show full columns from `heecms_message`
2020-05-09 18:00:24 [DEBUG] [root]select * from heecms_message where (`isread`=0 and `receiver_users_id`='1') and (delete_time IS NULL or delete_time <=0 or delete_time='')  order by create_time desc limit 0,5
2020-05-09 18:00:24 [DEBUG] [root]show full columns from `heecms_menus`
2020-05-09 18:00:24 [DEBUG] [root]自动加载类：heephp\cache\file
2020-05-09 18:00:24 [DEBUG] [root]自动加载类：heephp\cache\cacheInterface
2020-05-09 18:00:24 [DEBUG] [root]show full columns from `heecms_menus`
2020-05-09 18:01:20 [DEBUG] [root]自动加载类：app\admin\controller\adminBase
2020-05-09 18:01:20 [DEBUG] [root]自动加载类：heephp\database\mysqli
2020-05-09 18:01:20 [DEBUG] [root]自动加载类：heephp\database\databaseInterface
2020-05-09 18:01:20 [DEBUG] [root]show full columns from `heecms_users_group`
2020-05-09 18:01:20 [DEBUG] [root]select name from heecms_users_group where (`users_group_id`=1) and (delete_time IS NULL or delete_time <=0 or delete_time='')  
2020-05-09 18:01:20 [DEBUG] [root]show full columns from `heecms_message`
2020-05-09 18:01:20 [DEBUG] [root]select * from heecms_message where (`isread`=0 and `receiver_users_id`='1') and (delete_time IS NULL or delete_time <=0 or delete_time='')  order by create_time desc limit 0,5
2020-05-09 18:01:20 [DEBUG] [root]show full columns from `heecms_menus`
2020-05-09 18:01:20 [DEBUG] [root]自动加载类：heephp\cache\file
2020-05-09 18:01:20 [DEBUG] [root]自动加载类：heephp\cache\cacheInterface
2020-05-09 18:01:20 [DEBUG] [root]show full columns from `heecms_menus`
2020-05-09 18:01:20 [DEBUG] [root]select * from heecms_category where (parent_id<1 or parent_id IS NULL or parent_id='') and (delete_time IS NULL or delete_time <=0 or delete_time='')  
2020-05-09 18:01:20 [DEBUG] [root]自动加载类：app\admin\model\sysmodel
2020-05-09 18:01:20 [DEBUG] [root]show full columns from `heecms_model`
2020-05-09 18:01:20 [DEBUG] [root]select * from heecms_model where (1=1) and (delete_time IS NULL or delete_time <=0 or delete_time='')  
2020-05-09 18:01:20 [DEBUG] [root]select * from heecms_category where (category_id = '2') and (delete_time IS NULL or delete_time <=0 or delete_time='')
2020-05-09 18:01:24 [DEBUG] [root]自动加载类：app\admin\controller\adminBase
2020-05-09 18:01:24 [DEBUG] [root]自动加载类：heephp\database\mysqli
2020-05-09 18:01:24 [DEBUG] [root]自动加载类：heephp\database\databaseInterface
2020-05-09 18:01:24 [DEBUG] [root]show full columns from `heecms_users_group`
2020-05-09 18:01:24 [DEBUG] [root]select name from heecms_users_group where (`users_group_id`=1) and (delete_time IS NULL or delete_time <=0 or delete_time='')  
2020-05-09 18:01:24 [DEBUG] [root]show full columns from `heecms_message`
2020-05-09 18:01:24 [DEBUG] [root]select * from heecms_message where (`isread`=0 and `receiver_users_id`='1') and (delete_time IS NULL or delete_time <=0 or delete_time='')  order by create_time desc limit 0,5
2020-05-09 18:01:24 [DEBUG] [root]show full columns from `heecms_menus`
2020-05-09 18:01:24 [DEBUG] [root]自动加载类：heephp\cache\file
2020-05-09 18:01:24 [DEBUG] [root]自动加载类：heephp\cache\cacheInterface
2020-05-09 18:01:24 [DEBUG] [root]show full columns from `heecms_menus`
2020-05-09 18:01:26 [DEBUG] [root]自动加载类：app\admin\controller\adminBase
2020-05-09 18:01:26 [DEBUG] [root]自动加载类：heephp\database\mysqli
2020-05-09 18:01:26 [DEBUG] [root]自动加载类：heephp\database\databaseInterface
2020-05-09 18:01:26 [DEBUG] [root]show full columns from `heecms_users_group`
2020-05-09 18:01:26 [DEBUG] [root]select name from heecms_users_group where (`users_group_id`=1) and (delete_time IS NULL or delete_time <=0 or delete_time='')  
2020-05-09 18:01:26 [DEBUG] [root]show full columns from `heecms_message`
2020-05-09 18:01:26 [DEBUG] [root]select * from heecms_message where (`isread`=0 and `receiver_users_id`='1') and (delete_time IS NULL or delete_time <=0 or delete_time='')  order by create_time desc limit 0,5
2020-05-09 18:01:26 [DEBUG] [root]show full columns from `heecms_menus`
2020-05-09 18:01:26 [DEBUG] [root]自动加载类：heephp\cache\file
2020-05-09 18:01:26 [DEBUG] [root]自动加载类：heephp\cache\cacheInterface
2020-05-09 18:01:26 [DEBUG] [root]show full columns from `heecms_menus`
2020-05-09 18:01:29 [DEBUG] [root]自动加载类：app\admin\controller\adminBase
2020-05-09 18:01:29 [DEBUG] [root]自动加载类：heephp\database\mysqli
2020-05-09 18:01:29 [DEBUG] [root]自动加载类：heephp\database\databaseInterface
2020-05-09 18:01:29 [DEBUG] [root]show full columns from `heecms_users_group`
2020-05-09 18:01:29 [DEBUG] [root]select name from heecms_users_group where (`users_group_id`=1) and (delete_time IS NULL or delete_time <=0 or delete_time='')  
2020-05-09 18:01:29 [DEBUG] [root]show full columns from `heecms_message`
2020-05-09 18:01:29 [DEBUG] [root]select * from heecms_message where (`isread`=0 and `receiver_users_id`='1') and (delete_time IS NULL or delete_time <=0 or delete_time='')  order by create_time desc limit 0,5
2020-05-09 18:01:29 [DEBUG] [root]show full columns from `heecms_menus`
2020-05-09 18:01:29 [DEBUG] [root]自动加载类：heephp\cache\file
2020-05-09 18:01:29 [DEBUG] [root]自动加载类：heephp\cache\cacheInterface
2020-05-09 18:01:29 [DEBUG] [root]show full columns from `heecms_menus`
2020-05-09 18:01:31 [DEBUG] [root]自动加载类：app\admin\controller\adminBase
2020-05-09 18:01:31 [DEBUG] [root]自动加载类：heephp\database\mysqli
2020-05-09 18:01:31 [DEBUG] [root]自动加载类：heephp\database\databaseInterface
2020-05-09 18:01:31 [DEBUG] [root]show full columns from `heecms_users_group`
2020-05-09 18:01:31 [DEBUG] [root]select name from heecms_users_group where (`users_group_id`=1) and (delete_time IS NULL or delete_time <=0 or delete_time='')  
2020-05-09 18:01:31 [DEBUG] [root]show full columns from `heecms_message`
2020-05-09 18:01:31 [DEBUG] [root]select * from heecms_message where (`isread`=0 and `receiver_users_id`='1') and (delete_time IS NULL or delete_time <=0 or delete_time='')  order by create_time desc limit 0,5
2020-05-09 18:01:31 [DEBUG] [root]show full columns from `heecms_menus`
2020-05-09 18:01:31 [DEBUG] [root]自动加载类：heephp\cache\file
2020-05-09 18:01:31 [DEBUG] [root]自动加载类：heephp\cache\cacheInterface
2020-05-09 18:01:31 [DEBUG] [root]show full columns from `heecms_menus`
2020-05-09 18:02:07 [DEBUG] [root]自动加载类：app\admin\controller\adminBase
2020-05-09 18:02:07 [DEBUG] [root]自动加载类：heephp\database\mysqli
2020-05-09 18:02:07 [DEBUG] [root]自动加载类：heephp\database\databaseInterface
2020-05-09 18:02:07 [DEBUG] [root]show full columns from `heecms_users_group`
2020-05-09 18:02:07 [DEBUG] [root]select name from heecms_users_group where (`users_group_id`=1) and (delete_time IS NULL or delete_time <=0 or delete_time='')  
2020-05-09 18:02:07 [DEBUG] [root]show full columns from `heecms_message`
2020-05-09 18:02:07 [DEBUG] [root]select * from heecms_message where (`isread`=0 and `receiver_users_id`='1') and (delete_time IS NULL or delete_time <=0 or delete_time='')  order by create_time desc limit 0,5
2020-05-09 18:02:07 [DEBUG] [root]show full columns from `heecms_menus`
2020-05-09 18:02:07 [DEBUG] [root]自动加载类：heephp\cache\file
2020-05-09 18:02:07 [DEBUG] [root]自动加载类：heephp\cache\cacheInterface
2020-05-09 18:02:07 [DEBUG] [root]show full columns from `heecms_menus`
2020-05-09 18:02:10 [DEBUG] [root]自动加载类：app\admin\controller\adminBase
2020-05-09 18:02:10 [DEBUG] [root]自动加载类：heephp\database\mysqli
2020-05-09 18:02:10 [DEBUG] [root]自动加载类：heephp\database\databaseInterface
2020-05-09 18:02:10 [DEBUG] [root]show full columns from `heecms_users_group`
2020-05-09 18:02:10 [DEBUG] [root]select name from heecms_users_group where (`users_group_id`=1) and (delete_time IS NULL or delete_time <=0 or delete_time='')  
2020-05-09 18:02:10 [DEBUG] [root]show full columns from `heecms_message`
2020-05-09 18:02:10 [DEBUG] [root]select * from heecms_message where (`isread`=0 and `receiver_users_id`='1') and (delete_time IS NULL or delete_time <=0 or delete_time='')  order by create_time desc limit 0,5
2020-05-09 18:02:10 [DEBUG] [root]show full columns from `heecms_menus`
2020-05-09 18:02:10 [DEBUG] [root]自动加载类：heephp\cache\file
2020-05-09 18:02:10 [DEBUG] [root]自动加载类：heephp\cache\cacheInterface
2020-05-09 18:02:10 [DEBUG] [root]show full columns from `heecms_menus`
2020-05-09 18:02:12 [DEBUG] [root]自动加载类：app\admin\controller\adminBase
2020-05-09 18:02:12 [DEBUG] [root]自动加载类：heephp\database\mysqli
2020-05-09 18:02:12 [DEBUG] [root]自动加载类：heephp\database\databaseInterface
2020-05-09 18:02:12 [DEBUG] [root]show full columns from `heecms_users_group`
2020-05-09 18:02:12 [DEBUG] [root]select name from heecms_users_group where (`users_group_id`=1) and (delete_time IS NULL or delete_time <=0 or delete_time='')  
2020-05-09 18:02:12 [DEBUG] [root]show full columns from `heecms_message`
2020-05-09 18:02:12 [DEBUG] [root]select * from heecms_message where (`isread`=0 and `receiver_users_id`='1') and (delete_time IS NULL or delete_time <=0 or delete_time='')  order by create_time desc limit 0,5
2020-05-09 18:02:12 [DEBUG] [root]show full columns from `heecms_menus`
2020-05-09 18:02:12 [DEBUG] [root]自动加载类：heephp\cache\file
2020-05-09 18:02:12 [DEBUG] [root]自动加载类：heephp\cache\cacheInterface
2020-05-09 18:02:12 [DEBUG] [root]show full columns from `heecms_menus`
2020-05-09 18:02:14 [DEBUG] [root]自动加载类：app\admin\controller\adminBase
2020-05-09 18:02:14 [DEBUG] [root]自动加载类：heephp\database\mysqli
2020-05-09 18:02:15 [DEBUG] [root]自动加载类：heephp\database\databaseInterface
2020-05-09 18:02:15 [DEBUG] [root]show full columns from `heecms_users_group`
2020-05-09 18:02:15 [DEBUG] [root]select name from heecms_users_group where (`users_group_id`=1) and (delete_time IS NULL or delete_time <=0 or delete_time='')  
2020-05-09 18:02:15 [DEBUG] [root]show full columns from `heecms_message`
2020-05-09 18:02:15 [DEBUG] [root]select * from heecms_message where (`isread`=0 and `receiver_users_id`='1') and (delete_time IS NULL or delete_time <=0 or delete_time='')  order by create_time desc limit 0,5
2020-05-09 18:02:15 [DEBUG] [root]show full columns from `heecms_menus`
2020-05-09 18:02:15 [DEBUG] [root]自动加载类：heephp\cache\file
2020-05-09 18:02:15 [DEBUG] [root]自动加载类：heephp\cache\cacheInterface
2020-05-09 18:02:15 [DEBUG] [root]select * from heecms_menus where (parent_id=0 or parent_id IS NULL or parent_id='') and (delete_time IS NULL or delete_time <=0 or delete_time='')  order by ord asc 
2020-05-09 18:02:15 [DEBUG] [root]show full columns from `heecms_menus`
2020-05-09 18:02:15 [DEBUG] [root]select * from heecms_menus where (`parent_id`='8') and (delete_time IS NULL or delete_time <=0 or delete_time='')  order by ord asc 
2020-05-09 18:02:15 [DEBUG] [root]select * from heecms_users where (`users_id`='1') and (delete_time IS NULL or delete_time <=0 or delete_time='')
2020-05-09 18:02:15 [DEBUG] [root]select * from heecms_menus where (`parent_id`='10') and (delete_time IS NULL or delete_time <=0 or delete_time='')  order by ord asc 
2020-05-09 18:02:15 [DEBUG] [root]select * from heecms_menus where (`parent_id`='5') and (delete_time IS NULL or delete_time <=0 or delete_time='')  order by ord asc 
2020-05-09 18:02:15 [DEBUG] [root]select * from heecms_menus where (`parent_id`='15') and (delete_time IS NULL or delete_time <=0 or delete_time='')  order by ord asc 
2020-05-09 18:02:15 [DEBUG] [root]select * from heecms_menus where (`parent_id`='12') and (delete_time IS NULL or delete_time <=0 or delete_time='')  order by ord asc 
2020-05-09 18:02:16 [DEBUG] [root]自动加载类：app\admin\controller\adminBase
2020-05-09 18:02:16 [DEBUG] [root]自动加载类：heephp\database\mysqli
2020-05-09 18:02:16 [DEBUG] [root]自动加载类：heephp\database\databaseInterface
2020-05-09 18:02:16 [DEBUG] [root]show full columns from `heecms_users_group`
2020-05-09 18:02:16 [DEBUG] [root]select name from heecms_users_group where (`users_group_id`=1) and (delete_time IS NULL or delete_time <=0 or delete_time='')  
2020-05-09 18:02:17 [DEBUG] [root]show full columns from `heecms_message`
2020-05-09 18:02:17 [DEBUG] [root]select * from heecms_message where (`isread`=0 and `receiver_users_id`='1') and (delete_time IS NULL or delete_time <=0 or delete_time='')  order by create_time desc limit 0,5
2020-05-09 18:02:17 [DEBUG] [root]show full columns from `heecms_menus`
2020-05-09 18:02:17 [DEBUG] [root]自动加载类：heephp\cache\file
2020-05-09 18:02:17 [DEBUG] [root]自动加载类：heephp\cache\cacheInterface
2020-05-09 18:02:17 [DEBUG] [root]show full columns from `heecms_menus`
2020-05-09 18:03:34 [DEBUG] [root]自动加载类：app\admin\controller\adminBase
2020-05-09 18:03:34 [DEBUG] [root]自动加载类：heephp\database\mysqli
2020-05-09 18:03:34 [DEBUG] [root]自动加载类：heephp\database\databaseInterface
2020-05-09 18:03:34 [DEBUG] [root]show full columns from `heecms_users_group`
2020-05-09 18:03:34 [DEBUG] [root]select name from heecms_users_group where (`users_group_id`=1) and (delete_time IS NULL or delete_time <=0 or delete_time='')  
2020-05-09 18:03:34 [DEBUG] [root]show full columns from `heecms_message`
2020-05-09 18:03:34 [DEBUG] [root]select * from heecms_message where (`isread`=0 and `receiver_users_id`='1') and (delete_time IS NULL or delete_time <=0 or delete_time='')  order by create_time desc limit 0,5
2020-05-09 18:03:34 [DEBUG] [root]show full columns from `heecms_menus`
2020-05-09 18:03:34 [DEBUG] [root]自动加载类：heephp\cache\file
2020-05-09 18:03:34 [DEBUG] [root]自动加载类：heephp\cache\cacheInterface
2020-05-09 18:03:34 [DEBUG] [root]show full columns from `heecms_menus`
2020-05-09 18:03:34 [DEBUG] [root]select * from heecms_category where (parent_id<1 or parent_id IS NULL or parent_id='') and (delete_time IS NULL or delete_time <=0 or delete_time='')  
2020-05-09 18:03:34 [DEBUG] [root]自动加载类：app\admin\model\sysmodel
2020-05-09 18:03:34 [DEBUG] [root]show full columns from `heecms_model`
2020-05-09 18:03:34 [DEBUG] [root]select * from heecms_model where (1=1) and (delete_time IS NULL or delete_time <=0 or delete_time='')  
2020-05-09 18:03:34 [DEBUG] [root]select * from heecms_category where (category_id = '2') and (delete_time IS NULL or delete_time <=0 or delete_time='')
2020-05-09 18:03:37 [DEBUG] [root]自动加载类：app\admin\controller\adminBase
2020-05-09 18:03:37 [DEBUG] [root]自动加载类：heephp\database\mysqli
2020-05-09 18:03:37 [DEBUG] [root]自动加载类：heephp\database\databaseInterface
2020-05-09 18:03:37 [DEBUG] [root]show full columns from `heecms_users_group`
2020-05-09 18:03:37 [DEBUG] [root]select name from heecms_users_group where (`users_group_id`=1) and (delete_time IS NULL or delete_time <=0 or delete_time='')  
2020-05-09 18:03:37 [DEBUG] [root]show full columns from `heecms_message`
2020-05-09 18:03:37 [DEBUG] [root]select * from heecms_message where (`isread`=0 and `receiver_users_id`='1') and (delete_time IS NULL or delete_time <=0 or delete_time='')  order by create_time desc limit 0,5
2020-05-09 18:03:37 [DEBUG] [root]show full columns from `heecms_menus`
2020-05-09 18:03:37 [DEBUG] [root]自动加载类：heephp\cache\file
2020-05-09 18:03:37 [DEBUG] [root]自动加载类：heephp\cache\cacheInterface
2020-05-09 18:03:37 [DEBUG] [root]show full columns from `heecms_menus`
2020-05-09 18:03:38 [DEBUG] [root]自动加载类：app\admin\controller\adminBase
2020-05-09 18:03:38 [DEBUG] [root]自动加载类：heephp\database\mysqli
2020-05-09 18:03:38 [DEBUG] [root]自动加载类：heephp\database\databaseInterface
2020-05-09 18:03:38 [DEBUG] [root]show full columns from `heecms_users_group`
2020-05-09 18:03:38 [DEBUG] [root]select name from heecms_users_group where (`users_group_id`=1) and (delete_time IS NULL or delete_time <=0 or delete_time='')  
2020-05-09 18:03:38 [DEBUG] [root]show full columns from `heecms_message`
2020-05-09 18:03:38 [DEBUG] [root]select * from heecms_message where (`isread`=0 and `receiver_users_id`='1') and (delete_time IS NULL or delete_time <=0 or delete_time='')  order by create_time desc limit 0,5
2020-05-09 18:03:38 [DEBUG] [root]show full columns from `heecms_menus`
2020-05-09 18:03:38 [DEBUG] [root]自动加载类：heephp\cache\file
2020-05-09 18:03:38 [DEBUG] [root]自动加载类：heephp\cache\cacheInterface
2020-05-09 18:03:38 [DEBUG] [root]show full columns from `heecms_menus`
2020-05-09 18:04:00 [DEBUG] [root]自动加载类：app\admin\controller\adminBase
2020-05-09 18:04:00 [DEBUG] [root]自动加载类：heephp\database\mysqli
2020-05-09 18:04:00 [DEBUG] [root]自动加载类：heephp\database\databaseInterface
2020-05-09 18:04:00 [DEBUG] [root]show full columns from `heecms_users_group`
2020-05-09 18:04:00 [DEBUG] [root]select name from heecms_users_group where (`users_group_id`=1) and (delete_time IS NULL or delete_time <=0 or delete_time='')  
2020-05-09 18:04:00 [DEBUG] [root]show full columns from `heecms_message`
2020-05-09 18:04:00 [DEBUG] [root]select * from heecms_message where (`isread`=0 and `receiver_users_id`='1') and (delete_time IS NULL or delete_time <=0 or delete_time='')  order by create_time desc limit 0,5
2020-05-09 18:04:00 [DEBUG] [root]show full columns from `heecms_menus`
2020-05-09 18:04:00 [DEBUG] [root]自动加载类：heephp\cache\file
2020-05-09 18:04:00 [DEBUG] [root]自动加载类：heephp\cache\cacheInterface
2020-05-09 18:04:00 [DEBUG] [root]show full columns from `heecms_menus`
2020-05-09 18:04:00 [DEBUG] [root]select * from heecms_category where (parent_id<1 or parent_id IS NULL or parent_id='') and (delete_time IS NULL or delete_time <=0 or delete_time='')  
2020-05-09 18:04:00 [DEBUG] [root]自动加载类：app\admin\model\sysmodel
2020-05-09 18:04:00 [DEBUG] [root]show full columns from `heecms_model`
2020-05-09 18:04:00 [DEBUG] [root]select * from heecms_model where (1=1) and (delete_time IS NULL or delete_time <=0 or delete_time='')  
2020-05-09 18:04:00 [DEBUG] [root]select * from heecms_category where (category_id = '2') and (delete_time IS NULL or delete_time <=0 or delete_time='')
2020-05-09 18:04:03 [DEBUG] [root]自动加载类：app\admin\controller\adminBase
2020-05-09 18:04:03 [DEBUG] [root]自动加载类：heephp\database\mysqli
2020-05-09 18:04:03 [DEBUG] [root]自动加载类：heephp\database\databaseInterface
2020-05-09 18:04:03 [DEBUG] [root]show full columns from `heecms_users_group`
2020-05-09 18:04:03 [DEBUG] [root]select name from heecms_users_group where (`users_group_id`=1) and (delete_time IS NULL or delete_time <=0 or delete_time='')  
2020-05-09 18:04:03 [DEBUG] [root]show full columns from `heecms_message`
2020-05-09 18:04:03 [DEBUG] [root]select * from heecms_message where (`isread`=0 and `receiver_users_id`='1') and (delete_time IS NULL or delete_time <=0 or delete_time='')  order by create_time desc limit 0,5
2020-05-09 18:04:03 [DEBUG] [root]show full columns from `heecms_menus`
2020-05-09 18:04:03 [DEBUG] [root]自动加载类：heephp\cache\file
2020-05-09 18:04:03 [DEBUG] [root]自动加载类：heephp\cache\cacheInterface
2020-05-09 18:04:03 [DEBUG] [root]show full columns from `heecms_menus`
2020-05-09 18:04:04 [DEBUG] [root]自动加载类：app\admin\controller\adminBase
2020-05-09 18:04:04 [DEBUG] [root]自动加载类：heephp\database\mysqli
2020-05-09 18:04:04 [DEBUG] [root]自动加载类：heephp\database\databaseInterface
2020-05-09 18:04:04 [DEBUG] [root]show full columns from `heecms_users_group`
2020-05-09 18:04:04 [DEBUG] [root]select name from heecms_users_group where (`users_group_id`=1) and (delete_time IS NULL or delete_time <=0 or delete_time='')  
2020-05-09 18:04:04 [DEBUG] [root]show full columns from `heecms_message`
2020-05-09 18:04:04 [DEBUG] [root]select * from heecms_message where (`isread`=0 and `receiver_users_id`='1') and (delete_time IS NULL or delete_time <=0 or delete_time='')  order by create_time desc limit 0,5
2020-05-09 18:04:04 [DEBUG] [root]show full columns from `heecms_menus`
2020-05-09 18:04:04 [DEBUG] [root]自动加载类：heephp\cache\file
2020-05-09 18:04:04 [DEBUG] [root]自动加载类：heephp\cache\cacheInterface
2020-05-09 18:04:04 [DEBUG] [root]show full columns from `heecms_menus`
2020-05-09 18:04:06 [DEBUG] [root]自动加载类：app\admin\controller\adminBase
2020-05-09 18:04:06 [DEBUG] [root]自动加载类：heephp\database\mysqli
2020-05-09 18:04:06 [DEBUG] [root]自动加载类：heephp\database\databaseInterface
2020-05-09 18:04:06 [DEBUG] [root]show full columns from `heecms_users_group`
2020-05-09 18:04:06 [DEBUG] [root]select name from heecms_users_group where (`users_group_id`=1) and (delete_time IS NULL or delete_time <=0 or delete_time='')  
2020-05-09 18:04:06 [DEBUG] [root]show full columns from `heecms_message`
2020-05-09 18:04:06 [DEBUG] [root]select * from heecms_message where (`isread`=0 and `receiver_users_id`='1') and (delete_time IS NULL or delete_time <=0 or delete_time='')  order by create_time desc limit 0,5
2020-05-09 18:04:06 [DEBUG] [root]show full columns from `heecms_menus`
2020-05-09 18:04:06 [DEBUG] [root]自动加载类：heephp\cache\file
2020-05-09 18:04:06 [DEBUG] [root]自动加载类：heephp\cache\cacheInterface
2020-05-09 18:04:06 [DEBUG] [root]show full columns from `heecms_menus`
2020-05-09 18:04:09 [DEBUG] [root]自动加载类：app\admin\controller\adminBase
2020-05-09 18:04:09 [DEBUG] [root]自动加载类：heephp\database\mysqli
2020-05-09 18:04:09 [DEBUG] [root]自动加载类：heephp\database\databaseInterface
2020-05-09 18:04:09 [DEBUG] [root]show full columns from `heecms_users_group`
2020-05-09 18:04:09 [DEBUG] [root]select name from heecms_users_group where (`users_group_id`=1) and (delete_time IS NULL or delete_time <=0 or delete_time='')  
2020-05-09 18:04:09 [DEBUG] [root]show full columns from `heecms_message`
2020-05-09 18:04:09 [DEBUG] [root]select * from heecms_message where (`isread`=0 and `receiver_users_id`='1') and (delete_time IS NULL or delete_time <=0 or delete_time='')  order by create_time desc limit 0,5
2020-05-09 18:04:09 [DEBUG] [root]show full columns from `heecms_menus`
2020-05-09 18:04:09 [DEBUG] [root]自动加载类：heephp\cache\file
2020-05-09 18:04:09 [DEBUG] [root]自动加载类：heephp\cache\cacheInterface
2020-05-09 18:04:09 [DEBUG] [root]show full columns from `heecms_menus`
2020-05-09 18:04:10 [DEBUG] [root]自动加载类：app\admin\controller\adminBase
2020-05-09 18:04:10 [DEBUG] [root]自动加载类：heephp\database\mysqli
2020-05-09 18:04:10 [DEBUG] [root]自动加载类：heephp\database\databaseInterface
2020-05-09 18:04:10 [DEBUG] [root]show full columns from `heecms_users_group`
2020-05-09 18:04:10 [DEBUG] [root]select name from heecms_users_group where (`users_group_id`=1) and (delete_time IS NULL or delete_time <=0 or delete_time='')  
2020-05-09 18:04:10 [DEBUG] [root]show full columns from `heecms_message`
2020-05-09 18:04:10 [DEBUG] [root]select * from heecms_message where (`isread`=0 and `receiver_users_id`='1') and (delete_time IS NULL or delete_time <=0 or delete_time='')  order by create_time desc limit 0,5
2020-05-09 18:04:10 [DEBUG] [root]show full columns from `heecms_menus`
2020-05-09 18:04:10 [DEBUG] [root]自动加载类：heephp\cache\file
2020-05-09 18:04:10 [DEBUG] [root]自动加载类：heephp\cache\cacheInterface
2020-05-09 18:04:10 [DEBUG] [root]show full columns from `heecms_menus`
2020-05-09 18:04:16 [DEBUG] [root]自动加载类：app\admin\controller\adminBase
2020-05-09 18:04:16 [DEBUG] [root]自动加载类：heephp\database\mysqli
2020-05-09 18:04:16 [DEBUG] [root]自动加载类：heephp\database\databaseInterface
2020-05-09 18:04:16 [DEBUG] [root]show full columns from `heecms_users_group`
2020-05-09 18:04:16 [DEBUG] [root]select name from heecms_users_group where (`users_group_id`=1) and (delete_time IS NULL or delete_time <=0 or delete_time='')  
2020-05-09 18:04:16 [DEBUG] [root]show full columns from `heecms_message`
2020-05-09 18:04:16 [DEBUG] [root]select * from heecms_message where (`isread`=0 and `receiver_users_id`='1') and (delete_time IS NULL or delete_time <=0 or delete_time='')  order by create_time desc limit 0,5
2020-05-09 18:04:16 [DEBUG] [root]show full columns from `heecms_menus`
2020-05-09 18:04:16 [DEBUG] [root]自动加载类：heephp\cache\file
2020-05-09 18:04:16 [DEBUG] [root]自动加载类：heephp\cache\cacheInterface
2020-05-09 18:04:16 [DEBUG] [root]show full columns from `heecms_menus`
2020-05-09 18:04:16 [DEBUG] [root]select * from heecms_category where `name`='测试子栏目' and `category_id`<>'2'
2020-05-09 18:04:16 [DEBUG] [root]show full columns from `heecms_category`
2020-05-09 18:04:16 [DEBUG] [root]update `heecms_category` set `parent_id`='1',`icon`='',`name`='测试子栏目',`keyword`='子栏目',`ord`='2',`remark`='',`model_id`='5',`template_list`='/index/index.php',`template_detail`='/index/index.php',`update_time`='1589018656' where `category_id` = '2' 
2020-05-09 18:04:17 [DEBUG] [root]自动加载类：app\admin\controller\adminBase
2020-05-09 18:04:17 [DEBUG] [root]自动加载类：heephp\database\mysqli
2020-05-09 18:04:17 [DEBUG] [root]自动加载类：heephp\database\databaseInterface
2020-05-09 18:04:17 [DEBUG] [root]show full columns from `heecms_users_group`
2020-05-09 18:04:17 [DEBUG] [root]select name from heecms_users_group where (`users_group_id`=1) and (delete_time IS NULL or delete_time <=0 or delete_time='')  
2020-05-09 18:04:17 [DEBUG] [root]show full columns from `heecms_message`
2020-05-09 18:04:17 [DEBUG] [root]select * from heecms_message where (`isread`=0 and `receiver_users_id`='1') and (delete_time IS NULL or delete_time <=0 or delete_time='')  order by create_time desc limit 0,5
2020-05-09 18:04:17 [DEBUG] [root]show full columns from `heecms_menus`
2020-05-09 18:04:17 [DEBUG] [root]自动加载类：heephp\cache\file
2020-05-09 18:04:17 [DEBUG] [root]自动加载类：heephp\cache\cacheInterface
2020-05-09 18:04:17 [DEBUG] [root]select * from heecms_menus where (parent_id=0 or parent_id IS NULL or parent_id='') and (delete_time IS NULL or delete_time <=0 or delete_time='')  order by ord asc 
2020-05-09 18:04:17 [DEBUG] [root]show full columns from `heecms_menus`
2020-05-09 18:04:17 [DEBUG] [root]select * from heecms_menus where (`parent_id`='8') and (delete_time IS NULL or delete_time <=0 or delete_time='')  order by ord asc 
2020-05-09 18:04:17 [DEBUG] [root]select * from heecms_users where (`users_id`='1') and (delete_time IS NULL or delete_time <=0 or delete_time='')
2020-05-09 18:04:17 [DEBUG] [root]select * from heecms_menus where (`parent_id`='10') and (delete_time IS NULL or delete_time <=0 or delete_time='')  order by ord asc 
2020-05-09 18:04:17 [DEBUG] [root]select * from heecms_menus where (`parent_id`='5') and (delete_time IS NULL or delete_time <=0 or delete_time='')  order by ord asc 
2020-05-09 18:04:17 [DEBUG] [root]select * from heecms_menus where (`parent_id`='15') and (delete_time IS NULL or delete_time <=0 or delete_time='')  order by ord asc 
2020-05-09 18:04:17 [DEBUG] [root]select * from heecms_menus where (`parent_id`='12') and (delete_time IS NULL or delete_time <=0 or delete_time='')  order by ord asc 
2020-05-09 18:04:17 [DEBUG] [root]select count(*) c from `heecms_category` where (parent_id<1 or parent_id IS NULL or parent_id='') and (delete_time IS NULL or delete_time <=0 or delete_time='')
2020-05-09 18:04:17 [DEBUG] [root]select * from heecms_category where (parent_id<1 or parent_id IS NULL or parent_id='') and (delete_time IS NULL or delete_time <=0 or delete_time='')  limit 0,5
2020-05-09 18:04:17 [DEBUG] [root]select * from heecms_category where (`parent_id`='1') and (delete_time IS NULL or delete_time <=0 or delete_time='')  order by parent_id asc 
2020-05-09 18:04:20 [DEBUG] [root]自动加载类：app\admin\controller\adminBase
2020-05-09 18:04:20 [DEBUG] [root]自动加载类：heephp\database\mysqli
2020-05-09 18:04:20 [DEBUG] [root]自动加载类：heephp\database\databaseInterface
2020-05-09 18:04:20 [DEBUG] [root]show full columns from `heecms_users_group`
2020-05-09 18:04:20 [DEBUG] [root]select name from heecms_users_group where (`users_group_id`=1) and (delete_time IS NULL or delete_time <=0 or delete_time='')  
2020-05-09 18:04:20 [DEBUG] [root]show full columns from `heecms_message`
2020-05-09 18:04:20 [DEBUG] [root]select * from heecms_message where (`isread`=0 and `receiver_users_id`='1') and (delete_time IS NULL or delete_time <=0 or delete_time='')  order by create_time desc limit 0,5
2020-05-09 18:04:20 [DEBUG] [root]show full columns from `heecms_menus`
2020-05-09 18:04:20 [DEBUG] [root]自动加载类：heephp\cache\file
2020-05-09 18:04:20 [DEBUG] [root]自动加载类：heephp\cache\cacheInterface
2020-05-09 18:04:20 [DEBUG] [root]show full columns from `heecms_menus`
2020-05-09 18:04:20 [DEBUG] [root]select * from heecms_category where (parent_id<1 or parent_id IS NULL or parent_id='') and (delete_time IS NULL or delete_time <=0 or delete_time='')  
2020-05-09 18:04:20 [DEBUG] [root]自动加载类：app\admin\model\sysmodel
2020-05-09 18:04:20 [DEBUG] [root]show full columns from `heecms_model`
2020-05-09 18:04:20 [DEBUG] [root]select * from heecms_model where (1=1) and (delete_time IS NULL or delete_time <=0 or delete_time='')  
2020-05-09 18:04:20 [DEBUG] [root]select * from heecms_category where (category_id = '2') and (delete_time IS NULL or delete_time <=0 or delete_time='')
2020-05-09 18:04:33 [DEBUG] [root]自动加载类：app\admin\controller\adminBase
2020-05-09 18:04:33 [DEBUG] [root]自动加载类：heephp\database\mysqli
2020-05-09 18:04:33 [DEBUG] [root]自动加载类：heephp\database\databaseInterface
2020-05-09 18:04:33 [DEBUG] [root]show full columns from `heecms_users_group`
2020-05-09 18:04:33 [DEBUG] [root]select name from heecms_users_group where (`users_group_id`=1) and (delete_time IS NULL or delete_time <=0 or delete_time='')  
2020-05-09 18:04:33 [DEBUG] [root]show full columns from `heecms_message`
2020-05-09 18:04:33 [DEBUG] [root]select * from heecms_message where (`isread`=0 and `receiver_users_id`='1') and (delete_time IS NULL or delete_time <=0 or delete_time='')  order by create_time desc limit 0,5
2020-05-09 18:04:33 [DEBUG] [root]show full columns from `heecms_menus`
2020-05-09 18:04:33 [DEBUG] [root]自动加载类：heephp\cache\file
2020-05-09 18:04:33 [DEBUG] [root]自动加载类：heephp\cache\cacheInterface
2020-05-09 18:04:33 [DEBUG] [root]show full columns from `heecms_menus`
2020-05-09 18:04:33 [DEBUG] [root]show full columns from `heecms_config`
2020-05-09 18:04:33 [DEBUG] [root]select * from heecms_config where 1=1  
2020-05-09 18:05:04 [DEBUG] [root]自动加载类：app\admin\controller\adminBase
2020-05-09 18:05:04 [DEBUG] [root]自动加载类：heephp\database\mysqli
2020-05-09 18:05:04 [DEBUG] [root]自动加载类：heephp\database\databaseInterface
2020-05-09 18:05:04 [DEBUG] [root]show full columns from `heecms_users_group`
2020-05-09 18:05:04 [DEBUG] [root]select name from heecms_users_group where (`users_group_id`=1) and (delete_time IS NULL or delete_time <=0 or delete_time='')  
2020-05-09 18:05:04 [DEBUG] [root]show full columns from `heecms_message`
2020-05-09 18:05:04 [DEBUG] [root]select * from heecms_message where (`isread`=0 and `receiver_users_id`='1') and (delete_time IS NULL or delete_time <=0 or delete_time='')  order by create_time desc limit 0,5
2020-05-09 18:05:04 [DEBUG] [root]show full columns from `heecms_menus`
2020-05-09 18:05:04 [DEBUG] [root]自动加载类：heephp\cache\file
2020-05-09 18:05:04 [DEBUG] [root]自动加载类：heephp\cache\cacheInterface
2020-05-09 18:05:04 [DEBUG] [root]show full columns from `heecms_menus`
2020-05-09 18:05:04 [DEBUG] [root]select count(*) c from `heecms_category` where (parent_id<1 or parent_id IS NULL or parent_id='') and (delete_time IS NULL or delete_time <=0 or delete_time='')
2020-05-09 18:05:04 [DEBUG] [root]select * from heecms_category where (parent_id<1 or parent_id IS NULL or parent_id='') and (delete_time IS NULL or delete_time <=0 or delete_time='')  limit 0,5
2020-05-09 18:05:04 [DEBUG] [root]select * from heecms_category where (`parent_id`='1') and (delete_time IS NULL or delete_time <=0 or delete_time='')  order by parent_id asc 
2020-05-09 18:05:07 [DEBUG] [root]自动加载类：app\admin\controller\adminBase
2020-05-09 18:05:07 [DEBUG] [root]自动加载类：heephp\database\mysqli
2020-05-09 18:05:07 [DEBUG] [root]自动加载类：heephp\database\databaseInterface
2020-05-09 18:05:07 [DEBUG] [root]show full columns from `heecms_users_group`
2020-05-09 18:05:07 [DEBUG] [root]select name from heecms_users_group where (`users_group_id`=1) and (delete_time IS NULL or delete_time <=0 or delete_time='')  
2020-05-09 18:05:07 [DEBUG] [root]show full columns from `heecms_message`
2020-05-09 18:05:07 [DEBUG] [root]select * from heecms_message where (`isread`=0 and `receiver_users_id`='1') and (delete_time IS NULL or delete_time <=0 or delete_time='')  order by create_time desc limit 0,5
2020-05-09 18:05:07 [DEBUG] [root]show full columns from `heecms_menus`
2020-05-09 18:05:07 [DEBUG] [root]自动加载类：heephp\cache\file
2020-05-09 18:05:07 [DEBUG] [root]自动加载类：heephp\cache\cacheInterface
2020-05-09 18:05:07 [DEBUG] [root]show full columns from `heecms_menus`
2020-05-09 18:05:08 [DEBUG] [root]select * from heecms_category where (parent_id<1 or parent_id IS NULL or parent_id='') and (delete_time IS NULL or delete_time <=0 or delete_time='')  
2020-05-09 18:05:08 [DEBUG] [root]自动加载类：app\admin\model\sysmodel
2020-05-09 18:05:08 [DEBUG] [root]show full columns from `heecms_model`
2020-05-09 18:05:08 [DEBUG] [root]select * from heecms_model where (1=1) and (delete_time IS NULL or delete_time <=0 or delete_time='')  
2020-05-09 18:05:08 [DEBUG] [root]select * from heecms_category where (category_id = '2') and (delete_time IS NULL or delete_time <=0 or delete_time='')
2020-05-09 18:05:11 [DEBUG] [root]自动加载类：app\admin\controller\adminBase
2020-05-09 18:05:11 [DEBUG] [root]自动加载类：heephp\database\mysqli
2020-05-09 18:05:11 [DEBUG] [root]自动加载类：heephp\database\databaseInterface
2020-05-09 18:05:11 [DEBUG] [root]show full columns from `heecms_users_group`
2020-05-09 18:05:11 [DEBUG] [root]select name from heecms_users_group where (`users_group_id`=1) and (delete_time IS NULL or delete_time <=0 or delete_time='')  
2020-05-09 18:05:11 [DEBUG] [root]show full columns from `heecms_message`
2020-05-09 18:05:11 [DEBUG] [root]select * from heecms_message where (`isread`=0 and `receiver_users_id`='1') and (delete_time IS NULL or delete_time <=0 or delete_time='')  order by create_time desc limit 0,5
2020-05-09 18:05:11 [DEBUG] [root]show full columns from `heecms_menus`
2020-05-09 18:05:11 [DEBUG] [root]自动加载类：heephp\cache\file
2020-05-09 18:05:11 [DEBUG] [root]自动加载类：heephp\cache\cacheInterface
2020-05-09 18:05:11 [DEBUG] [root]show full columns from `heecms_menus`
2020-05-09 18:05:11 [DEBUG] [root]select * from heecms_config where 1=1  
2020-05-09 18:05:12 [DEBUG] [root]自动加载类：app\admin\controller\adminBase
2020-05-09 18:05:12 [DEBUG] [root]自动加载类：heephp\database\mysqli
2020-05-09 18:05:12 [DEBUG] [root]自动加载类：heephp\database\databaseInterface
2020-05-09 18:05:12 [DEBUG] [root]show full columns from `heecms_users_group`
2020-05-09 18:05:12 [DEBUG] [root]select name from heecms_users_group where (`users_group_id`=1) and (delete_time IS NULL or delete_time <=0 or delete_time='')  
2020-05-09 18:05:12 [DEBUG] [root]show full columns from `heecms_message`
2020-05-09 18:05:12 [DEBUG] [root]select * from heecms_message where (`isread`=0 and `receiver_users_id`='1') and (delete_time IS NULL or delete_time <=0 or delete_time='')  order by create_time desc limit 0,5
2020-05-09 18:05:12 [DEBUG] [root]show full columns from `heecms_menus`
2020-05-09 18:05:12 [DEBUG] [root]自动加载类：heephp\cache\file
2020-05-09 18:05:12 [DEBUG] [root]自动加载类：heephp\cache\cacheInterface
2020-05-09 18:05:12 [DEBUG] [root]show full columns from `heecms_menus`
2020-05-09 18:05:16 [DEBUG] [root]自动加载类：app\admin\controller\adminBase
2020-05-09 18:05:16 [DEBUG] [root]自动加载类：heephp\database\mysqli
2020-05-09 18:05:16 [DEBUG] [root]自动加载类：heephp\database\databaseInterface
2020-05-09 18:05:16 [DEBUG] [root]show full columns from `heecms_users_group`
2020-05-09 18:05:16 [DEBUG] [root]select name from heecms_users_group where (`users_group_id`=1) and (delete_time IS NULL or delete_time <=0 or delete_time='')  
2020-05-09 18:05:16 [DEBUG] [root]show full columns from `heecms_message`
2020-05-09 18:05:16 [DEBUG] [root]select * from heecms_message where (`isread`=0 and `receiver_users_id`='1') and (delete_time IS NULL or delete_time <=0 or delete_time='')  order by create_time desc limit 0,5
2020-05-09 18:05:16 [DEBUG] [root]show full columns from `heecms_menus`
2020-05-09 18:05:16 [DEBUG] [root]自动加载类：heephp\cache\file
2020-05-09 18:05:16 [DEBUG] [root]自动加载类：heephp\cache\cacheInterface
2020-05-09 18:05:16 [DEBUG] [root]show full columns from `heecms_menus`
2020-05-09 18:05:16 [DEBUG] [root]select * from heecms_category where (parent_id<1 or parent_id IS NULL or parent_id='') and (delete_time IS NULL or delete_time <=0 or delete_time='')  
2020-05-09 18:05:16 [DEBUG] [root]自动加载类：app\admin\model\sysmodel
2020-05-09 18:05:16 [DEBUG] [root]show full columns from `heecms_model`
2020-05-09 18:05:16 [DEBUG] [root]select * from heecms_model where (1=1) and (delete_time IS NULL or delete_time <=0 or delete_time='')  
2020-05-09 18:05:16 [DEBUG] [root]select * from heecms_category where (category_id = '2') and (delete_time IS NULL or delete_time <=0 or delete_time='')
2020-05-09 18:06:17 [DEBUG] [root]自动加载类：app\admin\controller\adminBase
2020-05-09 18:06:17 [DEBUG] [root]自动加载类：heephp\database\mysqli
2020-05-09 18:06:17 [DEBUG] [root]自动加载类：heephp\database\databaseInterface
2020-05-09 18:06:17 [DEBUG] [root]show full columns from `heecms_users_group`
2020-05-09 18:06:17 [DEBUG] [root]select name from heecms_users_group where (`users_group_id`=1) and (delete_time IS NULL or delete_time <=0 or delete_time='')  
2020-05-09 18:06:17 [DEBUG] [root]show full columns from `heecms_message`
2020-05-09 18:06:17 [DEBUG] [root]select * from heecms_message where (`isread`=0 and `receiver_users_id`='1') and (delete_time IS NULL or delete_time <=0 or delete_time='')  order by create_time desc limit 0,5
2020-05-09 18:06:17 [DEBUG] [root]show full columns from `heecms_menus`
2020-05-09 18:06:17 [DEBUG] [root]自动加载类：heephp\cache\file
2020-05-09 18:06:17 [DEBUG] [root]自动加载类：heephp\cache\cacheInterface
2020-05-09 18:06:17 [DEBUG] [root]show full columns from `heecms_menus`
2020-05-09 18:06:19 [DEBUG] [root]自动加载类：app\admin\controller\adminBase
2020-05-09 18:06:19 [DEBUG] [root]自动加载类：heephp\database\mysqli
2020-05-09 18:06:19 [DEBUG] [root]自动加载类：heephp\database\databaseInterface
2020-05-09 18:06:19 [DEBUG] [root]show full columns from `heecms_users_group`
2020-05-09 18:06:19 [DEBUG] [root]select name from heecms_users_group where (`users_group_id`=1) and (delete_time IS NULL or delete_time <=0 or delete_time='')  
2020-05-09 18:06:19 [DEBUG] [root]show full columns from `heecms_message`
2020-05-09 18:06:19 [DEBUG] [root]select * from heecms_message where (`isread`=0 and `receiver_users_id`='1') and (delete_time IS NULL or delete_time <=0 or delete_time='')  order by create_time desc limit 0,5
2020-05-09 18:06:19 [DEBUG] [root]show full columns from `heecms_menus`
2020-05-09 18:06:19 [DEBUG] [root]自动加载类：heephp\cache\file
2020-05-09 18:06:19 [DEBUG] [root]自动加载类：heephp\cache\cacheInterface
2020-05-09 18:06:19 [DEBUG] [root]show full columns from `heecms_menus`
2020-05-09 18:06:21 [DEBUG] [root]自动加载类：app\admin\controller\adminBase
2020-05-09 18:06:21 [DEBUG] [root]自动加载类：heephp\database\mysqli
2020-05-09 18:06:21 [DEBUG] [root]自动加载类：heephp\database\databaseInterface
2020-05-09 18:06:21 [DEBUG] [root]show full columns from `heecms_users_group`
2020-05-09 18:06:21 [DEBUG] [root]select name from heecms_users_group where (`users_group_id`=1) and (delete_time IS NULL or delete_time <=0 or delete_time='')  
2020-05-09 18:06:21 [DEBUG] [root]show full columns from `heecms_message`
2020-05-09 18:06:21 [DEBUG] [root]select * from heecms_message where (`isread`=0 and `receiver_users_id`='1') and (delete_time IS NULL or delete_time <=0 or delete_time='')  order by create_time desc limit 0,5
2020-05-09 18:06:21 [DEBUG] [root]show full columns from `heecms_menus`
2020-05-09 18:06:21 [DEBUG] [root]自动加载类：heephp\cache\file
2020-05-09 18:06:21 [DEBUG] [root]自动加载类：heephp\cache\cacheInterface
2020-05-09 18:06:21 [DEBUG] [root]show full columns from `heecms_menus`
2020-05-09 18:06:23 [DEBUG] [root]自动加载类：app\admin\controller\adminBase
2020-05-09 18:06:23 [DEBUG] [root]自动加载类：heephp\database\mysqli
2020-05-09 18:06:23 [DEBUG] [root]自动加载类：heephp\database\databaseInterface
2020-05-09 18:06:23 [DEBUG] [root]show full columns from `heecms_users_group`
2020-05-09 18:06:23 [DEBUG] [root]select name from heecms_users_group where (`users_group_id`=1) and (delete_time IS NULL or delete_time <=0 or delete_time='')  
2020-05-09 18:06:23 [DEBUG] [root]show full columns from `heecms_message`
2020-05-09 18:06:23 [DEBUG] [root]select * from heecms_message where (`isread`=0 and `receiver_users_id`='1') and (delete_time IS NULL or delete_time <=0 or delete_time='')  order by create_time desc limit 0,5
2020-05-09 18:06:23 [DEBUG] [root]show full columns from `heecms_menus`
2020-05-09 18:06:23 [DEBUG] [root]自动加载类：heephp\cache\file
2020-05-09 18:06:23 [DEBUG] [root]自动加载类：heephp\cache\cacheInterface
2020-05-09 18:06:23 [DEBUG] [root]show full columns from `heecms_menus`
2020-05-09 18:06:26 [DEBUG] [root]自动加载类：app\admin\controller\adminBase
2020-05-09 18:06:26 [DEBUG] [root]自动加载类：heephp\database\mysqli
2020-05-09 18:06:26 [DEBUG] [root]自动加载类：heephp\database\databaseInterface
2020-05-09 18:06:26 [DEBUG] [root]show full columns from `heecms_users_group`
2020-05-09 18:06:26 [DEBUG] [root]select name from heecms_users_group where (`users_group_id`=1) and (delete_time IS NULL or delete_time <=0 or delete_time='')  
2020-05-09 18:06:26 [DEBUG] [root]show full columns from `heecms_message`
2020-05-09 18:06:26 [DEBUG] [root]select * from heecms_message where (`isread`=0 and `receiver_users_id`='1') and (delete_time IS NULL or delete_time <=0 or delete_time='')  order by create_time desc limit 0,5
2020-05-09 18:06:26 [DEBUG] [root]show full columns from `heecms_menus`
2020-05-09 18:06:26 [DEBUG] [root]自动加载类：heephp\cache\file
2020-05-09 18:06:26 [DEBUG] [root]自动加载类：heephp\cache\cacheInterface
2020-05-09 18:06:26 [DEBUG] [root]show full columns from `heecms_menus`
2020-05-09 18:06:28 [DEBUG] [root]自动加载类：app\admin\controller\adminBase
2020-05-09 18:06:28 [DEBUG] [root]自动加载类：heephp\database\mysqli
2020-05-09 18:06:28 [DEBUG] [root]自动加载类：heephp\database\databaseInterface
2020-05-09 18:06:28 [DEBUG] [root]show full columns from `heecms_users_group`
2020-05-09 18:06:28 [DEBUG] [root]select name from heecms_users_group where (`users_group_id`=1) and (delete_time IS NULL or delete_time <=0 or delete_time='')  
2020-05-09 18:06:28 [DEBUG] [root]show full columns from `heecms_message`
2020-05-09 18:06:28 [DEBUG] [root]select * from heecms_message where (`isread`=0 and `receiver_users_id`='1') and (delete_time IS NULL or delete_time <=0 or delete_time='')  order by create_time desc limit 0,5
2020-05-09 18:06:28 [DEBUG] [root]show full columns from `heecms_menus`
2020-05-09 18:06:28 [DEBUG] [root]自动加载类：heephp\cache\file
2020-05-09 18:06:28 [DEBUG] [root]自动加载类：heephp\cache\cacheInterface
2020-05-09 18:06:28 [DEBUG] [root]show full columns from `heecms_menus`
2020-05-09 18:06:30 [DEBUG] [root]自动加载类：app\admin\controller\adminBase
2020-05-09 18:06:30 [DEBUG] [root]自动加载类：heephp\database\mysqli
2020-05-09 18:06:30 [DEBUG] [root]自动加载类：heephp\database\databaseInterface
2020-05-09 18:06:30 [DEBUG] [root]show full columns from `heecms_users_group`
2020-05-09 18:06:30 [DEBUG] [root]select name from heecms_users_group where (`users_group_id`=1) and (delete_time IS NULL or delete_time <=0 or delete_time='')  
2020-05-09 18:06:30 [DEBUG] [root]show full columns from `heecms_message`
2020-05-09 18:06:30 [DEBUG] [root]select * from heecms_message where (`isread`=0 and `receiver_users_id`='1') and (delete_time IS NULL or delete_time <=0 or delete_time='')  order by create_time desc limit 0,5
2020-05-09 18:06:30 [DEBUG] [root]show full columns from `heecms_menus`
2020-05-09 18:06:30 [DEBUG] [root]自动加载类：heephp\cache\file
2020-05-09 18:06:30 [DEBUG] [root]自动加载类：heephp\cache\cacheInterface
2020-05-09 18:06:30 [DEBUG] [root]show full columns from `heecms_menus`
2020-05-09 18:06:31 [DEBUG] [root]自动加载类：app\admin\controller\adminBase
2020-05-09 18:06:31 [DEBUG] [root]自动加载类：heephp\database\mysqli
2020-05-09 18:06:31 [DEBUG] [root]自动加载类：heephp\database\databaseInterface
2020-05-09 18:06:31 [DEBUG] [root]show full columns from `heecms_users_group`
2020-05-09 18:06:31 [DEBUG] [root]select name from heecms_users_group where (`users_group_id`=1) and (delete_time IS NULL or delete_time <=0 or delete_time='')  
2020-05-09 18:06:31 [DEBUG] [root]show full columns from `heecms_message`
2020-05-09 18:06:32 [DEBUG] [root]select * from heecms_message where (`isread`=0 and `receiver_users_id`='1') and (delete_time IS NULL or delete_time <=0 or delete_time='')  order by create_time desc limit 0,5
2020-05-09 18:06:32 [DEBUG] [root]show full columns from `heecms_menus`
2020-05-09 18:06:32 [DEBUG] [root]自动加载类：heephp\cache\file
2020-05-09 18:06:32 [DEBUG] [root]自动加载类：heephp\cache\cacheInterface
2020-05-09 18:06:32 [DEBUG] [root]show full columns from `heecms_menus`
2020-05-09 18:06:35 [DEBUG] [root]自动加载类：app\admin\controller\adminBase
2020-05-09 18:06:35 [DEBUG] [root]自动加载类：heephp\database\mysqli
2020-05-09 18:06:35 [DEBUG] [root]自动加载类：heephp\database\databaseInterface
2020-05-09 18:06:35 [DEBUG] [root]show full columns from `heecms_users_group`
2020-05-09 18:06:35 [DEBUG] [root]select name from heecms_users_group where (`users_group_id`=1) and (delete_time IS NULL or delete_time <=0 or delete_time='')  
2020-05-09 18:06:35 [DEBUG] [root]show full columns from `heecms_message`
2020-05-09 18:06:35 [DEBUG] [root]select * from heecms_message where (`isread`=0 and `receiver_users_id`='1') and (delete_time IS NULL or delete_time <=0 or delete_time='')  order by create_time desc limit 0,5
2020-05-09 18:06:35 [DEBUG] [root]show full columns from `heecms_menus`
2020-05-09 18:06:35 [DEBUG] [root]自动加载类：heephp\cache\file
2020-05-09 18:06:35 [DEBUG] [root]自动加载类：heephp\cache\cacheInterface
2020-05-09 18:06:35 [DEBUG] [root]show full columns from `heecms_menus`
2020-05-09 18:06:35 [DEBUG] [root]select * from heecms_category where `name`='测试子栏目' and `category_id`<>'2'
2020-05-09 18:06:35 [DEBUG] [root]show full columns from `heecms_category`
2020-05-09 18:06:35 [DEBUG] [root]update `heecms_category` set `parent_id`='1',`icon`='',`name`='测试子栏目',`keyword`='子栏目',`ord`='2',`remark`='',`model_id`='5',`template_list`='/index/index.php',`template_detail`='/index/index.php',`update_time`='1589018795' where `category_id` = '2' 
2020-05-09 18:06:36 [DEBUG] [root]自动加载类：app\admin\controller\adminBase
2020-05-09 18:06:36 [DEBUG] [root]自动加载类：heephp\database\mysqli
2020-05-09 18:06:36 [DEBUG] [root]自动加载类：heephp\database\databaseInterface
2020-05-09 18:06:36 [DEBUG] [root]show full columns from `heecms_users_group`
2020-05-09 18:06:36 [DEBUG] [root]select name from heecms_users_group where (`users_group_id`=1) and (delete_time IS NULL or delete_time <=0 or delete_time='')  
2020-05-09 18:06:36 [DEBUG] [root]show full columns from `heecms_message`
2020-05-09 18:06:36 [DEBUG] [root]select * from heecms_message where (`isread`=0 and `receiver_users_id`='1') and (delete_time IS NULL or delete_time <=0 or delete_time='')  order by create_time desc limit 0,5
2020-05-09 18:06:36 [DEBUG] [root]show full columns from `heecms_menus`
2020-05-09 18:06:36 [DEBUG] [root]自动加载类：heephp\cache\file
2020-05-09 18:06:36 [DEBUG] [root]自动加载类：heephp\cache\cacheInterface
2020-05-09 18:06:36 [DEBUG] [root]select * from heecms_menus where (parent_id=0 or parent_id IS NULL or parent_id='') and (delete_time IS NULL or delete_time <=0 or delete_time='')  order by ord asc 
2020-05-09 18:06:36 [DEBUG] [root]show full columns from `heecms_menus`
2020-05-09 18:06:36 [DEBUG] [root]select * from heecms_menus where (`parent_id`='8') and (delete_time IS NULL or delete_time <=0 or delete_time='')  order by ord asc 
2020-05-09 18:06:36 [DEBUG] [root]select * from heecms_users where (`users_id`='1') and (delete_time IS NULL or delete_time <=0 or delete_time='')
2020-05-09 18:06:36 [DEBUG] [root]select * from heecms_menus where (`parent_id`='10') and (delete_time IS NULL or delete_time <=0 or delete_time='')  order by ord asc 
2020-05-09 18:06:36 [DEBUG] [root]select * from heecms_menus where (`parent_id`='5') and (delete_time IS NULL or delete_time <=0 or delete_time='')  order by ord asc 
2020-05-09 18:06:36 [DEBUG] [root]select * from heecms_menus where (`parent_id`='15') and (delete_time IS NULL or delete_time <=0 or delete_time='')  order by ord asc 
2020-05-09 18:06:36 [DEBUG] [root]select * from heecms_menus where (`parent_id`='12') and (delete_time IS NULL or delete_time <=0 or delete_time='')  order by ord asc 
2020-05-09 18:06:36 [DEBUG] [root]select count(*) c from `heecms_category` where (parent_id<1 or parent_id IS NULL or parent_id='') and (delete_time IS NULL or delete_time <=0 or delete_time='')
2020-05-09 18:06:36 [DEBUG] [root]select * from heecms_category where (parent_id<1 or parent_id IS NULL or parent_id='') and (delete_time IS NULL or delete_time <=0 or delete_time='')  limit 0,5
2020-05-09 18:06:36 [DEBUG] [root]select * from heecms_category where (`parent_id`='1') and (delete_time IS NULL or delete_time <=0 or delete_time='')  order by parent_id asc 
2020-05-09 18:06:39 [DEBUG] [root]自动加载类：app\admin\controller\adminBase
2020-05-09 18:06:39 [DEBUG] [root]自动加载类：heephp\database\mysqli
2020-05-09 18:06:39 [DEBUG] [root]自动加载类：heephp\database\databaseInterface
2020-05-09 18:06:39 [DEBUG] [root]show full columns from `heecms_users_group`
2020-05-09 18:06:39 [DEBUG] [root]select name from heecms_users_group where (`users_group_id`=1) and (delete_time IS NULL or delete_time <=0 or delete_time='')  
2020-05-09 18:06:39 [DEBUG] [root]show full columns from `heecms_message`
2020-05-09 18:06:39 [DEBUG] [root]select * from heecms_message where (`isread`=0 and `receiver_users_id`='1') and (delete_time IS NULL or delete_time <=0 or delete_time='')  order by create_time desc limit 0,5
2020-05-09 18:06:39 [DEBUG] [root]show full columns from `heecms_menus`
2020-05-09 18:06:39 [DEBUG] [root]自动加载类：heephp\cache\file
2020-05-09 18:06:39 [DEBUG] [root]自动加载类：heephp\cache\cacheInterface
2020-05-09 18:06:39 [DEBUG] [root]show full columns from `heecms_menus`
2020-05-09 18:06:39 [DEBUG] [root]select * from heecms_category where (parent_id<1 or parent_id IS NULL or parent_id='') and (delete_time IS NULL or delete_time <=0 or delete_time='')  
2020-05-09 18:06:39 [DEBUG] [root]自动加载类：app\admin\model\sysmodel
2020-05-09 18:06:39 [DEBUG] [root]show full columns from `heecms_model`
2020-05-09 18:06:39 [DEBUG] [root]select * from heecms_model where (1=1) and (delete_time IS NULL or delete_time <=0 or delete_time='')  
2020-05-09 18:06:39 [DEBUG] [root]select * from heecms_category where (category_id = '1') and (delete_time IS NULL or delete_time <=0 or delete_time='')
2020-05-09 18:06:42 [DEBUG] [root]自动加载类：app\admin\controller\adminBase
2020-05-09 18:06:42 [DEBUG] [root]自动加载类：heephp\database\mysqli
2020-05-09 18:06:42 [DEBUG] [root]自动加载类：heephp\database\databaseInterface
2020-05-09 18:06:42 [DEBUG] [root]show full columns from `heecms_users_group`
2020-05-09 18:06:42 [DEBUG] [root]select name from heecms_users_group where (`users_group_id`=1) and (delete_time IS NULL or delete_time <=0 or delete_time='')  
2020-05-09 18:06:42 [DEBUG] [root]show full columns from `heecms_message`
2020-05-09 18:06:42 [DEBUG] [root]select * from heecms_message where (`isread`=0 and `receiver_users_id`='1') and (delete_time IS NULL or delete_time <=0 or delete_time='')  order by create_time desc limit 0,5
2020-05-09 18:06:42 [DEBUG] [root]show full columns from `heecms_menus`
2020-05-09 18:06:42 [DEBUG] [root]自动加载类：heephp\cache\file
2020-05-09 18:06:42 [DEBUG] [root]自动加载类：heephp\cache\cacheInterface
2020-05-09 18:06:42 [DEBUG] [root]show full columns from `heecms_menus`
2020-05-09 18:06:42 [DEBUG] [root]show full columns from `heecms_config`
2020-05-09 18:06:42 [DEBUG] [root]select * from heecms_config where 1=1  
2020-05-09 18:07:11 [DEBUG] [root]自动加载类：app\admin\controller\adminBase
2020-05-09 18:07:11 [DEBUG] [root]自动加载类：heephp\database\mysqli
2020-05-09 18:07:11 [DEBUG] [root]自动加载类：heephp\database\databaseInterface
2020-05-09 18:07:11 [DEBUG] [root]show full columns from `heecms_users_group`
2020-05-09 18:07:11 [DEBUG] [root]select name from heecms_users_group where (`users_group_id`=1) and (delete_time IS NULL or delete_time <=0 or delete_time='')  
2020-05-09 18:07:11 [DEBUG] [root]show full columns from `heecms_message`
2020-05-09 18:07:11 [DEBUG] [root]select * from heecms_message where (`isread`=0 and `receiver_users_id`='1') and (delete_time IS NULL or delete_time <=0 or delete_time='')  order by create_time desc limit 0,5
2020-05-09 18:07:11 [DEBUG] [root]show full columns from `heecms_menus`
2020-05-09 18:07:11 [DEBUG] [root]自动加载类：heephp\cache\file
2020-05-09 18:07:11 [DEBUG] [root]自动加载类：heephp\cache\cacheInterface
2020-05-09 18:07:11 [DEBUG] [root]show full columns from `heecms_menus`
2020-05-09 18:07:11 [DEBUG] [root]show full columns from `heecms_config`
2020-05-09 18:07:11 [DEBUG] [root]select * from heecms_config where 1=1  
2020-05-09 18:09:27 [DEBUG] [root]自动加载类：app\admin\controller\adminBase
2020-05-09 18:09:27 [DEBUG] [root]自动加载类：heephp\database\mysqli
2020-05-09 18:09:27 [DEBUG] [root]自动加载类：heephp\database\databaseInterface
2020-05-09 18:09:28 [DEBUG] [root]show full columns from `heecms_users_group`
2020-05-09 18:09:28 [DEBUG] [root]select name from heecms_users_group where (`users_group_id`=1) and (delete_time IS NULL or delete_time <=0 or delete_time='')  
2020-05-09 18:09:28 [DEBUG] [root]show full columns from `heecms_message`
2020-05-09 18:09:28 [DEBUG] [root]select * from heecms_message where (`isread`=0 and `receiver_users_id`='1') and (delete_time IS NULL or delete_time <=0 or delete_time='')  order by create_time desc limit 0,5
2020-05-09 18:09:28 [DEBUG] [root]show full columns from `heecms_menus`
2020-05-09 18:09:28 [DEBUG] [root]自动加载类：heephp\cache\file
2020-05-09 18:09:28 [DEBUG] [root]自动加载类：heephp\cache\cacheInterface
2020-05-09 18:09:28 [DEBUG] [root]show full columns from `heecms_menus`
2020-05-09 18:09:28 [DEBUG] [root]select count(*) c from `heecms_comment` where (1=1) and (delete_time IS NULL or delete_time <=0 or delete_time='')
2020-05-09 18:09:28 [DEBUG] [root]select * from heecms_comment where (1=1) and (delete_time IS NULL or delete_time <=0 or delete_time='')  limit 0,5
2020-05-09 18:09:30 [DEBUG] [root]自动加载类：app\admin\controller\adminBase
2020-05-09 18:09:30 [DEBUG] [root]自动加载类：heephp\database\mysqli
2020-05-09 18:09:30 [DEBUG] [root]自动加载类：heephp\database\databaseInterface
2020-05-09 18:09:30 [DEBUG] [root]show full columns from `heecms_users_group`
2020-05-09 18:09:30 [DEBUG] [root]select name from heecms_users_group where (`users_group_id`=1) and (delete_time IS NULL or delete_time <=0 or delete_time='')  
2020-05-09 18:09:30 [DEBUG] [root]show full columns from `heecms_message`
2020-05-09 18:09:30 [DEBUG] [root]select * from heecms_message where (`isread`=0 and `receiver_users_id`='1') and (delete_time IS NULL or delete_time <=0 or delete_time='')  order by create_time desc limit 0,5
2020-05-09 18:09:30 [DEBUG] [root]show full columns from `heecms_menus`
2020-05-09 18:09:30 [DEBUG] [root]自动加载类：heephp\cache\file
2020-05-09 18:09:30 [DEBUG] [root]自动加载类：heephp\cache\cacheInterface
2020-05-09 18:09:30 [DEBUG] [root]show full columns from `heecms_menus`
2020-05-09 18:09:30 [DEBUG] [root]select count(*) c from `heecms_guestbook` where 1=1
2020-05-09 18:09:30 [DEBUG] [root]select * from heecms_guestbook where 1=1  limit 0,5
2020-05-09 18:09:31 [DEBUG] [root]自动加载类：app\admin\controller\adminBase
2020-05-09 18:09:31 [DEBUG] [root]自动加载类：heephp\database\mysqli
2020-05-09 18:09:31 [DEBUG] [root]自动加载类：heephp\database\databaseInterface
2020-05-09 18:09:31 [DEBUG] [root]show full columns from `heecms_users_group`
2020-05-09 18:09:31 [DEBUG] [root]select name from heecms_users_group where (`users_group_id`=1) and (delete_time IS NULL or delete_time <=0 or delete_time='')  
2020-05-09 18:09:31 [DEBUG] [root]show full columns from `heecms_message`
2020-05-09 18:09:31 [DEBUG] [root]select * from heecms_message where (`isread`=0 and `receiver_users_id`='1') and (delete_time IS NULL or delete_time <=0 or delete_time='')  order by create_time desc limit 0,5
2020-05-09 18:09:31 [DEBUG] [root]show full columns from `heecms_menus`
2020-05-09 18:09:31 [DEBUG] [root]自动加载类：heephp\cache\file
2020-05-09 18:09:31 [DEBUG] [root]自动加载类：heephp\cache\cacheInterface
2020-05-09 18:09:31 [DEBUG] [root]show full columns from `heecms_menus`
2020-05-09 18:09:31 [DEBUG] [root]select count(*) c from `heecms_comment` where (1=1) and (delete_time IS NULL or delete_time <=0 or delete_time='')
2020-05-09 18:09:31 [DEBUG] [root]select * from heecms_comment where (1=1) and (delete_time IS NULL or delete_time <=0 or delete_time='')  limit 0,5
2020-05-09 18:09:33 [DEBUG] [root]自动加载类：app\admin\controller\adminBase
2020-05-09 18:09:33 [DEBUG] [root]自动加载类：heephp\database\mysqli
2020-05-09 18:09:33 [DEBUG] [root]自动加载类：heephp\database\databaseInterface
2020-05-09 18:09:33 [DEBUG] [root]show full columns from `heecms_users_group`
2020-05-09 18:09:33 [DEBUG] [root]select name from heecms_users_group where (`users_group_id`=1) and (delete_time IS NULL or delete_time <=0 or delete_time='')  
2020-05-09 18:09:33 [DEBUG] [root]show full columns from `heecms_message`
2020-05-09 18:09:33 [DEBUG] [root]select * from heecms_message where (`isread`=0 and `receiver_users_id`='1') and (delete_time IS NULL or delete_time <=0 or delete_time='')  order by create_time desc limit 0,5
2020-05-09 18:09:33 [DEBUG] [root]show full columns from `heecms_menus`
2020-05-09 18:09:33 [DEBUG] [root]自动加载类：heephp\cache\file
2020-05-09 18:09:33 [DEBUG] [root]自动加载类：heephp\cache\cacheInterface
2020-05-09 18:09:33 [DEBUG] [root]show full columns from `heecms_menus`
2020-05-09 18:09:34 [DEBUG] [root]select count(*) c from `heecms_category` where (parent_id<1 or parent_id IS NULL or parent_id='') and (delete_time IS NULL or delete_time <=0 or delete_time='')
2020-05-09 18:09:34 [DEBUG] [root]select * from heecms_category where (parent_id<1 or parent_id IS NULL or parent_id='') and (delete_time IS NULL or delete_time <=0 or delete_time='')  limit 0,5
2020-05-09 18:09:34 [DEBUG] [root]select * from heecms_category where (`parent_id`='1') and (delete_time IS NULL or delete_time <=0 or delete_time='')  order by parent_id asc 
2020-05-09 18:09:39 [DEBUG] [root]自动加载类：app\admin\controller\adminBase
2020-05-09 18:09:39 [DEBUG] [root]自动加载类：heephp\database\mysqli
2020-05-09 18:09:39 [DEBUG] [root]自动加载类：heephp\database\databaseInterface
2020-05-09 18:09:39 [DEBUG] [root]show full columns from `heecms_users_group`
2020-05-09 18:09:39 [DEBUG] [root]select name from heecms_users_group where (`users_group_id`=1) and (delete_time IS NULL or delete_time <=0 or delete_time='')  
2020-05-09 18:09:39 [DEBUG] [root]show full columns from `heecms_message`
2020-05-09 18:09:39 [DEBUG] [root]select * from heecms_message where (`isread`=0 and `receiver_users_id`='1') and (delete_time IS NULL or delete_time <=0 or delete_time='')  order by create_time desc limit 0,5
2020-05-09 18:09:39 [DEBUG] [root]show full columns from `heecms_menus`
2020-05-09 18:09:39 [DEBUG] [root]自动加载类：heephp\cache\file
2020-05-09 18:09:39 [DEBUG] [root]自动加载类：heephp\cache\cacheInterface
2020-05-09 18:09:39 [DEBUG] [root]show full columns from `heecms_menus`
2020-05-09 18:09:39 [DEBUG] [root]select count(*) c from `heecms_category` where (parent_id<1 or parent_id IS NULL or parent_id='') and (delete_time IS NULL or delete_time <=0 or delete_time='')
2020-05-09 18:09:39 [DEBUG] [root]select * from heecms_category where (parent_id<1 or parent_id IS NULL or parent_id='') and (delete_time IS NULL or delete_time <=0 or delete_time='')  limit 0,5
2020-05-09 18:09:39 [DEBUG] [root]select * from heecms_category where (`parent_id`='1') and (delete_time IS NULL or delete_time <=0 or delete_time='')  order by parent_id asc 
2020-05-09 18:09:41 [DEBUG] [root]自动加载类：app\admin\controller\adminBase
2020-05-09 18:09:41 [DEBUG] [root]自动加载类：heephp\database\mysqli
2020-05-09 18:09:41 [DEBUG] [root]自动加载类：heephp\database\databaseInterface
2020-05-09 18:09:41 [DEBUG] [root]show full columns from `heecms_users_group`
2020-05-09 18:09:41 [DEBUG] [root]select name from heecms_users_group where (`users_group_id`=1) and (delete_time IS NULL or delete_time <=0 or delete_time='')  
2020-05-09 18:09:41 [DEBUG] [root]show full columns from `heecms_message`
2020-05-09 18:09:41 [DEBUG] [root]select * from heecms_message where (`isread`=0 and `receiver_users_id`='1') and (delete_time IS NULL or delete_time <=0 or delete_time='')  order by create_time desc limit 0,5
2020-05-09 18:09:41 [DEBUG] [root]show full columns from `heecms_menus`
2020-05-09 18:09:41 [DEBUG] [root]自动加载类：heephp\cache\file
2020-05-09 18:09:41 [DEBUG] [root]自动加载类：heephp\cache\cacheInterface
2020-05-09 18:09:41 [DEBUG] [root]show full columns from `heecms_menus`
2020-05-09 18:09:41 [DEBUG] [root]show full columns from `heecms_config`
2020-05-09 18:09:41 [DEBUG] [root]select * from heecms_config where 1=1  
2020-05-09 18:14:23 [DEBUG] [root]自动加载类：app\admin\controller\adminBase
2020-05-09 18:14:23 [DEBUG] [root]自动加载类：heephp\database\mysqli
2020-05-09 18:14:23 [DEBUG] [root]自动加载类：heephp\database\databaseInterface
2020-05-09 18:14:23 [DEBUG] [root]show full columns from `heecms_users_group`
2020-05-09 18:14:23 [DEBUG] [root]select name from heecms_users_group where (`users_group_id`=1) and (delete_time IS NULL or delete_time <=0 or delete_time='')  
2020-05-09 18:14:23 [DEBUG] [root]show full columns from `heecms_message`
2020-05-09 18:14:23 [DEBUG] [root]select * from heecms_message where (`isread`=0 and `receiver_users_id`='1') and (delete_time IS NULL or delete_time <=0 or delete_time='')  order by create_time desc limit 0,5
2020-05-09 18:14:23 [DEBUG] [root]show full columns from `heecms_menus`
2020-05-09 18:14:23 [DEBUG] [root]自动加载类：heephp\cache\file
2020-05-09 18:14:23 [DEBUG] [root]自动加载类：heephp\cache\cacheInterface
2020-05-09 18:14:23 [DEBUG] [root]show full columns from `heecms_menus`
2020-05-09 18:14:25 [DEBUG] [root]自动加载类：app\admin\controller\adminBase
2020-05-09 18:14:25 [DEBUG] [root]自动加载类：heephp\database\mysqli
2020-05-09 18:14:25 [DEBUG] [root]自动加载类：heephp\database\databaseInterface
2020-05-09 18:14:25 [DEBUG] [root]show full columns from `heecms_users_group`
2020-05-09 18:14:25 [DEBUG] [root]select name from heecms_users_group where (`users_group_id`=1) and (delete_time IS NULL or delete_time <=0 or delete_time='')  
2020-05-09 18:14:25 [DEBUG] [root]show full columns from `heecms_message`
2020-05-09 18:14:25 [DEBUG] [root]select * from heecms_message where (`isread`=0 and `receiver_users_id`='1') and (delete_time IS NULL or delete_time <=0 or delete_time='')  order by create_time desc limit 0,5
2020-05-09 18:14:25 [DEBUG] [root]show full columns from `heecms_menus`
2020-05-09 18:14:25 [DEBUG] [root]自动加载类：heephp\cache\file
2020-05-09 18:14:25 [DEBUG] [root]自动加载类：heephp\cache\cacheInterface
2020-05-09 18:14:25 [DEBUG] [root]select * from heecms_menus where (parent_id=0 or parent_id IS NULL or parent_id='') and (delete_time IS NULL or delete_time <=0 or delete_time='')  order by ord asc 
2020-05-09 18:14:25 [DEBUG] [root]show full columns from `heecms_menus`
2020-05-09 18:14:25 [DEBUG] [root]select * from heecms_menus where (`parent_id`='8') and (delete_time IS NULL or delete_time <=0 or delete_time='')  order by ord asc 
2020-05-09 18:14:25 [DEBUG] [root]select * from heecms_users where (`users_id`='1') and (delete_time IS NULL or delete_time <=0 or delete_time='')
2020-05-09 18:14:25 [DEBUG] [root]select * from heecms_menus where (`parent_id`='10') and (delete_time IS NULL or delete_time <=0 or delete_time='')  order by ord asc 
2020-05-09 18:14:25 [DEBUG] [root]select * from heecms_menus where (`parent_id`='5') and (delete_time IS NULL or delete_time <=0 or delete_time='')  order by ord asc 
2020-05-09 18:14:25 [DEBUG] [root]select * from heecms_menus where (`parent_id`='15') and (delete_time IS NULL or delete_time <=0 or delete_time='')  order by ord asc 
2020-05-09 18:14:25 [DEBUG] [root]select * from heecms_menus where (`parent_id`='12') and (delete_time IS NULL or delete_time <=0 or delete_time='')  order by ord asc 
2020-05-09 18:14:29 [DEBUG] [root]自动加载类：app\admin\controller\adminBase
2020-05-09 18:14:29 [DEBUG] [root]自动加载类：heephp\database\mysqli
2020-05-09 18:14:29 [DEBUG] [root]自动加载类：heephp\database\databaseInterface
2020-05-09 18:14:30 [DEBUG] [root]show full columns from `heecms_users_group`
2020-05-09 18:14:30 [DEBUG] [root]select name from heecms_users_group where (`users_group_id`=1) and (delete_time IS NULL or delete_time <=0 or delete_time='')  
2020-05-09 18:14:30 [DEBUG] [root]show full columns from `heecms_message`
2020-05-09 18:14:30 [DEBUG] [root]select * from heecms_message where (`isread`=0 and `receiver_users_id`='1') and (delete_time IS NULL or delete_time <=0 or delete_time='')  order by create_time desc limit 0,5
2020-05-09 18:14:30 [DEBUG] [root]show full columns from `heecms_menus`
2020-05-09 18:14:30 [DEBUG] [root]自动加载类：heephp\cache\file
2020-05-09 18:14:30 [DEBUG] [root]自动加载类：heephp\cache\cacheInterface
2020-05-09 18:14:30 [DEBUG] [root]show full columns from `heecms_menus`
2020-05-09 18:14:30 [DEBUG] [root]select count(*) c from `heecms_category` where (parent_id<1 or parent_id IS NULL or parent_id='') and (delete_time IS NULL or delete_time <=0 or delete_time='')
2020-05-09 18:14:30 [DEBUG] [root]select * from heecms_category where (parent_id<1 or parent_id IS NULL or parent_id='') and (delete_time IS NULL or delete_time <=0 or delete_time='')  limit 0,5
2020-05-09 18:14:30 [DEBUG] [root]select * from heecms_category where (`parent_id`='1') and (delete_time IS NULL or delete_time <=0 or delete_time='')  order by parent_id asc 
2020-05-09 18:14:34 [DEBUG] [root]自动加载类：app\admin\controller\adminBase
2020-05-09 18:14:34 [DEBUG] [root]自动加载类：heephp\database\mysqli
2020-05-09 18:14:34 [DEBUG] [root]自动加载类：heephp\database\databaseInterface
2020-05-09 18:14:34 [DEBUG] [root]show full columns from `heecms_users_group`
2020-05-09 18:14:34 [DEBUG] [root]select name from heecms_users_group where (`users_group_id`=1) and (delete_time IS NULL or delete_time <=0 or delete_time='')  
2020-05-09 18:14:34 [DEBUG] [root]show full columns from `heecms_message`
2020-05-09 18:14:34 [DEBUG] [root]select * from heecms_message where (`isread`=0 and `receiver_users_id`='1') and (delete_time IS NULL or delete_time <=0 or delete_time='')  order by create_time desc limit 0,5
2020-05-09 18:14:34 [DEBUG] [root]show full columns from `heecms_menus`
2020-05-09 18:14:34 [DEBUG] [root]自动加载类：heephp\cache\file
2020-05-09 18:14:34 [DEBUG] [root]自动加载类：heephp\cache\cacheInterface
2020-05-09 18:14:34 [DEBUG] [root]show full columns from `heecms_menus`
2020-05-09 18:14:35 [DEBUG] [root]自动加载类：app\admin\controller\adminBase
2020-05-09 18:14:35 [DEBUG] [root]自动加载类：heephp\database\mysqli
2020-05-09 18:14:35 [DEBUG] [root]自动加载类：heephp\database\databaseInterface
2020-05-09 18:14:35 [DEBUG] [root]show full columns from `heecms_users_group`
2020-05-09 18:14:35 [DEBUG] [root]select name from heecms_users_group where (`users_group_id`=1) and (delete_time IS NULL or delete_time <=0 or delete_time='')  
2020-05-09 18:14:35 [DEBUG] [root]show full columns from `heecms_message`
2020-05-09 18:14:35 [DEBUG] [root]select * from heecms_message where (`isread`=0 and `receiver_users_id`='1') and (delete_time IS NULL or delete_time <=0 or delete_time='')  order by create_time desc limit 0,5
2020-05-09 18:14:35 [DEBUG] [root]show full columns from `heecms_menus`
2020-05-09 18:14:35 [DEBUG] [root]自动加载类：heephp\cache\file
2020-05-09 18:14:35 [DEBUG] [root]自动加载类：heephp\cache\cacheInterface
2020-05-09 18:14:35 [DEBUG] [root]select * from heecms_menus where (parent_id=0 or parent_id IS NULL or parent_id='') and (delete_time IS NULL or delete_time <=0 or delete_time='')  order by ord asc 
2020-05-09 18:14:35 [DEBUG] [root]show full columns from `heecms_menus`
2020-05-09 18:14:35 [DEBUG] [root]select * from heecms_menus where (`parent_id`='8') and (delete_time IS NULL or delete_time <=0 or delete_time='')  order by ord asc 
2020-05-09 18:14:35 [DEBUG] [root]select * from heecms_users where (`users_id`='1') and (delete_time IS NULL or delete_time <=0 or delete_time='')
2020-05-09 18:14:35 [DEBUG] [root]select * from heecms_menus where (`parent_id`='10') and (delete_time IS NULL or delete_time <=0 or delete_time='')  order by ord asc 
2020-05-09 18:14:35 [DEBUG] [root]select * from heecms_menus where (`parent_id`='5') and (delete_time IS NULL or delete_time <=0 or delete_time='')  order by ord asc 
2020-05-09 18:14:35 [DEBUG] [root]select * from heecms_menus where (`parent_id`='15') and (delete_time IS NULL or delete_time <=0 or delete_time='')  order by ord asc 
2020-05-09 18:14:35 [DEBUG] [root]select * from heecms_menus where (`parent_id`='12') and (delete_time IS NULL or delete_time <=0 or delete_time='')  order by ord asc 
2020-05-09 18:14:37 [DEBUG] [root]自动加载类：app\admin\controller\adminBase
2020-05-09 18:14:37 [DEBUG] [root]自动加载类：heephp\database\mysqli
2020-05-09 18:14:37 [DEBUG] [root]自动加载类：heephp\database\databaseInterface
2020-05-09 18:14:37 [DEBUG] [root]show full columns from `heecms_users_group`
2020-05-09 18:14:37 [DEBUG] [root]select name from heecms_users_group where (`users_group_id`=1) and (delete_time IS NULL or delete_time <=0 or delete_time='')  
2020-05-09 18:14:37 [DEBUG] [root]show full columns from `heecms_message`
2020-05-09 18:14:37 [DEBUG] [root]select * from heecms_message where (`isread`=0 and `receiver_users_id`='1') and (delete_time IS NULL or delete_time <=0 or delete_time='')  order by create_time desc limit 0,5
2020-05-09 18:14:37 [DEBUG] [root]show full columns from `heecms_menus`
2020-05-09 18:14:37 [DEBUG] [root]自动加载类：heephp\cache\file
2020-05-09 18:14:37 [DEBUG] [root]自动加载类：heephp\cache\cacheInterface
2020-05-09 18:14:37 [DEBUG] [root]show full columns from `heecms_menus`
2020-05-09 18:14:37 [DEBUG] [root]select count(*) c from `heecms_category` where (parent_id<1 or parent_id IS NULL or parent_id='') and (delete_time IS NULL or delete_time <=0 or delete_time='')
2020-05-09 18:14:37 [DEBUG] [root]select * from heecms_category where (parent_id<1 or parent_id IS NULL or parent_id='') and (delete_time IS NULL or delete_time <=0 or delete_time='')  limit 0,5
2020-05-09 18:14:37 [DEBUG] [root]select * from heecms_category where (`parent_id`='1') and (delete_time IS NULL or delete_time <=0 or delete_time='')  order by parent_id asc 
2020-05-09 18:14:40 [DEBUG] [root]自动加载类：app\admin\controller\adminBase
2020-05-09 18:14:40 [DEBUG] [root]自动加载类：heephp\database\mysqli
2020-05-09 18:14:40 [DEBUG] [root]自动加载类：heephp\database\databaseInterface
2020-05-09 18:14:40 [DEBUG] [root]show full columns from `heecms_users_group`
2020-05-09 18:14:40 [DEBUG] [root]select name from heecms_users_group where (`users_group_id`=1) and (delete_time IS NULL or delete_time <=0 or delete_time='')  
2020-05-09 18:14:40 [DEBUG] [root]show full columns from `heecms_message`
2020-05-09 18:14:40 [DEBUG] [root]select * from heecms_message where (`isread`=0 and `receiver_users_id`='1') and (delete_time IS NULL or delete_time <=0 or delete_time='')  order by create_time desc limit 0,5
2020-05-09 18:14:40 [DEBUG] [root]show full columns from `heecms_menus`
2020-05-09 18:14:40 [DEBUG] [root]自动加载类：heephp\cache\file
2020-05-09 18:14:40 [DEBUG] [root]自动加载类：heephp\cache\cacheInterface
2020-05-09 18:14:40 [DEBUG] [root]show full columns from `heecms_menus`
2020-05-09 18:14:40 [DEBUG] [root]show full columns from `heecms_config`
2020-05-09 18:14:40 [DEBUG] [root]select * from heecms_config where 1=1  
2020-05-09 18:15:59 [DEBUG] [root]自动加载类：app\admin\controller\adminBase
2020-05-09 18:15:59 [DEBUG] [root]自动加载类：heephp\database\mysqli
2020-05-09 18:15:59 [DEBUG] [root]自动加载类：heephp\database\databaseInterface
2020-05-09 18:15:59 [DEBUG] [root]show full columns from `heecms_users_group`
2020-05-09 18:15:59 [DEBUG] [root]select name from heecms_users_group where (`users_group_id`=1) and (delete_time IS NULL or delete_time <=0 or delete_time='')  
2020-05-09 18:15:59 [DEBUG] [root]show full columns from `heecms_message`
2020-05-09 18:15:59 [DEBUG] [root]select * from heecms_message where (`isread`=0 and `receiver_users_id`='1') and (delete_time IS NULL or delete_time <=0 or delete_time='')  order by create_time desc limit 0,5
2020-05-09 18:15:59 [DEBUG] [root]show full columns from `heecms_menus`
2020-05-09 18:15:59 [DEBUG] [root]自动加载类：heephp\cache\file
2020-05-09 18:15:59 [DEBUG] [root]自动加载类：heephp\cache\cacheInterface
2020-05-09 18:15:59 [DEBUG] [root]show full columns from `heecms_menus`
2020-05-09 18:15:59 [DEBUG] [root]show full columns from `heecms_menus`
2020-05-09 18:15:59 [DEBUG] [root]select count(*) c from `heecms_menus` where (parent_id<1 or parent_id IS NULL or parent_id='') and (delete_time IS NULL or delete_time <=0 or delete_time='')
2020-05-09 18:15:59 [DEBUG] [root]select * from heecms_menus where (parent_id<1 or parent_id IS NULL or parent_id='') and (delete_time IS NULL or delete_time <=0 or delete_time='')  limit 0,5
2020-05-09 18:15:59 [DEBUG] [root]show full columns from `heecms_menus`
2020-05-09 18:16:02 [DEBUG] [root]自动加载类：app\admin\controller\adminBase
2020-05-09 18:16:02 [DEBUG] [root]自动加载类：heephp\database\mysqli
2020-05-09 18:16:02 [DEBUG] [root]自动加载类：heephp\database\databaseInterface
2020-05-09 18:16:02 [DEBUG] [root]show full columns from `heecms_users_group`
2020-05-09 18:16:02 [DEBUG] [root]select name from heecms_users_group where (`users_group_id`=1) and (delete_time IS NULL or delete_time <=0 or delete_time='')  
2020-05-09 18:16:02 [DEBUG] [root]show full columns from `heecms_message`
2020-05-09 18:16:02 [DEBUG] [root]select * from heecms_message where (`isread`=0 and `receiver_users_id`='1') and (delete_time IS NULL or delete_time <=0 or delete_time='')  order by create_time desc limit 0,5
2020-05-09 18:16:02 [DEBUG] [root]show full columns from `heecms_menus`
2020-05-09 18:16:02 [DEBUG] [root]自动加载类：heephp\cache\file
2020-05-09 18:16:02 [DEBUG] [root]自动加载类：heephp\cache\cacheInterface
2020-05-09 18:16:02 [DEBUG] [root]show full columns from `heecms_menus`
2020-05-09 18:16:02 [DEBUG] [root]show full columns from `heecms_menus`
2020-05-09 18:16:02 [DEBUG] [root]select * from heecms_menus where (parent_id<1 or parent_id IS NULL or parent_id='') and (delete_time IS NULL or delete_time <=0 or delete_time='')  
2020-05-09 18:16:02 [DEBUG] [root]select * from heecms_menus where (menus_id = '12') and (delete_time IS NULL or delete_time <=0 or delete_time='')
2020-05-09 18:17:58 [DEBUG] [root]自动加载类：app\admin\controller\adminBase
2020-05-09 18:17:58 [DEBUG] [root]自动加载类：heephp\database\mysqli
2020-05-09 18:17:58 [DEBUG] [root]自动加载类：heephp\database\databaseInterface
2020-05-09 18:17:58 [DEBUG] [root]show full columns from `heecms_users_group`
2020-05-09 18:17:58 [DEBUG] [root]select name from heecms_users_group where (`users_group_id`=1) and (delete_time IS NULL or delete_time <=0 or delete_time='')  
2020-05-09 18:17:58 [DEBUG] [root]show full columns from `heecms_message`
2020-05-09 18:17:58 [DEBUG] [root]select * from heecms_message where (`isread`=0 and `receiver_users_id`='1') and (delete_time IS NULL or delete_time <=0 or delete_time='')  order by create_time desc limit 0,5
2020-05-09 18:17:58 [DEBUG] [root]show full columns from `heecms_menus`
2020-05-09 18:17:58 [DEBUG] [root]自动加载类：heephp\cache\file
2020-05-09 18:17:58 [DEBUG] [root]自动加载类：heephp\cache\cacheInterface
2020-05-09 18:17:58 [DEBUG] [root]show full columns from `heecms_menus`
2020-05-09 18:17:58 [DEBUG] [root]show full columns from `heecms_config`
2020-05-09 18:17:58 [DEBUG] [root]select * from heecms_config where 1=1  
2020-05-09 18:24:31 [DEBUG] [root]自动加载类：app\admin\controller\adminBase
2020-05-09 18:24:31 [DEBUG] [root]自动加载类：heephp\database\mysqli
2020-05-09 18:24:31 [DEBUG] [root]自动加载类：heephp\database\databaseInterface
2020-05-09 18:24:31 [DEBUG] [root]show full columns from `heecms_users_group`
2020-05-09 18:24:31 [DEBUG] [root]select name from heecms_users_group where (`users_group_id`=1) and (delete_time IS NULL or delete_time <=0 or delete_time='')  
2020-05-09 18:24:31 [DEBUG] [root]show full columns from `heecms_message`
2020-05-09 18:24:31 [DEBUG] [root]select * from heecms_message where (`isread`=0 and `receiver_users_id`='1') and (delete_time IS NULL or delete_time <=0 or delete_time='')  order by create_time desc limit 0,5
2020-05-09 18:24:31 [DEBUG] [root]show full columns from `heecms_menus`
2020-05-09 18:24:31 [DEBUG] [root]自动加载类：heephp\cache\file
2020-05-09 18:24:31 [DEBUG] [root]自动加载类：heephp\cache\cacheInterface
2020-05-09 18:24:31 [DEBUG] [root]show full columns from `heecms_menus`
2020-05-09 18:24:31 [DEBUG] [root]show full columns from `heecms_config`
2020-05-09 18:24:31 [DEBUG] [root]select * from heecms_config where 1=1  
2020-05-09 18:33:30 [DEBUG] [root]自动加载类：app\admin\controller\adminBase
2020-05-09 18:33:30 [DEBUG] [root]自动加载类：heephp\database\mysqli
2020-05-09 18:33:30 [DEBUG] [root]自动加载类：heephp\database\databaseInterface
2020-05-09 18:33:30 [DEBUG] [root]show full columns from `heecms_users_group`
2020-05-09 18:33:30 [DEBUG] [root]select name from heecms_users_group where (`users_group_id`=1) and (delete_time IS NULL or delete_time <=0 or delete_time='')  
2020-05-09 18:33:30 [DEBUG] [root]show full columns from `heecms_message`
2020-05-09 18:33:30 [DEBUG] [root]select * from heecms_message where (`isread`=0 and `receiver_users_id`='1') and (delete_time IS NULL or delete_time <=0 or delete_time='')  order by create_time desc limit 0,5
2020-05-09 18:33:30 [DEBUG] [root]show full columns from `heecms_menus`
2020-05-09 18:33:30 [DEBUG] [root]自动加载类：heephp\cache\file
2020-05-09 18:33:30 [DEBUG] [root]自动加载类：heephp\cache\cacheInterface
2020-05-09 18:33:30 [DEBUG] [root]show full columns from `heecms_menus`
2020-05-09 18:33:30 [DEBUG] [root]show full columns from `heecms_config`
2020-05-09 18:33:30 [DEBUG] [root]select * from heecms_config where 1=1  
