2020-05-16 07:14:23 [DEBUG] [root]自动加载类：app\admin\controller\adminBase
2020-05-16 07:14:23 [DEBUG] [root]自动加载类：app\admin\model\users_group
2020-05-16 07:14:23 [DEBUG] [root]自动加载类：heephp\model
2020-05-16 07:14:23 [DEBUG] [root]自动加载类：heephp\orm\orm
2020-05-16 07:14:23 [DEBUG] [root]自动加载类：heephp\database\mysqli
2020-05-16 07:14:23 [DEBUG] [root]自动加载类：heephp\database\databaseInterface
2020-05-16 07:14:23 [DEBUG] [root]show full columns from `heecms_users_group`
2020-05-16 07:14:23 [DEBUG] [root]select * from heecms_users_group   where ((`users_group_id`=1)) and (`heecms_users_group`.delete_time IS NULL or `heecms_users_group`.delete_time <=0 or `heecms_users_group`.delete_time='')    
2020-05-16 07:14:23 [DEBUG] [root]自动加载类：app\admin\model\message
2020-05-16 07:14:23 [DEBUG] [root]show full columns from `heecms_message`
2020-05-16 07:14:23 [DEBUG] [root]select * from heecms_message   where ((`isread`=0 and `receiver_users_id`='1')) and (`heecms_message`.delete_time IS NULL or `heecms_message`.delete_time <=0 or `heecms_message`.delete_time='')  order by create_time desc  limit 5
2020-05-16 07:14:23 [DEBUG] [root]自动加载类：app\admin\model\menus
2020-05-16 07:14:23 [DEBUG] [root]show full columns from `heecms_menus`
2020-05-16 07:14:23 [DEBUG] [root]自动加载类：heephp\cache\file
2020-05-16 07:14:23 [DEBUG] [root]自动加载类：heephp\cache\cacheInterface
2020-05-16 07:14:23 [DEBUG] [root]select * from heecms_menus   where ( `parent_id` IS NULL or `parent_id`='' or `parent_id`=0 ) and (`heecms_menus`.delete_time IS NULL or `heecms_menus`.delete_time <=0 or `heecms_menus`.delete_time='')  order by ord asc  
2020-05-16 07:14:24 [DEBUG] [root]show full columns from `heecms_menus`
2020-05-16 07:14:24 [DEBUG] [root]select * from heecms_menus   where ((`parent_id`='8')) and (`heecms_menus`.delete_time IS NULL or `heecms_menus`.delete_time <=0 or `heecms_menus`.delete_time='')  order by ord asc  
2020-05-16 07:14:24 [DEBUG] [root]自动加载类：app\admin\model\users
2020-05-16 07:14:24 [DEBUG] [root]select * from heecms_users   where ((`users_id`='1')) and (`heecms_users`.delete_time IS NULL or `heecms_users`.delete_time <=0 or `heecms_users`.delete_time='')    
2020-05-16 07:14:24 [DEBUG] [root]select * from heecms_menus   where ((`parent_id`='10')) and (`heecms_menus`.delete_time IS NULL or `heecms_menus`.delete_time <=0 or `heecms_menus`.delete_time='')  order by ord asc  
2020-05-16 07:14:24 [DEBUG] [root]select * from heecms_menus   where ((`parent_id`='5')) and (`heecms_menus`.delete_time IS NULL or `heecms_menus`.delete_time <=0 or `heecms_menus`.delete_time='')  order by ord asc  
2020-05-16 07:14:24 [DEBUG] [root]select * from heecms_menus   where ((`parent_id`='15')) and (`heecms_menus`.delete_time IS NULL or `heecms_menus`.delete_time <=0 or `heecms_menus`.delete_time='')  order by ord asc  
2020-05-16 07:14:24 [DEBUG] [root]select * from heecms_menus   where ((`parent_id`='12')) and (`heecms_menus`.delete_time IS NULL or `heecms_menus`.delete_time <=0 or `heecms_menus`.delete_time='')  order by ord asc  
2020-05-16 07:14:24 [DEBUG] [root]select * from heecms_config where 1=1  
2020-05-16 07:14:38 [DEBUG] [root]自动加载类：app\admin\controller\adminBase
2020-05-16 07:14:38 [DEBUG] [root]自动加载类：app\admin\model\users_group
2020-05-16 07:14:38 [DEBUG] [root]自动加载类：heephp\model
2020-05-16 07:14:38 [DEBUG] [root]自动加载类：heephp\orm\orm
2020-05-16 07:14:38 [DEBUG] [root]自动加载类：heephp\database\mysqli
2020-05-16 07:14:38 [DEBUG] [root]自动加载类：heephp\database\databaseInterface
2020-05-16 07:14:38 [DEBUG] [root]show full columns from `heecms_users_group`
2020-05-16 07:14:38 [DEBUG] [root]select * from heecms_users_group   where ((`users_group_id`=1)) and (`heecms_users_group`.delete_time IS NULL or `heecms_users_group`.delete_time <=0 or `heecms_users_group`.delete_time='')    
2020-05-16 07:14:38 [DEBUG] [root]自动加载类：app\admin\model\message
2020-05-16 07:14:38 [DEBUG] [root]show full columns from `heecms_message`
2020-05-16 07:14:38 [DEBUG] [root]select * from heecms_message   where ((`isread`=0 and `receiver_users_id`='1')) and (`heecms_message`.delete_time IS NULL or `heecms_message`.delete_time <=0 or `heecms_message`.delete_time='')  order by create_time desc  limit 5
2020-05-16 07:14:38 [DEBUG] [root]自动加载类：app\admin\model\menus
2020-05-16 07:14:38 [DEBUG] [root]show full columns from `heecms_menus`
2020-05-16 07:14:38 [DEBUG] [root]自动加载类：heephp\cache\file
2020-05-16 07:14:38 [DEBUG] [root]自动加载类：heephp\cache\cacheInterface
2020-05-16 07:14:38 [DEBUG] [root]show full columns from `heecms_menus`
2020-05-16 07:14:38 [DEBUG] [root]自动加载类：app\admin\model\users
2020-05-16 07:14:38 [DEBUG] [root]自动加载类：app\admin\model\sysmodel
2020-05-16 07:14:38 [DEBUG] [root]show full columns from `heecms_model`
2020-05-16 07:14:38 [DEBUG] [root]select count(*) c from heecms_model   where  (`heecms_model`.delete_time IS NULL or `heecms_model`.delete_time <=0 or `heecms_model`.delete_time='')    
2020-05-16 07:14:38 [DEBUG] [root]select  *  from heecms_model   where ((1=1)) and (`heecms_model`.delete_time IS NULL or `heecms_model`.delete_time <=0 or `heecms_model`.delete_time='')    
2020-05-16 07:14:38 [DEBUG] [root]自动加载类：heephp\bulider\pager
2020-05-16 07:14:38 [DEBUG] [root]自动加载类：app\admin\model\model_table
2020-05-16 07:14:38 [DEBUG] [root]show full columns from `heecms_model_table`
2020-05-16 07:14:38 [DEBUG] [root]select * from heecms_model_table   where (`model_table_id`='18')    
2020-05-16 07:14:38 [DEBUG] [root]select * from heecms_model_table   where (`model_table_id`='19')    
2020-05-16 07:14:41 [DEBUG] [root]自动加载类：app\admin\controller\adminBase
2020-05-16 07:14:41 [DEBUG] [root]自动加载类：app\admin\model\users_group
2020-05-16 07:14:41 [DEBUG] [root]自动加载类：heephp\model
2020-05-16 07:14:41 [DEBUG] [root]自动加载类：heephp\orm\orm
2020-05-16 07:14:41 [DEBUG] [root]自动加载类：heephp\database\mysqli
2020-05-16 07:14:41 [DEBUG] [root]自动加载类：heephp\database\databaseInterface
2020-05-16 07:14:41 [DEBUG] [root]show full columns from `heecms_users_group`
2020-05-16 07:14:41 [DEBUG] [root]select * from heecms_users_group   where ((`users_group_id`=1)) and (`heecms_users_group`.delete_time IS NULL or `heecms_users_group`.delete_time <=0 or `heecms_users_group`.delete_time='')    
2020-05-16 07:14:41 [DEBUG] [root]自动加载类：app\admin\model\message
2020-05-16 07:14:41 [DEBUG] [root]show full columns from `heecms_message`
2020-05-16 07:14:41 [DEBUG] [root]select * from heecms_message   where ((`isread`=0 and `receiver_users_id`='1')) and (`heecms_message`.delete_time IS NULL or `heecms_message`.delete_time <=0 or `heecms_message`.delete_time='')  order by create_time desc  limit 5
2020-05-16 07:14:41 [DEBUG] [root]自动加载类：app\admin\model\menus
2020-05-16 07:14:41 [DEBUG] [root]show full columns from `heecms_menus`
2020-05-16 07:14:41 [DEBUG] [root]自动加载类：heephp\cache\file
2020-05-16 07:14:41 [DEBUG] [root]自动加载类：heephp\cache\cacheInterface
2020-05-16 07:14:41 [DEBUG] [root]show full columns from `heecms_menus`
2020-05-16 07:14:41 [DEBUG] [root]自动加载类：app\admin\model\users
2020-05-16 07:14:41 [DEBUG] [root]自动加载类：app\admin\model\model_table
2020-05-16 07:14:41 [DEBUG] [root]show full columns from `heecms_model_table`
2020-05-16 07:14:41 [DEBUG] [root]select count(*) c from heecms_model_table       
2020-05-16 07:14:41 [DEBUG] [root]select  *  from heecms_model_table   where (1=1)    
2020-05-16 07:14:41 [DEBUG] [root]自动加载类：heephp\bulider\pager
2020-05-16 07:17:17 [DEBUG] [root]自动加载类：app\admin\controller\adminBase
2020-05-16 07:17:17 [DEBUG] [root]自动加载类：app\admin\model\users_group
2020-05-16 07:17:17 [DEBUG] [root]自动加载类：heephp\model
2020-05-16 07:17:17 [DEBUG] [root]自动加载类：heephp\orm\orm
2020-05-16 07:17:17 [DEBUG] [root]自动加载类：heephp\database\mysqli
2020-05-16 07:17:17 [DEBUG] [root]自动加载类：heephp\database\databaseInterface
2020-05-16 07:17:17 [DEBUG] [root]show full columns from `heecms_users_group`
2020-05-16 07:17:17 [DEBUG] [root]select * from heecms_users_group   where ((`users_group_id`=1)) and (`heecms_users_group`.delete_time IS NULL or `heecms_users_group`.delete_time <=0 or `heecms_users_group`.delete_time='')    
2020-05-16 07:17:17 [DEBUG] [root]自动加载类：app\admin\model\message
2020-05-16 07:17:17 [DEBUG] [root]show full columns from `heecms_message`
2020-05-16 07:17:17 [DEBUG] [root]select * from heecms_message   where ((`isread`=0 and `receiver_users_id`='1')) and (`heecms_message`.delete_time IS NULL or `heecms_message`.delete_time <=0 or `heecms_message`.delete_time='')  order by create_time desc  limit 5
2020-05-16 07:17:17 [DEBUG] [root]自动加载类：app\admin\model\menus
2020-05-16 07:17:17 [DEBUG] [root]show full columns from `heecms_menus`
2020-05-16 07:17:17 [DEBUG] [root]自动加载类：heephp\cache\file
2020-05-16 07:17:17 [DEBUG] [root]自动加载类：heephp\cache\cacheInterface
2020-05-16 07:17:17 [DEBUG] [root]show full columns from `heecms_menus`
2020-05-16 07:17:17 [DEBUG] [root]自动加载类：app\admin\model\users
2020-05-16 07:17:17 [DEBUG] [root]自动加载类：app\admin\model\model_table
2020-05-16 07:17:17 [DEBUG] [root]show full columns from `heecms_model_table`
2020-05-16 07:17:17 [DEBUG] [root]select count(*) c from heecms_model_table       
2020-05-16 07:17:17 [DEBUG] [root]select  *  from heecms_model_table   where (1=1)    
2020-05-16 07:17:17 [DEBUG] [root]自动加载类：heephp\bulider\pager
2020-05-16 07:17:22 [DEBUG] [root]自动加载类：app\admin\controller\adminBase
2020-05-16 07:17:22 [DEBUG] [root]自动加载类：app\admin\model\users_group
2020-05-16 07:17:22 [DEBUG] [root]自动加载类：heephp\model
2020-05-16 07:17:22 [DEBUG] [root]自动加载类：heephp\orm\orm
2020-05-16 07:17:22 [DEBUG] [root]自动加载类：heephp\database\mysqli
2020-05-16 07:17:22 [DEBUG] [root]自动加载类：heephp\database\databaseInterface
2020-05-16 07:17:22 [DEBUG] [root]show full columns from `heecms_users_group`
2020-05-16 07:17:22 [DEBUG] [root]select * from heecms_users_group   where ((`users_group_id`=1)) and (`heecms_users_group`.delete_time IS NULL or `heecms_users_group`.delete_time <=0 or `heecms_users_group`.delete_time='')    
2020-05-16 07:17:22 [DEBUG] [root]自动加载类：app\admin\model\message
2020-05-16 07:17:22 [DEBUG] [root]show full columns from `heecms_message`
2020-05-16 07:17:22 [DEBUG] [root]select * from heecms_message   where ((`isread`=0 and `receiver_users_id`='1')) and (`heecms_message`.delete_time IS NULL or `heecms_message`.delete_time <=0 or `heecms_message`.delete_time='')  order by create_time desc  limit 5
2020-05-16 07:17:22 [DEBUG] [root]自动加载类：app\admin\model\menus
2020-05-16 07:17:22 [DEBUG] [root]show full columns from `heecms_menus`
2020-05-16 07:17:22 [DEBUG] [root]自动加载类：heephp\cache\file
2020-05-16 07:17:22 [DEBUG] [root]自动加载类：heephp\cache\cacheInterface
2020-05-16 07:17:22 [DEBUG] [root]show full columns from `heecms_menus`
2020-05-16 07:17:22 [DEBUG] [root]自动加载类：app\admin\model\users
2020-05-16 07:17:22 [DEBUG] [root]自动加载类：app\admin\model\link_group
2020-05-16 07:17:22 [DEBUG] [root]select count(*) c from heecms_link_group       
2020-05-16 07:17:22 [DEBUG] [root]select  *  from heecms_link_group   where (1=1)    
2020-05-16 07:17:22 [DEBUG] [root]自动加载类：heephp\bulider\pager
2020-05-16 07:17:28 [DEBUG] [root]自动加载类：app\admin\controller\adminBase
2020-05-16 07:17:28 [DEBUG] [root]自动加载类：app\admin\model\users_group
2020-05-16 07:17:28 [DEBUG] [root]自动加载类：heephp\model
2020-05-16 07:17:28 [DEBUG] [root]自动加载类：heephp\orm\orm
2020-05-16 07:17:28 [DEBUG] [root]自动加载类：heephp\database\mysqli
2020-05-16 07:17:28 [DEBUG] [root]自动加载类：heephp\database\databaseInterface
2020-05-16 07:17:28 [DEBUG] [root]show full columns from `heecms_users_group`
2020-05-16 07:17:28 [DEBUG] [root]select * from heecms_users_group   where ((`users_group_id`=1)) and (`heecms_users_group`.delete_time IS NULL or `heecms_users_group`.delete_time <=0 or `heecms_users_group`.delete_time='')    
2020-05-16 07:17:28 [DEBUG] [root]自动加载类：app\admin\model\message
2020-05-16 07:17:28 [DEBUG] [root]show full columns from `heecms_message`
2020-05-16 07:17:28 [DEBUG] [root]select * from heecms_message   where ((`isread`=0 and `receiver_users_id`='1')) and (`heecms_message`.delete_time IS NULL or `heecms_message`.delete_time <=0 or `heecms_message`.delete_time='')  order by create_time desc  limit 5
2020-05-16 07:17:28 [DEBUG] [root]自动加载类：app\admin\model\menus
2020-05-16 07:17:28 [DEBUG] [root]show full columns from `heecms_menus`
2020-05-16 07:17:28 [DEBUG] [root]自动加载类：heephp\cache\file
2020-05-16 07:17:28 [DEBUG] [root]自动加载类：heephp\cache\cacheInterface
2020-05-16 07:17:28 [DEBUG] [root]show full columns from `heecms_menus`
2020-05-16 07:17:28 [DEBUG] [root]自动加载类：app\admin\model\users
2020-05-16 07:17:28 [DEBUG] [root]show full columns from `heecms_menus`
2020-05-16 07:17:28 [DEBUG] [root]select count(*) c from heecms_menus   where ( `parent_id` IS NULL or `parent_id`='' or `parent_id`=0 ) and (`heecms_menus`.delete_time IS NULL or `heecms_menus`.delete_time <=0 or `heecms_menus`.delete_time='')    
2020-05-16 07:17:28 [DEBUG] [root]select  *  from heecms_menus   where ((( `parent_id` IS NULL or `parent_id`='' or `parent_id`=0 ) and (`heecms_menus`.delete_time IS NULL or `heecms_menus`.delete_time <=0 or `heecms_menus`.delete_time=''))) and (`heecms_menus`.delete_time IS NULL or `heecms_menus`.delete_time <=0 or `heecms_menus`.delete_time='')    
2020-05-16 07:17:28 [DEBUG] [root]自动加载类：heephp\bulider\pager
2020-05-16 07:17:28 [DEBUG] [root]show full columns from `heecms_menus`
2020-05-16 07:17:33 [DEBUG] [root]自动加载类：app\admin\controller\adminBase
2020-05-16 07:17:33 [DEBUG] [root]自动加载类：app\admin\model\users_group
2020-05-16 07:17:33 [DEBUG] [root]自动加载类：heephp\model
2020-05-16 07:17:33 [DEBUG] [root]自动加载类：heephp\orm\orm
2020-05-16 07:17:33 [DEBUG] [root]自动加载类：heephp\database\mysqli
2020-05-16 07:17:33 [DEBUG] [root]自动加载类：heephp\database\databaseInterface
2020-05-16 07:17:33 [DEBUG] [root]show full columns from `heecms_users_group`
2020-05-16 07:17:33 [DEBUG] [root]select * from heecms_users_group   where ((`users_group_id`=1)) and (`heecms_users_group`.delete_time IS NULL or `heecms_users_group`.delete_time <=0 or `heecms_users_group`.delete_time='')    
2020-05-16 07:17:33 [DEBUG] [root]自动加载类：app\admin\model\message
2020-05-16 07:17:33 [DEBUG] [root]show full columns from `heecms_message`
2020-05-16 07:17:33 [DEBUG] [root]select * from heecms_message   where ((`isread`=0 and `receiver_users_id`='1')) and (`heecms_message`.delete_time IS NULL or `heecms_message`.delete_time <=0 or `heecms_message`.delete_time='')  order by create_time desc  limit 5
2020-05-16 07:17:33 [DEBUG] [root]自动加载类：app\admin\model\menus
2020-05-16 07:17:33 [DEBUG] [root]show full columns from `heecms_menus`
2020-05-16 07:17:33 [DEBUG] [root]自动加载类：heephp\cache\file
2020-05-16 07:17:33 [DEBUG] [root]自动加载类：heephp\cache\cacheInterface
2020-05-16 07:17:33 [DEBUG] [root]show full columns from `heecms_menus`
2020-05-16 07:17:33 [DEBUG] [root]自动加载类：app\admin\model\users
2020-05-16 07:17:33 [DEBUG] [root]show full columns from `heecms_menus`
2020-05-16 07:17:33 [DEBUG] [root]select * from heecms_menus   where ( `parent_id` IS NULL or `parent_id`='' or `parent_id`=0 ) and (`heecms_menus`.delete_time IS NULL or `heecms_menus`.delete_time <=0 or `heecms_menus`.delete_time='')    
2020-05-16 07:17:33 [DEBUG] [root]select * from heecms_menus   where ( `menus_id` = '15') and (`heecms_menus`.delete_time IS NULL or `heecms_menus`.delete_time <=0 or `heecms_menus`.delete_time='')    
2020-05-16 07:17:35 [DEBUG] [root]自动加载类：app\admin\controller\adminBase
2020-05-16 07:17:35 [DEBUG] [root]自动加载类：app\admin\model\users_group
2020-05-16 07:17:35 [DEBUG] [root]自动加载类：heephp\model
2020-05-16 07:17:35 [DEBUG] [root]自动加载类：heephp\orm\orm
2020-05-16 07:17:35 [DEBUG] [root]自动加载类：heephp\database\mysqli
2020-05-16 07:17:35 [DEBUG] [root]自动加载类：heephp\database\databaseInterface
2020-05-16 07:17:35 [DEBUG] [root]show full columns from `heecms_users_group`
2020-05-16 07:17:35 [DEBUG] [root]select * from heecms_users_group   where ((`users_group_id`=1)) and (`heecms_users_group`.delete_time IS NULL or `heecms_users_group`.delete_time <=0 or `heecms_users_group`.delete_time='')    
2020-05-16 07:17:35 [DEBUG] [root]自动加载类：app\admin\model\message
2020-05-16 07:17:35 [DEBUG] [root]show full columns from `heecms_message`
2020-05-16 07:17:35 [DEBUG] [root]select * from heecms_message   where ((`isread`=0 and `receiver_users_id`='1')) and (`heecms_message`.delete_time IS NULL or `heecms_message`.delete_time <=0 or `heecms_message`.delete_time='')  order by create_time desc  limit 5
2020-05-16 07:17:35 [DEBUG] [root]自动加载类：app\admin\model\menus
2020-05-16 07:17:35 [DEBUG] [root]show full columns from `heecms_menus`
2020-05-16 07:17:35 [DEBUG] [root]自动加载类：heephp\cache\file
2020-05-16 07:17:35 [DEBUG] [root]自动加载类：heephp\cache\cacheInterface
2020-05-16 07:17:35 [DEBUG] [root]show full columns from `heecms_menus`
2020-05-16 07:17:35 [DEBUG] [root]自动加载类：app\admin\model\users
2020-05-16 07:17:35 [DEBUG] [root]show full columns from `heecms_menus`
2020-05-16 07:17:35 [DEBUG] [root]select count(*) c from heecms_menus   where ( `parent_id` IS NULL or `parent_id`='' or `parent_id`=0 ) and (`heecms_menus`.delete_time IS NULL or `heecms_menus`.delete_time <=0 or `heecms_menus`.delete_time='')    
2020-05-16 07:17:35 [DEBUG] [root]select  *  from heecms_menus   where ((( `parent_id` IS NULL or `parent_id`='' or `parent_id`=0 ) and (`heecms_menus`.delete_time IS NULL or `heecms_menus`.delete_time <=0 or `heecms_menus`.delete_time=''))) and (`heecms_menus`.delete_time IS NULL or `heecms_menus`.delete_time <=0 or `heecms_menus`.delete_time='')    
2020-05-16 07:17:35 [DEBUG] [root]自动加载类：heephp\bulider\pager
2020-05-16 07:17:35 [DEBUG] [root]show full columns from `heecms_menus`
2020-05-16 07:17:41 [DEBUG] [root]自动加载类：app\admin\controller\adminBase
2020-05-16 07:17:41 [DEBUG] [root]自动加载类：app\admin\model\users_group
2020-05-16 07:17:41 [DEBUG] [root]自动加载类：heephp\model
2020-05-16 07:17:41 [DEBUG] [root]自动加载类：heephp\orm\orm
2020-05-16 07:17:41 [DEBUG] [root]自动加载类：heephp\database\mysqli
2020-05-16 07:17:41 [DEBUG] [root]自动加载类：heephp\database\databaseInterface
2020-05-16 07:17:41 [DEBUG] [root]show full columns from `heecms_users_group`
2020-05-16 07:17:41 [DEBUG] [root]select * from heecms_users_group   where ((`users_group_id`=1)) and (`heecms_users_group`.delete_time IS NULL or `heecms_users_group`.delete_time <=0 or `heecms_users_group`.delete_time='')    
2020-05-16 07:17:41 [DEBUG] [root]自动加载类：app\admin\model\message
2020-05-16 07:17:41 [DEBUG] [root]show full columns from `heecms_message`
2020-05-16 07:17:41 [DEBUG] [root]select * from heecms_message   where ((`isread`=0 and `receiver_users_id`='1')) and (`heecms_message`.delete_time IS NULL or `heecms_message`.delete_time <=0 or `heecms_message`.delete_time='')  order by create_time desc  limit 5
2020-05-16 07:17:41 [DEBUG] [root]自动加载类：app\admin\model\menus
2020-05-16 07:17:41 [DEBUG] [root]show full columns from `heecms_menus`
2020-05-16 07:17:41 [DEBUG] [root]自动加载类：heephp\cache\file
2020-05-16 07:17:41 [DEBUG] [root]自动加载类：heephp\cache\cacheInterface
2020-05-16 07:17:41 [DEBUG] [root]show full columns from `heecms_menus`
2020-05-16 07:17:41 [DEBUG] [root]自动加载类：app\admin\model\users
2020-05-16 07:17:41 [DEBUG] [root]show full columns from `heecms_menus`
2020-05-16 07:18:55 [DEBUG] [root]自动加载类：app\admin\controller\adminBase
2020-05-16 07:18:55 [DEBUG] [root]自动加载类：app\admin\model\users_group
2020-05-16 07:18:55 [DEBUG] [root]自动加载类：heephp\model
2020-05-16 07:18:55 [DEBUG] [root]自动加载类：heephp\orm\orm
2020-05-16 07:18:55 [DEBUG] [root]自动加载类：heephp\database\mysqli
2020-05-16 07:18:55 [DEBUG] [root]自动加载类：heephp\database\databaseInterface
2020-05-16 07:18:55 [DEBUG] [root]show full columns from `heecms_users_group`
2020-05-16 07:18:55 [DEBUG] [root]select * from heecms_users_group   where ((`users_group_id`=1)) and (`heecms_users_group`.delete_time IS NULL or `heecms_users_group`.delete_time <=0 or `heecms_users_group`.delete_time='')    
2020-05-16 07:18:55 [DEBUG] [root]自动加载类：app\admin\model\message
2020-05-16 07:18:55 [DEBUG] [root]show full columns from `heecms_message`
2020-05-16 07:18:55 [DEBUG] [root]select * from heecms_message   where ((`isread`=0 and `receiver_users_id`='1')) and (`heecms_message`.delete_time IS NULL or `heecms_message`.delete_time <=0 or `heecms_message`.delete_time='')  order by create_time desc  limit 5
2020-05-16 07:18:55 [DEBUG] [root]自动加载类：app\admin\model\menus
2020-05-16 07:18:55 [DEBUG] [root]show full columns from `heecms_menus`
2020-05-16 07:18:55 [DEBUG] [root]自动加载类：heephp\cache\file
2020-05-16 07:18:55 [DEBUG] [root]自动加载类：heephp\cache\cacheInterface
2020-05-16 07:18:55 [DEBUG] [root]show full columns from `heecms_menus`
2020-05-16 07:18:55 [DEBUG] [root]自动加载类：app\admin\model\users
2020-05-16 07:18:55 [DEBUG] [root]show full columns from `heecms_menus`
2020-05-16 07:18:55 [DEBUG] [root]select * from heecms_menus where `title`='营销'
2020-05-16 07:18:55 [DEBUG] [root]show full columns from `heecms_menus`
2020-05-16 07:18:55 [DEBUG] [root]insert into heecms_menus (`parent_id`,`icon`,`title`,`link`,`ord`,`remark`,`create_users_id`,`create_time`) values ('0','fas fa-adjust','营销','/','5','','1','1589584735')
2020-05-16 07:18:57 [DEBUG] [root]自动加载类：app\admin\controller\adminBase
2020-05-16 07:18:57 [DEBUG] [root]自动加载类：app\admin\model\users_group
2020-05-16 07:18:57 [DEBUG] [root]自动加载类：heephp\model
2020-05-16 07:18:57 [DEBUG] [root]自动加载类：heephp\orm\orm
2020-05-16 07:18:57 [DEBUG] [root]自动加载类：heephp\database\mysqli
2020-05-16 07:18:57 [DEBUG] [root]自动加载类：heephp\database\databaseInterface
2020-05-16 07:18:57 [DEBUG] [root]show full columns from `heecms_users_group`
2020-05-16 07:18:57 [DEBUG] [root]select * from heecms_users_group   where ((`users_group_id`=1)) and (`heecms_users_group`.delete_time IS NULL or `heecms_users_group`.delete_time <=0 or `heecms_users_group`.delete_time='')    
2020-05-16 07:18:57 [DEBUG] [root]自动加载类：app\admin\model\message
2020-05-16 07:18:57 [DEBUG] [root]show full columns from `heecms_message`
2020-05-16 07:18:57 [DEBUG] [root]select * from heecms_message   where ((`isread`=0 and `receiver_users_id`='1')) and (`heecms_message`.delete_time IS NULL or `heecms_message`.delete_time <=0 or `heecms_message`.delete_time='')  order by create_time desc  limit 5
2020-05-16 07:18:57 [DEBUG] [root]自动加载类：app\admin\model\menus
2020-05-16 07:18:57 [DEBUG] [root]show full columns from `heecms_menus`
2020-05-16 07:18:57 [DEBUG] [root]自动加载类：heephp\cache\file
2020-05-16 07:18:57 [DEBUG] [root]自动加载类：heephp\cache\cacheInterface
2020-05-16 07:18:57 [DEBUG] [root]select * from heecms_menus   where ( `parent_id` IS NULL or `parent_id`='' or `parent_id`=0 ) and (`heecms_menus`.delete_time IS NULL or `heecms_menus`.delete_time <=0 or `heecms_menus`.delete_time='')  order by ord asc  
2020-05-16 07:18:57 [DEBUG] [root]show full columns from `heecms_menus`
2020-05-16 07:18:57 [DEBUG] [root]select * from heecms_menus   where ((`parent_id`='8')) and (`heecms_menus`.delete_time IS NULL or `heecms_menus`.delete_time <=0 or `heecms_menus`.delete_time='')  order by ord asc  
2020-05-16 07:18:57 [DEBUG] [root]自动加载类：app\admin\model\users
2020-05-16 07:18:57 [DEBUG] [root]select * from heecms_users   where ((`users_id`='1')) and (`heecms_users`.delete_time IS NULL or `heecms_users`.delete_time <=0 or `heecms_users`.delete_time='')    
2020-05-16 07:18:57 [DEBUG] [root]select * from heecms_menus   where ((`parent_id`='10')) and (`heecms_menus`.delete_time IS NULL or `heecms_menus`.delete_time <=0 or `heecms_menus`.delete_time='')  order by ord asc  
2020-05-16 07:18:57 [DEBUG] [root]select * from heecms_menus   where ((`parent_id`='5')) and (`heecms_menus`.delete_time IS NULL or `heecms_menus`.delete_time <=0 or `heecms_menus`.delete_time='')  order by ord asc  
2020-05-16 07:18:57 [DEBUG] [root]select * from heecms_menus   where ((`parent_id`='15')) and (`heecms_menus`.delete_time IS NULL or `heecms_menus`.delete_time <=0 or `heecms_menus`.delete_time='')  order by ord asc  
2020-05-16 07:18:57 [DEBUG] [root]select * from heecms_menus   where ((`parent_id`='12')) and (`heecms_menus`.delete_time IS NULL or `heecms_menus`.delete_time <=0 or `heecms_menus`.delete_time='')  order by ord asc  
2020-05-16 07:18:57 [DEBUG] [root]select * from heecms_menus   where ((`parent_id`='18')) and (`heecms_menus`.delete_time IS NULL or `heecms_menus`.delete_time <=0 or `heecms_menus`.delete_time='')  order by ord asc  
2020-05-16 07:18:57 [DEBUG] [root]show full columns from `heecms_menus`
2020-05-16 07:18:57 [DEBUG] [root]select count(*) c from heecms_menus   where ( `parent_id` IS NULL or `parent_id`='' or `parent_id`=0 ) and (`heecms_menus`.delete_time IS NULL or `heecms_menus`.delete_time <=0 or `heecms_menus`.delete_time='')    
2020-05-16 07:18:57 [DEBUG] [root]select  *  from heecms_menus   where ((( `parent_id` IS NULL or `parent_id`='' or `parent_id`=0 ) and (`heecms_menus`.delete_time IS NULL or `heecms_menus`.delete_time <=0 or `heecms_menus`.delete_time=''))) and (`heecms_menus`.delete_time IS NULL or `heecms_menus`.delete_time <=0 or `heecms_menus`.delete_time='')    
2020-05-16 07:18:57 [DEBUG] [root]自动加载类：heephp\bulider\pager
2020-05-16 07:18:57 [DEBUG] [root]show full columns from `heecms_menus`
2020-05-16 07:18:57 [DEBUG] [root]select * from heecms_menus   where ((`parent_id`='18')) and (`heecms_menus`.delete_time IS NULL or `heecms_menus`.delete_time <=0 or `heecms_menus`.delete_time='')  order by ord asc  
2020-05-16 07:19:05 [DEBUG] [root]自动加载类：app\admin\controller\adminBase
2020-05-16 07:19:05 [DEBUG] [root]自动加载类：app\admin\model\users_group
2020-05-16 07:19:05 [DEBUG] [root]自动加载类：heephp\model
2020-05-16 07:19:05 [DEBUG] [root]自动加载类：heephp\orm\orm
2020-05-16 07:19:05 [DEBUG] [root]自动加载类：heephp\database\mysqli
2020-05-16 07:19:05 [DEBUG] [root]自动加载类：heephp\database\databaseInterface
2020-05-16 07:19:05 [DEBUG] [root]show full columns from `heecms_users_group`
2020-05-16 07:19:05 [DEBUG] [root]select * from heecms_users_group   where ((`users_group_id`=1)) and (`heecms_users_group`.delete_time IS NULL or `heecms_users_group`.delete_time <=0 or `heecms_users_group`.delete_time='')    
2020-05-16 07:19:05 [DEBUG] [root]自动加载类：app\admin\model\message
2020-05-16 07:19:05 [DEBUG] [root]show full columns from `heecms_message`
2020-05-16 07:19:05 [DEBUG] [root]select * from heecms_message   where ((`isread`=0 and `receiver_users_id`='1')) and (`heecms_message`.delete_time IS NULL or `heecms_message`.delete_time <=0 or `heecms_message`.delete_time='')  order by create_time desc  limit 5
2020-05-16 07:19:05 [DEBUG] [root]自动加载类：app\admin\model\menus
2020-05-16 07:19:05 [DEBUG] [root]show full columns from `heecms_menus`
2020-05-16 07:19:05 [DEBUG] [root]自动加载类：heephp\cache\file
2020-05-16 07:19:05 [DEBUG] [root]自动加载类：heephp\cache\cacheInterface
2020-05-16 07:19:05 [DEBUG] [root]show full columns from `heecms_menus`
2020-05-16 07:19:05 [DEBUG] [root]自动加载类：app\admin\model\users
2020-05-16 07:19:05 [DEBUG] [root]select * from heecms_menus   where ((`parent_id`='18')) and (`heecms_menus`.delete_time IS NULL or `heecms_menus`.delete_time <=0 or `heecms_menus`.delete_time='')  order by ord asc  
2020-05-16 07:19:05 [DEBUG] [root]show full columns from `heecms_menus`
2020-05-16 07:19:05 [DEBUG] [root]select * from heecms_menus   where ( `parent_id` IS NULL or `parent_id`='' or `parent_id`=0 ) and (`heecms_menus`.delete_time IS NULL or `heecms_menus`.delete_time <=0 or `heecms_menus`.delete_time='')    
2020-05-16 07:19:05 [DEBUG] [root]select * from heecms_menus   where ( `menus_id` = '12') and (`heecms_menus`.delete_time IS NULL or `heecms_menus`.delete_time <=0 or `heecms_menus`.delete_time='')    
2020-05-16 07:19:10 [DEBUG] [root]自动加载类：app\admin\controller\adminBase
2020-05-16 07:19:10 [DEBUG] [root]自动加载类：app\admin\model\users_group
2020-05-16 07:19:10 [DEBUG] [root]自动加载类：heephp\model
2020-05-16 07:19:10 [DEBUG] [root]自动加载类：heephp\orm\orm
2020-05-16 07:19:10 [DEBUG] [root]自动加载类：heephp\database\mysqli
2020-05-16 07:19:10 [DEBUG] [root]自动加载类：heephp\database\databaseInterface
2020-05-16 07:19:10 [DEBUG] [root]show full columns from `heecms_users_group`
2020-05-16 07:19:10 [DEBUG] [root]select * from heecms_users_group   where ((`users_group_id`=1)) and (`heecms_users_group`.delete_time IS NULL or `heecms_users_group`.delete_time <=0 or `heecms_users_group`.delete_time='')    
2020-05-16 07:19:10 [DEBUG] [root]自动加载类：app\admin\model\message
2020-05-16 07:19:10 [DEBUG] [root]show full columns from `heecms_message`
2020-05-16 07:19:10 [DEBUG] [root]select * from heecms_message   where ((`isread`=0 and `receiver_users_id`='1')) and (`heecms_message`.delete_time IS NULL or `heecms_message`.delete_time <=0 or `heecms_message`.delete_time='')  order by create_time desc  limit 5
2020-05-16 07:19:10 [DEBUG] [root]自动加载类：app\admin\model\menus
2020-05-16 07:19:10 [DEBUG] [root]show full columns from `heecms_menus`
2020-05-16 07:19:10 [DEBUG] [root]自动加载类：heephp\cache\file
2020-05-16 07:19:10 [DEBUG] [root]自动加载类：heephp\cache\cacheInterface
2020-05-16 07:19:10 [DEBUG] [root]show full columns from `heecms_menus`
2020-05-16 07:19:10 [DEBUG] [root]自动加载类：app\admin\model\users
2020-05-16 07:19:10 [DEBUG] [root]select * from heecms_menus   where ((`parent_id`='18')) and (`heecms_menus`.delete_time IS NULL or `heecms_menus`.delete_time <=0 or `heecms_menus`.delete_time='')  order by ord asc  
2020-05-16 07:19:10 [DEBUG] [root]show full columns from `heecms_menus`
2020-05-16 07:19:10 [DEBUG] [root]select * from heecms_menus where `title`='模型与表' and `menus_id`<>'12'
2020-05-16 07:19:10 [DEBUG] [root]show full columns from `heecms_menus`
2020-05-16 07:19:10 [DEBUG] [root]update `heecms_menus` set `parent_id`='0',`icon`='fab fa-modx',`title`='模型与表',`link`='/',`ord`='7',`remark`='',`update_time`='1589584750' where `menus_id` = '12' 
2020-05-16 07:19:11 [DEBUG] [root]自动加载类：app\admin\controller\adminBase
2020-05-16 07:19:11 [DEBUG] [root]自动加载类：app\admin\model\users_group
2020-05-16 07:19:11 [DEBUG] [root]自动加载类：heephp\model
2020-05-16 07:19:11 [DEBUG] [root]自动加载类：heephp\orm\orm
2020-05-16 07:19:11 [DEBUG] [root]自动加载类：heephp\database\mysqli
2020-05-16 07:19:11 [DEBUG] [root]自动加载类：heephp\database\databaseInterface
2020-05-16 07:19:11 [DEBUG] [root]show full columns from `heecms_users_group`
2020-05-16 07:19:11 [DEBUG] [root]select * from heecms_users_group   where ((`users_group_id`=1)) and (`heecms_users_group`.delete_time IS NULL or `heecms_users_group`.delete_time <=0 or `heecms_users_group`.delete_time='')    
2020-05-16 07:19:11 [DEBUG] [root]自动加载类：app\admin\model\message
2020-05-16 07:19:11 [DEBUG] [root]show full columns from `heecms_message`
2020-05-16 07:19:11 [DEBUG] [root]select * from heecms_message   where ((`isread`=0 and `receiver_users_id`='1')) and (`heecms_message`.delete_time IS NULL or `heecms_message`.delete_time <=0 or `heecms_message`.delete_time='')  order by create_time desc  limit 5
2020-05-16 07:19:11 [DEBUG] [root]自动加载类：app\admin\model\menus
2020-05-16 07:19:11 [DEBUG] [root]show full columns from `heecms_menus`
2020-05-16 07:19:11 [DEBUG] [root]自动加载类：heephp\cache\file
2020-05-16 07:19:11 [DEBUG] [root]自动加载类：heephp\cache\cacheInterface
2020-05-16 07:19:11 [DEBUG] [root]select * from heecms_menus   where ( `parent_id` IS NULL or `parent_id`='' or `parent_id`=0 ) and (`heecms_menus`.delete_time IS NULL or `heecms_menus`.delete_time <=0 or `heecms_menus`.delete_time='')  order by ord asc  
2020-05-16 07:19:11 [DEBUG] [root]show full columns from `heecms_menus`
2020-05-16 07:19:11 [DEBUG] [root]select * from heecms_menus   where ((`parent_id`='8')) and (`heecms_menus`.delete_time IS NULL or `heecms_menus`.delete_time <=0 or `heecms_menus`.delete_time='')  order by ord asc  
2020-05-16 07:19:11 [DEBUG] [root]自动加载类：app\admin\model\users
2020-05-16 07:19:11 [DEBUG] [root]select * from heecms_users   where ((`users_id`='1')) and (`heecms_users`.delete_time IS NULL or `heecms_users`.delete_time <=0 or `heecms_users`.delete_time='')    
2020-05-16 07:19:11 [DEBUG] [root]select * from heecms_menus   where ((`parent_id`='10')) and (`heecms_menus`.delete_time IS NULL or `heecms_menus`.delete_time <=0 or `heecms_menus`.delete_time='')  order by ord asc  
2020-05-16 07:19:12 [DEBUG] [root]select * from heecms_menus   where ((`parent_id`='5')) and (`heecms_menus`.delete_time IS NULL or `heecms_menus`.delete_time <=0 or `heecms_menus`.delete_time='')  order by ord asc  
2020-05-16 07:19:12 [DEBUG] [root]select * from heecms_menus   where ((`parent_id`='15')) and (`heecms_menus`.delete_time IS NULL or `heecms_menus`.delete_time <=0 or `heecms_menus`.delete_time='')  order by ord asc  
2020-05-16 07:19:12 [DEBUG] [root]select * from heecms_menus   where ((`parent_id`='18')) and (`heecms_menus`.delete_time IS NULL or `heecms_menus`.delete_time <=0 or `heecms_menus`.delete_time='')  order by ord asc  
2020-05-16 07:19:12 [DEBUG] [root]select * from heecms_menus   where ((`parent_id`='12')) and (`heecms_menus`.delete_time IS NULL or `heecms_menus`.delete_time <=0 or `heecms_menus`.delete_time='')  order by ord asc  
2020-05-16 07:19:12 [DEBUG] [root]show full columns from `heecms_menus`
2020-05-16 07:19:12 [DEBUG] [root]select count(*) c from heecms_menus   where ( `parent_id` IS NULL or `parent_id`='' or `parent_id`=0 ) and (`heecms_menus`.delete_time IS NULL or `heecms_menus`.delete_time <=0 or `heecms_menus`.delete_time='')    
2020-05-16 07:19:12 [DEBUG] [root]select  *  from heecms_menus   where ((( `parent_id` IS NULL or `parent_id`='' or `parent_id`=0 ) and (`heecms_menus`.delete_time IS NULL or `heecms_menus`.delete_time <=0 or `heecms_menus`.delete_time=''))) and (`heecms_menus`.delete_time IS NULL or `heecms_menus`.delete_time <=0 or `heecms_menus`.delete_time='')    
2020-05-16 07:19:12 [DEBUG] [root]自动加载类：heephp\bulider\pager
2020-05-16 07:19:12 [DEBUG] [root]show full columns from `heecms_menus`
2020-05-16 07:19:12 [DEBUG] [root]select * from heecms_menus   where ((`parent_id`='18')) and (`heecms_menus`.delete_time IS NULL or `heecms_menus`.delete_time <=0 or `heecms_menus`.delete_time='')  order by ord asc  
2020-05-16 07:19:19 [DEBUG] [root]自动加载类：app\admin\controller\adminBase
2020-05-16 07:19:19 [DEBUG] [root]自动加载类：app\admin\model\users_group
2020-05-16 07:19:19 [DEBUG] [root]自动加载类：heephp\model
2020-05-16 07:19:19 [DEBUG] [root]自动加载类：heephp\orm\orm
2020-05-16 07:19:19 [DEBUG] [root]自动加载类：heephp\database\mysqli
2020-05-16 07:19:19 [DEBUG] [root]自动加载类：heephp\database\databaseInterface
2020-05-16 07:19:19 [DEBUG] [root]show full columns from `heecms_users_group`
2020-05-16 07:19:19 [DEBUG] [root]select * from heecms_users_group   where ((`users_group_id`=1)) and (`heecms_users_group`.delete_time IS NULL or `heecms_users_group`.delete_time <=0 or `heecms_users_group`.delete_time='')    
2020-05-16 07:19:19 [DEBUG] [root]自动加载类：app\admin\model\message
2020-05-16 07:19:19 [DEBUG] [root]show full columns from `heecms_message`
2020-05-16 07:19:19 [DEBUG] [root]select * from heecms_message   where ((`isread`=0 and `receiver_users_id`='1')) and (`heecms_message`.delete_time IS NULL or `heecms_message`.delete_time <=0 or `heecms_message`.delete_time='')  order by create_time desc  limit 5
2020-05-16 07:19:19 [DEBUG] [root]自动加载类：app\admin\model\menus
2020-05-16 07:19:19 [DEBUG] [root]show full columns from `heecms_menus`
2020-05-16 07:19:19 [DEBUG] [root]自动加载类：heephp\cache\file
2020-05-16 07:19:19 [DEBUG] [root]自动加载类：heephp\cache\cacheInterface
2020-05-16 07:19:19 [DEBUG] [root]show full columns from `heecms_menus`
2020-05-16 07:19:19 [DEBUG] [root]自动加载类：app\admin\model\users
2020-05-16 07:19:19 [DEBUG] [root]select * from heecms_menus   where ((`parent_id`='18')) and (`heecms_menus`.delete_time IS NULL or `heecms_menus`.delete_time <=0 or `heecms_menus`.delete_time='')  order by ord asc  
2020-05-16 07:19:19 [DEBUG] [root]show full columns from `heecms_menus`
2020-05-16 07:19:19 [DEBUG] [root]select * from heecms_menus   where ( `parent_id` IS NULL or `parent_id`='' or `parent_id`=0 ) and (`heecms_menus`.delete_time IS NULL or `heecms_menus`.delete_time <=0 or `heecms_menus`.delete_time='')    
2020-05-16 07:19:38 [DEBUG] [root]自动加载类：app\admin\controller\adminBase
2020-05-16 07:19:38 [DEBUG] [root]自动加载类：app\admin\model\users_group
2020-05-16 07:19:38 [DEBUG] [root]自动加载类：heephp\model
2020-05-16 07:19:38 [DEBUG] [root]自动加载类：heephp\orm\orm
2020-05-16 07:19:38 [DEBUG] [root]自动加载类：heephp\database\mysqli
2020-05-16 07:19:38 [DEBUG] [root]自动加载类：heephp\database\databaseInterface
2020-05-16 07:19:38 [DEBUG] [root]show full columns from `heecms_users_group`
2020-05-16 07:19:38 [DEBUG] [root]select * from heecms_users_group   where ((`users_group_id`=1)) and (`heecms_users_group`.delete_time IS NULL or `heecms_users_group`.delete_time <=0 or `heecms_users_group`.delete_time='')    
2020-05-16 07:19:38 [DEBUG] [root]自动加载类：app\admin\model\message
2020-05-16 07:19:38 [DEBUG] [root]show full columns from `heecms_message`
2020-05-16 07:19:38 [DEBUG] [root]select * from heecms_message   where ((`isread`=0 and `receiver_users_id`='1')) and (`heecms_message`.delete_time IS NULL or `heecms_message`.delete_time <=0 or `heecms_message`.delete_time='')  order by create_time desc  limit 5
2020-05-16 07:19:38 [DEBUG] [root]自动加载类：app\admin\model\menus
2020-05-16 07:19:38 [DEBUG] [root]show full columns from `heecms_menus`
2020-05-16 07:19:38 [DEBUG] [root]自动加载类：heephp\cache\file
2020-05-16 07:19:38 [DEBUG] [root]自动加载类：heephp\cache\cacheInterface
2020-05-16 07:19:38 [DEBUG] [root]show full columns from `heecms_menus`
2020-05-16 07:19:38 [DEBUG] [root]自动加载类：app\admin\model\users
2020-05-16 07:19:39 [DEBUG] [root]select * from heecms_menus   where ((`parent_id`='18')) and (`heecms_menus`.delete_time IS NULL or `heecms_menus`.delete_time <=0 or `heecms_menus`.delete_time='')  order by ord asc  
2020-05-16 07:19:39 [DEBUG] [root]show full columns from `heecms_menus`
2020-05-16 07:19:39 [DEBUG] [root]select * from heecms_menus where `title`='广告管理'
2020-05-16 07:19:39 [DEBUG] [root]show full columns from `heecms_menus`
2020-05-16 07:19:39 [DEBUG] [root]insert into heecms_menus (`parent_id`,`icon`,`title`,`link`,`ord`,`remark`,`create_users_id`,`create_time`) values ('18','','广告管理','/ad/manager','1','','1','1589584779')
2020-05-16 07:19:40 [DEBUG] [root]自动加载类：app\admin\controller\adminBase
2020-05-16 07:19:40 [DEBUG] [root]自动加载类：app\admin\model\users_group
2020-05-16 07:19:40 [DEBUG] [root]自动加载类：heephp\model
2020-05-16 07:19:40 [DEBUG] [root]自动加载类：heephp\orm\orm
2020-05-16 07:19:40 [DEBUG] [root]自动加载类：heephp\database\mysqli
2020-05-16 07:19:40 [DEBUG] [root]自动加载类：heephp\database\databaseInterface
2020-05-16 07:19:40 [DEBUG] [root]show full columns from `heecms_users_group`
2020-05-16 07:19:40 [DEBUG] [root]select * from heecms_users_group   where ((`users_group_id`=1)) and (`heecms_users_group`.delete_time IS NULL or `heecms_users_group`.delete_time <=0 or `heecms_users_group`.delete_time='')    
2020-05-16 07:19:40 [DEBUG] [root]自动加载类：app\admin\model\message
2020-05-16 07:19:40 [DEBUG] [root]show full columns from `heecms_message`
2020-05-16 07:19:40 [DEBUG] [root]select * from heecms_message   where ((`isread`=0 and `receiver_users_id`='1')) and (`heecms_message`.delete_time IS NULL or `heecms_message`.delete_time <=0 or `heecms_message`.delete_time='')  order by create_time desc  limit 5
2020-05-16 07:19:40 [DEBUG] [root]自动加载类：app\admin\model\menus
2020-05-16 07:19:40 [DEBUG] [root]show full columns from `heecms_menus`
2020-05-16 07:19:40 [DEBUG] [root]自动加载类：heephp\cache\file
2020-05-16 07:19:40 [DEBUG] [root]自动加载类：heephp\cache\cacheInterface
2020-05-16 07:19:40 [DEBUG] [root]select * from heecms_menus   where ( `parent_id` IS NULL or `parent_id`='' or `parent_id`=0 ) and (`heecms_menus`.delete_time IS NULL or `heecms_menus`.delete_time <=0 or `heecms_menus`.delete_time='')  order by ord asc  
2020-05-16 07:19:40 [DEBUG] [root]show full columns from `heecms_menus`
2020-05-16 07:19:40 [DEBUG] [root]select * from heecms_menus   where ((`parent_id`='8')) and (`heecms_menus`.delete_time IS NULL or `heecms_menus`.delete_time <=0 or `heecms_menus`.delete_time='')  order by ord asc  
2020-05-16 07:19:40 [DEBUG] [root]自动加载类：app\admin\model\users
2020-05-16 07:19:40 [DEBUG] [root]select * from heecms_users   where ((`users_id`='1')) and (`heecms_users`.delete_time IS NULL or `heecms_users`.delete_time <=0 or `heecms_users`.delete_time='')    
2020-05-16 07:19:40 [DEBUG] [root]select * from heecms_menus   where ((`parent_id`='10')) and (`heecms_menus`.delete_time IS NULL or `heecms_menus`.delete_time <=0 or `heecms_menus`.delete_time='')  order by ord asc  
2020-05-16 07:19:40 [DEBUG] [root]select * from heecms_menus   where ((`parent_id`='5')) and (`heecms_menus`.delete_time IS NULL or `heecms_menus`.delete_time <=0 or `heecms_menus`.delete_time='')  order by ord asc  
2020-05-16 07:19:40 [DEBUG] [root]select * from heecms_menus   where ((`parent_id`='15')) and (`heecms_menus`.delete_time IS NULL or `heecms_menus`.delete_time <=0 or `heecms_menus`.delete_time='')  order by ord asc  
2020-05-16 07:19:40 [DEBUG] [root]select * from heecms_menus   where ((`parent_id`='18')) and (`heecms_menus`.delete_time IS NULL or `heecms_menus`.delete_time <=0 or `heecms_menus`.delete_time='')  order by ord asc  
2020-05-16 07:19:40 [DEBUG] [root]select * from heecms_menus   where ((`parent_id`='12')) and (`heecms_menus`.delete_time IS NULL or `heecms_menus`.delete_time <=0 or `heecms_menus`.delete_time='')  order by ord asc  
2020-05-16 07:19:40 [DEBUG] [root]show full columns from `heecms_menus`
2020-05-16 07:19:40 [DEBUG] [root]select count(*) c from heecms_menus   where ( `parent_id` IS NULL or `parent_id`='' or `parent_id`=0 ) and (`heecms_menus`.delete_time IS NULL or `heecms_menus`.delete_time <=0 or `heecms_menus`.delete_time='')    
2020-05-16 07:19:40 [DEBUG] [root]select  *  from heecms_menus   where ((( `parent_id` IS NULL or `parent_id`='' or `parent_id`=0 ) and (`heecms_menus`.delete_time IS NULL or `heecms_menus`.delete_time <=0 or `heecms_menus`.delete_time=''))) and (`heecms_menus`.delete_time IS NULL or `heecms_menus`.delete_time <=0 or `heecms_menus`.delete_time='')    
2020-05-16 07:19:40 [DEBUG] [root]自动加载类：heephp\bulider\pager
2020-05-16 07:19:40 [DEBUG] [root]show full columns from `heecms_menus`
2020-05-16 07:19:46 [DEBUG] [root]自动加载类：app\admin\controller\adminBase
2020-05-16 07:19:46 [DEBUG] [root]自动加载类：app\admin\model\users_group
2020-05-16 07:19:46 [DEBUG] [root]自动加载类：heephp\model
2020-05-16 07:19:46 [DEBUG] [root]自动加载类：heephp\orm\orm
2020-05-16 07:19:46 [DEBUG] [root]自动加载类：heephp\database\mysqli
2020-05-16 07:19:46 [DEBUG] [root]自动加载类：heephp\database\databaseInterface
2020-05-16 07:19:46 [DEBUG] [root]show full columns from `heecms_users_group`
2020-05-16 07:19:46 [DEBUG] [root]select * from heecms_users_group   where ((`users_group_id`=1)) and (`heecms_users_group`.delete_time IS NULL or `heecms_users_group`.delete_time <=0 or `heecms_users_group`.delete_time='')    
2020-05-16 07:19:46 [DEBUG] [root]自动加载类：app\admin\model\message
2020-05-16 07:19:46 [DEBUG] [root]show full columns from `heecms_message`
2020-05-16 07:19:46 [DEBUG] [root]select * from heecms_message   where ((`isread`=0 and `receiver_users_id`='1')) and (`heecms_message`.delete_time IS NULL or `heecms_message`.delete_time <=0 or `heecms_message`.delete_time='')  order by create_time desc  limit 5
2020-05-16 07:19:46 [DEBUG] [root]自动加载类：app\admin\model\menus
2020-05-16 07:19:46 [DEBUG] [root]show full columns from `heecms_menus`
2020-05-16 07:19:46 [DEBUG] [root]自动加载类：heephp\cache\file
2020-05-16 07:19:46 [DEBUG] [root]自动加载类：heephp\cache\cacheInterface
2020-05-16 07:19:46 [DEBUG] [root]show full columns from `heecms_menus`
2020-05-16 07:19:46 [DEBUG] [root]自动加载类：app\admin\model\users
2020-05-16 07:19:46 [DEBUG] [root]show full columns from `heecms_menus`
2020-05-16 07:19:46 [DEBUG] [root]select * from heecms_menus   where ( `parent_id` IS NULL or `parent_id`='' or `parent_id`=0 ) and (`heecms_menus`.delete_time IS NULL or `heecms_menus`.delete_time <=0 or `heecms_menus`.delete_time='')    
2020-05-16 07:45:59 [DEBUG] [root]自动加载类：app\admin\controller\adminBase
2020-05-16 07:45:59 [DEBUG] [root]自动加载类：app\admin\model\users_group
2020-05-16 07:45:59 [DEBUG] [root]自动加载类：heephp\model
2020-05-16 07:45:59 [DEBUG] [root]自动加载类：heephp\orm\orm
2020-05-16 07:45:59 [DEBUG] [root]自动加载类：heephp\database\mysqli
2020-05-16 07:45:59 [DEBUG] [root]自动加载类：heephp\database\databaseInterface
2020-05-16 07:45:59 [DEBUG] [root]show full columns from `heecms_users_group`
2020-05-16 07:45:59 [DEBUG] [root]select * from heecms_users_group   where ((`users_group_id`=1)) and (`heecms_users_group`.delete_time IS NULL or `heecms_users_group`.delete_time <=0 or `heecms_users_group`.delete_time='')    
2020-05-16 07:45:59 [DEBUG] [root]自动加载类：app\admin\model\message
2020-05-16 07:45:59 [DEBUG] [root]show full columns from `heecms_message`
2020-05-16 07:45:59 [DEBUG] [root]select * from heecms_message   where ((`isread`=0 and `receiver_users_id`='1')) and (`heecms_message`.delete_time IS NULL or `heecms_message`.delete_time <=0 or `heecms_message`.delete_time='')  order by create_time desc  limit 5
2020-05-16 07:45:59 [DEBUG] [root]自动加载类：app\admin\model\menus
2020-05-16 07:45:59 [DEBUG] [root]show full columns from `heecms_menus`
2020-05-16 07:45:59 [DEBUG] [root]自动加载类：heephp\cache\file
2020-05-16 07:45:59 [DEBUG] [root]自动加载类：heephp\cache\cacheInterface
2020-05-16 07:45:59 [DEBUG] [root]show full columns from `heecms_menus`
2020-05-16 07:45:59 [DEBUG] [root]自动加载类：app\admin\model\users
2020-05-16 07:45:59 [DEBUG] [root]show full columns from `heecms_menus`
2020-05-16 07:45:59 [DEBUG] [root]select * from heecms_menus where `title`='网站优化'
2020-05-16 07:45:59 [DEBUG] [root]show full columns from `heecms_menus`
2020-05-16 07:45:59 [DEBUG] [root]insert into heecms_menus (`parent_id`,`icon`,`title`,`link`,`ord`,`remark`,`create_users_id`,`create_time`) values ('18','','网站优化','/seo/edit','2','','1','1589586359')
2020-05-16 07:46:00 [DEBUG] [root]自动加载类：app\admin\controller\adminBase
2020-05-16 07:46:00 [DEBUG] [root]自动加载类：app\admin\model\users_group
2020-05-16 07:46:00 [DEBUG] [root]自动加载类：heephp\model
2020-05-16 07:46:00 [DEBUG] [root]自动加载类：heephp\orm\orm
2020-05-16 07:46:00 [DEBUG] [root]自动加载类：heephp\database\mysqli
2020-05-16 07:46:00 [DEBUG] [root]自动加载类：heephp\database\databaseInterface
2020-05-16 07:46:00 [DEBUG] [root]show full columns from `heecms_users_group`
2020-05-16 07:46:00 [DEBUG] [root]select * from heecms_users_group   where ((`users_group_id`=1)) and (`heecms_users_group`.delete_time IS NULL or `heecms_users_group`.delete_time <=0 or `heecms_users_group`.delete_time='')    
2020-05-16 07:46:00 [DEBUG] [root]自动加载类：app\admin\model\message
2020-05-16 07:46:00 [DEBUG] [root]show full columns from `heecms_message`
2020-05-16 07:46:00 [DEBUG] [root]select * from heecms_message   where ((`isread`=0 and `receiver_users_id`='1')) and (`heecms_message`.delete_time IS NULL or `heecms_message`.delete_time <=0 or `heecms_message`.delete_time='')  order by create_time desc  limit 5
2020-05-16 07:46:00 [DEBUG] [root]自动加载类：app\admin\model\menus
2020-05-16 07:46:00 [DEBUG] [root]show full columns from `heecms_menus`
2020-05-16 07:46:00 [DEBUG] [root]自动加载类：heephp\cache\file
2020-05-16 07:46:00 [DEBUG] [root]自动加载类：heephp\cache\cacheInterface
2020-05-16 07:46:00 [DEBUG] [root]select * from heecms_menus   where ( `parent_id` IS NULL or `parent_id`='' or `parent_id`=0 ) and (`heecms_menus`.delete_time IS NULL or `heecms_menus`.delete_time <=0 or `heecms_menus`.delete_time='')  order by ord asc  
2020-05-16 07:46:00 [DEBUG] [root]show full columns from `heecms_menus`
2020-05-16 07:46:00 [DEBUG] [root]select * from heecms_menus   where ((`parent_id`='8')) and (`heecms_menus`.delete_time IS NULL or `heecms_menus`.delete_time <=0 or `heecms_menus`.delete_time='')  order by ord asc  
2020-05-16 07:46:00 [DEBUG] [root]自动加载类：app\admin\model\users
2020-05-16 07:46:00 [DEBUG] [root]select * from heecms_users   where ((`users_id`='1')) and (`heecms_users`.delete_time IS NULL or `heecms_users`.delete_time <=0 or `heecms_users`.delete_time='')    
2020-05-16 07:46:00 [DEBUG] [root]select * from heecms_menus   where ((`parent_id`='10')) and (`heecms_menus`.delete_time IS NULL or `heecms_menus`.delete_time <=0 or `heecms_menus`.delete_time='')  order by ord asc  
2020-05-16 07:46:00 [DEBUG] [root]select * from heecms_menus   where ((`parent_id`='5')) and (`heecms_menus`.delete_time IS NULL or `heecms_menus`.delete_time <=0 or `heecms_menus`.delete_time='')  order by ord asc  
2020-05-16 07:46:00 [DEBUG] [root]select * from heecms_menus   where ((`parent_id`='15')) and (`heecms_menus`.delete_time IS NULL or `heecms_menus`.delete_time <=0 or `heecms_menus`.delete_time='')  order by ord asc  
2020-05-16 07:46:00 [DEBUG] [root]select * from heecms_menus   where ((`parent_id`='18')) and (`heecms_menus`.delete_time IS NULL or `heecms_menus`.delete_time <=0 or `heecms_menus`.delete_time='')  order by ord asc  
2020-05-16 07:46:00 [DEBUG] [root]select * from heecms_menus   where ((`parent_id`='12')) and (`heecms_menus`.delete_time IS NULL or `heecms_menus`.delete_time <=0 or `heecms_menus`.delete_time='')  order by ord asc  
2020-05-16 07:46:00 [DEBUG] [root]show full columns from `heecms_menus`
2020-05-16 07:46:00 [DEBUG] [root]select count(*) c from heecms_menus   where ( `parent_id` IS NULL or `parent_id`='' or `parent_id`=0 ) and (`heecms_menus`.delete_time IS NULL or `heecms_menus`.delete_time <=0 or `heecms_menus`.delete_time='')    
2020-05-16 07:46:00 [DEBUG] [root]select  *  from heecms_menus   where ((( `parent_id` IS NULL or `parent_id`='' or `parent_id`=0 ) and (`heecms_menus`.delete_time IS NULL or `heecms_menus`.delete_time <=0 or `heecms_menus`.delete_time=''))) and (`heecms_menus`.delete_time IS NULL or `heecms_menus`.delete_time <=0 or `heecms_menus`.delete_time='')    
2020-05-16 07:46:00 [DEBUG] [root]自动加载类：heephp\bulider\pager
2020-05-16 07:46:00 [DEBUG] [root]show full columns from `heecms_menus`
2020-05-16 07:46:03 [DEBUG] [root]自动加载类：app\admin\controller\adminBase
2020-05-16 07:46:03 [DEBUG] [root]自动加载类：app\admin\model\users_group
2020-05-16 07:46:03 [DEBUG] [root]自动加载类：heephp\model
2020-05-16 07:46:03 [DEBUG] [root]自动加载类：heephp\orm\orm
2020-05-16 07:46:03 [DEBUG] [root]自动加载类：heephp\database\mysqli
2020-05-16 07:46:03 [DEBUG] [root]自动加载类：heephp\database\databaseInterface
2020-05-16 07:46:03 [DEBUG] [root]show full columns from `heecms_users_group`
2020-05-16 07:46:03 [DEBUG] [root]select * from heecms_users_group   where ((`users_group_id`=1)) and (`heecms_users_group`.delete_time IS NULL or `heecms_users_group`.delete_time <=0 or `heecms_users_group`.delete_time='')    
2020-05-16 07:46:03 [DEBUG] [root]自动加载类：app\admin\model\message
2020-05-16 07:46:03 [DEBUG] [root]show full columns from `heecms_message`
2020-05-16 07:46:03 [DEBUG] [root]select * from heecms_message   where ((`isread`=0 and `receiver_users_id`='1')) and (`heecms_message`.delete_time IS NULL or `heecms_message`.delete_time <=0 or `heecms_message`.delete_time='')  order by create_time desc  limit 5
2020-05-16 07:46:03 [DEBUG] [root]自动加载类：app\admin\model\menus
2020-05-16 07:46:03 [DEBUG] [root]show full columns from `heecms_menus`
2020-05-16 07:46:03 [DEBUG] [root]自动加载类：heephp\cache\file
2020-05-16 07:46:03 [DEBUG] [root]自动加载类：heephp\cache\cacheInterface
2020-05-16 07:46:03 [DEBUG] [root]show full columns from `heecms_menus`
2020-05-16 07:46:03 [DEBUG] [root]自动加载类：app\admin\model\users
2020-05-16 07:46:03 [DEBUG] [root]自动加载类：app\admin\model\ad
2020-05-16 07:46:03 [DEBUG] [root]select count(*) c from heecms_ad   where  (`heecms_ad`.delete_time IS NULL or `heecms_ad`.delete_time <=0 or `heecms_ad`.delete_time='')  order by create_time desc  
2020-05-16 07:46:03 [DEBUG] [root]select  *  from heecms_ad   where ((1=1)) and (`heecms_ad`.delete_time IS NULL or `heecms_ad`.delete_time <=0 or `heecms_ad`.delete_time='')  order by create_time desc  
2020-05-16 07:46:03 [DEBUG] [root]自动加载类：heephp\bulider\pager
2020-05-16 07:46:27 [DEBUG] [root]自动加载类：app\admin\controller\adminBase
2020-05-16 07:46:27 [DEBUG] [root]自动加载类：app\admin\model\users_group
2020-05-16 07:46:27 [DEBUG] [root]自动加载类：heephp\model
2020-05-16 07:46:27 [DEBUG] [root]自动加载类：heephp\orm\orm
2020-05-16 07:46:27 [DEBUG] [root]自动加载类：heephp\database\mysqli
2020-05-16 07:46:27 [DEBUG] [root]自动加载类：heephp\database\databaseInterface
2020-05-16 07:46:27 [DEBUG] [root]show full columns from `heecms_users_group`
2020-05-16 07:46:27 [DEBUG] [root]select * from heecms_users_group   where ((`users_group_id`=1)) and (`heecms_users_group`.delete_time IS NULL or `heecms_users_group`.delete_time <=0 or `heecms_users_group`.delete_time='')    
2020-05-16 07:46:27 [DEBUG] [root]自动加载类：app\admin\model\message
2020-05-16 07:46:27 [DEBUG] [root]show full columns from `heecms_message`
2020-05-16 07:46:27 [DEBUG] [root]select * from heecms_message   where ((`isread`=0 and `receiver_users_id`='1')) and (`heecms_message`.delete_time IS NULL or `heecms_message`.delete_time <=0 or `heecms_message`.delete_time='')  order by create_time desc  limit 5
2020-05-16 07:46:27 [DEBUG] [root]自动加载类：app\admin\model\menus
2020-05-16 07:46:27 [DEBUG] [root]show full columns from `heecms_menus`
2020-05-16 07:46:27 [DEBUG] [root]自动加载类：heephp\cache\file
2020-05-16 07:46:27 [DEBUG] [root]自动加载类：heephp\cache\cacheInterface
2020-05-16 07:46:27 [DEBUG] [root]show full columns from `heecms_menus`
2020-05-16 07:46:27 [DEBUG] [root]自动加载类：app\admin\model\users
2020-05-16 07:46:27 [DEBUG] [root]自动加载类：app\admin\model\ad
2020-05-16 07:46:27 [DEBUG] [root]select count(*) c from heecms_ad   where  (`heecms_ad`.delete_time IS NULL or `heecms_ad`.delete_time <=0 or `heecms_ad`.delete_time='')  order by create_time desc  
2020-05-16 07:46:27 [DEBUG] [root]select  *  from heecms_ad   where ((1=1)) and (`heecms_ad`.delete_time IS NULL or `heecms_ad`.delete_time <=0 or `heecms_ad`.delete_time='')  order by create_time desc  
2020-05-16 07:46:27 [DEBUG] [root]自动加载类：heephp\bulider\pager
2020-05-16 07:46:31 [DEBUG] [root]自动加载类：app\admin\controller\adminBase
2020-05-16 07:46:31 [DEBUG] [root]自动加载类：app\admin\model\users_group
2020-05-16 07:46:31 [DEBUG] [root]自动加载类：heephp\model
2020-05-16 07:46:31 [DEBUG] [root]自动加载类：heephp\orm\orm
2020-05-16 07:46:31 [DEBUG] [root]自动加载类：heephp\database\mysqli
2020-05-16 07:46:31 [DEBUG] [root]自动加载类：heephp\database\databaseInterface
2020-05-16 07:46:31 [DEBUG] [root]show full columns from `heecms_users_group`
2020-05-16 07:46:31 [DEBUG] [root]select * from heecms_users_group   where ((`users_group_id`=1)) and (`heecms_users_group`.delete_time IS NULL or `heecms_users_group`.delete_time <=0 or `heecms_users_group`.delete_time='')    
2020-05-16 07:46:31 [DEBUG] [root]自动加载类：app\admin\model\message
2020-05-16 07:46:31 [DEBUG] [root]show full columns from `heecms_message`
2020-05-16 07:46:31 [DEBUG] [root]select * from heecms_message   where ((`isread`=0 and `receiver_users_id`='1')) and (`heecms_message`.delete_time IS NULL or `heecms_message`.delete_time <=0 or `heecms_message`.delete_time='')  order by create_time desc  limit 5
2020-05-16 07:46:31 [DEBUG] [root]自动加载类：app\admin\model\menus
2020-05-16 07:46:31 [DEBUG] [root]show full columns from `heecms_menus`
2020-05-16 07:46:31 [DEBUG] [root]自动加载类：heephp\cache\file
2020-05-16 07:46:31 [DEBUG] [root]自动加载类：heephp\cache\cacheInterface
2020-05-16 07:46:31 [DEBUG] [root]show full columns from `heecms_menus`
2020-05-16 07:46:31 [DEBUG] [root]自动加载类：app\admin\model\users
2020-05-16 07:46:31 [DEBUG] [root]自动加载类：app\admin\model\ad
2020-05-16 07:46:31 [DEBUG] [root]select count(*) c from heecms_ad   where  (`heecms_ad`.delete_time IS NULL or `heecms_ad`.delete_time <=0 or `heecms_ad`.delete_time='')  order by create_time asc  
2020-05-16 07:46:31 [DEBUG] [root]select  *  from heecms_ad   where ((1=1)) and (`heecms_ad`.delete_time IS NULL or `heecms_ad`.delete_time <=0 or `heecms_ad`.delete_time='')  order by create_time asc  
2020-05-16 07:46:31 [DEBUG] [root]自动加载类：heephp\bulider\pager
2020-05-16 07:46:32 [DEBUG] [root]自动加载类：app\admin\controller\adminBase
2020-05-16 07:46:32 [DEBUG] [root]自动加载类：app\admin\model\users_group
2020-05-16 07:46:32 [DEBUG] [root]自动加载类：heephp\model
2020-05-16 07:46:32 [DEBUG] [root]自动加载类：heephp\orm\orm
2020-05-16 07:46:32 [DEBUG] [root]自动加载类：heephp\database\mysqli
2020-05-16 07:46:32 [DEBUG] [root]自动加载类：heephp\database\databaseInterface
2020-05-16 07:46:32 [DEBUG] [root]show full columns from `heecms_users_group`
2020-05-16 07:46:32 [DEBUG] [root]select * from heecms_users_group   where ((`users_group_id`=1)) and (`heecms_users_group`.delete_time IS NULL or `heecms_users_group`.delete_time <=0 or `heecms_users_group`.delete_time='')    
2020-05-16 07:46:32 [DEBUG] [root]自动加载类：app\admin\model\message
2020-05-16 07:46:32 [DEBUG] [root]show full columns from `heecms_message`
2020-05-16 07:46:32 [DEBUG] [root]select * from heecms_message   where ((`isread`=0 and `receiver_users_id`='1')) and (`heecms_message`.delete_time IS NULL or `heecms_message`.delete_time <=0 or `heecms_message`.delete_time='')  order by create_time desc  limit 5
2020-05-16 07:46:32 [DEBUG] [root]自动加载类：app\admin\model\menus
2020-05-16 07:46:32 [DEBUG] [root]show full columns from `heecms_menus`
2020-05-16 07:46:32 [DEBUG] [root]自动加载类：heephp\cache\file
2020-05-16 07:46:32 [DEBUG] [root]自动加载类：heephp\cache\cacheInterface
2020-05-16 07:46:32 [DEBUG] [root]show full columns from `heecms_menus`
2020-05-16 07:46:32 [DEBUG] [root]自动加载类：app\admin\model\users
2020-05-16 07:46:32 [DEBUG] [root]自动加载类：app\admin\model\ad
2020-05-16 07:46:32 [DEBUG] [root]select count(*) c from heecms_ad   where  (`heecms_ad`.delete_time IS NULL or `heecms_ad`.delete_time <=0 or `heecms_ad`.delete_time='')  order by create_time desc  
2020-05-16 07:46:32 [DEBUG] [root]select  *  from heecms_ad   where ((1=1)) and (`heecms_ad`.delete_time IS NULL or `heecms_ad`.delete_time <=0 or `heecms_ad`.delete_time='')  order by create_time desc  
2020-05-16 07:46:32 [DEBUG] [root]自动加载类：heephp\bulider\pager
2020-05-16 07:46:35 [DEBUG] [root]自动加载类：app\admin\controller\adminBase
2020-05-16 07:46:35 [DEBUG] [root]自动加载类：app\admin\model\users_group
2020-05-16 07:46:35 [DEBUG] [root]自动加载类：heephp\model
2020-05-16 07:46:35 [DEBUG] [root]自动加载类：heephp\orm\orm
2020-05-16 07:46:35 [DEBUG] [root]自动加载类：heephp\database\mysqli
2020-05-16 07:46:35 [DEBUG] [root]自动加载类：heephp\database\databaseInterface
2020-05-16 07:46:35 [DEBUG] [root]show full columns from `heecms_users_group`
2020-05-16 07:46:35 [DEBUG] [root]select * from heecms_users_group   where ((`users_group_id`=1)) and (`heecms_users_group`.delete_time IS NULL or `heecms_users_group`.delete_time <=0 or `heecms_users_group`.delete_time='')    
2020-05-16 07:46:35 [DEBUG] [root]自动加载类：app\admin\model\message
2020-05-16 07:46:35 [DEBUG] [root]show full columns from `heecms_message`
2020-05-16 07:46:35 [DEBUG] [root]select * from heecms_message   where ((`isread`=0 and `receiver_users_id`='1')) and (`heecms_message`.delete_time IS NULL or `heecms_message`.delete_time <=0 or `heecms_message`.delete_time='')  order by create_time desc  limit 5
2020-05-16 07:46:35 [DEBUG] [root]自动加载类：app\admin\model\menus
2020-05-16 07:46:35 [DEBUG] [root]show full columns from `heecms_menus`
2020-05-16 07:46:35 [DEBUG] [root]自动加载类：heephp\cache\file
2020-05-16 07:46:35 [DEBUG] [root]自动加载类：heephp\cache\cacheInterface
2020-05-16 07:46:35 [DEBUG] [root]show full columns from `heecms_menus`
2020-05-16 07:46:35 [DEBUG] [root]自动加载类：app\admin\model\users
2020-05-16 07:46:35 [DEBUG] [root]自动加载类：app\admin\model\ad
2020-05-16 07:46:35 [DEBUG] [root]select count(*) c from heecms_ad   where  (`heecms_ad`.delete_time IS NULL or `heecms_ad`.delete_time <=0 or `heecms_ad`.delete_time='')  order by hit asc  
2020-05-16 07:46:35 [DEBUG] [root]select  *  from heecms_ad   where ((1=1)) and (`heecms_ad`.delete_time IS NULL or `heecms_ad`.delete_time <=0 or `heecms_ad`.delete_time='')  order by hit asc  
2020-05-16 07:46:35 [DEBUG] [root]自动加载类：heephp\bulider\pager
2020-05-16 07:46:36 [DEBUG] [root]自动加载类：app\admin\controller\adminBase
2020-05-16 07:46:36 [DEBUG] [root]自动加载类：app\admin\model\users_group
2020-05-16 07:46:36 [DEBUG] [root]自动加载类：heephp\model
2020-05-16 07:46:36 [DEBUG] [root]自动加载类：heephp\orm\orm
2020-05-16 07:46:36 [DEBUG] [root]自动加载类：heephp\database\mysqli
2020-05-16 07:46:36 [DEBUG] [root]自动加载类：heephp\database\databaseInterface
2020-05-16 07:46:36 [DEBUG] [root]show full columns from `heecms_users_group`
2020-05-16 07:46:36 [DEBUG] [root]select * from heecms_users_group   where ((`users_group_id`=1)) and (`heecms_users_group`.delete_time IS NULL or `heecms_users_group`.delete_time <=0 or `heecms_users_group`.delete_time='')    
2020-05-16 07:46:36 [DEBUG] [root]自动加载类：app\admin\model\message
2020-05-16 07:46:36 [DEBUG] [root]show full columns from `heecms_message`
2020-05-16 07:46:36 [DEBUG] [root]select * from heecms_message   where ((`isread`=0 and `receiver_users_id`='1')) and (`heecms_message`.delete_time IS NULL or `heecms_message`.delete_time <=0 or `heecms_message`.delete_time='')  order by create_time desc  limit 5
2020-05-16 07:46:36 [DEBUG] [root]自动加载类：app\admin\model\menus
2020-05-16 07:46:36 [DEBUG] [root]show full columns from `heecms_menus`
2020-05-16 07:46:36 [DEBUG] [root]自动加载类：heephp\cache\file
2020-05-16 07:46:36 [DEBUG] [root]自动加载类：heephp\cache\cacheInterface
2020-05-16 07:46:36 [DEBUG] [root]show full columns from `heecms_menus`
2020-05-16 07:46:36 [DEBUG] [root]自动加载类：app\admin\model\users
2020-05-16 07:46:36 [DEBUG] [root]自动加载类：app\admin\model\ad
2020-05-16 07:46:36 [DEBUG] [root]select count(*) c from heecms_ad   where  (`heecms_ad`.delete_time IS NULL or `heecms_ad`.delete_time <=0 or `heecms_ad`.delete_time='')  order by hit asc  
2020-05-16 07:46:36 [DEBUG] [root]select  *  from heecms_ad   where ((1=1)) and (`heecms_ad`.delete_time IS NULL or `heecms_ad`.delete_time <=0 or `heecms_ad`.delete_time='')  order by hit asc  
2020-05-16 07:46:36 [DEBUG] [root]自动加载类：heephp\bulider\pager
2020-05-16 07:46:36 [DEBUG] [root]自动加载类：app\admin\controller\adminBase
2020-05-16 07:46:36 [DEBUG] [root]自动加载类：app\admin\model\users_group
2020-05-16 07:46:36 [DEBUG] [root]自动加载类：heephp\model
2020-05-16 07:46:36 [DEBUG] [root]自动加载类：heephp\orm\orm
2020-05-16 07:46:36 [DEBUG] [root]自动加载类：heephp\database\mysqli
2020-05-16 07:46:36 [DEBUG] [root]自动加载类：heephp\database\databaseInterface
2020-05-16 07:46:36 [DEBUG] [root]show full columns from `heecms_users_group`
2020-05-16 07:46:36 [DEBUG] [root]select * from heecms_users_group   where ((`users_group_id`=1)) and (`heecms_users_group`.delete_time IS NULL or `heecms_users_group`.delete_time <=0 or `heecms_users_group`.delete_time='')    
2020-05-16 07:46:36 [DEBUG] [root]自动加载类：app\admin\model\message
2020-05-16 07:46:36 [DEBUG] [root]show full columns from `heecms_message`
2020-05-16 07:46:36 [DEBUG] [root]select * from heecms_message   where ((`isread`=0 and `receiver_users_id`='1')) and (`heecms_message`.delete_time IS NULL or `heecms_message`.delete_time <=0 or `heecms_message`.delete_time='')  order by create_time desc  limit 5
2020-05-16 07:46:36 [DEBUG] [root]自动加载类：app\admin\model\menus
2020-05-16 07:46:36 [DEBUG] [root]show full columns from `heecms_menus`
2020-05-16 07:46:36 [DEBUG] [root]自动加载类：heephp\cache\file
2020-05-16 07:46:36 [DEBUG] [root]自动加载类：heephp\cache\cacheInterface
2020-05-16 07:46:36 [DEBUG] [root]show full columns from `heecms_menus`
2020-05-16 07:46:36 [DEBUG] [root]自动加载类：app\admin\model\users
2020-05-16 07:46:36 [DEBUG] [root]自动加载类：app\admin\model\ad
2020-05-16 07:46:36 [DEBUG] [root]select count(*) c from heecms_ad   where  (`heecms_ad`.delete_time IS NULL or `heecms_ad`.delete_time <=0 or `heecms_ad`.delete_time='')  order by hit asc  
2020-05-16 07:46:36 [DEBUG] [root]select  *  from heecms_ad   where ((1=1)) and (`heecms_ad`.delete_time IS NULL or `heecms_ad`.delete_time <=0 or `heecms_ad`.delete_time='')  order by hit asc  
2020-05-16 07:46:36 [DEBUG] [root]自动加载类：heephp\bulider\pager
2020-05-16 07:46:38 [DEBUG] [root]自动加载类：app\admin\controller\adminBase
2020-05-16 07:46:38 [DEBUG] [root]自动加载类：app\admin\model\users_group
2020-05-16 07:46:38 [DEBUG] [root]自动加载类：heephp\model
2020-05-16 07:46:38 [DEBUG] [root]自动加载类：heephp\orm\orm
2020-05-16 07:46:38 [DEBUG] [root]自动加载类：heephp\database\mysqli
2020-05-16 07:46:38 [DEBUG] [root]自动加载类：heephp\database\databaseInterface
2020-05-16 07:46:38 [DEBUG] [root]show full columns from `heecms_users_group`
2020-05-16 07:46:38 [DEBUG] [root]select * from heecms_users_group   where ((`users_group_id`=1)) and (`heecms_users_group`.delete_time IS NULL or `heecms_users_group`.delete_time <=0 or `heecms_users_group`.delete_time='')    
2020-05-16 07:46:38 [DEBUG] [root]自动加载类：app\admin\model\message
2020-05-16 07:46:38 [DEBUG] [root]show full columns from `heecms_message`
2020-05-16 07:46:38 [DEBUG] [root]select * from heecms_message   where ((`isread`=0 and `receiver_users_id`='1')) and (`heecms_message`.delete_time IS NULL or `heecms_message`.delete_time <=0 or `heecms_message`.delete_time='')  order by create_time desc  limit 5
2020-05-16 07:46:38 [DEBUG] [root]自动加载类：app\admin\model\menus
2020-05-16 07:46:38 [DEBUG] [root]show full columns from `heecms_menus`
2020-05-16 07:46:38 [DEBUG] [root]自动加载类：heephp\cache\file
2020-05-16 07:46:38 [DEBUG] [root]自动加载类：heephp\cache\cacheInterface
2020-05-16 07:46:38 [DEBUG] [root]show full columns from `heecms_menus`
2020-05-16 07:46:38 [DEBUG] [root]自动加载类：app\admin\model\users
2020-05-16 07:46:38 [DEBUG] [root]自动加载类：app\admin\model\ad
2020-05-16 07:46:38 [DEBUG] [root]select count(*) c from heecms_ad   where  (`heecms_ad`.delete_time IS NULL or `heecms_ad`.delete_time <=0 or `heecms_ad`.delete_time='')  order by create_time desc  
2020-05-16 07:46:38 [DEBUG] [root]select  *  from heecms_ad   where ((1=1)) and (`heecms_ad`.delete_time IS NULL or `heecms_ad`.delete_time <=0 or `heecms_ad`.delete_time='')  order by create_time desc  
2020-05-16 07:46:38 [DEBUG] [root]自动加载类：heephp\bulider\pager
2020-05-16 07:54:04 [DEBUG] [root]自动加载类：app\admin\controller\adminBase
2020-05-16 07:54:04 [DEBUG] [root]自动加载类：app\admin\controller\seo
2020-05-16 07:55:40 [DEBUG] [root]自动加载类：app\admin\controller\adminBase
2020-05-16 07:55:40 [DEBUG] [root]自动加载类：app\admin\model\users_group
2020-05-16 07:55:40 [DEBUG] [root]自动加载类：heephp\model
2020-05-16 07:55:40 [DEBUG] [root]自动加载类：heephp\orm\orm
2020-05-16 07:55:40 [DEBUG] [root]自动加载类：heephp\database\mysqli
2020-05-16 07:55:40 [DEBUG] [root]自动加载类：heephp\database\databaseInterface
2020-05-16 07:55:40 [DEBUG] [root]show full columns from `heecms_users_group`
2020-05-16 07:55:40 [DEBUG] [root]select * from heecms_users_group   where ((`users_group_id`=1)) and (`heecms_users_group`.delete_time IS NULL or `heecms_users_group`.delete_time <=0 or `heecms_users_group`.delete_time='')    
2020-05-16 07:55:40 [DEBUG] [root]自动加载类：app\admin\model\message
2020-05-16 07:55:40 [DEBUG] [root]show full columns from `heecms_message`
2020-05-16 07:55:40 [DEBUG] [root]select * from heecms_message   where ((`isread`=0 and `receiver_users_id`='1')) and (`heecms_message`.delete_time IS NULL or `heecms_message`.delete_time <=0 or `heecms_message`.delete_time='')  order by create_time desc  limit 5
2020-05-16 07:55:40 [DEBUG] [root]自动加载类：app\admin\model\menus
2020-05-16 07:55:40 [DEBUG] [root]show full columns from `heecms_menus`
2020-05-16 07:55:40 [DEBUG] [root]自动加载类：heephp\cache\file
2020-05-16 07:55:40 [DEBUG] [root]自动加载类：heephp\cache\cacheInterface
2020-05-16 07:55:40 [DEBUG] [root]show full columns from `heecms_menus`
2020-05-16 07:55:40 [DEBUG] [root]自动加载类：app\admin\model\users
2020-05-16 07:55:40 [DEBUG] [root]show full columns from `heecms_config`
2020-05-16 07:55:40 [DEBUG] [root]select * from heecms_config       
2020-05-16 07:56:26 [DEBUG] [root]自动加载类：app\admin\controller\adminBase
2020-05-16 07:56:26 [DEBUG] [root]自动加载类：app\admin\model\users_group
2020-05-16 07:56:26 [DEBUG] [root]自动加载类：heephp\model
2020-05-16 07:56:26 [DEBUG] [root]自动加载类：heephp\orm\orm
2020-05-16 07:56:26 [DEBUG] [root]自动加载类：heephp\database\mysqli
2020-05-16 07:56:26 [DEBUG] [root]自动加载类：heephp\database\databaseInterface
2020-05-16 07:56:26 [DEBUG] [root]show full columns from `heecms_users_group`
2020-05-16 07:56:26 [DEBUG] [root]select * from heecms_users_group   where ((`users_group_id`=1)) and (`heecms_users_group`.delete_time IS NULL or `heecms_users_group`.delete_time <=0 or `heecms_users_group`.delete_time='')    
2020-05-16 07:56:26 [DEBUG] [root]自动加载类：app\admin\model\message
2020-05-16 07:56:26 [DEBUG] [root]show full columns from `heecms_message`
2020-05-16 07:56:26 [DEBUG] [root]select * from heecms_message   where ((`isread`=0 and `receiver_users_id`='1')) and (`heecms_message`.delete_time IS NULL or `heecms_message`.delete_time <=0 or `heecms_message`.delete_time='')  order by create_time desc  limit 5
2020-05-16 07:56:26 [DEBUG] [root]自动加载类：app\admin\model\menus
2020-05-16 07:56:26 [DEBUG] [root]show full columns from `heecms_menus`
2020-05-16 07:56:26 [DEBUG] [root]自动加载类：heephp\cache\file
2020-05-16 07:56:26 [DEBUG] [root]自动加载类：heephp\cache\cacheInterface
2020-05-16 07:56:26 [DEBUG] [root]show full columns from `heecms_menus`
2020-05-16 07:56:26 [DEBUG] [root]自动加载类：app\admin\model\users
2020-05-16 07:56:26 [DEBUG] [root]show full columns from `heecms_config`
2020-05-16 07:56:26 [DEBUG] [root]select * from heecms_config       
2020-05-16 07:59:56 [DEBUG] [root]自动加载类：app\admin\controller\adminBase
2020-05-16 07:59:56 [DEBUG] [root]自动加载类：app\admin\model\users_group
2020-05-16 07:59:56 [DEBUG] [root]自动加载类：heephp\model
2020-05-16 07:59:56 [DEBUG] [root]自动加载类：heephp\orm\orm
2020-05-16 07:59:56 [DEBUG] [root]自动加载类：heephp\database\mysqli
2020-05-16 07:59:56 [DEBUG] [root]自动加载类：heephp\database\databaseInterface
2020-05-16 07:59:56 [DEBUG] [root]show full columns from `heecms_users_group`
2020-05-16 07:59:56 [DEBUG] [root]select * from heecms_users_group   where ((`users_group_id`=1)) and (`heecms_users_group`.delete_time IS NULL or `heecms_users_group`.delete_time <=0 or `heecms_users_group`.delete_time='')    
2020-05-16 07:59:56 [DEBUG] [root]自动加载类：app\admin\model\message
2020-05-16 07:59:56 [DEBUG] [root]show full columns from `heecms_message`
2020-05-16 07:59:56 [DEBUG] [root]select * from heecms_message   where ((`isread`=0 and `receiver_users_id`='1')) and (`heecms_message`.delete_time IS NULL or `heecms_message`.delete_time <=0 or `heecms_message`.delete_time='')  order by create_time desc  limit 5
2020-05-16 07:59:56 [DEBUG] [root]自动加载类：app\admin\model\menus
2020-05-16 07:59:56 [DEBUG] [root]show full columns from `heecms_menus`
2020-05-16 07:59:56 [DEBUG] [root]自动加载类：heephp\cache\file
2020-05-16 07:59:56 [DEBUG] [root]自动加载类：heephp\cache\cacheInterface
2020-05-16 07:59:56 [DEBUG] [root]show full columns from `heecms_menus`
2020-05-16 07:59:56 [DEBUG] [root]自动加载类：app\admin\model\users
2020-05-16 07:59:56 [DEBUG] [root]自动加载类：app\admin\model\ad
2020-05-16 07:59:56 [DEBUG] [root]select count(*) c from heecms_ad   where  (`heecms_ad`.delete_time IS NULL or `heecms_ad`.delete_time <=0 or `heecms_ad`.delete_time='')  order by create_time desc  
2020-05-16 07:59:56 [DEBUG] [root]select  *  from heecms_ad   where ((1=1)) and (`heecms_ad`.delete_time IS NULL or `heecms_ad`.delete_time <=0 or `heecms_ad`.delete_time='')  order by create_time desc  
2020-05-16 07:59:56 [DEBUG] [root]自动加载类：heephp\bulider\pager
2020-05-16 07:59:57 [DEBUG] [root]自动加载类：app\admin\controller\adminBase
2020-05-16 07:59:57 [DEBUG] [root]自动加载类：app\admin\model\users_group
2020-05-16 07:59:57 [DEBUG] [root]自动加载类：heephp\model
2020-05-16 07:59:57 [DEBUG] [root]自动加载类：heephp\orm\orm
2020-05-16 07:59:57 [DEBUG] [root]自动加载类：heephp\database\mysqli
2020-05-16 07:59:57 [DEBUG] [root]自动加载类：heephp\database\databaseInterface
2020-05-16 07:59:57 [DEBUG] [root]show full columns from `heecms_users_group`
2020-05-16 07:59:57 [DEBUG] [root]select * from heecms_users_group   where ((`users_group_id`=1)) and (`heecms_users_group`.delete_time IS NULL or `heecms_users_group`.delete_time <=0 or `heecms_users_group`.delete_time='')    
2020-05-16 07:59:57 [DEBUG] [root]自动加载类：app\admin\model\message
2020-05-16 07:59:57 [DEBUG] [root]show full columns from `heecms_message`
2020-05-16 07:59:57 [DEBUG] [root]select * from heecms_message   where ((`isread`=0 and `receiver_users_id`='1')) and (`heecms_message`.delete_time IS NULL or `heecms_message`.delete_time <=0 or `heecms_message`.delete_time='')  order by create_time desc  limit 5
2020-05-16 07:59:57 [DEBUG] [root]自动加载类：app\admin\model\menus
2020-05-16 07:59:57 [DEBUG] [root]show full columns from `heecms_menus`
2020-05-16 07:59:57 [DEBUG] [root]自动加载类：heephp\cache\file
2020-05-16 07:59:57 [DEBUG] [root]自动加载类：heephp\cache\cacheInterface
2020-05-16 07:59:57 [DEBUG] [root]show full columns from `heecms_menus`
2020-05-16 07:59:57 [DEBUG] [root]自动加载类：app\admin\model\users
2020-05-16 07:59:57 [DEBUG] [root]show full columns from `heecms_config`
2020-05-16 07:59:57 [DEBUG] [root]select * from heecms_config       
2020-05-16 07:59:58 [DEBUG] [root]自动加载类：app\admin\controller\adminBase
2020-05-16 07:59:58 [DEBUG] [root]自动加载类：app\admin\model\users_group
2020-05-16 07:59:58 [DEBUG] [root]自动加载类：heephp\model
2020-05-16 07:59:58 [DEBUG] [root]自动加载类：heephp\orm\orm
2020-05-16 07:59:58 [DEBUG] [root]自动加载类：heephp\database\mysqli
2020-05-16 07:59:58 [DEBUG] [root]自动加载类：heephp\database\databaseInterface
2020-05-16 07:59:58 [DEBUG] [root]show full columns from `heecms_users_group`
2020-05-16 07:59:58 [DEBUG] [root]select * from heecms_users_group   where ((`users_group_id`=1)) and (`heecms_users_group`.delete_time IS NULL or `heecms_users_group`.delete_time <=0 or `heecms_users_group`.delete_time='')    
2020-05-16 07:59:58 [DEBUG] [root]自动加载类：app\admin\model\message
2020-05-16 07:59:58 [DEBUG] [root]show full columns from `heecms_message`
2020-05-16 07:59:58 [DEBUG] [root]select * from heecms_message   where ((`isread`=0 and `receiver_users_id`='1')) and (`heecms_message`.delete_time IS NULL or `heecms_message`.delete_time <=0 or `heecms_message`.delete_time='')  order by create_time desc  limit 5
2020-05-16 07:59:58 [DEBUG] [root]自动加载类：app\admin\model\menus
2020-05-16 07:59:58 [DEBUG] [root]show full columns from `heecms_menus`
2020-05-16 07:59:58 [DEBUG] [root]自动加载类：heephp\cache\file
2020-05-16 07:59:58 [DEBUG] [root]自动加载类：heephp\cache\cacheInterface
2020-05-16 07:59:58 [DEBUG] [root]show full columns from `heecms_menus`
2020-05-16 07:59:58 [DEBUG] [root]自动加载类：app\admin\model\users
2020-05-16 07:59:58 [DEBUG] [root]自动加载类：app\admin\model\ad
2020-05-16 07:59:58 [DEBUG] [root]select count(*) c from heecms_ad   where  (`heecms_ad`.delete_time IS NULL or `heecms_ad`.delete_time <=0 or `heecms_ad`.delete_time='')  order by create_time desc  
2020-05-16 07:59:58 [DEBUG] [root]select  *  from heecms_ad   where ((1=1)) and (`heecms_ad`.delete_time IS NULL or `heecms_ad`.delete_time <=0 or `heecms_ad`.delete_time='')  order by create_time desc  
2020-05-16 07:59:58 [DEBUG] [root]自动加载类：heephp\bulider\pager
2020-05-16 07:59:59 [DEBUG] [root]自动加载类：app\admin\controller\adminBase
2020-05-16 07:59:59 [DEBUG] [root]自动加载类：app\admin\model\users_group
2020-05-16 07:59:59 [DEBUG] [root]自动加载类：heephp\model
2020-05-16 07:59:59 [DEBUG] [root]自动加载类：heephp\orm\orm
2020-05-16 07:59:59 [DEBUG] [root]自动加载类：heephp\database\mysqli
2020-05-16 07:59:59 [DEBUG] [root]自动加载类：heephp\database\databaseInterface
2020-05-16 07:59:59 [DEBUG] [root]show full columns from `heecms_users_group`
2020-05-16 07:59:59 [DEBUG] [root]select * from heecms_users_group   where ((`users_group_id`=1)) and (`heecms_users_group`.delete_time IS NULL or `heecms_users_group`.delete_time <=0 or `heecms_users_group`.delete_time='')    
2020-05-16 07:59:59 [DEBUG] [root]自动加载类：app\admin\model\message
2020-05-16 07:59:59 [DEBUG] [root]show full columns from `heecms_message`
2020-05-16 07:59:59 [DEBUG] [root]select * from heecms_message   where ((`isread`=0 and `receiver_users_id`='1')) and (`heecms_message`.delete_time IS NULL or `heecms_message`.delete_time <=0 or `heecms_message`.delete_time='')  order by create_time desc  limit 5
2020-05-16 07:59:59 [DEBUG] [root]自动加载类：app\admin\model\menus
2020-05-16 07:59:59 [DEBUG] [root]show full columns from `heecms_menus`
2020-05-16 07:59:59 [DEBUG] [root]自动加载类：heephp\cache\file
2020-05-16 07:59:59 [DEBUG] [root]自动加载类：heephp\cache\cacheInterface
2020-05-16 07:59:59 [DEBUG] [root]show full columns from `heecms_menus`
2020-05-16 07:59:59 [DEBUG] [root]自动加载类：app\admin\model\users
2020-05-16 07:59:59 [DEBUG] [root]show full columns from `heecms_config`
2020-05-16 07:59:59 [DEBUG] [root]select * from heecms_config       
