2020-09-25 21:23:09 [DEBUG] [root]show full columns from `heecms_pages`
2020-09-25 21:23:09 [DEBUG] [root]select * from heecms_pages       
2020-09-25 21:23:09 [DEBUG] [root]select * from heecms_config where 1=1  
2020-09-25 21:23:09 [DEBUG] [root]show full columns from `heecms_config`
2020-09-25 21:23:09 [DEBUG] [root]select `name`,`value` from heecms_config       
2020-09-25 21:23:09 [DEBUG] [root]select * from heecms_link_group   where  (`heecms_link_group`.delete_time IS NULL or `heecms_link_group`.delete_time <=0 or `heecms_link_group`.delete_time='')    
2020-09-25 21:23:10 [DEBUG] [root]select * from heecms_link   where ((`link_group_id`='1')) and (`heecms_link`.delete_time IS NULL or `heecms_link`.delete_time <=0 or `heecms_link`.delete_time='')  order by link_group_id asc  
2020-09-25 21:23:10 [DEBUG] [root]select * from heecms_link   where ((`parent_id`='1')) and (`heecms_link`.delete_time IS NULL or `heecms_link`.delete_time <=0 or `heecms_link`.delete_time='')  order by parent_id asc  
2020-09-25 21:23:10 [DEBUG] [root]select * from heecms_link   where ((`parent_id`='3')) and (`heecms_link`.delete_time IS NULL or `heecms_link`.delete_time <=0 or `heecms_link`.delete_time='')  order by parent_id asc  
2020-09-25 21:23:10 [DEBUG] [root]select * from heecms_link   where ((`parent_id`='4')) and (`heecms_link`.delete_time IS NULL or `heecms_link`.delete_time <=0 or `heecms_link`.delete_time='')  order by parent_id asc  
2020-09-25 21:23:10 [DEBUG] [root]select * from heecms_link   where ((`parent_id`='5')) and (`heecms_link`.delete_time IS NULL or `heecms_link`.delete_time <=0 or `heecms_link`.delete_time='')  order by parent_id asc  
2020-09-25 21:23:10 [DEBUG] [root]select * from heecms_link   where ((`parent_id`='6')) and (`heecms_link`.delete_time IS NULL or `heecms_link`.delete_time <=0 or `heecms_link`.delete_time='')  order by parent_id asc  
2020-09-25 21:23:10 [DEBUG] [root]select * from heecms_link   where ((`parent_id`='7')) and (`heecms_link`.delete_time IS NULL or `heecms_link`.delete_time <=0 or `heecms_link`.delete_time='')  order by parent_id asc  
2020-09-25 21:23:10 [DEBUG] [root]select * from heecms_link   where ((`parent_id`='19')) and (`heecms_link`.delete_time IS NULL or `heecms_link`.delete_time <=0 or `heecms_link`.delete_time='')  order by parent_id asc  
2020-09-25 21:23:10 [DEBUG] [root]select * from heecms_link   where ((`link_group_id`='2')) and (`heecms_link`.delete_time IS NULL or `heecms_link`.delete_time <=0 or `heecms_link`.delete_time='')  order by link_group_id asc  
2020-09-25 21:23:10 [DEBUG] [root]select * from heecms_link   where ((`parent_id`='8')) and (`heecms_link`.delete_time IS NULL or `heecms_link`.delete_time <=0 or `heecms_link`.delete_time='')  order by parent_id asc  
2020-09-25 21:23:10 [DEBUG] [root]select * from heecms_link   where ((`parent_id`='9')) and (`heecms_link`.delete_time IS NULL or `heecms_link`.delete_time <=0 or `heecms_link`.delete_time='')  order by parent_id asc  
2020-09-25 21:23:10 [DEBUG] [root]select * from heecms_link   where ((`parent_id`='10')) and (`heecms_link`.delete_time IS NULL or `heecms_link`.delete_time <=0 or `heecms_link`.delete_time='')  order by parent_id asc  
2020-09-25 21:23:10 [DEBUG] [root]select * from heecms_link   where ((`parent_id`='11')) and (`heecms_link`.delete_time IS NULL or `heecms_link`.delete_time <=0 or `heecms_link`.delete_time='')  order by parent_id asc  
2020-09-25 21:23:10 [DEBUG] [root]select * from heecms_link   where ((`parent_id`='12')) and (`heecms_link`.delete_time IS NULL or `heecms_link`.delete_time <=0 or `heecms_link`.delete_time='')  order by parent_id asc  
2020-09-25 21:23:10 [DEBUG] [root]select * from heecms_link   where ((`parent_id`='13')) and (`heecms_link`.delete_time IS NULL or `heecms_link`.delete_time <=0 or `heecms_link`.delete_time='')  order by parent_id asc  
2020-09-25 21:23:10 [DEBUG] [root]select * from heecms_link   where ((`parent_id`='14')) and (`heecms_link`.delete_time IS NULL or `heecms_link`.delete_time <=0 or `heecms_link`.delete_time='')  order by parent_id asc  
2020-09-25 21:23:10 [DEBUG] [root]select * from heecms_link   where ((`parent_id`='15')) and (`heecms_link`.delete_time IS NULL or `heecms_link`.delete_time <=0 or `heecms_link`.delete_time='')  order by parent_id asc  
2020-09-25 21:23:10 [DEBUG] [root]select * from heecms_link   where ((`parent_id`='16')) and (`heecms_link`.delete_time IS NULL or `heecms_link`.delete_time <=0 or `heecms_link`.delete_time='')  order by parent_id asc  
2020-09-25 21:23:10 [DEBUG] [root]select * from heecms_link   where ((`parent_id`='17')) and (`heecms_link`.delete_time IS NULL or `heecms_link`.delete_time <=0 or `heecms_link`.delete_time='')  order by parent_id asc  
2020-09-25 21:23:10 [DEBUG] [root]select * from heecms_link   where ((`parent_id`='18')) and (`heecms_link`.delete_time IS NULL or `heecms_link`.delete_time <=0 or `heecms_link`.delete_time='')  order by parent_id asc  
2020-09-25 21:23:10 [DEBUG] [root]select * from heecms_link   where ((`link_group_id`='3')) and (`heecms_link`.delete_time IS NULL or `heecms_link`.delete_time <=0 or `heecms_link`.delete_time='')  order by link_group_id asc  
2020-09-25 21:23:10 [DEBUG] [root]select * from heecms_link   where ((`parent_id`='20')) and (`heecms_link`.delete_time IS NULL or `heecms_link`.delete_time <=0 or `heecms_link`.delete_time='')  order by parent_id asc  
2020-09-25 21:23:10 [DEBUG] [root]select * from heecms_link   where ((`parent_id`='21')) and (`heecms_link`.delete_time IS NULL or `heecms_link`.delete_time <=0 or `heecms_link`.delete_time='')  order by parent_id asc  
2020-09-25 21:23:10 [DEBUG] [root]select * from heecms_link   where ((`parent_id`='22')) and (`heecms_link`.delete_time IS NULL or `heecms_link`.delete_time <=0 or `heecms_link`.delete_time='')  order by parent_id asc  
2020-09-25 21:23:10 [DEBUG] [root]select * from heecms_link   where ((`parent_id`='23')) and (`heecms_link`.delete_time IS NULL or `heecms_link`.delete_time <=0 or `heecms_link`.delete_time='')  order by parent_id asc  
2020-09-25 21:23:10 [DEBUG] [root]select * from heecms_link   where ((`parent_id`='24')) and (`heecms_link`.delete_time IS NULL or `heecms_link`.delete_time <=0 or `heecms_link`.delete_time='')  order by parent_id asc  
2020-09-25 21:23:10 [DEBUG] [root]show full columns from `heecms_pages`
2020-09-25 21:23:10 [DEBUG] [root]select * from heecms_pages       
2020-09-25 21:23:10 [DEBUG] [root]show full columns from `heecms_pages`
2020-09-25 21:23:10 [DEBUG] [root]select * from heecms_pages       
2020-09-25 21:23:10 [DEBUG] [root]show full columns from `heecms_pages`
2020-09-25 21:23:10 [DEBUG] [root]select * from heecms_pages       
2020-09-25 21:23:10 [DEBUG] [root]show full columns from `heecms_pages`
2020-09-25 21:23:10 [DEBUG] [root]select * from heecms_pages       
2020-09-25 21:23:11 [DEBUG] [root]show full columns from `heecms_pages`
2020-09-25 21:23:11 [DEBUG] [root]select * from heecms_pages       
2020-09-25 21:23:11 [DEBUG] [root]show full columns from `heecms_pages`
2020-09-25 21:23:11 [DEBUG] [root]select * from heecms_pages       
2020-09-25 21:23:11 [DEBUG] [root]show full columns from `heecms_pages`
2020-09-25 21:23:11 [DEBUG] [root]select * from heecms_pages       
2020-09-25 21:23:11 [DEBUG] [root]show full columns from `heecms_pages`
2020-09-25 21:23:11 [DEBUG] [root]select * from heecms_pages       
2020-09-25 21:23:11 [DEBUG] [root]show full columns from `heecms_pages`
2020-09-25 21:23:11 [DEBUG] [root]select * from heecms_pages       
2020-09-25 21:23:11 [DEBUG] [root]show full columns from `heecms_pages`
2020-09-25 21:23:11 [DEBUG] [root]select * from heecms_pages       
2020-09-25 21:23:18 [DEBUG] [root]show full columns from `heecms_pages`
2020-09-25 21:23:18 [DEBUG] [root]select * from heecms_pages       
2020-09-25 21:23:18 [DEBUG] [root]show full columns from `heecms_users_group`
2020-09-25 21:23:18 [DEBUG] [root]select * from heecms_users_group   where ((`users_group_id`=)) and (`heecms_users_group`.delete_time IS NULL or `heecms_users_group`.delete_time <=0 or `heecms_users_group`.delete_time='')    
2020-09-25 21:23:18 [DEBUG] [root]show full columns from `heecms_pages`
2020-09-25 21:23:18 [DEBUG] [root]select * from heecms_pages       
2020-09-25 21:23:18 [DEBUG] [root]show full columns from `heecms_pages`
2020-09-25 21:23:18 [DEBUG] [root]select * from heecms_pages       
2020-09-25 21:23:18 [DEBUG] [root]show full columns from `heecms_pages`
2020-09-25 21:23:18 [DEBUG] [root]select * from heecms_pages       
2020-09-25 21:23:26 [DEBUG] [root]show full columns from `heecms_pages`
2020-09-25 21:23:26 [DEBUG] [root]select * from heecms_pages       
2020-09-25 21:23:26 [DEBUG] [root]select * from heecms_users   where ((`username`='admin' and `password`='e10adc3949ba59abbe56e057f20f883e')) and (`heecms_users`.delete_time IS NULL or `heecms_users`.delete_time <=0 or `heecms_users`.delete_time='')    
2020-09-25 21:23:26 [DEBUG] [root]show full columns from `heecms_users_group`
2020-09-25 21:23:26 [DEBUG] [root]select * from heecms_users_group   where ((`users_group_id`='1')) and (`heecms_users_group`.delete_time IS NULL or `heecms_users_group`.delete_time <=0 or `heecms_users_group`.delete_time='')    
2020-09-25 21:23:26 [DEBUG] [root]show full columns from `heecms_pages`
2020-09-25 21:23:26 [DEBUG] [root]select * from heecms_pages       
2020-09-25 21:23:26 [DEBUG] [root]show full columns from `heecms_users_group`
2020-09-25 21:23:26 [DEBUG] [root]select * from heecms_users_group   where ((`users_group_id`=1)) and (`heecms_users_group`.delete_time IS NULL or `heecms_users_group`.delete_time <=0 or `heecms_users_group`.delete_time='')    
2020-09-25 21:23:26 [DEBUG] [root]show full columns from `heecms_message`
2020-09-25 21:23:26 [DEBUG] [root]select * from heecms_message   where ((`isread`=0 and `receiver_users_id`='1')) and (`heecms_message`.delete_time IS NULL or `heecms_message`.delete_time <=0 or `heecms_message`.delete_time='')  order by create_time desc  limit 5
2020-09-25 21:23:26 [DEBUG] [root]select * from heecms_menus   where ( `parent_id` IS NULL or `parent_id`='' or `parent_id`=0 ) and (`heecms_menus`.delete_time IS NULL or `heecms_menus`.delete_time <=0 or `heecms_menus`.delete_time='')  order by ord asc  
2020-09-25 21:23:26 [DEBUG] [root]select * from heecms_menus   where ((`parent_id`='8')) and (`heecms_menus`.delete_time IS NULL or `heecms_menus`.delete_time <=0 or `heecms_menus`.delete_time='')  order by ord asc  
2020-09-25 21:23:26 [DEBUG] [root]select * from heecms_users   where ((`users_id`='1')) and (`heecms_users`.delete_time IS NULL or `heecms_users`.delete_time <=0 or `heecms_users`.delete_time='')    
2020-09-25 21:23:26 [DEBUG] [root]select * from heecms_menus   where ((`parent_id`='10')) and (`heecms_menus`.delete_time IS NULL or `heecms_menus`.delete_time <=0 or `heecms_menus`.delete_time='')  order by ord asc  
2020-09-25 21:23:26 [DEBUG] [root]select * from heecms_menus   where ((`parent_id`='15')) and (`heecms_menus`.delete_time IS NULL or `heecms_menus`.delete_time <=0 or `heecms_menus`.delete_time='')  order by ord asc  
2020-09-25 21:23:26 [DEBUG] [root]select * from heecms_menus   where ((`parent_id`='5')) and (`heecms_menus`.delete_time IS NULL or `heecms_menus`.delete_time <=0 or `heecms_menus`.delete_time='')  order by ord asc  
2020-09-25 21:23:26 [DEBUG] [root]select * from heecms_menus   where ((`parent_id`='18')) and (`heecms_menus`.delete_time IS NULL or `heecms_menus`.delete_time <=0 or `heecms_menus`.delete_time='')  order by ord asc  
2020-09-25 21:23:26 [DEBUG] [root]select * from heecms_menus   where ((`parent_id`='21')) and (`heecms_menus`.delete_time IS NULL or `heecms_menus`.delete_time <=0 or `heecms_menus`.delete_time='')  order by ord asc  
2020-09-25 21:23:26 [DEBUG] [root]select * from heecms_menus   where ((`parent_id`='24')) and (`heecms_menus`.delete_time IS NULL or `heecms_menus`.delete_time <=0 or `heecms_menus`.delete_time='')  order by ord asc  
2020-09-25 21:23:26 [DEBUG] [root]select * from heecms_menus   where ((`parent_id`='12')) and (`heecms_menus`.delete_time IS NULL or `heecms_menus`.delete_time <=0 or `heecms_menus`.delete_time='')  order by ord asc  
2020-09-25 21:23:27 [DEBUG] [root]show full columns from `heecms_pages`
2020-09-25 21:23:27 [DEBUG] [root]select * from heecms_pages       
2020-09-25 21:23:27 [DEBUG] [root]show full columns from `heecms_pages`
2020-09-25 21:23:27 [DEBUG] [root]select * from heecms_pages       
2020-09-25 21:23:46 [DEBUG] [root]show full columns from `heecms_pages`
2020-09-25 21:23:46 [DEBUG] [root]select * from heecms_pages       
2020-09-25 21:23:46 [DEBUG] [root]show full columns from `heecms_users_group`
2020-09-25 21:23:46 [DEBUG] [root]select * from heecms_users_group   where ((`users_group_id`=1)) and (`heecms_users_group`.delete_time IS NULL or `heecms_users_group`.delete_time <=0 or `heecms_users_group`.delete_time='')    
2020-09-25 21:23:46 [DEBUG] [root]show full columns from `heecms_message`
2020-09-25 21:23:46 [DEBUG] [root]select * from heecms_message   where ((`isread`=0 and `receiver_users_id`='1')) and (`heecms_message`.delete_time IS NULL or `heecms_message`.delete_time <=0 or `heecms_message`.delete_time='')  order by create_time desc  limit 5
2020-09-25 21:23:46 [DEBUG] [root]select * from heecms_category   where ( `parent_id` IS NULL or `parent_id`='' or `parent_id`=0 ) and (`heecms_category`.delete_time IS NULL or `heecms_category`.delete_time <=0 or `heecms_category`.delete_time='')    
2020-09-25 21:23:46 [DEBUG] [root]select * from heecms_category   where ((`parent_id`='1')) and (`heecms_category`.delete_time IS NULL or `heecms_category`.delete_time <=0 or `heecms_category`.delete_time='')  order by parent_id asc  
2020-09-25 21:23:46 [DEBUG] [root]show full columns from `heecms_pages`
2020-09-25 21:23:46 [DEBUG] [root]select * from heecms_pages       
2020-09-25 21:23:47 [DEBUG] [root]show full columns from `heecms_pages`
2020-09-25 21:23:47 [DEBUG] [root]select * from heecms_pages       
2020-09-25 21:23:49 [DEBUG] [root]show full columns from `heecms_pages`
2020-09-25 21:23:49 [DEBUG] [root]select * from heecms_pages       
2020-09-25 21:23:49 [DEBUG] [root]show full columns from `heecms_users_group`
2020-09-25 21:23:49 [DEBUG] [root]select * from heecms_users_group   where ((`users_group_id`=1)) and (`heecms_users_group`.delete_time IS NULL or `heecms_users_group`.delete_time <=0 or `heecms_users_group`.delete_time='')    
2020-09-25 21:23:49 [DEBUG] [root]show full columns from `heecms_message`
2020-09-25 21:23:49 [DEBUG] [root]select * from heecms_message   where ((`isread`=0 and `receiver_users_id`='1')) and (`heecms_message`.delete_time IS NULL or `heecms_message`.delete_time <=0 or `heecms_message`.delete_time='')  order by create_time desc  limit 5
2020-09-25 21:23:49 [DEBUG] [root]select * from heecms_category   where ( `category_id` = '2') and (`heecms_category`.delete_time IS NULL or `heecms_category`.delete_time <=0 or `heecms_category`.delete_time='')    
2020-09-25 21:23:49 [DEBUG] [root]show full columns from `heecms_model`
2020-09-25 21:23:49 [DEBUG] [root]select * from heecms_model   where (`model_id`='1')    
2020-09-25 21:23:49 [DEBUG] [root]show full columns from `heecms_pages`
2020-09-25 21:23:49 [DEBUG] [root]select * from heecms_pages       
2020-09-25 21:23:49 [DEBUG] [root]show full columns from `heecms_users_group`
2020-09-25 21:23:49 [DEBUG] [root]select * from heecms_users_group   where ((`users_group_id`=1)) and (`heecms_users_group`.delete_time IS NULL or `heecms_users_group`.delete_time <=0 or `heecms_users_group`.delete_time='')    
2020-09-25 21:23:49 [DEBUG] [root]show full columns from `heecms_message`
2020-09-25 21:23:49 [DEBUG] [root]select * from heecms_message   where ((`isread`=0 and `receiver_users_id`='1')) and (`heecms_message`.delete_time IS NULL or `heecms_message`.delete_time <=0 or `heecms_message`.delete_time='')  order by create_time desc  limit 5
2020-09-25 21:23:50 [DEBUG] [root]select count(*) c from heecms_article   where  (`heecms_article`.delete_time IS NULL or `heecms_article`.delete_time <=0 or `heecms_article`.delete_time='')  order by create_time desc  
2020-09-25 21:23:50 [DEBUG] [root]select  *  from heecms_article   where ((1=1)) and (`heecms_article`.delete_time IS NULL or `heecms_article`.delete_time <=0 or `heecms_article`.delete_time='')  order by create_time desc  limit 0,5
2020-09-25 21:23:50 [DEBUG] [root]select * from heecms_category   where ((`category_id`='2')) and (`heecms_category`.delete_time IS NULL or `heecms_category`.delete_time <=0 or `heecms_category`.delete_time='')    
2020-09-25 21:23:50 [DEBUG] [root]select * from heecms_category   where ((`category_id`='2')) and (`heecms_category`.delete_time IS NULL or `heecms_category`.delete_time <=0 or `heecms_category`.delete_time='')    
2020-09-25 21:23:50 [DEBUG] [root]select * from heecms_category   where ((`category_id`='2')) and (`heecms_category`.delete_time IS NULL or `heecms_category`.delete_time <=0 or `heecms_category`.delete_time='')    
2020-09-25 21:23:50 [DEBUG] [root]select * from heecms_category   where ((`category_id`='2')) and (`heecms_category`.delete_time IS NULL or `heecms_category`.delete_time <=0 or `heecms_category`.delete_time='')    
2020-09-25 21:23:50 [DEBUG] [root]show full columns from `heecms_pages`
2020-09-25 21:23:50 [DEBUG] [root]select * from heecms_pages       
2020-09-25 21:23:50 [DEBUG] [root]show full columns from `heecms_pages`
2020-09-25 21:23:50 [DEBUG] [root]select * from heecms_pages       
2020-09-25 21:23:52 [DEBUG] [root]show full columns from `heecms_pages`
2020-09-25 21:23:52 [DEBUG] [root]select * from heecms_pages       
2020-09-25 21:23:52 [DEBUG] [root]show full columns from `heecms_users_group`
2020-09-25 21:23:52 [DEBUG] [root]select * from heecms_users_group   where ((`users_group_id`=1)) and (`heecms_users_group`.delete_time IS NULL or `heecms_users_group`.delete_time <=0 or `heecms_users_group`.delete_time='')    
2020-09-25 21:23:52 [DEBUG] [root]show full columns from `heecms_message`
2020-09-25 21:23:52 [DEBUG] [root]select * from heecms_message   where ((`isread`=0 and `receiver_users_id`='1')) and (`heecms_message`.delete_time IS NULL or `heecms_message`.delete_time <=0 or `heecms_message`.delete_time='')  order by create_time desc  limit 5
2020-09-25 21:23:52 [DEBUG] [root]select * from heecms_category   where ( `parent_id` IS NULL or `parent_id`='' or `parent_id`=0 ) and (`heecms_category`.delete_time IS NULL or `heecms_category`.delete_time <=0 or `heecms_category`.delete_time='')    
2020-09-25 21:23:52 [DEBUG] [root]select * from heecms_category   where ((`parent_id`='1')) and (`heecms_category`.delete_time IS NULL or `heecms_category`.delete_time <=0 or `heecms_category`.delete_time='')  order by parent_id asc  
2020-09-25 21:23:52 [DEBUG] [root]select * from heecms_article   where ( `article_id` = '3') and (`heecms_article`.delete_time IS NULL or `heecms_article`.delete_time <=0 or `heecms_article`.delete_time='')    
2020-09-25 21:23:52 [DEBUG] [root]show full columns from `heecms_pages`
2020-09-25 21:23:52 [DEBUG] [root]select * from heecms_pages       
2020-09-25 21:23:52 [DEBUG] [root]show full columns from `heecms_pages`
2020-09-25 21:23:52 [DEBUG] [root]select * from heecms_pages       
2020-09-25 21:24:49 [DEBUG] [root]show full columns from `heecms_pages`
2020-09-25 21:24:49 [DEBUG] [root]select * from heecms_pages       
2020-09-25 21:24:49 [DEBUG] [root]show full columns from `heecms_users_group`
2020-09-25 21:24:49 [DEBUG] [root]select * from heecms_users_group   where ((`users_group_id`=1)) and (`heecms_users_group`.delete_time IS NULL or `heecms_users_group`.delete_time <=0 or `heecms_users_group`.delete_time='')    
2020-09-25 21:24:49 [DEBUG] [root]show full columns from `heecms_message`
2020-09-25 21:24:49 [DEBUG] [root]select * from heecms_message   where ((`isread`=0 and `receiver_users_id`='1')) and (`heecms_message`.delete_time IS NULL or `heecms_message`.delete_time <=0 or `heecms_message`.delete_time='')  order by create_time desc  limit 5
2020-09-25 21:24:49 [DEBUG] [root]select count(*) c from heecms_sys_resources   where  `parent_id` IS NULL or `parent_id`='' or `parent_id`=0     
2020-09-25 21:24:49 [DEBUG] [root]select  *  from heecms_sys_resources   where ( `parent_id` IS NULL or `parent_id`='' or `parent_id`=0 )    limit 0,5
2020-09-25 21:24:49 [DEBUG] [root]select * from heecms_sys_resources   where (`parent_id`='1')  order by parent_id asc  
2020-09-25 21:24:49 [DEBUG] [root]select * from heecms_sys_resources   where (`parent_id`='6')  order by parent_id asc  
2020-09-25 21:24:49 [DEBUG] [root]select * from heecms_users   where ((`users_id`='2')) and (`heecms_users`.delete_time IS NULL or `heecms_users`.delete_time <=0 or `heecms_users`.delete_time='')    
2020-09-25 21:24:49 [DEBUG] [root]select * from heecms_users   where ((`users_id`='3')) and (`heecms_users`.delete_time IS NULL or `heecms_users`.delete_time <=0 or `heecms_users`.delete_time='')    
2020-09-25 21:24:49 [DEBUG] [root]select * from heecms_sys_resources   where (`parent_id`='13')  order by parent_id asc  
2020-09-25 21:24:49 [DEBUG] [root]select * from heecms_sys_resources   where (`parent_id`='17')  order by parent_id asc  
2020-09-25 21:24:49 [DEBUG] [root]select * from heecms_sys_resources   where (`parent_id`='23')  order by parent_id asc  
2020-09-25 21:24:49 [DEBUG] [root]select * from heecms_users   where ((`users_id`='2')) and (`heecms_users`.delete_time IS NULL or `heecms_users`.delete_time <=0 or `heecms_users`.delete_time='')    
2020-09-25 21:24:50 [DEBUG] [root]show full columns from `heecms_pages`
2020-09-25 21:24:50 [DEBUG] [root]select * from heecms_pages       
2020-09-25 21:24:50 [DEBUG] [root]show full columns from `heecms_pages`
2020-09-25 21:24:50 [DEBUG] [root]select * from heecms_pages       
