2020-05-10 12:00:59 [DEBUG] [root]自动加载类：heephp\database\mysqli
2020-05-10 12:00:59 [DEBUG] [root]自动加载类：heephp\database\databaseInterface
2020-05-10 12:00:59 [DEBUG] [root]自动加载类：heephp\cache\file
2020-05-10 12:00:59 [DEBUG] [root]自动加载类：heephp\cache\cacheInterface
2020-05-10 12:00:59 [DEBUG] [root]自动加载类：WeChat\Pay
2020-05-10 12:00:59 [DEBUG] [root]自动加载类：WeChat\Contracts\BasicWePay
2020-05-10 12:00:59 [DEBUG] [root]自动加载类：WeChat\Contracts\DataArray
2020-05-10 12:00:59 [DEBUG] [root]自动加载类：WeChat\Contracts\Tools
2020-05-10 12:00:59 [DEBUG] [root]自动加载类：WePay\Order
2020-05-10 12:01:00 [DEBUG] [root]自动加载类：WeChat\Exceptions\InvalidResponseException
2020-05-10 12:01:20 [DEBUG] [root]自动加载类：heephp\database\mysqli
2020-05-10 12:01:20 [DEBUG] [root]自动加载类：heephp\database\databaseInterface
2020-05-10 12:01:20 [DEBUG] [root]自动加载类：heephp\cache\file
2020-05-10 12:01:20 [DEBUG] [root]自动加载类：heephp\cache\cacheInterface
2020-05-10 12:01:20 [DEBUG] [root]自动加载类：WeChat\Pay
2020-05-10 12:01:20 [DEBUG] [root]自动加载类：WeChat\Contracts\BasicWePay
2020-05-10 12:01:20 [DEBUG] [root]自动加载类：WeChat\Contracts\DataArray
2020-05-10 12:01:20 [DEBUG] [root]自动加载类：WeChat\Contracts\Tools
2020-05-10 12:01:20 [DEBUG] [root]自动加载类：WePay\Order
2020-05-10 12:01:20 [DEBUG] [root]自动加载类：WeChat\Exceptions\InvalidResponseException
2020-05-10 12:01:40 [DEBUG] [root]自动加载类：heephp\database\mysqli
2020-05-10 12:01:40 [DEBUG] [root]自动加载类：heephp\database\databaseInterface
2020-05-10 12:01:40 [DEBUG] [root]自动加载类：heephp\cache\file
2020-05-10 12:01:40 [DEBUG] [root]自动加载类：heephp\cache\cacheInterface
2020-05-10 12:01:40 [DEBUG] [root]自动加载类：WeChat\Pay
2020-05-10 12:01:40 [DEBUG] [root]自动加载类：WeChat\Contracts\BasicWePay
2020-05-10 12:01:40 [DEBUG] [root]自动加载类：WeChat\Contracts\DataArray
2020-05-10 12:01:40 [DEBUG] [root]自动加载类：WeChat\Contracts\Tools
2020-05-10 12:01:40 [DEBUG] [root]自动加载类：WePay\Order
2020-05-10 12:01:42 [DEBUG] [root]自动加载类：WeChat\Exceptions\InvalidResponseException
2020-05-10 12:01:57 [DEBUG] [root]自动加载类：heephp\database\mysqli
2020-05-10 12:01:57 [DEBUG] [root]自动加载类：heephp\database\databaseInterface
2020-05-10 12:01:57 [DEBUG] [root]自动加载类：heephp\cache\file
2020-05-10 12:01:57 [DEBUG] [root]自动加载类：heephp\cache\cacheInterface
2020-05-10 12:01:57 [DEBUG] [root]自动加载类：WeChat\Pay
2020-05-10 12:01:57 [DEBUG] [root]自动加载类：WeChat\Contracts\BasicWePay
2020-05-10 12:01:57 [DEBUG] [root]自动加载类：WeChat\Contracts\DataArray
2020-05-10 12:01:57 [DEBUG] [root]自动加载类：WeChat\Contracts\Tools
2020-05-10 12:01:57 [DEBUG] [root]自动加载类：WePay\Order
2020-05-10 12:10:58 [DEBUG] [root]自动加载类：heephp\database\mysqli
2020-05-10 12:10:58 [DEBUG] [root]自动加载类：heephp\database\databaseInterface
2020-05-10 12:10:58 [DEBUG] [root]自动加载类：heephp\cache\file
2020-05-10 12:10:58 [DEBUG] [root]自动加载类：heephp\cache\cacheInterface
2020-05-10 12:10:58 [DEBUG] [root]自动加载类：WeChat\Pay
2020-05-10 12:10:58 [DEBUG] [root]自动加载类：WeChat\Contracts\BasicWePay
2020-05-10 12:10:58 [DEBUG] [root]自动加载类：WeChat\Contracts\DataArray
2020-05-10 12:10:58 [DEBUG] [root]自动加载类：WeChat\Contracts\Tools
2020-05-10 12:10:58 [DEBUG] [root]自动加载类：WePay\Order
2020-05-10 12:11:11 [DEBUG] [root]自动加载类：heephp\database\mysqli
2020-05-10 12:11:11 [DEBUG] [root]自动加载类：heephp\database\databaseInterface
2020-05-10 12:11:11 [DEBUG] [root]自动加载类：heephp\cache\file
2020-05-10 12:11:11 [DEBUG] [root]自动加载类：heephp\cache\cacheInterface
2020-05-10 12:11:11 [DEBUG] [root]自动加载类：WeChat\Pay
2020-05-10 12:11:11 [DEBUG] [root]自动加载类：WeChat\Contracts\BasicWePay
2020-05-10 12:11:11 [DEBUG] [root]自动加载类：WeChat\Contracts\DataArray
2020-05-10 12:11:11 [DEBUG] [root]自动加载类：WeChat\Contracts\Tools
2020-05-10 12:11:11 [DEBUG] [root]自动加载类：WePay\Order
2020-05-10 12:11:12 [DEBUG] [root]自动加载类：QRcode
2020-05-10 12:13:12 [DEBUG] [root]自动加载类：heephp\database\mysqli
2020-05-10 12:13:12 [DEBUG] [root]自动加载类：heephp\database\databaseInterface
2020-05-10 12:13:12 [DEBUG] [root]自动加载类：heephp\cache\file
2020-05-10 12:13:12 [DEBUG] [root]自动加载类：heephp\cache\cacheInterface
2020-05-10 12:13:12 [DEBUG] [root]自动加载类：WeChat\Pay
2020-05-10 12:13:12 [DEBUG] [root]自动加载类：WeChat\Contracts\BasicWePay
2020-05-10 12:13:12 [DEBUG] [root]自动加载类：WeChat\Contracts\DataArray
2020-05-10 12:13:12 [DEBUG] [root]自动加载类：WeChat\Contracts\Tools
2020-05-10 12:13:12 [DEBUG] [root]自动加载类：WePay\Order
2020-05-10 12:19:14 [DEBUG] [root]自动加载类：heephp\database\mysqli
2020-05-10 12:19:14 [DEBUG] [root]自动加载类：heephp\database\databaseInterface
2020-05-10 12:19:14 [DEBUG] [root]自动加载类：heephp\cache\file
2020-05-10 12:19:14 [DEBUG] [root]自动加载类：heephp\cache\cacheInterface
2020-05-10 12:19:14 [DEBUG] [root]自动加载类：WeChat\User
2020-05-10 12:19:14 [DEBUG] [root]自动加载类：WeChat\Contracts\BasicWeChat
2020-05-10 12:19:14 [DEBUG] [root]自动加载类：WeChat\Contracts\DataArray
2020-05-10 12:19:14 [DEBUG] [root]自动加载类：WeChat\Contracts\Tools
2020-05-10 12:20:06 [DEBUG] [root]自动加载类：WeChat\Exceptions\InvalidResponseException
2020-05-10 12:20:06 [DEBUG] [root]自动加载类：heephp\database\mysqli
2020-05-10 12:20:06 [DEBUG] [root]自动加载类：heephp\database\databaseInterface
2020-05-10 12:20:06 [DEBUG] [root]自动加载类：heephp\cache\file
2020-05-10 12:20:06 [DEBUG] [root]自动加载类：heephp\cache\cacheInterface
2020-05-10 12:20:06 [DEBUG] [root]自动加载类：WeChat\Qrcode
2020-05-10 12:20:06 [DEBUG] [root]自动加载类：WeChat\Contracts\BasicWeChat
2020-05-10 12:20:06 [DEBUG] [root]自动加载类：WeChat\Contracts\DataArray
2020-05-10 12:20:06 [DEBUG] [root]自动加载类：WeChat\Contracts\Tools
