2020-05-10 20:17:58 [DEBUG] [root]自动加载类：heephp\database\mysqli
2020-05-10 20:17:58 [DEBUG] [root]自动加载类：heephp\database\databaseInterface
2020-05-10 20:17:58 [DEBUG] [root]show full columns from `heecms_config`
2020-05-10 20:17:58 [DEBUG] [root]自动加载类：heephp\cache\file
2020-05-10 20:17:58 [DEBUG] [root]自动加载类：heephp\cache\cacheInterface
2020-05-10 20:17:58 [DEBUG] [root]select * from heecms_link_group where (1=1) and (delete_time IS NULL or delete_time <=0 or delete_time='')  
2020-05-10 20:17:58 [DEBUG] [root]select * from heecms_link where (parent_id<1 and link_group_id=1) and (delete_time IS NULL or delete_time <=0 or delete_time='')  order by ord asc 
2020-05-10 20:17:58 [DEBUG] [root]select * from heecms_link where (parent_id<1 and link_group_id=2) and (delete_time IS NULL or delete_time <=0 or delete_time='')  order by ord asc 
2020-05-10 20:17:58 [DEBUG] [root]自动加载类：heephp\orm
2020-05-10 20:17:58 [DEBUG] [root]select max(users_id) a from heecms_users   where  (delete_time IS NULL or delete_time <=0 or delete_time='')    
2020-05-10 20:26:36 [DEBUG] [root]自动加载类：heephp\database\mysqli
2020-05-10 20:26:36 [DEBUG] [root]自动加载类：heephp\database\databaseInterface
2020-05-10 20:26:36 [DEBUG] [root]show full columns from `heecms_config`
2020-05-10 20:26:36 [DEBUG] [root]自动加载类：heephp\cache\file
2020-05-10 20:26:36 [DEBUG] [root]自动加载类：heephp\cache\cacheInterface
2020-05-10 20:26:36 [DEBUG] [root]select * from heecms_link_group where (1=1) and (delete_time IS NULL or delete_time <=0 or delete_time='')  
2020-05-10 20:26:36 [DEBUG] [root]select * from heecms_link where (parent_id<1 and link_group_id=1) and (delete_time IS NULL or delete_time <=0 or delete_time='')  order by ord asc 
2020-05-10 20:26:36 [DEBUG] [root]select * from heecms_link where (parent_id<1 and link_group_id=2) and (delete_time IS NULL or delete_time <=0 or delete_time='')  order by ord asc 
2020-05-10 20:26:36 [DEBUG] [root]自动加载类：heephp\orm
2020-05-10 20:26:58 [DEBUG] [root]自动加载类：heephp\database\mysqli
2020-05-10 20:26:58 [DEBUG] [root]自动加载类：heephp\database\databaseInterface
2020-05-10 20:26:58 [DEBUG] [root]show full columns from `heecms_config`
2020-05-10 20:26:58 [DEBUG] [root]自动加载类：heephp\cache\file
2020-05-10 20:26:58 [DEBUG] [root]自动加载类：heephp\cache\cacheInterface
2020-05-10 20:26:58 [DEBUG] [root]select * from heecms_link_group where (1=1) and (delete_time IS NULL or delete_time <=0 or delete_time='')  
2020-05-10 20:26:58 [DEBUG] [root]select * from heecms_link where (parent_id<1 and link_group_id=1) and (delete_time IS NULL or delete_time <=0 or delete_time='')  order by ord asc 
2020-05-10 20:26:58 [DEBUG] [root]select * from heecms_link where (parent_id<1 and link_group_id=2) and (delete_time IS NULL or delete_time <=0 or delete_time='')  order by ord asc 
2020-05-10 20:26:58 [DEBUG] [root]自动加载类：heephp\orm
2020-05-10 20:26:58 [DEBUG] [root]select * from heecms_users u left join users_group g on u.users_group_id=g.user_group_id where  (delete_time IS NULL or delete_time <=0 or delete_time='')    
2020-05-10 20:27:40 [DEBUG] [root]自动加载类：heephp\database\mysqli
2020-05-10 20:27:40 [DEBUG] [root]自动加载类：heephp\database\databaseInterface
2020-05-10 20:27:40 [DEBUG] [root]show full columns from `heecms_config`
2020-05-10 20:27:40 [DEBUG] [root]自动加载类：heephp\cache\file
2020-05-10 20:27:40 [DEBUG] [root]自动加载类：heephp\cache\cacheInterface
2020-05-10 20:27:40 [DEBUG] [root]select * from heecms_link_group where (1=1) and (delete_time IS NULL or delete_time <=0 or delete_time='')  
2020-05-10 20:27:40 [DEBUG] [root]select * from heecms_link where (parent_id<1 and link_group_id=1) and (delete_time IS NULL or delete_time <=0 or delete_time='')  order by ord asc 
2020-05-10 20:27:40 [DEBUG] [root]select * from heecms_link where (parent_id<1 and link_group_id=2) and (delete_time IS NULL or delete_time <=0 or delete_time='')  order by ord asc 
2020-05-10 20:27:41 [DEBUG] [root]自动加载类：heephp\orm
2020-05-10 20:27:41 [DEBUG] [root]select * from heecms_users u left join heecms_users_group g on u.users_group_id=g.user_group_id where  (delete_time IS NULL or delete_time <=0 or delete_time='')    
2020-05-10 20:33:12 [DEBUG] [root]自动加载类：heephp\database\mysqli
2020-05-10 20:33:12 [DEBUG] [root]自动加载类：heephp\database\databaseInterface
2020-05-10 20:33:12 [DEBUG] [root]show full columns from `heecms_config`
2020-05-10 20:33:12 [DEBUG] [root]自动加载类：heephp\cache\file
2020-05-10 20:33:12 [DEBUG] [root]自动加载类：heephp\cache\cacheInterface
2020-05-10 20:33:12 [DEBUG] [root]select * from heecms_link_group where (link_group.1=1) and (link_group.delete_time IS NULL or link_groupdelete_time <=0 or link_group.delete_time='')  
2020-05-10 20:34:57 [DEBUG] [root]自动加载类：heephp\database\mysqli
2020-05-10 20:34:57 [DEBUG] [root]自动加载类：heephp\database\databaseInterface
2020-05-10 20:34:57 [DEBUG] [root]show full columns from `heecms_config`
2020-05-10 20:34:57 [DEBUG] [root]自动加载类：heephp\cache\file
2020-05-10 20:34:57 [DEBUG] [root]自动加载类：heephp\cache\cacheInterface
2020-05-10 20:34:57 [DEBUG] [root]select * from heecms_link_group where (1=1) and (link_group.delete_time IS NULL or link_groupdelete_time <=0 or link_group.delete_time='')  
2020-05-10 20:35:28 [DEBUG] [root]自动加载类：heephp\database\mysqli
2020-05-10 20:35:28 [DEBUG] [root]自动加载类：heephp\database\databaseInterface
2020-05-10 20:35:28 [DEBUG] [root]show full columns from `heecms_config`
2020-05-10 20:35:28 [DEBUG] [root]自动加载类：heephp\cache\file
2020-05-10 20:35:28 [DEBUG] [root]自动加载类：heephp\cache\cacheInterface
2020-05-10 20:35:28 [DEBUG] [root]select * from heecms_link_group where (1=1) and (link_group.delete_time IS NULL or link_group.delete_time <=0 or link_group.delete_time='')  
2020-05-10 20:36:32 [DEBUG] [root]自动加载类：heephp\database\mysqli
2020-05-10 20:36:32 [DEBUG] [root]自动加载类：heephp\database\databaseInterface
2020-05-10 20:36:32 [DEBUG] [root]show full columns from `heecms_config`
2020-05-10 20:36:32 [DEBUG] [root]自动加载类：heephp\cache\file
2020-05-10 20:36:32 [DEBUG] [root]自动加载类：heephp\cache\cacheInterface
2020-05-10 20:36:32 [DEBUG] [root]select * from heecms_link_group where (1=1) and (`link_group`.delete_time IS NULL or `link_group`.delete_time <=0 or `link_group`.delete_time='')  
2020-05-10 20:36:33 [DEBUG] [root]自动加载类：heephp\database\mysqli
2020-05-10 20:36:33 [DEBUG] [root]自动加载类：heephp\database\databaseInterface
2020-05-10 20:36:33 [DEBUG] [root]show full columns from `heecms_config`
2020-05-10 20:36:33 [DEBUG] [root]自动加载类：heephp\cache\file
2020-05-10 20:36:33 [DEBUG] [root]自动加载类：heephp\cache\cacheInterface
2020-05-10 20:36:33 [DEBUG] [root]select * from heecms_link_group where (1=1) and (`link_group`.delete_time IS NULL or `link_group`.delete_time <=0 or `link_group`.delete_time='')  
2020-05-10 20:36:34 [DEBUG] [root]自动加载类：heephp\database\mysqli
2020-05-10 20:36:34 [DEBUG] [root]自动加载类：heephp\database\databaseInterface
2020-05-10 20:36:34 [DEBUG] [root]show full columns from `heecms_config`
2020-05-10 20:36:34 [DEBUG] [root]自动加载类：heephp\cache\file
2020-05-10 20:36:34 [DEBUG] [root]自动加载类：heephp\cache\cacheInterface
2020-05-10 20:36:34 [DEBUG] [root]select * from heecms_link_group where (1=1) and (`link_group`.delete_time IS NULL or `link_group`.delete_time <=0 or `link_group`.delete_time='')  
2020-05-10 20:36:34 [DEBUG] [root]自动加载类：heephp\database\mysqli
2020-05-10 20:36:34 [DEBUG] [root]自动加载类：heephp\database\databaseInterface
2020-05-10 20:36:34 [DEBUG] [root]show full columns from `heecms_config`
2020-05-10 20:36:34 [DEBUG] [root]自动加载类：heephp\cache\file
2020-05-10 20:36:34 [DEBUG] [root]自动加载类：heephp\cache\cacheInterface
2020-05-10 20:36:34 [DEBUG] [root]select * from heecms_link_group where (1=1) and (`link_group`.delete_time IS NULL or `link_group`.delete_time <=0 or `link_group`.delete_time='')  
2020-05-10 20:38:52 [DEBUG] [root]自动加载类：heephp\database\mysqli
2020-05-10 20:38:52 [DEBUG] [root]自动加载类：heephp\database\databaseInterface
2020-05-10 20:38:52 [DEBUG] [root]show full columns from `heecms_config`
2020-05-10 20:38:52 [DEBUG] [root]自动加载类：heephp\cache\file
2020-05-10 20:38:52 [DEBUG] [root]自动加载类：heephp\cache\cacheInterface
2020-05-10 20:38:52 [DEBUG] [root]select * from heecms_link_group where (1=1) and (.delete_time IS NULL or .delete_time <=0 or .delete_time='')  
2020-05-10 20:38:53 [DEBUG] [root]自动加载类：heephp\database\mysqli
2020-05-10 20:38:53 [DEBUG] [root]自动加载类：heephp\database\databaseInterface
2020-05-10 20:38:53 [DEBUG] [root]show full columns from `heecms_config`
2020-05-10 20:38:53 [DEBUG] [root]自动加载类：heephp\cache\file
2020-05-10 20:38:53 [DEBUG] [root]自动加载类：heephp\cache\cacheInterface
2020-05-10 20:38:53 [DEBUG] [root]select * from heecms_link_group where (1=1) and (.delete_time IS NULL or .delete_time <=0 or .delete_time='')  
2020-05-10 20:38:54 [DEBUG] [root]自动加载类：heephp\database\mysqli
2020-05-10 20:38:54 [DEBUG] [root]自动加载类：heephp\database\databaseInterface
2020-05-10 20:38:54 [DEBUG] [root]show full columns from `heecms_config`
2020-05-10 20:38:54 [DEBUG] [root]自动加载类：heephp\cache\file
2020-05-10 20:38:54 [DEBUG] [root]自动加载类：heephp\cache\cacheInterface
2020-05-10 20:38:54 [DEBUG] [root]select * from heecms_link_group where (1=1) and (.delete_time IS NULL or .delete_time <=0 or .delete_time='')  
2020-05-10 20:38:54 [DEBUG] [root]自动加载类：heephp\database\mysqli
2020-05-10 20:38:54 [DEBUG] [root]自动加载类：heephp\database\databaseInterface
2020-05-10 20:38:54 [DEBUG] [root]show full columns from `heecms_config`
2020-05-10 20:38:54 [DEBUG] [root]自动加载类：heephp\cache\file
2020-05-10 20:38:54 [DEBUG] [root]自动加载类：heephp\cache\cacheInterface
2020-05-10 20:38:54 [DEBUG] [root]select * from heecms_link_group where (1=1) and (.delete_time IS NULL or .delete_time <=0 or .delete_time='')  
2020-05-10 20:38:54 [DEBUG] [root]自动加载类：heephp\database\mysqli
2020-05-10 20:38:54 [DEBUG] [root]自动加载类：heephp\database\databaseInterface
2020-05-10 20:38:54 [DEBUG] [root]show full columns from `heecms_config`
2020-05-10 20:38:54 [DEBUG] [root]自动加载类：heephp\cache\file
2020-05-10 20:38:54 [DEBUG] [root]自动加载类：heephp\cache\cacheInterface
2020-05-10 20:38:54 [DEBUG] [root]select * from heecms_link_group where (1=1) and (.delete_time IS NULL or .delete_time <=0 or .delete_time='')  
2020-05-10 20:38:56 [DEBUG] [root]自动加载类：heephp\database\mysqli
2020-05-10 20:38:56 [DEBUG] [root]自动加载类：heephp\database\databaseInterface
2020-05-10 20:38:56 [DEBUG] [root]show full columns from `heecms_config`
2020-05-10 20:38:56 [DEBUG] [root]自动加载类：heephp\cache\file
2020-05-10 20:38:56 [DEBUG] [root]自动加载类：heephp\cache\cacheInterface
2020-05-10 20:38:56 [DEBUG] [root]select * from heecms_link_group where (1=1) and (.delete_time IS NULL or .delete_time <=0 or .delete_time='')  
2020-05-10 20:39:15 [DEBUG] [root]自动加载类：heephp\database\mysqli
2020-05-10 20:39:15 [DEBUG] [root]自动加载类：heephp\database\databaseInterface
2020-05-10 20:39:15 [DEBUG] [root]show full columns from `heecms_config`
2020-05-10 20:39:15 [DEBUG] [root]自动加载类：heephp\cache\file
2020-05-10 20:39:15 [DEBUG] [root]自动加载类：heephp\cache\cacheInterface
2020-05-10 20:39:15 [DEBUG] [root]select * from heecms_link_group where (1=1) and (delete_time IS NULL or delete_time <=0 or delete_time='')  
2020-05-10 20:39:15 [DEBUG] [root]select * from heecms_link where (parent_id<1 and link_group_id=1) and (delete_time IS NULL or delete_time <=0 or delete_time='')  order by ord asc 
2020-05-10 20:39:15 [DEBUG] [root]select * from heecms_link where (parent_id<1 and link_group_id=2) and (delete_time IS NULL or delete_time <=0 or delete_time='')  order by ord asc 
2020-05-10 20:39:15 [DEBUG] [root]自动加载类：heephp\orm
2020-05-10 20:39:15 [DEBUG] [root]select * from heecms_users u left join heecms_users_group g on u.users_group_id=g.user_group_id where  (`u`.delete_time IS NULL or `u`.delete_time <=0 or `u`.delete_time='')    
2020-05-10 20:40:04 [DEBUG] [root]自动加载类：heephp\database\mysqli
2020-05-10 20:40:04 [DEBUG] [root]自动加载类：heephp\database\databaseInterface
2020-05-10 20:40:04 [DEBUG] [root]show full columns from `heecms_config`
2020-05-10 20:40:04 [DEBUG] [root]自动加载类：heephp\cache\file
2020-05-10 20:40:04 [DEBUG] [root]自动加载类：heephp\cache\cacheInterface
2020-05-10 20:40:04 [DEBUG] [root]select * from heecms_link_group where (1=1) and (delete_time IS NULL or delete_time <=0 or delete_time='')  
2020-05-10 20:40:04 [DEBUG] [root]select * from heecms_link where (parent_id<1 and link_group_id=1) and (delete_time IS NULL or delete_time <=0 or delete_time='')  order by ord asc 
2020-05-10 20:40:04 [DEBUG] [root]select * from heecms_link where (parent_id<1 and link_group_id=2) and (delete_time IS NULL or delete_time <=0 or delete_time='')  order by ord asc 
2020-05-10 20:40:04 [DEBUG] [root]自动加载类：heephp\orm
2020-05-10 20:40:04 [DEBUG] [root]select * from heecms_users u left join heecms_users_group g on u.users_group_id=g.users_group_id where  (`u`.delete_time IS NULL or `u`.delete_time <=0 or `u`.delete_time='')    
2020-05-10 20:41:47 [DEBUG] [root]自动加载类：heephp\database\mysqli
2020-05-10 20:41:47 [DEBUG] [root]自动加载类：heephp\database\databaseInterface
2020-05-10 20:41:47 [DEBUG] [root]show full columns from `heecms_config`
2020-05-10 20:41:47 [DEBUG] [root]自动加载类：heephp\cache\file
2020-05-10 20:41:47 [DEBUG] [root]自动加载类：heephp\cache\cacheInterface
2020-05-10 20:41:47 [DEBUG] [root]select * from heecms_link_group where (1=1) and (`link_group`.delete_time IS NULL or `link_group`.delete_time <=0 or `link_group`.delete_time='')  
2020-05-10 20:43:39 [DEBUG] [root]自动加载类：heephp\database\mysqli
2020-05-10 20:43:39 [DEBUG] [root]自动加载类：heephp\database\databaseInterface
2020-05-10 20:43:39 [DEBUG] [root]show full columns from `heecms_config`
2020-05-10 20:43:39 [DEBUG] [root]自动加载类：heephp\cache\file
2020-05-10 20:43:39 [DEBUG] [root]自动加载类：heephp\cache\cacheInterface
2020-05-10 20:43:39 [DEBUG] [root]select * from heecms_link_group where (1=1) and (`heecms_link_group`.delete_time IS NULL or `heecms_link_group`.delete_time <=0 or `heecms_link_group`.delete_time='')  
2020-05-10 20:43:39 [DEBUG] [root]select * from heecms_link where (parent_id<1 and link_group_id=1) and (`heecms_link`.delete_time IS NULL or `heecms_link`.delete_time <=0 or `heecms_link`.delete_time='')  order by ord asc 
2020-05-10 20:43:39 [DEBUG] [root]select * from heecms_link where (parent_id<1 and link_group_id=2) and (`heecms_link`.delete_time IS NULL or `heecms_link`.delete_time <=0 or `heecms_link`.delete_time='')  order by ord asc 
2020-05-10 20:43:40 [DEBUG] [root]自动加载类：heephp\orm
2020-05-10 20:43:40 [DEBUG] [root]select * from heecms_users u left join heecms_users_group g on u.users_group_id=g.users_group_id where  (`u`.delete_time IS NULL or `u`.delete_time <=0 or `u`.delete_time='')    
2020-05-10 20:45:53 [DEBUG] [root]自动加载类：heephp\database\mysqli
2020-05-10 20:45:53 [DEBUG] [root]自动加载类：heephp\database\databaseInterface
2020-05-10 20:45:53 [DEBUG] [root]show full columns from `heecms_config`
2020-05-10 20:45:53 [DEBUG] [root]自动加载类：heephp\cache\file
2020-05-10 20:45:53 [DEBUG] [root]自动加载类：heephp\cache\cacheInterface
2020-05-10 20:45:53 [DEBUG] [root]select * from heecms_link_group where (1=1) and (`heecms_link_group`.delete_time IS NULL or `heecms_link_group`.delete_time <=0 or `heecms_link_group`.delete_time='')  
2020-05-10 20:45:53 [DEBUG] [root]select * from heecms_link where (parent_id<1 and link_group_id=1) and (`heecms_link`.delete_time IS NULL or `heecms_link`.delete_time <=0 or `heecms_link`.delete_time='')  order by ord asc 
2020-05-10 20:45:53 [DEBUG] [root]select * from heecms_link where (parent_id<1 and link_group_id=2) and (`heecms_link`.delete_time IS NULL or `heecms_link`.delete_time <=0 or `heecms_link`.delete_time='')  order by ord asc 
2020-05-10 20:45:53 [DEBUG] [root]自动加载类：heephp\orm
2020-05-10 20:45:53 [DEBUG] [root]select * from heecms_users u left join heecms_users_group g on u.users_group_id=g.users_group_id where  (`u`.delete_time IS NULL or `u`.delete_time <=0 or `u`.delete_time='')    
2020-05-10 20:52:47 [DEBUG] [root]自动加载类：app\admin\controller\adminBase
2020-05-10 20:52:47 [DEBUG] [root]自动加载类：heephp\database\mysqli
2020-05-10 20:52:47 [DEBUG] [root]自动加载类：heephp\database\databaseInterface
2020-05-10 20:52:47 [DEBUG] [root]show full columns from `heecms_users_group`
2020-05-10 20:52:47 [DEBUG] [root]select name from heecms_users_group where (`users_group_id`=1) and (`heecms_users_group`.delete_time IS NULL or `heecms_users_group`.delete_time <=0 or `heecms_users_group`.delete_time='')  
2020-05-10 20:52:47 [DEBUG] [root]show full columns from `heecms_message`
2020-05-10 20:52:47 [DEBUG] [root]select * from heecms_message where (`isread`=0 and `receiver_users_id`='1') and (`heecms_message`.delete_time IS NULL or `heecms_message`.delete_time <=0 or `heecms_message`.delete_time='')  order by create_time desc limit 0,5
2020-05-10 20:52:47 [DEBUG] [root]show full columns from `heecms_menus`
2020-05-10 20:52:47 [DEBUG] [root]自动加载类：heephp\cache\file
2020-05-10 20:52:47 [DEBUG] [root]自动加载类：heephp\cache\cacheInterface
2020-05-10 20:52:47 [DEBUG] [root]select * from heecms_menus where (parent_id=0 or parent_id IS NULL or parent_id='') and (`heecms_menus`.delete_time IS NULL or `heecms_menus`.delete_time <=0 or `heecms_menus`.delete_time='')  order by ord asc 
2020-05-10 20:52:47 [DEBUG] [root]show full columns from `heecms_menus`
2020-05-10 20:52:47 [DEBUG] [root]select * from heecms_menus where (`parent_id`='8') and (`heecms_menus`.delete_time IS NULL or `heecms_menus`.delete_time <=0 or `heecms_menus`.delete_time='')  order by ord asc 
2020-05-10 20:52:47 [DEBUG] [root]select * from heecms_users where (`users_id`='1') and (`heecms_users`.delete_time IS NULL or `heecms_users`.delete_time <=0 or `heecms_users`.delete_time='')
2020-05-10 20:52:47 [DEBUG] [root]select * from heecms_menus where (`parent_id`='10') and (`heecms_menus`.delete_time IS NULL or `heecms_menus`.delete_time <=0 or `heecms_menus`.delete_time='')  order by ord asc 
2020-05-10 20:52:47 [DEBUG] [root]select * from heecms_menus where (`parent_id`='5') and (`heecms_menus`.delete_time IS NULL or `heecms_menus`.delete_time <=0 or `heecms_menus`.delete_time='')  order by ord asc 
2020-05-10 20:52:47 [DEBUG] [root]select * from heecms_menus where (`parent_id`='15') and (`heecms_menus`.delete_time IS NULL or `heecms_menus`.delete_time <=0 or `heecms_menus`.delete_time='')  order by ord asc 
2020-05-10 20:52:47 [DEBUG] [root]select * from heecms_menus where (`parent_id`='12') and (`heecms_menus`.delete_time IS NULL or `heecms_menus`.delete_time <=0 or `heecms_menus`.delete_time='')  order by ord asc 
2020-05-10 20:52:53 [DEBUG] [root]自动加载类：heephp\database\mysqli
2020-05-10 20:52:53 [DEBUG] [root]自动加载类：heephp\database\databaseInterface
2020-05-10 20:52:53 [DEBUG] [root]show full columns from `heecms_config`
2020-05-10 20:52:53 [DEBUG] [root]自动加载类：heephp\cache\file
2020-05-10 20:52:53 [DEBUG] [root]自动加载类：heephp\cache\cacheInterface
2020-05-10 20:52:53 [DEBUG] [root]select `name`,`value` from heecms_config where 1=1  order by id asc 
2020-05-10 20:52:53 [DEBUG] [root]select * from heecms_link_group where (1=1) and (`heecms_link_group`.delete_time IS NULL or `heecms_link_group`.delete_time <=0 or `heecms_link_group`.delete_time='')  
2020-05-10 20:52:53 [DEBUG] [root]select * from heecms_link where (parent_id<1 and link_group_id=1) and (`heecms_link`.delete_time IS NULL or `heecms_link`.delete_time <=0 or `heecms_link`.delete_time='')  order by ord asc 
2020-05-10 20:52:53 [DEBUG] [root]select * from heecms_link where (parent_id<1 and link_group_id=2) and (`heecms_link`.delete_time IS NULL or `heecms_link`.delete_time <=0 or `heecms_link`.delete_time='')  order by ord asc 
2020-05-10 20:52:53 [DEBUG] [root]自动加载类：heephp\orm
2020-05-10 20:52:53 [DEBUG] [root]select * from heecms_users u left join heecms_users_group g on u.users_group_id=g.users_group_id where  `u`.delete_time>0     
2020-05-10 20:53:03 [DEBUG] [root]自动加载类：heephp\database\mysqli
2020-05-10 20:53:03 [DEBUG] [root]自动加载类：heephp\database\databaseInterface
2020-05-10 20:53:03 [DEBUG] [root]show full columns from `heecms_config`
2020-05-10 20:53:03 [DEBUG] [root]自动加载类：heephp\cache\file
2020-05-10 20:53:03 [DEBUG] [root]自动加载类：heephp\cache\cacheInterface
2020-05-10 20:53:03 [DEBUG] [root]select * from heecms_link_group where (1=1) and (`heecms_link_group`.delete_time IS NULL or `heecms_link_group`.delete_time <=0 or `heecms_link_group`.delete_time='')  
2020-05-10 20:53:03 [DEBUG] [root]select * from heecms_link where (parent_id<1 and link_group_id=1) and (`heecms_link`.delete_time IS NULL or `heecms_link`.delete_time <=0 or `heecms_link`.delete_time='')  order by ord asc 
2020-05-10 20:53:03 [DEBUG] [root]select * from heecms_link where (parent_id<1 and link_group_id=2) and (`heecms_link`.delete_time IS NULL or `heecms_link`.delete_time <=0 or `heecms_link`.delete_time='')  order by ord asc 
2020-05-10 20:53:03 [DEBUG] [root]自动加载类：heephp\orm
2020-05-10 20:53:03 [DEBUG] [root]select * from heecms_users u left join heecms_users_group g on u.users_group_id=g.users_group_id where  (`u`.delete_time IS NULL or `u`.delete_time <=0 or `u`.delete_time='')    
