2020-05-10 11:20:20 [DEBUG] [root]自动加载类：heephp\database\mysqli
2020-05-10 11:20:20 [DEBUG] [root]自动加载类：heephp\database\databaseInterface
2020-05-10 11:20:20 [DEBUG] [root]show full columns from `heecms_config`
2020-05-10 11:20:20 [DEBUG] [root]自动加载类：heephp\cache\file
2020-05-10 11:20:20 [DEBUG] [root]自动加载类：heephp\cache\cacheInterface
2020-05-10 11:20:20 [DEBUG] [root]select `name`,`value` from heecms_config where 1=1  order by id asc 
2020-05-10 11:20:20 [DEBUG] [root]select * from heecms_link_group where (1=1) and (delete_time IS NULL or delete_time <=0 or delete_time='')  
2020-05-10 11:20:20 [DEBUG] [root]select * from heecms_link where (parent_id<1 and link_group_id=1) and (delete_time IS NULL or delete_time <=0 or delete_time='')  order by ord asc 
2020-05-10 11:20:20 [DEBUG] [root]select * from heecms_link where (parent_id<1 and link_group_id=2) and (delete_time IS NULL or delete_time <=0 or delete_time='')  order by ord asc 
2020-05-10 11:20:29 [DEBUG] [root]自动加载类：heephp\database\mysqli
2020-05-10 11:20:29 [DEBUG] [root]自动加载类：heephp\database\databaseInterface
2020-05-10 11:20:29 [DEBUG] [root]自动加载类：heephp\cache\file
2020-05-10 11:20:29 [DEBUG] [root]自动加载类：heephp\cache\cacheInterface
2020-05-10 11:20:29 [DEBUG] [root]select * from heecms_config where 1=1  
2020-05-10 11:20:29 [DEBUG] [root]自动加载类：WeChat\Pay
2020-05-10 11:20:29 [DEBUG] [root]自动加载类：WeChat\Contracts\BasicWePay
2020-05-10 11:20:29 [DEBUG] [root]自动加载类：WeChat\Contracts\DataArray
2020-05-10 11:20:29 [DEBUG] [root]自动加载类：WeChat\Contracts\Tools
2020-05-10 11:20:29 [DEBUG] [root]自动加载类：WePay\Order
2020-05-10 11:20:29 [DEBUG] [root]自动加载类：WeChat\Exceptions\InvalidResponseException
2020-05-10 11:20:47 [DEBUG] [root]自动加载类：heephp\database\mysqli
2020-05-10 11:20:47 [DEBUG] [root]自动加载类：heephp\database\databaseInterface
2020-05-10 11:20:47 [DEBUG] [root]自动加载类：heephp\cache\file
2020-05-10 11:20:47 [DEBUG] [root]自动加载类：heephp\cache\cacheInterface
2020-05-10 11:20:47 [DEBUG] [root]自动加载类：WeChat\Pay
2020-05-10 11:20:47 [DEBUG] [root]自动加载类：WeChat\Contracts\BasicWePay
2020-05-10 11:20:47 [DEBUG] [root]自动加载类：WeChat\Contracts\DataArray
2020-05-10 11:20:47 [DEBUG] [root]自动加载类：WeChat\Contracts\Tools
2020-05-10 11:20:47 [DEBUG] [root]自动加载类：WePay\Order
2020-05-10 11:20:48 [DEBUG] [root]自动加载类：WeChat\Exceptions\InvalidResponseException
2020-05-10 11:23:20 [DEBUG] [root]自动加载类：heephp\database\mysqli
2020-05-10 11:23:20 [DEBUG] [root]自动加载类：heephp\database\databaseInterface
2020-05-10 11:23:20 [DEBUG] [root]自动加载类：heephp\cache\file
2020-05-10 11:23:20 [DEBUG] [root]自动加载类：heephp\cache\cacheInterface
2020-05-10 11:23:20 [DEBUG] [root]select * from heecms_config where 1=1  
2020-05-10 11:23:20 [DEBUG] [root]自动加载类：WeChat\Pay
2020-05-10 11:23:20 [DEBUG] [root]自动加载类：WeChat\Contracts\BasicWePay
2020-05-10 11:23:20 [DEBUG] [root]自动加载类：WeChat\Contracts\DataArray
2020-05-10 11:23:20 [DEBUG] [root]自动加载类：WeChat\Contracts\Tools
2020-05-10 11:23:20 [DEBUG] [root]自动加载类：WePay\Order
2020-05-10 11:33:13 [DEBUG] [root]自动加载类：heephp\database\mysqli
2020-05-10 11:33:13 [DEBUG] [root]自动加载类：heephp\database\databaseInterface
2020-05-10 11:33:13 [DEBUG] [root]自动加载类：heephp\cache\file
2020-05-10 11:33:13 [DEBUG] [root]自动加载类：heephp\cache\cacheInterface
2020-05-10 11:33:13 [DEBUG] [root]自动加载类：WeChat\Script
2020-05-10 11:33:13 [DEBUG] [root]自动加载类：WeChat\Contracts\BasicWeChat
2020-05-10 11:33:13 [DEBUG] [root]自动加载类：WeChat\Contracts\DataArray
2020-05-10 11:33:13 [DEBUG] [root]自动加载类：WeChat\Contracts\Tools
2020-05-10 11:33:19 [DEBUG] [root]自动加载类：WeChat\Exceptions\InvalidResponseException
2020-05-10 11:34:27 [DEBUG] [root]自动加载类：heephp\database\mysqli
2020-05-10 11:34:27 [DEBUG] [root]自动加载类：heephp\database\databaseInterface
2020-05-10 11:34:27 [DEBUG] [root]自动加载类：heephp\cache\file
2020-05-10 11:34:27 [DEBUG] [root]自动加载类：heephp\cache\cacheInterface
2020-05-10 11:34:27 [DEBUG] [root]自动加载类：WeChat\Script
2020-05-10 11:34:27 [DEBUG] [root]自动加载类：WeChat\Contracts\BasicWeChat
2020-05-10 11:34:27 [DEBUG] [root]自动加载类：WeChat\Contracts\DataArray
2020-05-10 11:34:27 [DEBUG] [root]自动加载类：WeChat\Contracts\Tools
2020-05-10 11:34:27 [DEBUG] [root]自动加载类：WeChat\Exceptions\InvalidResponseException
2020-05-10 11:34:30 [DEBUG] [root]自动加载类：heephp\database\mysqli
2020-05-10 11:34:30 [DEBUG] [root]自动加载类：heephp\database\databaseInterface
2020-05-10 11:34:30 [DEBUG] [root]自动加载类：heephp\cache\file
2020-05-10 11:34:30 [DEBUG] [root]自动加载类：heephp\cache\cacheInterface
2020-05-10 11:34:30 [DEBUG] [root]自动加载类：WeChat\Script
2020-05-10 11:34:30 [DEBUG] [root]自动加载类：WeChat\Contracts\BasicWeChat
2020-05-10 11:34:30 [DEBUG] [root]自动加载类：WeChat\Contracts\DataArray
2020-05-10 11:34:30 [DEBUG] [root]自动加载类：WeChat\Contracts\Tools
2020-05-10 11:36:02 [DEBUG] [root]自动加载类：heephp\database\mysqli
2020-05-10 11:36:02 [DEBUG] [root]自动加载类：heephp\database\databaseInterface
2020-05-10 11:36:02 [DEBUG] [root]自动加载类：heephp\cache\file
2020-05-10 11:36:02 [DEBUG] [root]自动加载类：heephp\cache\cacheInterface
2020-05-10 11:36:02 [DEBUG] [root]自动加载类：WeChat\Script
2020-05-10 11:36:02 [DEBUG] [root]自动加载类：WeChat\Contracts\BasicWeChat
2020-05-10 11:36:03 [DEBUG] [root]自动加载类：WeChat\Contracts\DataArray
2020-05-10 11:36:03 [DEBUG] [root]自动加载类：WeChat\Contracts\Tools
2020-05-10 11:36:06 [DEBUG] [root]自动加载类：heephp\database\mysqli
2020-05-10 11:36:06 [DEBUG] [root]自动加载类：heephp\database\databaseInterface
2020-05-10 11:36:06 [DEBUG] [root]自动加载类：heephp\cache\file
2020-05-10 11:36:06 [DEBUG] [root]自动加载类：heephp\cache\cacheInterface
2020-05-10 11:36:06 [DEBUG] [root]自动加载类：WeChat\Qrcode
2020-05-10 11:36:06 [DEBUG] [root]自动加载类：WeChat\Contracts\BasicWeChat
2020-05-10 11:36:06 [DEBUG] [root]自动加载类：WeChat\Contracts\DataArray
2020-05-10 11:36:06 [DEBUG] [root]自动加载类：WeChat\Contracts\Tools
2020-05-10 11:41:11 [DEBUG] [root]自动加载类：heephp\database\mysqli
2020-05-10 11:41:11 [DEBUG] [root]自动加载类：heephp\database\databaseInterface
2020-05-10 11:41:11 [DEBUG] [root]自动加载类：heephp\cache\file
2020-05-10 11:41:11 [DEBUG] [root]自动加载类：heephp\cache\cacheInterface
2020-05-10 11:41:11 [DEBUG] [root]自动加载类：WeChat\User
2020-05-10 11:41:11 [DEBUG] [root]自动加载类：WeChat\Contracts\BasicWeChat
2020-05-10 11:41:11 [DEBUG] [root]自动加载类：WeChat\Contracts\DataArray
2020-05-10 11:41:11 [DEBUG] [root]自动加载类：WeChat\Contracts\Tools
2020-05-10 11:42:08 [DEBUG] [root]自动加载类：heephp\database\mysqli
2020-05-10 11:42:08 [DEBUG] [root]自动加载类：heephp\database\databaseInterface
2020-05-10 11:42:08 [DEBUG] [root]自动加载类：heephp\cache\file
2020-05-10 11:42:08 [DEBUG] [root]自动加载类：heephp\cache\cacheInterface
2020-05-10 11:42:08 [DEBUG] [root]自动加载类：WeChat\Pay
2020-05-10 11:42:08 [DEBUG] [root]自动加载类：WeChat\Contracts\BasicWePay
2020-05-10 11:42:08 [DEBUG] [root]自动加载类：WeChat\Contracts\DataArray
2020-05-10 11:42:08 [DEBUG] [root]自动加载类：WeChat\Contracts\Tools
2020-05-10 11:42:08 [DEBUG] [root]自动加载类：WePay\Order
2020-05-10 11:58:50 [DEBUG] [root]自动加载类：heephp\database\mysqli
2020-05-10 11:58:50 [DEBUG] [root]自动加载类：heephp\database\databaseInterface
2020-05-10 11:58:50 [DEBUG] [root]自动加载类：heephp\cache\file
2020-05-10 11:58:50 [DEBUG] [root]自动加载类：heephp\cache\cacheInterface
2020-05-10 11:58:50 [DEBUG] [root]自动加载类：WeChat\Pay
2020-05-10 11:58:50 [DEBUG] [root]自动加载类：WeChat\Contracts\BasicWePay
2020-05-10 11:58:50 [DEBUG] [root]自动加载类：WeChat\Contracts\DataArray
2020-05-10 11:58:50 [DEBUG] [root]自动加载类：WeChat\Contracts\Tools
2020-05-10 11:58:50 [DEBUG] [root]自动加载类：WePay\Order
2020-05-10 11:59:38 [DEBUG] [root]自动加载类：heephp\database\mysqli
2020-05-10 11:59:38 [DEBUG] [root]自动加载类：heephp\database\databaseInterface
2020-05-10 11:59:38 [DEBUG] [root]自动加载类：heephp\cache\file
2020-05-10 11:59:38 [DEBUG] [root]自动加载类：heephp\cache\cacheInterface
2020-05-10 11:59:38 [DEBUG] [root]自动加载类：WeChat\Pay
2020-05-10 11:59:38 [DEBUG] [root]自动加载类：WeChat\Contracts\BasicWePay
2020-05-10 11:59:38 [DEBUG] [root]自动加载类：WeChat\Contracts\DataArray
2020-05-10 11:59:38 [DEBUG] [root]自动加载类：WeChat\Contracts\Tools
2020-05-10 11:59:38 [DEBUG] [root]自动加载类：WePay\Order
2020-05-10 11:59:40 [DEBUG] [root]自动加载类：heephp\database\mysqli
2020-05-10 11:59:40 [DEBUG] [root]自动加载类：heephp\database\databaseInterface
2020-05-10 11:59:40 [DEBUG] [root]自动加载类：heephp\cache\file
2020-05-10 11:59:40 [DEBUG] [root]自动加载类：heephp\cache\cacheInterface
2020-05-10 11:59:40 [DEBUG] [root]自动加载类：WeChat\Pay
2020-05-10 11:59:40 [DEBUG] [root]自动加载类：WeChat\Contracts\BasicWePay
2020-05-10 11:59:40 [DEBUG] [root]自动加载类：WeChat\Contracts\DataArray
2020-05-10 11:59:40 [DEBUG] [root]自动加载类：WeChat\Contracts\Tools
2020-05-10 11:59:40 [DEBUG] [root]自动加载类：WePay\Order
