2020-05-14 02:35:05 [DEBUG] [root]自动加载类：app\admin\controller\adminBase
2020-05-14 02:35:05 [DEBUG] [root]自动加载类：app\admin\model\users_group
2020-05-14 02:35:05 [DEBUG] [root]自动加载类：heephp\model
2020-05-14 02:35:05 [DEBUG] [root]自动加载类：heephp\orm\orm
2020-05-14 02:35:05 [DEBUG] [root]自动加载类：heephp\database\mysqli
2020-05-14 02:35:05 [DEBUG] [root]自动加载类：heephp\database\databaseInterface
2020-05-14 02:35:05 [DEBUG] [root]show full columns from `heecms_users_group`
2020-05-14 02:35:05 [DEBUG] [root]select * from heecms_users_group   where ((`users_group_id`=1)) and (`heecms_users_group`.delete_time IS NULL or `heecms_users_group`.delete_time <=0 or `heecms_users_group`.delete_time='')    
2020-05-14 02:35:05 [DEBUG] [root]自动加载类：app\admin\model\message
2020-05-14 02:35:05 [DEBUG] [root]show full columns from `heecms_message`
2020-05-14 02:35:05 [DEBUG] [root]select * from heecms_message   where ((`isread`=0 and `receiver_users_id`='1')) and (`heecms_message`.delete_time IS NULL or `heecms_message`.delete_time <=0 or `heecms_message`.delete_time='')  order by create_time desc  limit 5
2020-05-14 02:35:05 [DEBUG] [root]自动加载类：app\admin\model\menus
2020-05-14 02:35:05 [DEBUG] [root]show full columns from `heecms_menus`
2020-05-14 02:35:05 [DEBUG] [root]自动加载类：heephp\cache\file
2020-05-14 02:35:05 [DEBUG] [root]自动加载类：heephp\cache\cacheInterface
2020-05-14 02:35:05 [DEBUG] [root]select * from heecms_menus   where ( `parent_id` IS NULL or `parent_id`='' or `parent_id`=0 ) and (`heecms_menus`.delete_time IS NULL or `heecms_menus`.delete_time <=0 or `heecms_menus`.delete_time='')  order by ord asc  
2020-05-14 02:35:05 [DEBUG] [root]show full columns from `heecms_menus`
2020-05-14 02:35:05 [DEBUG] [root]select * from heecms_menus   where ((`parent_id`='8')) and (`heecms_menus`.delete_time IS NULL or `heecms_menus`.delete_time <=0 or `heecms_menus`.delete_time='')  order by ord asc  
2020-05-14 02:35:05 [DEBUG] [root]自动加载类：app\admin\model\users
2020-05-14 02:35:05 [DEBUG] [root]select * from heecms_users   where ((`users_id`='1')) and (`heecms_users`.delete_time IS NULL or `heecms_users`.delete_time <=0 or `heecms_users`.delete_time='')    
2020-05-14 02:35:05 [DEBUG] [root]select * from heecms_menus   where ((`parent_id`='10')) and (`heecms_menus`.delete_time IS NULL or `heecms_menus`.delete_time <=0 or `heecms_menus`.delete_time='')  order by ord asc  
2020-05-14 02:35:05 [DEBUG] [root]select * from heecms_menus   where ((`parent_id`='5')) and (`heecms_menus`.delete_time IS NULL or `heecms_menus`.delete_time <=0 or `heecms_menus`.delete_time='')  order by ord asc  
2020-05-14 02:35:05 [DEBUG] [root]select * from heecms_menus   where ((`parent_id`='15')) and (`heecms_menus`.delete_time IS NULL or `heecms_menus`.delete_time <=0 or `heecms_menus`.delete_time='')  order by ord asc  
2020-05-14 02:35:05 [DEBUG] [root]select * from heecms_menus   where ((`parent_id`='12')) and (`heecms_menus`.delete_time IS NULL or `heecms_menus`.delete_time <=0 or `heecms_menus`.delete_time='')  order by ord asc  
2020-05-14 02:35:05 [DEBUG] [root]自动加载类：app\admin\model\category
2020-05-14 02:35:05 [DEBUG] [root]select * from heecms_category   where ( `category_id` = '2') and (`heecms_category`.delete_time IS NULL or `heecms_category`.delete_time <=0 or `heecms_category`.delete_time='')    
2020-05-14 02:35:05 [DEBUG] [root]show full columns from `heecms_model`
2020-05-14 02:35:05 [DEBUG] [root]select * from heecms_model   where (`model_id`='6')    
2020-05-14 02:35:05 [DEBUG] [root]自动加载类：app\admin\model\model_table
2020-05-14 02:35:05 [DEBUG] [root]show full columns from `heecms_model_table`
2020-05-14 02:35:05 [DEBUG] [root]select * from heecms_model_table   where (model_table_id=19)    
2020-05-14 02:35:05 [DEBUG] [root]show full columns from `heecms_model_table`
2020-05-14 02:35:05 [DEBUG] [root]select * from heecms_model_table   where (`name`='tbtest')    
2020-05-14 02:35:05 [DEBUG] [root]show full columns from `heecms_user_model_tbtest`
2020-05-14 02:35:05 [DEBUG] [root]select * from heecms_user_model_tbtest   where  (`heecms_user_model_tbtest`.delete_time IS NULL or `heecms_user_model_tbtest`.delete_time <=0 or `heecms_user_model_tbtest`.delete_time='')    
2020-05-14 02:35:05 [DEBUG] [root]show full columns from `heecms_model_table_field`
2020-05-14 02:35:05 [DEBUG] [root]select * from heecms_model_table_field   where (model_table_id=19)    
2020-05-14 02:35:05 [DEBUG] [root]自动加载类：heephp\bulider\form
2020-05-14 02:35:07 [DEBUG] [root]自动加载类：app\admin\controller\adminBase
2020-05-14 02:35:07 [DEBUG] [root]自动加载类：app\admin\model\users_group
2020-05-14 02:35:07 [DEBUG] [root]自动加载类：heephp\model
2020-05-14 02:35:07 [DEBUG] [root]自动加载类：heephp\orm\orm
2020-05-14 02:35:07 [DEBUG] [root]自动加载类：heephp\database\mysqli
2020-05-14 02:35:07 [DEBUG] [root]自动加载类：heephp\database\databaseInterface
2020-05-14 02:35:07 [DEBUG] [root]show full columns from `heecms_users_group`
2020-05-14 02:35:07 [DEBUG] [root]select * from heecms_users_group   where ((`users_group_id`=1)) and (`heecms_users_group`.delete_time IS NULL or `heecms_users_group`.delete_time <=0 or `heecms_users_group`.delete_time='')    
2020-05-14 02:35:07 [DEBUG] [root]自动加载类：app\admin\model\message
2020-05-14 02:35:07 [DEBUG] [root]show full columns from `heecms_message`
2020-05-14 02:35:07 [DEBUG] [root]select * from heecms_message   where ((`isread`=0 and `receiver_users_id`='1')) and (`heecms_message`.delete_time IS NULL or `heecms_message`.delete_time <=0 or `heecms_message`.delete_time='')  order by create_time desc  limit 5
2020-05-14 02:35:07 [DEBUG] [root]自动加载类：app\admin\model\menus
2020-05-14 02:35:07 [DEBUG] [root]show full columns from `heecms_menus`
2020-05-14 02:35:07 [DEBUG] [root]自动加载类：heephp\cache\file
2020-05-14 02:35:07 [DEBUG] [root]自动加载类：heephp\cache\cacheInterface
2020-05-14 02:35:07 [DEBUG] [root]show full columns from `heecms_menus`
2020-05-14 02:35:07 [DEBUG] [root]自动加载类：app\admin\model\users
2020-05-14 02:35:07 [DEBUG] [root]自动加载类：app\admin\model\category
2020-05-14 02:35:07 [DEBUG] [root]select * from heecms_category   where ( `category_id` = '2') and (`heecms_category`.delete_time IS NULL or `heecms_category`.delete_time <=0 or `heecms_category`.delete_time='')    
2020-05-14 02:35:07 [DEBUG] [root]show full columns from `heecms_model`
2020-05-14 02:35:07 [DEBUG] [root]select * from heecms_model   where (`model_id`='6')    
2020-05-14 02:35:07 [DEBUG] [root]自动加载类：app\admin\model\model_table
2020-05-14 02:35:07 [DEBUG] [root]show full columns from `heecms_model_table`
2020-05-14 02:35:07 [DEBUG] [root]select * from heecms_model_table   where  `model_table_id` = '19'    
2020-05-14 02:35:07 [DEBUG] [root]show full columns from `heecms_model_table`
2020-05-14 02:35:07 [DEBUG] [root]select * from heecms_model_table   where (`name`='tbtest')    
2020-05-14 02:35:07 [DEBUG] [root]show full columns from `heecms_user_model_tbtest`
2020-05-14 02:35:07 [DEBUG] [root]show full columns from `heecms_model_table_field`
2020-05-14 02:35:07 [DEBUG] [root]select * from heecms_model_table_field   where (model_table_id=19)    
2020-05-14 02:35:07 [DEBUG] [root]自动加载类：heephp\bulider\table
2020-05-14 02:35:08 [DEBUG] [root]自动加载类：app\admin\controller\adminBase
2020-05-14 02:35:08 [DEBUG] [root]自动加载类：app\admin\model\users_group
2020-05-14 02:35:08 [DEBUG] [root]自动加载类：heephp\model
2020-05-14 02:35:08 [DEBUG] [root]自动加载类：heephp\orm\orm
2020-05-14 02:35:08 [DEBUG] [root]自动加载类：heephp\database\mysqli
2020-05-14 02:35:08 [DEBUG] [root]自动加载类：heephp\database\databaseInterface
2020-05-14 02:35:08 [DEBUG] [root]show full columns from `heecms_users_group`
2020-05-14 02:35:08 [DEBUG] [root]select * from heecms_users_group   where ((`users_group_id`=1)) and (`heecms_users_group`.delete_time IS NULL or `heecms_users_group`.delete_time <=0 or `heecms_users_group`.delete_time='')    
2020-05-14 02:35:08 [DEBUG] [root]自动加载类：app\admin\model\message
2020-05-14 02:35:08 [DEBUG] [root]show full columns from `heecms_message`
2020-05-14 02:35:08 [DEBUG] [root]select * from heecms_message   where ((`isread`=0 and `receiver_users_id`='1')) and (`heecms_message`.delete_time IS NULL or `heecms_message`.delete_time <=0 or `heecms_message`.delete_time='')  order by create_time desc  limit 5
2020-05-14 02:35:08 [DEBUG] [root]自动加载类：app\admin\model\menus
2020-05-14 02:35:08 [DEBUG] [root]show full columns from `heecms_menus`
2020-05-14 02:35:08 [DEBUG] [root]自动加载类：heephp\cache\file
2020-05-14 02:35:08 [DEBUG] [root]自动加载类：heephp\cache\cacheInterface
2020-05-14 02:35:08 [DEBUG] [root]show full columns from `heecms_menus`
2020-05-14 02:35:08 [DEBUG] [root]自动加载类：app\admin\model\users
2020-05-14 02:35:08 [DEBUG] [root]自动加载类：app\admin\model\category
2020-05-14 02:35:09 [DEBUG] [root]select * from heecms_category   where ( `category_id` = '2') and (`heecms_category`.delete_time IS NULL or `heecms_category`.delete_time <=0 or `heecms_category`.delete_time='')    
2020-05-14 02:35:09 [DEBUG] [root]show full columns from `heecms_model`
2020-05-14 02:35:09 [DEBUG] [root]select * from heecms_model   where (`model_id`='6')    
2020-05-14 02:35:09 [DEBUG] [root]自动加载类：app\admin\model\model_table
2020-05-14 02:35:09 [DEBUG] [root]show full columns from `heecms_model_table`
2020-05-14 02:35:09 [DEBUG] [root]select * from heecms_model_table   where (model_table_id=19)    
2020-05-14 02:35:09 [DEBUG] [root]show full columns from `heecms_model_table`
2020-05-14 02:35:09 [DEBUG] [root]select * from heecms_model_table   where (`name`='tbtest')    
2020-05-14 02:35:09 [DEBUG] [root]show full columns from `heecms_user_model_tbtest`
2020-05-14 02:35:09 [DEBUG] [root]select * from heecms_user_model_tbtest   where  (`heecms_user_model_tbtest`.delete_time IS NULL or `heecms_user_model_tbtest`.delete_time <=0 or `heecms_user_model_tbtest`.delete_time='')    
2020-05-14 02:35:09 [DEBUG] [root]show full columns from `heecms_model_table_field`
2020-05-14 02:35:09 [DEBUG] [root]select * from heecms_model_table_field   where (model_table_id=19)    
2020-05-14 02:35:09 [DEBUG] [root]自动加载类：heephp\bulider\form
2020-05-14 02:35:20 [DEBUG] [root]自动加载类：app\admin\controller\adminBase
2020-05-14 02:35:20 [DEBUG] [root]自动加载类：app\admin\model\users_group
2020-05-14 02:35:20 [DEBUG] [root]自动加载类：heephp\model
2020-05-14 02:35:20 [DEBUG] [root]自动加载类：heephp\orm\orm
2020-05-14 02:35:20 [DEBUG] [root]自动加载类：heephp\database\mysqli
2020-05-14 02:35:20 [DEBUG] [root]自动加载类：heephp\database\databaseInterface
2020-05-14 02:35:20 [DEBUG] [root]show full columns from `heecms_users_group`
2020-05-14 02:35:20 [DEBUG] [root]select * from heecms_users_group   where ((`users_group_id`=1)) and (`heecms_users_group`.delete_time IS NULL or `heecms_users_group`.delete_time <=0 or `heecms_users_group`.delete_time='')    
2020-05-14 02:35:20 [DEBUG] [root]自动加载类：app\admin\model\message
2020-05-14 02:35:20 [DEBUG] [root]show full columns from `heecms_message`
2020-05-14 02:35:20 [DEBUG] [root]select * from heecms_message   where ((`isread`=0 and `receiver_users_id`='1')) and (`heecms_message`.delete_time IS NULL or `heecms_message`.delete_time <=0 or `heecms_message`.delete_time='')  order by create_time desc  limit 5
2020-05-14 02:35:20 [DEBUG] [root]自动加载类：app\admin\model\menus
2020-05-14 02:35:20 [DEBUG] [root]show full columns from `heecms_menus`
2020-05-14 02:35:20 [DEBUG] [root]自动加载类：heephp\cache\file
2020-05-14 02:35:20 [DEBUG] [root]自动加载类：heephp\cache\cacheInterface
2020-05-14 02:35:20 [DEBUG] [root]show full columns from `heecms_menus`
2020-05-14 02:35:20 [DEBUG] [root]自动加载类：app\admin\model\users
2020-05-14 02:35:20 [DEBUG] [root]自动加载类：app\admin\model\link_group
2020-05-14 02:35:20 [DEBUG] [root]select count(*) c from heecms_link_group       
2020-05-14 02:35:20 [DEBUG] [root]select  *  from heecms_link_group   where (1=1)    
2020-05-14 02:35:20 [DEBUG] [root]自动加载类：heephp\bulider\pager
2020-05-14 02:35:22 [DEBUG] [root]自动加载类：app\admin\controller\adminBase
2020-05-14 02:35:22 [DEBUG] [root]自动加载类：app\admin\model\users_group
2020-05-14 02:35:22 [DEBUG] [root]自动加载类：heephp\model
2020-05-14 02:35:22 [DEBUG] [root]自动加载类：heephp\orm\orm
2020-05-14 02:35:22 [DEBUG] [root]自动加载类：heephp\database\mysqli
2020-05-14 02:35:22 [DEBUG] [root]自动加载类：heephp\database\databaseInterface
2020-05-14 02:35:22 [DEBUG] [root]show full columns from `heecms_users_group`
2020-05-14 02:35:22 [DEBUG] [root]select * from heecms_users_group   where ((`users_group_id`=1)) and (`heecms_users_group`.delete_time IS NULL or `heecms_users_group`.delete_time <=0 or `heecms_users_group`.delete_time='')    
2020-05-14 02:35:22 [DEBUG] [root]自动加载类：app\admin\model\message
2020-05-14 02:35:22 [DEBUG] [root]show full columns from `heecms_message`
2020-05-14 02:35:22 [DEBUG] [root]select * from heecms_message   where ((`isread`=0 and `receiver_users_id`='1')) and (`heecms_message`.delete_time IS NULL or `heecms_message`.delete_time <=0 or `heecms_message`.delete_time='')  order by create_time desc  limit 5
2020-05-14 02:35:22 [DEBUG] [root]自动加载类：app\admin\model\menus
2020-05-14 02:35:22 [DEBUG] [root]show full columns from `heecms_menus`
2020-05-14 02:35:22 [DEBUG] [root]自动加载类：heephp\cache\file
2020-05-14 02:35:22 [DEBUG] [root]自动加载类：heephp\cache\cacheInterface
2020-05-14 02:35:22 [DEBUG] [root]show full columns from `heecms_menus`
2020-05-14 02:35:22 [DEBUG] [root]自动加载类：app\admin\model\users
2020-05-14 02:35:22 [DEBUG] [root]自动加载类：app\admin\model\comment
2020-05-14 02:35:22 [DEBUG] [root]select count(*) c from heecms_comment   where  (`heecms_comment`.delete_time IS NULL or `heecms_comment`.delete_time <=0 or `heecms_comment`.delete_time='')    
2020-05-14 02:35:22 [DEBUG] [root]select  *  from heecms_comment   where ((1=1)) and (`heecms_comment`.delete_time IS NULL or `heecms_comment`.delete_time <=0 or `heecms_comment`.delete_time='')    
2020-05-14 02:35:22 [DEBUG] [root]自动加载类：heephp\bulider\pager
2020-05-14 02:35:22 [DEBUG] [root]自动加载类：app\admin\model\category
2020-05-14 02:35:24 [DEBUG] [root]自动加载类：app\admin\controller\adminBase
2020-05-14 02:35:24 [DEBUG] [root]自动加载类：app\admin\model\users_group
2020-05-14 02:35:24 [DEBUG] [root]自动加载类：heephp\model
2020-05-14 02:35:24 [DEBUG] [root]自动加载类：heephp\orm\orm
2020-05-14 02:35:24 [DEBUG] [root]自动加载类：heephp\database\mysqli
2020-05-14 02:35:24 [DEBUG] [root]自动加载类：heephp\database\databaseInterface
2020-05-14 02:35:24 [DEBUG] [root]show full columns from `heecms_users_group`
2020-05-14 02:35:24 [DEBUG] [root]select * from heecms_users_group   where ((`users_group_id`=1)) and (`heecms_users_group`.delete_time IS NULL or `heecms_users_group`.delete_time <=0 or `heecms_users_group`.delete_time='')    
2020-05-14 02:35:24 [DEBUG] [root]自动加载类：app\admin\model\message
2020-05-14 02:35:24 [DEBUG] [root]show full columns from `heecms_message`
2020-05-14 02:35:24 [DEBUG] [root]select * from heecms_message   where ((`isread`=0 and `receiver_users_id`='1')) and (`heecms_message`.delete_time IS NULL or `heecms_message`.delete_time <=0 or `heecms_message`.delete_time='')  order by create_time desc  limit 5
2020-05-14 02:35:24 [DEBUG] [root]自动加载类：app\admin\model\menus
2020-05-14 02:35:24 [DEBUG] [root]show full columns from `heecms_menus`
2020-05-14 02:35:24 [DEBUG] [root]自动加载类：heephp\cache\file
2020-05-14 02:35:24 [DEBUG] [root]自动加载类：heephp\cache\cacheInterface
2020-05-14 02:35:24 [DEBUG] [root]show full columns from `heecms_menus`
2020-05-14 02:35:24 [DEBUG] [root]自动加载类：app\admin\model\users
2020-05-14 02:35:24 [DEBUG] [root]自动加载类：app\admin\model\model_table
2020-05-14 02:35:24 [DEBUG] [root]show full columns from `heecms_model_table`
2020-05-14 02:35:24 [DEBUG] [root]select count(*) c from heecms_model_table       
2020-05-14 02:35:24 [DEBUG] [root]select  *  from heecms_model_table   where (1=1)    
2020-05-14 02:35:24 [DEBUG] [root]自动加载类：heephp\bulider\pager
2020-05-14 02:35:26 [DEBUG] [root]自动加载类：app\admin\controller\adminBase
2020-05-14 02:35:26 [DEBUG] [root]自动加载类：app\admin\model\users_group
2020-05-14 02:35:26 [DEBUG] [root]自动加载类：heephp\model
2020-05-14 02:35:26 [DEBUG] [root]自动加载类：heephp\orm\orm
2020-05-14 02:35:26 [DEBUG] [root]自动加载类：heephp\database\mysqli
2020-05-14 02:35:26 [DEBUG] [root]自动加载类：heephp\database\databaseInterface
2020-05-14 02:35:26 [DEBUG] [root]show full columns from `heecms_users_group`
2020-05-14 02:35:26 [DEBUG] [root]select * from heecms_users_group   where ((`users_group_id`=1)) and (`heecms_users_group`.delete_time IS NULL or `heecms_users_group`.delete_time <=0 or `heecms_users_group`.delete_time='')    
2020-05-14 02:35:26 [DEBUG] [root]自动加载类：app\admin\model\message
2020-05-14 02:35:26 [DEBUG] [root]show full columns from `heecms_message`
2020-05-14 02:35:26 [DEBUG] [root]select * from heecms_message   where ((`isread`=0 and `receiver_users_id`='1')) and (`heecms_message`.delete_time IS NULL or `heecms_message`.delete_time <=0 or `heecms_message`.delete_time='')  order by create_time desc  limit 5
2020-05-14 02:35:26 [DEBUG] [root]自动加载类：app\admin\model\menus
2020-05-14 02:35:26 [DEBUG] [root]show full columns from `heecms_menus`
2020-05-14 02:35:26 [DEBUG] [root]自动加载类：heephp\cache\file
2020-05-14 02:35:26 [DEBUG] [root]自动加载类：heephp\cache\cacheInterface
2020-05-14 02:35:26 [DEBUG] [root]show full columns from `heecms_menus`
2020-05-14 02:35:26 [DEBUG] [root]自动加载类：app\admin\model\users
2020-05-14 02:35:26 [DEBUG] [root]自动加载类：app\admin\model\sysmodel
2020-05-14 02:35:26 [DEBUG] [root]show full columns from `heecms_model`
2020-05-14 02:35:26 [DEBUG] [root]select count(*) c from heecms_model   where  (`heecms_model`.delete_time IS NULL or `heecms_model`.delete_time <=0 or `heecms_model`.delete_time='')    
2020-05-14 02:35:26 [DEBUG] [root]select  *  from heecms_model   where ((1=1)) and (`heecms_model`.delete_time IS NULL or `heecms_model`.delete_time <=0 or `heecms_model`.delete_time='')    
2020-05-14 02:35:26 [DEBUG] [root]自动加载类：heephp\bulider\pager
2020-05-14 02:35:26 [DEBUG] [root]自动加载类：app\admin\model\model_table
2020-05-14 02:35:26 [DEBUG] [root]show full columns from `heecms_model_table`
2020-05-14 02:35:26 [DEBUG] [root]select * from heecms_model_table   where (`model_table_id`='18')    
2020-05-14 02:35:26 [DEBUG] [root]select * from heecms_model_table   where (`model_table_id`='19')    
2020-05-14 02:35:28 [DEBUG] [root]自动加载类：app\admin\controller\adminBase
2020-05-14 02:35:28 [DEBUG] [root]自动加载类：app\admin\model\users_group
2020-05-14 02:35:28 [DEBUG] [root]自动加载类：heephp\model
2020-05-14 02:35:28 [DEBUG] [root]自动加载类：heephp\orm\orm
2020-05-14 02:35:28 [DEBUG] [root]自动加载类：heephp\database\mysqli
2020-05-14 02:35:28 [DEBUG] [root]自动加载类：heephp\database\databaseInterface
2020-05-14 02:35:28 [DEBUG] [root]show full columns from `heecms_users_group`
2020-05-14 02:35:28 [DEBUG] [root]select * from heecms_users_group   where ((`users_group_id`=1)) and (`heecms_users_group`.delete_time IS NULL or `heecms_users_group`.delete_time <=0 or `heecms_users_group`.delete_time='')    
2020-05-14 02:35:28 [DEBUG] [root]自动加载类：app\admin\model\message
2020-05-14 02:35:29 [DEBUG] [root]show full columns from `heecms_message`
2020-05-14 02:35:29 [DEBUG] [root]select * from heecms_message   where ((`isread`=0 and `receiver_users_id`='1')) and (`heecms_message`.delete_time IS NULL or `heecms_message`.delete_time <=0 or `heecms_message`.delete_time='')  order by create_time desc  limit 5
2020-05-14 02:35:29 [DEBUG] [root]自动加载类：app\admin\model\menus
2020-05-14 02:35:29 [DEBUG] [root]show full columns from `heecms_menus`
2020-05-14 02:35:29 [DEBUG] [root]自动加载类：heephp\cache\file
2020-05-14 02:35:29 [DEBUG] [root]自动加载类：heephp\cache\cacheInterface
2020-05-14 02:35:29 [DEBUG] [root]show full columns from `heecms_menus`
2020-05-14 02:35:29 [DEBUG] [root]自动加载类：app\admin\model\users
2020-05-14 02:35:29 [DEBUG] [root]自动加载类：app\admin\model\category
2020-05-14 02:35:29 [DEBUG] [root]select count(*) c from heecms_category   where ( `parent_id` IS NULL or `parent_id`='' or `parent_id`=0 ) and (`heecms_category`.delete_time IS NULL or `heecms_category`.delete_time <=0 or `heecms_category`.delete_time='')    
2020-05-14 02:35:29 [DEBUG] [root]select  *  from heecms_category   where ((( `parent_id` IS NULL or `parent_id`='' or `parent_id`=0 ) and (`heecms_category`.delete_time IS NULL or `heecms_category`.delete_time <=0 or `heecms_category`.delete_time=''))) and (`heecms_category`.delete_time IS NULL or `heecms_category`.delete_time <=0 or `heecms_category`.delete_time='')    
2020-05-14 02:35:29 [DEBUG] [root]自动加载类：heephp\bulider\pager
2020-05-14 02:35:29 [DEBUG] [root]select * from heecms_category   where ((`parent_id`='1')) and (`heecms_category`.delete_time IS NULL or `heecms_category`.delete_time <=0 or `heecms_category`.delete_time='')  order by parent_id asc  
2020-05-14 02:35:31 [DEBUG] [root]自动加载类：app\admin\controller\adminBase
2020-05-14 02:35:31 [DEBUG] [root]自动加载类：app\admin\model\users_group
2020-05-14 02:35:31 [DEBUG] [root]自动加载类：heephp\model
2020-05-14 02:35:31 [DEBUG] [root]自动加载类：heephp\orm\orm
2020-05-14 02:35:31 [DEBUG] [root]自动加载类：heephp\database\mysqli
2020-05-14 02:35:31 [DEBUG] [root]自动加载类：heephp\database\databaseInterface
2020-05-14 02:35:31 [DEBUG] [root]show full columns from `heecms_users_group`
2020-05-14 02:35:31 [DEBUG] [root]select * from heecms_users_group   where ((`users_group_id`=1)) and (`heecms_users_group`.delete_time IS NULL or `heecms_users_group`.delete_time <=0 or `heecms_users_group`.delete_time='')    
2020-05-14 02:35:31 [DEBUG] [root]自动加载类：app\admin\model\message
2020-05-14 02:35:31 [DEBUG] [root]show full columns from `heecms_message`
2020-05-14 02:35:31 [DEBUG] [root]select * from heecms_message   where ((`isread`=0 and `receiver_users_id`='1')) and (`heecms_message`.delete_time IS NULL or `heecms_message`.delete_time <=0 or `heecms_message`.delete_time='')  order by create_time desc  limit 5
2020-05-14 02:35:31 [DEBUG] [root]自动加载类：app\admin\model\menus
2020-05-14 02:35:31 [DEBUG] [root]show full columns from `heecms_menus`
2020-05-14 02:35:31 [DEBUG] [root]自动加载类：heephp\cache\file
2020-05-14 02:35:31 [DEBUG] [root]自动加载类：heephp\cache\cacheInterface
2020-05-14 02:35:31 [DEBUG] [root]show full columns from `heecms_menus`
2020-05-14 02:35:31 [DEBUG] [root]自动加载类：app\admin\model\users
2020-05-14 02:35:31 [DEBUG] [root]自动加载类：app\admin\model\category
2020-05-14 02:35:31 [DEBUG] [root]select * from heecms_category   where ( `parent_id` IS NULL or `parent_id`='' or `parent_id`=0 ) and (`heecms_category`.delete_time IS NULL or `heecms_category`.delete_time <=0 or `heecms_category`.delete_time='')    
2020-05-14 02:35:31 [DEBUG] [root]自动加载类：app\admin\model\sysmodel
2020-05-14 02:35:31 [DEBUG] [root]show full columns from `heecms_model`
2020-05-14 02:35:31 [DEBUG] [root]select * from heecms_model   where  (`heecms_model`.delete_time IS NULL or `heecms_model`.delete_time <=0 or `heecms_model`.delete_time='')    
2020-05-14 02:35:31 [DEBUG] [root]select * from heecms_category   where ( `category_id` = '1') and (`heecms_category`.delete_time IS NULL or `heecms_category`.delete_time <=0 or `heecms_category`.delete_time='')    
2020-05-14 02:51:59 [DEBUG] [root]自动加载类：app\admin\controller\adminBase
2020-05-14 02:51:59 [DEBUG] [root]自动加载类：app\admin\model\users_group
2020-05-14 02:51:59 [DEBUG] [root]自动加载类：heephp\model
2020-05-14 02:51:59 [DEBUG] [root]自动加载类：heephp\orm\orm
2020-05-14 02:51:59 [DEBUG] [root]自动加载类：heephp\database\mysqli
2020-05-14 02:51:59 [DEBUG] [root]自动加载类：heephp\database\databaseInterface
2020-05-14 02:51:59 [DEBUG] [root]show full columns from `heecms_users_group`
2020-05-14 02:51:59 [DEBUG] [root]select * from heecms_users_group   where ((`users_group_id`=)) and (`heecms_users_group`.delete_time IS NULL or `heecms_users_group`.delete_time <=0 or `heecms_users_group`.delete_time='')    
2020-05-14 02:51:59 [DEBUG] [root]自动加载类：app\admin\controller\adminBase
2020-05-14 02:51:59 [DEBUG] [root]自动加载类：heephp\database\mysqli
2020-05-14 02:51:59 [DEBUG] [root]自动加载类：heephp\database\databaseInterface
2020-05-14 02:51:59 [DEBUG] [root]自动加载类：heephp\cache\file
2020-05-14 02:51:59 [DEBUG] [root]自动加载类：heephp\cache\cacheInterface
2020-05-14 02:51:59 [DEBUG] [root]select * from heecms_config where 1=1  
2020-05-14 02:51:59 [DEBUG] [root]自动加载类：app\admin\controller\adminBase
2020-05-14 02:51:59 [DEBUG] [root]自动加载类：heephp\database\mysqli
2020-05-14 02:51:59 [DEBUG] [root]自动加载类：heephp\database\databaseInterface
2020-05-14 02:51:59 [DEBUG] [root]自动加载类：heephp\cache\file
2020-05-14 02:51:59 [DEBUG] [root]自动加载类：heephp\cache\cacheInterface
2020-05-14 02:52:02 [DEBUG] [root]自动加载类：app\home\controller\base
2020-05-14 02:52:02 [DEBUG] [root]自动加载类：app\home\model\config
2020-05-14 02:52:02 [DEBUG] [root]自动加载类：heephp\model
2020-05-14 02:52:02 [DEBUG] [root]自动加载类：heephp\orm\orm
2020-05-14 02:52:02 [DEBUG] [root]自动加载类：heephp\database\mysqli
2020-05-14 02:52:02 [DEBUG] [root]自动加载类：heephp\database\databaseInterface
2020-05-14 02:52:02 [DEBUG] [root]show full columns from `heecms_config`
2020-05-14 02:52:02 [DEBUG] [root]自动加载类：heephp\cache\file
2020-05-14 02:52:02 [DEBUG] [root]自动加载类：heephp\cache\cacheInterface
2020-05-14 02:53:42 [DEBUG] [root]自动加载类：app\home\controller\base
2020-05-14 02:53:42 [DEBUG] [root]自动加载类：app\home\model\config
2020-05-14 02:53:42 [DEBUG] [root]自动加载类：heephp\model
2020-05-14 02:53:42 [DEBUG] [root]自动加载类：heephp\orm\orm
2020-05-14 02:53:42 [DEBUG] [root]自动加载类：heephp\database\mysqli
2020-05-14 02:53:42 [DEBUG] [root]自动加载类：heephp\database\databaseInterface
2020-05-14 02:53:42 [DEBUG] [root]show full columns from `heecms_config`
2020-05-14 02:53:42 [DEBUG] [root]自动加载类：heephp\cache\file
2020-05-14 02:53:42 [DEBUG] [root]自动加载类：heephp\cache\cacheInterface
2020-05-14 02:54:01 [DEBUG] [root]自动加载类：app\home\controller\base
2020-05-14 02:54:01 [DEBUG] [root]自动加载类：app\home\model\config
2020-05-14 02:54:01 [DEBUG] [root]自动加载类：heephp\model
2020-05-14 02:54:01 [DEBUG] [root]自动加载类：heephp\orm\orm
2020-05-14 02:54:01 [DEBUG] [root]自动加载类：heephp\database\mysqli
2020-05-14 02:54:01 [DEBUG] [root]自动加载类：heephp\database\databaseInterface
2020-05-14 02:54:01 [DEBUG] [root]show full columns from `heecms_config`
2020-05-14 02:54:01 [DEBUG] [root]自动加载类：heephp\cache\file
2020-05-14 02:54:01 [DEBUG] [root]自动加载类：heephp\cache\cacheInterface
2020-05-14 02:55:01 [DEBUG] [root]自动加载类：app\home\controller\base
2020-05-14 02:55:01 [DEBUG] [root]自动加载类：app\home\model\config
2020-05-14 02:55:01 [DEBUG] [root]自动加载类：heephp\model
2020-05-14 02:55:01 [DEBUG] [root]自动加载类：heephp\orm\orm
2020-05-14 02:55:01 [DEBUG] [root]自动加载类：heephp\database\mysqli
2020-05-14 02:55:01 [DEBUG] [root]自动加载类：heephp\database\databaseInterface
2020-05-14 02:55:01 [DEBUG] [root]show full columns from `heecms_config`
2020-05-14 02:55:01 [DEBUG] [root]自动加载类：heephp\cache\file
2020-05-14 02:55:01 [DEBUG] [root]自动加载类：heephp\cache\cacheInterface
2020-05-14 02:56:25 [DEBUG] [root]自动加载类：app\home\controller\base
2020-05-14 02:56:25 [DEBUG] [root]自动加载类：app\home\controller\base
2020-05-14 02:57:30 [DEBUG] [root]自动加载类：app\home\controller\base
2020-05-14 02:57:30 [DEBUG] [root]自动加载类：heephp\orm\orm
2020-05-14 02:57:30 [DEBUG] [root]自动加载类：heephp\database\mysqli
2020-05-14 02:57:30 [DEBUG] [root]自动加载类：heephp\database\databaseInterface
2020-05-14 02:57:30 [DEBUG] [root]自动加载类：heephp\orm\wherebuilder
2020-05-14 02:58:25 [DEBUG] [root]自动加载类：app\home\controller\base
2020-05-14 02:58:25 [DEBUG] [root]自动加载类：heephp\orm\orm
2020-05-14 02:58:25 [DEBUG] [root]自动加载类：heephp\database\mysqli
2020-05-14 02:58:25 [DEBUG] [root]自动加载类：heephp\database\databaseInterface
2020-05-14 02:58:25 [DEBUG] [root]自动加载类：heephp\orm\wherebuilder
2020-05-14 02:58:25 [DEBUG] [root]select * from heecms_users   where   ( users_id between 0 and 3 )  or  ((1=1) and (2=2))    
2020-05-14 02:58:39 [DEBUG] [root]自动加载类：app\home\controller\base
2020-05-14 02:58:39 [DEBUG] [root]自动加载类：heephp\orm\orm
2020-05-14 02:58:39 [DEBUG] [root]自动加载类：heephp\database\mysqli
2020-05-14 02:58:39 [DEBUG] [root]自动加载类：heephp\database\databaseInterface
2020-05-14 02:58:39 [DEBUG] [root]自动加载类：heephp\orm\wherebuilder
2020-05-14 02:59:15 [DEBUG] [root]自动加载类：app\home\controller\base
2020-05-14 02:59:15 [DEBUG] [root]自动加载类：heephp\orm\orm
2020-05-14 02:59:15 [DEBUG] [root]自动加载类：heephp\database\mysqli
2020-05-14 02:59:15 [DEBUG] [root]自动加载类：heephp\database\databaseInterface
2020-05-14 02:59:15 [DEBUG] [root]自动加载类：heephp\orm\wherebuilder
2020-05-14 02:59:16 [DEBUG] [root]自动加载类：app\home\controller\base
2020-05-14 02:59:16 [DEBUG] [root]自动加载类：heephp\orm\orm
2020-05-14 02:59:16 [DEBUG] [root]自动加载类：heephp\database\mysqli
2020-05-14 02:59:16 [DEBUG] [root]自动加载类：heephp\database\databaseInterface
2020-05-14 02:59:16 [DEBUG] [root]自动加载类：heephp\orm\wherebuilder
2020-05-14 02:59:17 [DEBUG] [root]自动加载类：app\home\controller\base
2020-05-14 02:59:17 [DEBUG] [root]自动加载类：heephp\orm\orm
2020-05-14 02:59:17 [DEBUG] [root]自动加载类：heephp\database\mysqli
2020-05-14 02:59:17 [DEBUG] [root]自动加载类：heephp\database\databaseInterface
2020-05-14 02:59:17 [DEBUG] [root]自动加载类：heephp\orm\wherebuilder
2020-05-14 02:59:17 [DEBUG] [root]自动加载类：app\home\controller\base
2020-05-14 02:59:17 [DEBUG] [root]自动加载类：heephp\orm\orm
2020-05-14 02:59:17 [DEBUG] [root]自动加载类：heephp\database\mysqli
2020-05-14 02:59:17 [DEBUG] [root]自动加载类：heephp\database\databaseInterface
2020-05-14 02:59:17 [DEBUG] [root]自动加载类：heephp\orm\wherebuilder
