2020-05-13 21:00:43 [DEBUG] [root]自动加载类：app\home\controller\base
2020-05-13 21:00:43 [DEBUG] [root]自动加载类：heephp\template\im
2020-05-13 21:00:44 [DEBUG] [root]自动加载类：app\home\controller\base
2020-05-13 21:00:44 [DEBUG] [root]自动加载类：heephp\template\im
2020-05-13 21:00:44 [DEBUG] [root]自动加载类：app\home\controller\base
2020-05-13 21:00:44 [DEBUG] [root]自动加载类：heephp\template\im
2020-05-13 21:00:44 [DEBUG] [root]自动加载类：app\home\controller\base
2020-05-13 21:00:44 [DEBUG] [root]自动加载类：heephp\template\im
2020-05-13 21:00:44 [DEBUG] [root]自动加载类：app\home\controller\base
2020-05-13 21:00:44 [DEBUG] [root]自动加载类：heephp\template\im
2020-05-13 21:00:45 [DEBUG] [root]自动加载类：app\home\controller\base
2020-05-13 21:00:45 [DEBUG] [root]自动加载类：heephp\template\im
2020-05-13 21:00:45 [DEBUG] [root]自动加载类：app\home\controller\base
2020-05-13 21:00:45 [DEBUG] [root]自动加载类：heephp\template\im
2020-05-13 21:00:45 [DEBUG] [root]自动加载类：app\home\controller\base
2020-05-13 21:00:45 [DEBUG] [root]自动加载类：heephp\template\im
2020-05-13 21:00:46 [DEBUG] [root]自动加载类：app\home\controller\base
2020-05-13 21:00:46 [DEBUG] [root]自动加载类：heephp\template\im
2020-05-13 21:01:54 [DEBUG] [root]自动加载类：app\home\controller\base
2020-05-13 21:01:54 [DEBUG] [root]自动加载类：heephp\template\im
2020-05-13 21:01:55 [DEBUG] [root]自动加载类：app\home\controller\base
2020-05-13 21:01:55 [DEBUG] [root]自动加载类：heephp\template\im
2020-05-13 21:02:38 [DEBUG] [root]自动加载类：app\home\controller\base
2020-05-13 21:02:38 [DEBUG] [root]自动加载类：heephp\template\im
2020-05-13 21:03:29 [DEBUG] [root]自动加载类：app\home\controller\base
2020-05-13 21:03:29 [DEBUG] [root]自动加载类：heephp\template\im
2020-05-13 21:03:30 [DEBUG] [root]自动加载类：app\home\controller\base
2020-05-13 21:03:30 [DEBUG] [root]自动加载类：heephp\template\im
2020-05-13 21:03:31 [DEBUG] [root]自动加载类：app\home\controller\base
2020-05-13 21:03:31 [DEBUG] [root]自动加载类：heephp\template\im
2020-05-13 21:04:35 [DEBUG] [root]自动加载类：app\home\controller\base
2020-05-13 21:04:35 [DEBUG] [root]自动加载类：heephp\template\im
2020-05-13 21:04:55 [DEBUG] [root]自动加载类：app\home\controller\base
2020-05-13 21:04:55 [DEBUG] [root]自动加载类：heephp\template\im
2020-05-13 21:04:56 [DEBUG] [root]自动加载类：app\home\controller\base
2020-05-13 21:04:56 [DEBUG] [root]自动加载类：heephp\template\im
2020-05-13 21:05:49 [DEBUG] [root]自动加载类：app\home\controller\base
2020-05-13 21:05:49 [DEBUG] [root]自动加载类：heephp\template\im
2020-05-13 21:06:40 [DEBUG] [root]自动加载类：app\home\controller\base
2020-05-13 21:06:40 [DEBUG] [root]自动加载类：heephp\template\im
2020-05-13 21:06:53 [DEBUG] [root]自动加载类：app\home\controller\base
2020-05-13 21:06:53 [DEBUG] [root]自动加载类：heephp\template\im
2020-05-13 21:12:40 [DEBUG] [root]自动加载类：app\home\controller\base
2020-05-13 21:12:40 [DEBUG] [root]自动加载类：heephp\template\im
2020-05-13 21:12:42 [DEBUG] [root]自动加载类：app\home\controller\base
2020-05-13 21:12:42 [DEBUG] [root]自动加载类：heephp\template\im
2020-05-13 21:12:43 [DEBUG] [root]自动加载类：app\home\controller\base
2020-05-13 21:12:43 [DEBUG] [root]自动加载类：heephp\template\im
2020-05-13 21:12:43 [DEBUG] [root]自动加载类：app\home\controller\base
2020-05-13 21:12:43 [DEBUG] [root]自动加载类：heephp\template\im
2020-05-13 21:12:43 [DEBUG] [root]自动加载类：app\home\controller\base
2020-05-13 21:12:43 [DEBUG] [root]自动加载类：heephp\template\im
2020-05-13 21:12:45 [DEBUG] [root]自动加载类：app\home\controller\base
2020-05-13 21:12:45 [DEBUG] [root]自动加载类：heephp\template\im
2020-05-13 21:12:46 [DEBUG] [root]自动加载类：app\home\controller\base
2020-05-13 21:12:46 [DEBUG] [root]自动加载类：heephp\template\im
2020-05-13 21:12:47 [DEBUG] [root]自动加载类：app\home\controller\base
2020-05-13 21:12:47 [DEBUG] [root]自动加载类：heephp\template\im
2020-05-13 21:13:58 [DEBUG] [root]自动加载类：app\home\controller\base
2020-05-13 21:13:58 [DEBUG] [root]自动加载类：heephp\template\im
2020-05-13 21:15:36 [DEBUG] [root]自动加载类：app\home\controller\base
2020-05-13 21:18:17 [DEBUG] [root]自动加载类：app\home\controller\base
2020-05-13 21:18:45 [DEBUG] [root]自动加载类：app\home\controller\base
2020-05-13 21:19:00 [DEBUG] [root]自动加载类：app\home\controller\base
2020-05-13 21:19:01 [DEBUG] [root]自动加载类：app\home\controller\base
2020-05-13 21:19:01 [DEBUG] [root]自动加载类：app\home\controller\base
2020-05-13 21:19:16 [DEBUG] [root]自动加载类：app\home\controller\base
2020-05-13 21:19:18 [DEBUG] [root]自动加载类：app\home\controller\base
2020-05-13 21:19:37 [DEBUG] [root]自动加载类：app\home\controller\base
2020-05-13 21:19:39 [DEBUG] [root]自动加载类：app\home\controller\base
2020-05-13 21:20:01 [DEBUG] [root]自动加载类：app\home\controller\base
2020-05-13 21:20:22 [DEBUG] [root]自动加载类：app\home\controller\base
2020-05-13 21:20:37 [DEBUG] [root]自动加载类：app\home\controller\base
2020-05-13 21:21:07 [DEBUG] [root]自动加载类：app\home\controller\base
2020-05-13 21:21:08 [DEBUG] [root]自动加载类：app\home\controller\base
2020-05-13 21:21:08 [DEBUG] [root]自动加载类：app\home\controller\base
2020-05-13 21:22:40 [DEBUG] [root]自动加载类：app\home\controller\base
2020-05-13 21:25:20 [DEBUG] [root]自动加载类：app\home\controller\base
2020-05-13 21:25:21 [DEBUG] [root]自动加载类：app\home\controller\base
2020-05-13 21:25:47 [DEBUG] [root]自动加载类：app\home\controller\base
2020-05-13 21:25:47 [DEBUG] [root]自动加载类：heephp\template\im
2020-05-13 21:27:34 [DEBUG] [root]自动加载类：app\home\controller\base
2020-05-13 21:27:34 [DEBUG] [root]自动加载类：heephp\template\im
2020-05-13 21:27:41 [DEBUG] [root]自动加载类：app\home\controller\base
2020-05-13 21:27:41 [DEBUG] [root]自动加载类：heephp\template\im
2020-05-13 21:28:28 [DEBUG] [root]自动加载类：app\home\controller\base
2020-05-13 21:28:28 [DEBUG] [root]自动加载类：heephp\template\im
2020-05-13 21:30:10 [DEBUG] [root]自动加载类：app\home\controller\base
2020-05-13 21:30:10 [DEBUG] [root]自动加载类：heephp\template\im
2020-05-13 21:30:11 [DEBUG] [root]自动加载类：app\home\controller\base
2020-05-13 21:30:11 [DEBUG] [root]自动加载类：heephp\template\im
2020-05-13 21:30:12 [DEBUG] [root]自动加载类：app\home\controller\base
2020-05-13 21:30:12 [DEBUG] [root]自动加载类：heephp\template\im
2020-05-13 21:30:23 [DEBUG] [root]自动加载类：app\home\controller\base
2020-05-13 21:30:23 [DEBUG] [root]自动加载类：heephp\template\im
2020-05-13 21:32:38 [DEBUG] [root]自动加载类：app\home\controller\base
2020-05-13 21:32:38 [DEBUG] [root]自动加载类：heephp\template\im
2020-05-13 21:32:39 [DEBUG] [root]自动加载类：app\home\controller\base
2020-05-13 21:32:39 [DEBUG] [root]自动加载类：heephp\template\im
2020-05-13 21:32:39 [DEBUG] [root]自动加载类：app\home\controller\base
2020-05-13 21:32:39 [DEBUG] [root]自动加载类：heephp\template\im
2020-05-13 21:32:40 [DEBUG] [root]自动加载类：app\home\controller\base
2020-05-13 21:32:40 [DEBUG] [root]自动加载类：heephp\template\im
2020-05-13 21:32:43 [DEBUG] [root]自动加载类：app\home\controller\base
2020-05-13 21:32:43 [DEBUG] [root]自动加载类：heephp\template\im
2020-05-13 21:33:05 [DEBUG] [root]自动加载类：app\home\controller\base
2020-05-13 21:33:05 [DEBUG] [root]自动加载类：heephp\template\im
2020-05-13 21:33:06 [DEBUG] [root]自动加载类：app\home\controller\base
2020-05-13 21:33:06 [DEBUG] [root]自动加载类：heephp\template\im
2020-05-13 21:37:12 [DEBUG] [root]自动加载类：app\home\controller\base
2020-05-13 21:37:12 [DEBUG] [root]自动加载类：heephp\template\im
2020-05-13 21:37:13 [DEBUG] [root]自动加载类：app\home\controller\base
2020-05-13 21:37:13 [DEBUG] [root]自动加载类：heephp\template\im
2020-05-13 21:37:14 [DEBUG] [root]自动加载类：app\home\controller\base
2020-05-13 21:37:14 [DEBUG] [root]自动加载类：heephp\template\im
2020-05-13 21:37:14 [DEBUG] [root]自动加载类：app\home\controller\base
2020-05-13 21:37:14 [DEBUG] [root]自动加载类：heephp\template\im
2020-05-13 21:37:14 [DEBUG] [root]自动加载类：app\home\controller\base
2020-05-13 21:37:14 [DEBUG] [root]自动加载类：heephp\template\im
2020-05-13 21:37:14 [DEBUG] [root]自动加载类：app\home\controller\base
2020-05-13 21:37:15 [DEBUG] [root]自动加载类：heephp\template\im
2020-05-13 21:37:15 [DEBUG] [root]自动加载类：app\home\controller\base
2020-05-13 21:37:15 [DEBUG] [root]自动加载类：heephp\template\im
2020-05-13 21:37:15 [DEBUG] [root]自动加载类：app\home\controller\base
2020-05-13 21:37:15 [DEBUG] [root]自动加载类：heephp\template\im
2020-05-13 21:37:16 [DEBUG] [root]自动加载类：app\home\controller\base
2020-05-13 21:37:16 [DEBUG] [root]自动加载类：heephp\template\im
2020-05-13 21:37:16 [DEBUG] [root]自动加载类：app\home\controller\base
2020-05-13 21:37:16 [DEBUG] [root]自动加载类：heephp\template\im
2020-05-13 21:37:16 [DEBUG] [root]自动加载类：app\home\controller\base
2020-05-13 21:37:16 [DEBUG] [root]自动加载类：heephp\template\im
2020-05-13 21:37:16 [DEBUG] [root]自动加载类：app\home\controller\base
2020-05-13 21:37:16 [DEBUG] [root]自动加载类：heephp\template\im
2020-05-13 21:37:16 [DEBUG] [root]自动加载类：app\home\controller\base
2020-05-13 21:37:16 [DEBUG] [root]自动加载类：heephp\template\im
2020-05-13 21:37:17 [DEBUG] [root]自动加载类：app\home\controller\base
2020-05-13 21:37:17 [DEBUG] [root]自动加载类：heephp\template\im
2020-05-13 21:37:17 [DEBUG] [root]自动加载类：app\home\controller\base
2020-05-13 21:37:17 [DEBUG] [root]自动加载类：heephp\template\im
2020-05-13 21:37:17 [DEBUG] [root]自动加载类：app\home\controller\base
2020-05-13 21:37:17 [DEBUG] [root]自动加载类：heephp\template\im
2020-05-13 21:37:17 [DEBUG] [root]自动加载类：app\home\controller\base
2020-05-13 21:37:17 [DEBUG] [root]自动加载类：heephp\template\im
2020-05-13 21:37:18 [DEBUG] [root]自动加载类：app\home\controller\base
2020-05-13 21:37:18 [DEBUG] [root]自动加载类：heephp\template\im
2020-05-13 21:37:18 [DEBUG] [root]自动加载类：app\home\controller\base
2020-05-13 21:37:18 [DEBUG] [root]自动加载类：heephp\template\im
2020-05-13 21:37:19 [DEBUG] [root]自动加载类：app\home\controller\base
2020-05-13 21:37:19 [DEBUG] [root]自动加载类：heephp\template\im
2020-05-13 21:37:36 [DEBUG] [root]自动加载类：app\home\controller\base
2020-05-13 21:37:36 [DEBUG] [root]自动加载类：heephp\template\im
2020-05-13 21:37:36 [DEBUG] [root]自动加载类：app\home\controller\base
2020-05-13 21:37:36 [DEBUG] [root]自动加载类：heephp\template\im
2020-05-13 21:37:37 [DEBUG] [root]自动加载类：app\home\controller\base
2020-05-13 21:37:37 [DEBUG] [root]自动加载类：heephp\template\im
2020-05-13 21:37:37 [DEBUG] [root]自动加载类：app\home\controller\base
2020-05-13 21:37:37 [DEBUG] [root]自动加载类：heephp\template\im
2020-05-13 21:37:37 [DEBUG] [root]自动加载类：app\home\controller\base
2020-05-13 21:37:37 [DEBUG] [root]自动加载类：heephp\template\im
2020-05-13 21:37:37 [DEBUG] [root]自动加载类：app\home\controller\base
2020-05-13 21:37:37 [DEBUG] [root]自动加载类：heephp\template\im
2020-05-13 21:37:38 [DEBUG] [root]自动加载类：app\home\controller\base
2020-05-13 21:37:38 [DEBUG] [root]自动加载类：heephp\template\im
2020-05-13 21:37:38 [DEBUG] [root]自动加载类：app\home\controller\base
2020-05-13 21:37:38 [DEBUG] [root]自动加载类：heephp\template\im
2020-05-13 21:37:38 [DEBUG] [root]自动加载类：app\home\controller\base
2020-05-13 21:37:38 [DEBUG] [root]自动加载类：heephp\template\im
2020-05-13 21:37:38 [DEBUG] [root]自动加载类：app\home\controller\base
2020-05-13 21:37:38 [DEBUG] [root]自动加载类：heephp\template\im
2020-05-13 21:37:39 [DEBUG] [root]自动加载类：app\home\controller\base
2020-05-13 21:37:39 [DEBUG] [root]自动加载类：heephp\template\im
2020-05-13 21:37:39 [DEBUG] [root]自动加载类：app\home\controller\base
2020-05-13 21:37:39 [DEBUG] [root]自动加载类：heephp\template\im
2020-05-13 21:37:39 [DEBUG] [root]自动加载类：app\home\controller\base
2020-05-13 21:37:39 [DEBUG] [root]自动加载类：heephp\template\im
2020-05-13 21:39:20 [DEBUG] [root]自动加载类：app\admin\controller\adminBase
2020-05-13 21:39:20 [DEBUG] [root]自动加载类：app\admin\model\users_group
2020-05-13 21:39:20 [DEBUG] [root]自动加载类：heephp\model
2020-05-13 21:39:20 [DEBUG] [root]自动加载类：heephp\orm\orm
2020-05-13 21:39:20 [DEBUG] [root]自动加载类：heephp\database\mysqli
2020-05-13 21:39:20 [DEBUG] [root]自动加载类：heephp\database\databaseInterface
2020-05-13 21:39:20 [DEBUG] [root]show full columns from `heecms_users_group`
2020-05-13 21:39:20 [DEBUG] [root]select * from heecms_users_group   where ((`users_group_id`=)) and (`heecms_users_group`.delete_time IS NULL or `heecms_users_group`.delete_time <=0 or `heecms_users_group`.delete_time='')    
2020-05-13 21:39:20 [DEBUG] [root]自动加载类：app\admin\controller\adminBase
2020-05-13 21:39:20 [DEBUG] [root]自动加载类：heephp\database\mysqli
2020-05-13 21:39:20 [DEBUG] [root]自动加载类：heephp\database\databaseInterface
2020-05-13 21:39:20 [DEBUG] [root]自动加载类：heephp\cache\file
2020-05-13 21:39:20 [DEBUG] [root]自动加载类：heephp\cache\cacheInterface
2020-05-13 21:39:20 [DEBUG] [root]自动加载类：app\admin\controller\adminBase
2020-05-13 21:39:20 [DEBUG] [root]自动加载类：heephp\database\mysqli
2020-05-13 21:39:20 [DEBUG] [root]自动加载类：heephp\database\databaseInterface
2020-05-13 21:39:20 [DEBUG] [root]自动加载类：heephp\cache\file
2020-05-13 21:39:20 [DEBUG] [root]自动加载类：heephp\cache\cacheInterface
2020-05-13 21:39:21 [DEBUG] [root]自动加载类：app\admin\controller\adminBase
2020-05-13 21:39:28 [DEBUG] [root]自动加载类：app\admin\controller\adminBase
2020-05-13 21:39:28 [DEBUG] [root]自动加载类：heephp\database\mysqli
2020-05-13 21:39:28 [DEBUG] [root]自动加载类：heephp\database\databaseInterface
2020-05-13 21:39:28 [DEBUG] [root]自动加载类：heephp\cache\file
2020-05-13 21:39:28 [DEBUG] [root]自动加载类：heephp\cache\cacheInterface
2020-05-13 21:39:29 [DEBUG] [root]自动加载类：app\admin\controller\adminBase
2020-05-13 21:39:29 [DEBUG] [root]自动加载类：heephp\database\mysqli
2020-05-13 21:39:29 [DEBUG] [root]自动加载类：heephp\database\databaseInterface
2020-05-13 21:39:29 [DEBUG] [root]自动加载类：heephp\cache\file
2020-05-13 21:39:29 [DEBUG] [root]自动加载类：heephp\cache\cacheInterface
2020-05-13 21:39:29 [DEBUG] [root]自动加载类：app\admin\controller\adminBase
2020-05-13 21:39:29 [DEBUG] [root]自动加载类：heephp\database\mysqli
2020-05-13 21:39:29 [DEBUG] [root]自动加载类：heephp\database\databaseInterface
2020-05-13 21:39:29 [DEBUG] [root]自动加载类：heephp\cache\file
2020-05-13 21:39:29 [DEBUG] [root]自动加载类：heephp\cache\cacheInterface
2020-05-13 21:39:30 [DEBUG] [root]自动加载类：app\admin\controller\adminBase
2020-05-13 21:39:32 [DEBUG] [root]自动加载类：app\admin\controller\adminBase
2020-05-13 21:39:32 [DEBUG] [root]自动加载类：heephp\database\mysqli
2020-05-13 21:39:32 [DEBUG] [root]自动加载类：heephp\database\databaseInterface
2020-05-13 21:39:32 [DEBUG] [root]自动加载类：heephp\cache\file
2020-05-13 21:39:32 [DEBUG] [root]自动加载类：heephp\cache\cacheInterface
2020-05-13 21:39:43 [DEBUG] [root]自动加载类：app\admin\controller\adminBase
2020-05-13 21:39:43 [DEBUG] [root]自动加载类：heephp\database\mysqli
2020-05-13 21:39:43 [DEBUG] [root]自动加载类：heephp\database\databaseInterface
2020-05-13 21:39:43 [DEBUG] [root]自动加载类：heephp\cache\file
2020-05-13 21:39:43 [DEBUG] [root]自动加载类：heephp\cache\cacheInterface
2020-05-13 21:39:43 [DEBUG] [root]自动加载类：app\admin\model\users
2020-05-13 21:39:43 [DEBUG] [root]自动加载类：heephp\model
2020-05-13 21:39:43 [DEBUG] [root]自动加载类：heephp\orm\orm
2020-05-13 21:39:43 [DEBUG] [root]select * from heecms_users   where ((`username`='admin' and `password`='a071495b74b65a34559c76227e0633a4')) and (`heecms_users`.delete_time IS NULL or `heecms_users`.delete_time <=0 or `heecms_users`.delete_time='')    
2020-05-13 21:39:44 [DEBUG] [root]自动加载类：app\admin\controller\adminBase
2020-05-13 21:39:44 [DEBUG] [root]自动加载类：heephp\database\mysqli
2020-05-13 21:39:44 [DEBUG] [root]自动加载类：heephp\database\databaseInterface
2020-05-13 21:39:44 [DEBUG] [root]自动加载类：heephp\cache\file
2020-05-13 21:39:44 [DEBUG] [root]自动加载类：heephp\cache\cacheInterface
2020-05-13 21:39:44 [DEBUG] [root]自动加载类：app\admin\controller\adminBase
2020-05-13 21:39:44 [DEBUG] [root]自动加载类：heephp\database\mysqli
2020-05-13 21:39:44 [DEBUG] [root]自动加载类：heephp\database\databaseInterface
2020-05-13 21:39:44 [DEBUG] [root]自动加载类：heephp\cache\file
2020-05-13 21:39:44 [DEBUG] [root]自动加载类：heephp\cache\cacheInterface
2020-05-13 21:39:45 [DEBUG] [root]自动加载类：app\admin\controller\adminBase
2020-05-13 21:39:55 [DEBUG] [root]自动加载类：app\admin\controller\adminBase
2020-05-13 21:39:55 [DEBUG] [root]自动加载类：heephp\database\mysqli
2020-05-13 21:39:55 [DEBUG] [root]自动加载类：heephp\database\databaseInterface
2020-05-13 21:39:55 [DEBUG] [root]自动加载类：heephp\cache\file
2020-05-13 21:39:55 [DEBUG] [root]自动加载类：heephp\cache\cacheInterface
2020-05-13 21:39:55 [DEBUG] [root]自动加载类：app\admin\model\users
2020-05-13 21:39:55 [DEBUG] [root]自动加载类：heephp\model
2020-05-13 21:39:55 [DEBUG] [root]自动加载类：heephp\orm\orm
2020-05-13 21:39:55 [DEBUG] [root]select * from heecms_users   where ((`username`='admin' and `password`='e10adc3949ba59abbe56e057f20f883e')) and (`heecms_users`.delete_time IS NULL or `heecms_users`.delete_time <=0 or `heecms_users`.delete_time='')    
2020-05-13 21:39:55 [DEBUG] [root]自动加载类：app\admin\model\users_group
2020-05-13 21:39:55 [DEBUG] [root]show full columns from `heecms_users_group`
2020-05-13 21:39:55 [DEBUG] [root]select * from heecms_users_group   where ((`users_group_id`='1')) and (`heecms_users_group`.delete_time IS NULL or `heecms_users_group`.delete_time <=0 or `heecms_users_group`.delete_time='')    
2020-05-13 21:39:55 [DEBUG] [root]自动加载类：app\admin\controller\adminBase
2020-05-13 21:39:55 [DEBUG] [root]自动加载类：app\admin\model\users_group
2020-05-13 21:39:55 [DEBUG] [root]自动加载类：heephp\model
2020-05-13 21:39:55 [DEBUG] [root]自动加载类：heephp\orm\orm
2020-05-13 21:39:55 [DEBUG] [root]自动加载类：heephp\database\mysqli
2020-05-13 21:39:55 [DEBUG] [root]自动加载类：heephp\database\databaseInterface
2020-05-13 21:39:55 [DEBUG] [root]show full columns from `heecms_users_group`
2020-05-13 21:39:55 [DEBUG] [root]select * from heecms_users_group   where ((`users_group_id`=1)) and (`heecms_users_group`.delete_time IS NULL or `heecms_users_group`.delete_time <=0 or `heecms_users_group`.delete_time='')    
2020-05-13 21:39:55 [DEBUG] [root]自动加载类：app\admin\model\message
2020-05-13 21:39:55 [DEBUG] [root]show full columns from `heecms_message`
2020-05-13 21:39:55 [DEBUG] [root]select * from heecms_message   where ((`isread`=0 and `receiver_users_id`='1')) and (`heecms_message`.delete_time IS NULL or `heecms_message`.delete_time <=0 or `heecms_message`.delete_time='')  order by create_time desc  limit 5
2020-05-13 21:39:55 [DEBUG] [root]自动加载类：app\admin\model\menus
2020-05-13 21:39:55 [DEBUG] [root]show full columns from `heecms_menus`
2020-05-13 21:39:55 [DEBUG] [root]自动加载类：heephp\cache\file
2020-05-13 21:39:55 [DEBUG] [root]自动加载类：heephp\cache\cacheInterface
2020-05-13 21:39:55 [DEBUG] [root]show full columns from `heecms_menus`
2020-05-13 21:39:55 [DEBUG] [root]自动加载类：app\admin\model\users
2020-05-13 21:39:59 [DEBUG] [root]自动加载类：app\admin\controller\adminBase
2020-05-13 21:39:59 [DEBUG] [root]自动加载类：app\admin\model\users_group
2020-05-13 21:39:59 [DEBUG] [root]自动加载类：heephp\model
2020-05-13 21:39:59 [DEBUG] [root]自动加载类：heephp\orm\orm
2020-05-13 21:39:59 [DEBUG] [root]自动加载类：heephp\database\mysqli
2020-05-13 21:39:59 [DEBUG] [root]自动加载类：heephp\database\databaseInterface
2020-05-13 21:39:59 [DEBUG] [root]show full columns from `heecms_users_group`
2020-05-13 21:39:59 [DEBUG] [root]select * from heecms_users_group   where ((`users_group_id`=1)) and (`heecms_users_group`.delete_time IS NULL or `heecms_users_group`.delete_time <=0 or `heecms_users_group`.delete_time='')    
2020-05-13 21:39:59 [DEBUG] [root]自动加载类：app\admin\model\message
2020-05-13 21:39:59 [DEBUG] [root]show full columns from `heecms_message`
2020-05-13 21:39:59 [DEBUG] [root]select * from heecms_message   where ((`isread`=0 and `receiver_users_id`='1')) and (`heecms_message`.delete_time IS NULL or `heecms_message`.delete_time <=0 or `heecms_message`.delete_time='')  order by create_time desc  limit 5
2020-05-13 21:39:59 [DEBUG] [root]自动加载类：app\admin\model\menus
2020-05-13 21:39:59 [DEBUG] [root]show full columns from `heecms_menus`
2020-05-13 21:39:59 [DEBUG] [root]自动加载类：heephp\cache\file
2020-05-13 21:39:59 [DEBUG] [root]自动加载类：heephp\cache\cacheInterface
2020-05-13 21:39:59 [DEBUG] [root]show full columns from `heecms_menus`
2020-05-13 21:39:59 [DEBUG] [root]自动加载类：app\admin\model\users
2020-05-13 21:39:59 [DEBUG] [root]自动加载类：app\admin\model\category
2020-05-13 21:39:59 [DEBUG] [root]select count(*) c from heecms_category   where ( `parent_id` IS NULL or `parent_id`='' or `parent_id`=0 ) and (`heecms_category`.delete_time IS NULL or `heecms_category`.delete_time <=0 or `heecms_category`.delete_time='')    
2020-05-13 21:39:59 [DEBUG] [root]select  *  from heecms_category   where ((( `parent_id` IS NULL or `parent_id`='' or `parent_id`=0 ) and (`heecms_category`.delete_time IS NULL or `heecms_category`.delete_time <=0 or `heecms_category`.delete_time=''))) and (`heecms_category`.delete_time IS NULL or `heecms_category`.delete_time <=0 or `heecms_category`.delete_time='')    
2020-05-13 21:39:59 [DEBUG] [root]自动加载类：heephp\bulider\pager
2020-05-13 21:39:59 [DEBUG] [root]select * from heecms_category   where ((`parent_id`='1')) and (`heecms_category`.delete_time IS NULL or `heecms_category`.delete_time <=0 or `heecms_category`.delete_time='')  order by parent_id asc  
2020-05-13 21:40:06 [DEBUG] [root]自动加载类：app\admin\controller\adminBase
2020-05-13 21:40:06 [DEBUG] [root]自动加载类：app\admin\model\users_group
2020-05-13 21:40:06 [DEBUG] [root]自动加载类：heephp\model
2020-05-13 21:40:06 [DEBUG] [root]自动加载类：heephp\orm\orm
2020-05-13 21:40:06 [DEBUG] [root]自动加载类：heephp\database\mysqli
2020-05-13 21:40:06 [DEBUG] [root]自动加载类：heephp\database\databaseInterface
2020-05-13 21:40:06 [DEBUG] [root]show full columns from `heecms_users_group`
2020-05-13 21:40:06 [DEBUG] [root]select * from heecms_users_group   where ((`users_group_id`=1)) and (`heecms_users_group`.delete_time IS NULL or `heecms_users_group`.delete_time <=0 or `heecms_users_group`.delete_time='')    
2020-05-13 21:40:06 [DEBUG] [root]自动加载类：app\admin\model\message
2020-05-13 21:40:06 [DEBUG] [root]show full columns from `heecms_message`
2020-05-13 21:40:07 [DEBUG] [root]select * from heecms_message   where ((`isread`=0 and `receiver_users_id`='1')) and (`heecms_message`.delete_time IS NULL or `heecms_message`.delete_time <=0 or `heecms_message`.delete_time='')  order by create_time desc  limit 5
2020-05-13 21:40:07 [DEBUG] [root]自动加载类：app\admin\model\menus
2020-05-13 21:40:07 [DEBUG] [root]show full columns from `heecms_menus`
2020-05-13 21:40:07 [DEBUG] [root]自动加载类：heephp\cache\file
2020-05-13 21:40:07 [DEBUG] [root]自动加载类：heephp\cache\cacheInterface
2020-05-13 21:40:07 [DEBUG] [root]show full columns from `heecms_menus`
2020-05-13 21:40:07 [DEBUG] [root]自动加载类：app\admin\model\users
2020-05-13 21:40:07 [DEBUG] [root]自动加载类：app\admin\model\category
2020-05-13 21:40:07 [DEBUG] [root]select * from heecms_category   where ( `parent_id` IS NULL or `parent_id`='' or `parent_id`=0 ) and (`heecms_category`.delete_time IS NULL or `heecms_category`.delete_time <=0 or `heecms_category`.delete_time='')    
2020-05-13 21:40:07 [DEBUG] [root]select * from heecms_category   where ((`parent_id`='1')) and (`heecms_category`.delete_time IS NULL or `heecms_category`.delete_time <=0 or `heecms_category`.delete_time='')  order by parent_id asc  
2020-05-13 21:40:43 [DEBUG] [root]自动加载类：app\admin\controller\adminBase
2020-05-13 21:40:43 [DEBUG] [root]自动加载类：app\admin\model\users_group
2020-05-13 21:40:43 [DEBUG] [root]自动加载类：heephp\model
2020-05-13 21:40:43 [DEBUG] [root]自动加载类：heephp\orm\orm
2020-05-13 21:40:43 [DEBUG] [root]自动加载类：heephp\database\mysqli
2020-05-13 21:40:43 [DEBUG] [root]自动加载类：heephp\database\databaseInterface
2020-05-13 21:40:43 [DEBUG] [root]show full columns from `heecms_users_group`
2020-05-13 21:40:43 [DEBUG] [root]select * from heecms_users_group   where ((`users_group_id`=1)) and (`heecms_users_group`.delete_time IS NULL or `heecms_users_group`.delete_time <=0 or `heecms_users_group`.delete_time='')    
2020-05-13 21:40:43 [DEBUG] [root]自动加载类：app\admin\model\message
2020-05-13 21:40:43 [DEBUG] [root]show full columns from `heecms_message`
2020-05-13 21:40:43 [DEBUG] [root]select * from heecms_message   where ((`isread`=0 and `receiver_users_id`='1')) and (`heecms_message`.delete_time IS NULL or `heecms_message`.delete_time <=0 or `heecms_message`.delete_time='')  order by create_time desc  limit 5
2020-05-13 21:40:43 [DEBUG] [root]自动加载类：app\admin\model\menus
2020-05-13 21:40:43 [DEBUG] [root]show full columns from `heecms_menus`
2020-05-13 21:40:43 [DEBUG] [root]自动加载类：heephp\cache\file
2020-05-13 21:40:43 [DEBUG] [root]自动加载类：heephp\cache\cacheInterface
2020-05-13 21:40:43 [DEBUG] [root]show full columns from `heecms_menus`
2020-05-13 21:40:43 [DEBUG] [root]自动加载类：app\admin\model\users
2020-05-13 21:40:43 [DEBUG] [root]自动加载类：app\admin\model\category
2020-05-13 21:40:43 [DEBUG] [root]select * from heecms_category   where ( `parent_id` IS NULL or `parent_id`='' or `parent_id`=0 ) and (`heecms_category`.delete_time IS NULL or `heecms_category`.delete_time <=0 or `heecms_category`.delete_time='')    
2020-05-13 21:40:43 [DEBUG] [root]select * from heecms_category   where ((`parent_id`='1')) and (`heecms_category`.delete_time IS NULL or `heecms_category`.delete_time <=0 or `heecms_category`.delete_time='')  order by parent_id asc  
2020-05-13 21:40:45 [DEBUG] [root]自动加载类：app\admin\controller\adminBase
2020-05-13 21:40:45 [DEBUG] [root]自动加载类：app\admin\model\users_group
2020-05-13 21:40:45 [DEBUG] [root]自动加载类：heephp\model
2020-05-13 21:40:45 [DEBUG] [root]自动加载类：heephp\orm\orm
2020-05-13 21:40:45 [DEBUG] [root]自动加载类：heephp\database\mysqli
2020-05-13 21:40:45 [DEBUG] [root]自动加载类：heephp\database\databaseInterface
2020-05-13 21:40:45 [DEBUG] [root]show full columns from `heecms_users_group`
2020-05-13 21:40:45 [DEBUG] [root]select * from heecms_users_group   where ((`users_group_id`=1)) and (`heecms_users_group`.delete_time IS NULL or `heecms_users_group`.delete_time <=0 or `heecms_users_group`.delete_time='')    
2020-05-13 21:40:45 [DEBUG] [root]自动加载类：app\admin\model\message
2020-05-13 21:40:45 [DEBUG] [root]show full columns from `heecms_message`
2020-05-13 21:40:45 [DEBUG] [root]select * from heecms_message   where ((`isread`=0 and `receiver_users_id`='1')) and (`heecms_message`.delete_time IS NULL or `heecms_message`.delete_time <=0 or `heecms_message`.delete_time='')  order by create_time desc  limit 5
2020-05-13 21:40:45 [DEBUG] [root]自动加载类：app\admin\model\menus
2020-05-13 21:40:45 [DEBUG] [root]show full columns from `heecms_menus`
2020-05-13 21:40:45 [DEBUG] [root]自动加载类：heephp\cache\file
2020-05-13 21:40:45 [DEBUG] [root]自动加载类：heephp\cache\cacheInterface
2020-05-13 21:40:45 [DEBUG] [root]show full columns from `heecms_menus`
2020-05-13 21:40:45 [DEBUG] [root]自动加载类：app\admin\model\users
2020-05-13 21:40:45 [DEBUG] [root]自动加载类：app\admin\model\category
2020-05-13 21:40:45 [DEBUG] [root]select * from heecms_category   where ( `category_id` = '2') and (`heecms_category`.delete_time IS NULL or `heecms_category`.delete_time <=0 or `heecms_category`.delete_time='')    
2020-05-13 21:40:45 [DEBUG] [root]show full columns from `heecms_model`
2020-05-13 21:40:45 [DEBUG] [root]select * from heecms_model   where (`model_id`='6')    
2020-05-13 21:40:45 [DEBUG] [root]自动加载类：app\admin\model\model_table
2020-05-13 21:40:45 [DEBUG] [root]show full columns from `heecms_model_table`
2020-05-13 21:40:45 [DEBUG] [root]select * from heecms_model_table   where  `model_table_id` = '19'    
2020-05-13 21:40:45 [DEBUG] [root]show full columns from `heecms_model_table`
2020-05-13 21:40:45 [DEBUG] [root]select * from heecms_model_table   where (`name`='tbtest')    
2020-05-13 21:40:45 [DEBUG] [root]show full columns from `heecms_user_model_tbtest`
2020-05-13 21:40:45 [DEBUG] [root]show full columns from `heecms_model_table_field`
2020-05-13 21:40:45 [DEBUG] [root]select * from heecms_model_table_field   where (model_table_id=19)    
2020-05-13 21:40:45 [DEBUG] [root]自动加载类：heephp\bulider\table
