2020-05-13 20:42:30 [DEBUG] [root]自动加载类：app\home\controller\base
2020-05-13 20:42:30 [DEBUG] [root]自动加载类：app\home\model\config
2020-05-13 20:42:30 [DEBUG] [root]自动加载类：heephp\model
2020-05-13 20:42:30 [DEBUG] [root]自动加载类：heephp\orm\orm
2020-05-13 20:42:30 [DEBUG] [root]自动加载类：heephp\database\mysqli
2020-05-13 20:42:30 [DEBUG] [root]自动加载类：heephp\database\databaseInterface
2020-05-13 20:42:30 [DEBUG] [root]show full columns from `heecms_config`
2020-05-13 20:42:30 [DEBUG] [root]自动加载类：heephp\cache\file
2020-05-13 20:42:30 [DEBUG] [root]自动加载类：heephp\cache\cacheInterface
2020-05-13 20:43:45 [DEBUG] [root]自动加载类：app\home\controller\base
2020-05-13 20:43:45 [DEBUG] [root]自动加载类：app\home\model\config
2020-05-13 20:43:45 [DEBUG] [root]自动加载类：heephp\model
2020-05-13 20:43:45 [DEBUG] [root]自动加载类：heephp\orm\orm
2020-05-13 20:43:45 [DEBUG] [root]自动加载类：heephp\database\mysqli
2020-05-13 20:43:45 [DEBUG] [root]自动加载类：heephp\database\databaseInterface
2020-05-13 20:43:45 [DEBUG] [root]show full columns from `heecms_config`
2020-05-13 20:43:45 [DEBUG] [root]自动加载类：heephp\cache\file
2020-05-13 20:43:45 [DEBUG] [root]自动加载类：heephp\cache\cacheInterface
2020-05-13 20:44:56 [DEBUG] [root]自动加载类：app\admin\controller\adminBase
2020-05-13 20:44:56 [DEBUG] [root]自动加载类：app\admin\model\users_group
2020-05-13 20:44:56 [DEBUG] [root]自动加载类：heephp\model
2020-05-13 20:44:56 [DEBUG] [root]自动加载类：heephp\orm\orm
2020-05-13 20:44:56 [DEBUG] [root]自动加载类：heephp\database\mysqli
2020-05-13 20:44:56 [DEBUG] [root]自动加载类：heephp\database\databaseInterface
2020-05-13 20:44:56 [DEBUG] [root]show full columns from `heecms_users_group`
2020-05-13 20:44:56 [DEBUG] [root]select * from heecms_users_group   where ((`users_group_id`=1)) and (`heecms_users_group`.delete_time IS NULL or `heecms_users_group`.delete_time <=0 or `heecms_users_group`.delete_time='')    
2020-05-13 20:44:56 [DEBUG] [root]自动加载类：app\admin\model\message
2020-05-13 20:44:56 [DEBUG] [root]show full columns from `heecms_message`
2020-05-13 20:44:56 [DEBUG] [root]select * from heecms_message   where ((`isread`=0 and `receiver_users_id`='1')) and (`heecms_message`.delete_time IS NULL or `heecms_message`.delete_time <=0 or `heecms_message`.delete_time='')  order by create_time desc  limit 5
2020-05-13 20:44:56 [DEBUG] [root]自动加载类：app\admin\model\menus
2020-05-13 20:44:56 [DEBUG] [root]show full columns from `heecms_menus`
2020-05-13 20:44:56 [DEBUG] [root]自动加载类：heephp\cache\file
2020-05-13 20:44:56 [DEBUG] [root]自动加载类：heephp\cache\cacheInterface
2020-05-13 20:44:56 [DEBUG] [root]select * from heecms_menus   where ( `parent_id` IS NULL or `parent_id`='' or `parent_id`=0 ) and (`heecms_menus`.delete_time IS NULL or `heecms_menus`.delete_time <=0 or `heecms_menus`.delete_time='')  order by ord asc  
2020-05-13 20:44:56 [DEBUG] [root]show full columns from `heecms_menus`
2020-05-13 20:44:56 [DEBUG] [root]select * from heecms_menus   where ((`parent_id`='8')) and (`heecms_menus`.delete_time IS NULL or `heecms_menus`.delete_time <=0 or `heecms_menus`.delete_time='')  order by ord asc  
2020-05-13 20:44:56 [DEBUG] [root]自动加载类：app\admin\model\users
2020-05-13 20:44:56 [DEBUG] [root]select * from heecms_users   where ((`users_id`='1')) and (`heecms_users`.delete_time IS NULL or `heecms_users`.delete_time <=0 or `heecms_users`.delete_time='')    
2020-05-13 20:44:56 [DEBUG] [root]select * from heecms_menus   where ((`parent_id`='10')) and (`heecms_menus`.delete_time IS NULL or `heecms_menus`.delete_time <=0 or `heecms_menus`.delete_time='')  order by ord asc  
2020-05-13 20:44:56 [DEBUG] [root]select * from heecms_menus   where ((`parent_id`='5')) and (`heecms_menus`.delete_time IS NULL or `heecms_menus`.delete_time <=0 or `heecms_menus`.delete_time='')  order by ord asc  
2020-05-13 20:44:56 [DEBUG] [root]select * from heecms_menus   where ((`parent_id`='15')) and (`heecms_menus`.delete_time IS NULL or `heecms_menus`.delete_time <=0 or `heecms_menus`.delete_time='')  order by ord asc  
2020-05-13 20:44:56 [DEBUG] [root]select * from heecms_menus   where ((`parent_id`='12')) and (`heecms_menus`.delete_time IS NULL or `heecms_menus`.delete_time <=0 or `heecms_menus`.delete_time='')  order by ord asc  
2020-05-13 20:44:56 [DEBUG] [root]select * from heecms_config where 1=1  
2020-05-13 20:44:56 [DEBUG] [root]自动加载类：app\admin\controller\adminBase
2020-05-13 20:44:56 [DEBUG] [root]自动加载类：app\admin\model\users_group
2020-05-13 20:44:56 [DEBUG] [root]自动加载类：heephp\model
2020-05-13 20:44:56 [DEBUG] [root]自动加载类：heephp\orm\orm
2020-05-13 20:44:56 [DEBUG] [root]自动加载类：heephp\database\mysqli
2020-05-13 20:44:56 [DEBUG] [root]自动加载类：heephp\database\databaseInterface
2020-05-13 20:44:56 [DEBUG] [root]show full columns from `heecms_users_group`
2020-05-13 20:44:56 [DEBUG] [root]select * from heecms_users_group   where ((`users_group_id`=1)) and (`heecms_users_group`.delete_time IS NULL or `heecms_users_group`.delete_time <=0 or `heecms_users_group`.delete_time='')    
2020-05-13 20:44:56 [DEBUG] [root]自动加载类：app\admin\model\message
2020-05-13 20:44:56 [DEBUG] [root]show full columns from `heecms_message`
2020-05-13 20:44:56 [DEBUG] [root]select * from heecms_message   where ((`isread`=0 and `receiver_users_id`='1')) and (`heecms_message`.delete_time IS NULL or `heecms_message`.delete_time <=0 or `heecms_message`.delete_time='')  order by create_time desc  limit 5
2020-05-13 20:44:56 [DEBUG] [root]自动加载类：app\admin\model\menus
2020-05-13 20:44:56 [DEBUG] [root]show full columns from `heecms_menus`
2020-05-13 20:44:56 [DEBUG] [root]自动加载类：heephp\cache\file
2020-05-13 20:44:56 [DEBUG] [root]自动加载类：heephp\cache\cacheInterface
2020-05-13 20:44:56 [DEBUG] [root]show full columns from `heecms_menus`
2020-05-13 20:44:56 [DEBUG] [root]自动加载类：app\admin\model\users
2020-05-13 20:44:56 [DEBUG] [root]自动加载类：app\admin\controller\adminBase
2020-05-13 20:44:56 [DEBUG] [root]自动加载类：app\admin\model\users_group
2020-05-13 20:44:56 [DEBUG] [root]自动加载类：heephp\model
2020-05-13 20:44:56 [DEBUG] [root]自动加载类：heephp\orm\orm
2020-05-13 20:44:56 [DEBUG] [root]自动加载类：heephp\database\mysqli
2020-05-13 20:44:56 [DEBUG] [root]自动加载类：heephp\database\databaseInterface
2020-05-13 20:44:56 [DEBUG] [root]show full columns from `heecms_users_group`
2020-05-13 20:44:56 [DEBUG] [root]select * from heecms_users_group   where ((`users_group_id`=1)) and (`heecms_users_group`.delete_time IS NULL or `heecms_users_group`.delete_time <=0 or `heecms_users_group`.delete_time='')    
2020-05-13 20:44:56 [DEBUG] [root]自动加载类：app\admin\model\message
2020-05-13 20:44:56 [DEBUG] [root]show full columns from `heecms_message`
2020-05-13 20:44:56 [DEBUG] [root]select * from heecms_message   where ((`isread`=0 and `receiver_users_id`='1')) and (`heecms_message`.delete_time IS NULL or `heecms_message`.delete_time <=0 or `heecms_message`.delete_time='')  order by create_time desc  limit 5
2020-05-13 20:44:56 [DEBUG] [root]自动加载类：app\admin\model\menus
2020-05-13 20:44:56 [DEBUG] [root]show full columns from `heecms_menus`
2020-05-13 20:44:56 [DEBUG] [root]自动加载类：heephp\cache\file
2020-05-13 20:44:56 [DEBUG] [root]自动加载类：heephp\cache\cacheInterface
2020-05-13 20:44:56 [DEBUG] [root]show full columns from `heecms_menus`
2020-05-13 20:44:56 [DEBUG] [root]自动加载类：app\admin\model\users
2020-05-13 20:44:57 [DEBUG] [root]自动加载类：app\admin\controller\adminBase
2020-05-13 20:44:57 [DEBUG] [root]自动加载类：app\admin\model\users_group
2020-05-13 20:44:57 [DEBUG] [root]自动加载类：heephp\model
2020-05-13 20:44:57 [DEBUG] [root]自动加载类：heephp\orm\orm
2020-05-13 20:44:57 [DEBUG] [root]自动加载类：heephp\database\mysqli
2020-05-13 20:44:57 [DEBUG] [root]自动加载类：heephp\database\databaseInterface
2020-05-13 20:44:57 [DEBUG] [root]show full columns from `heecms_users_group`
2020-05-13 20:44:57 [DEBUG] [root]select * from heecms_users_group   where ((`users_group_id`=1)) and (`heecms_users_group`.delete_time IS NULL or `heecms_users_group`.delete_time <=0 or `heecms_users_group`.delete_time='')    
2020-05-13 20:44:57 [DEBUG] [root]自动加载类：app\admin\model\message
2020-05-13 20:44:57 [DEBUG] [root]show full columns from `heecms_message`
2020-05-13 20:44:57 [DEBUG] [root]select * from heecms_message   where ((`isread`=0 and `receiver_users_id`='1')) and (`heecms_message`.delete_time IS NULL or `heecms_message`.delete_time <=0 or `heecms_message`.delete_time='')  order by create_time desc  limit 5
2020-05-13 20:44:57 [DEBUG] [root]自动加载类：app\admin\model\menus
2020-05-13 20:44:57 [DEBUG] [root]show full columns from `heecms_menus`
2020-05-13 20:44:57 [DEBUG] [root]自动加载类：heephp\cache\file
2020-05-13 20:44:57 [DEBUG] [root]自动加载类：heephp\cache\cacheInterface
2020-05-13 20:44:57 [DEBUG] [root]show full columns from `heecms_menus`
2020-05-13 20:44:57 [DEBUG] [root]自动加载类：app\admin\model\users
2020-05-13 20:44:57 [DEBUG] [root]自动加载类：app\admin\controller\adminBase
2020-05-13 20:44:57 [DEBUG] [root]自动加载类：app\admin\model\users_group
2020-05-13 20:44:57 [DEBUG] [root]自动加载类：heephp\model
2020-05-13 20:44:57 [DEBUG] [root]自动加载类：heephp\orm\orm
2020-05-13 20:44:57 [DEBUG] [root]自动加载类：heephp\database\mysqli
2020-05-13 20:44:57 [DEBUG] [root]自动加载类：heephp\database\databaseInterface
2020-05-13 20:44:57 [DEBUG] [root]show full columns from `heecms_users_group`
2020-05-13 20:44:57 [DEBUG] [root]select * from heecms_users_group   where ((`users_group_id`=1)) and (`heecms_users_group`.delete_time IS NULL or `heecms_users_group`.delete_time <=0 or `heecms_users_group`.delete_time='')    
2020-05-13 20:44:57 [DEBUG] [root]自动加载类：app\admin\model\message
2020-05-13 20:44:57 [DEBUG] [root]show full columns from `heecms_message`
2020-05-13 20:44:57 [DEBUG] [root]select * from heecms_message   where ((`isread`=0 and `receiver_users_id`='1')) and (`heecms_message`.delete_time IS NULL or `heecms_message`.delete_time <=0 or `heecms_message`.delete_time='')  order by create_time desc  limit 5
2020-05-13 20:44:57 [DEBUG] [root]自动加载类：app\admin\model\menus
2020-05-13 20:44:57 [DEBUG] [root]show full columns from `heecms_menus`
2020-05-13 20:44:57 [DEBUG] [root]自动加载类：heephp\cache\file
2020-05-13 20:44:57 [DEBUG] [root]自动加载类：heephp\cache\cacheInterface
2020-05-13 20:44:57 [DEBUG] [root]show full columns from `heecms_menus`
2020-05-13 20:44:57 [DEBUG] [root]自动加载类：app\admin\model\users
2020-05-13 20:44:57 [DEBUG] [root]自动加载类：app\home\controller\base
2020-05-13 20:44:57 [DEBUG] [root]自动加载类：app\home\model\config
2020-05-13 20:44:57 [DEBUG] [root]自动加载类：heephp\model
2020-05-13 20:44:57 [DEBUG] [root]自动加载类：heephp\orm\orm
2020-05-13 20:44:57 [DEBUG] [root]自动加载类：heephp\database\mysqli
2020-05-13 20:44:57 [DEBUG] [root]自动加载类：heephp\database\databaseInterface
2020-05-13 20:44:57 [DEBUG] [root]show full columns from `heecms_config`
2020-05-13 20:44:57 [DEBUG] [root]自动加载类：heephp\cache\file
2020-05-13 20:44:57 [DEBUG] [root]自动加载类：heephp\cache\cacheInterface
2020-05-13 20:46:30 [DEBUG] [root]自动加载类：app\home\controller\base
2020-05-13 20:46:30 [DEBUG] [root]自动加载类：app\home\model\config
2020-05-13 20:46:30 [DEBUG] [root]自动加载类：heephp\model
2020-05-13 20:46:30 [DEBUG] [root]自动加载类：heephp\orm\orm
2020-05-13 20:46:30 [DEBUG] [root]自动加载类：heephp\database\mysqli
2020-05-13 20:46:30 [DEBUG] [root]自动加载类：heephp\database\databaseInterface
2020-05-13 20:46:30 [DEBUG] [root]show full columns from `heecms_config`
2020-05-13 20:46:30 [DEBUG] [root]自动加载类：heephp\cache\file
2020-05-13 20:46:30 [DEBUG] [root]自动加载类：heephp\cache\cacheInterface
2020-05-13 20:49:44 [DEBUG] [root]自动加载类：app\admin\controller\adminBase
2020-05-13 20:49:44 [DEBUG] [root]自动加载类：app\admin\model\users_group
2020-05-13 20:49:44 [DEBUG] [root]自动加载类：heephp\model
2020-05-13 20:49:44 [DEBUG] [root]自动加载类：heephp\orm\orm
2020-05-13 20:49:44 [DEBUG] [root]自动加载类：heephp\database\mysqli
2020-05-13 20:49:44 [DEBUG] [root]自动加载类：heephp\database\databaseInterface
2020-05-13 20:49:44 [DEBUG] [root]show full columns from `heecms_users_group`
2020-05-13 20:49:44 [DEBUG] [root]select * from heecms_users_group   where ((`users_group_id`=)) and (`heecms_users_group`.delete_time IS NULL or `heecms_users_group`.delete_time <=0 or `heecms_users_group`.delete_time='')    
2020-05-13 20:49:44 [DEBUG] [root]自动加载类：app\admin\controller\adminBase
2020-05-13 20:49:44 [DEBUG] [root]自动加载类：app\admin\model\users_group
2020-05-13 20:49:44 [DEBUG] [root]自动加载类：heephp\model
2020-05-13 20:49:44 [DEBUG] [root]自动加载类：heephp\orm\orm
2020-05-13 20:49:44 [DEBUG] [root]自动加载类：heephp\database\mysqli
2020-05-13 20:49:44 [DEBUG] [root]自动加载类：heephp\database\databaseInterface
2020-05-13 20:49:44 [DEBUG] [root]show full columns from `heecms_users_group`
2020-05-13 20:49:44 [DEBUG] [root]select * from heecms_users_group   where ((`users_group_id`=)) and (`heecms_users_group`.delete_time IS NULL or `heecms_users_group`.delete_time <=0 or `heecms_users_group`.delete_time='')    
2020-05-13 20:49:45 [DEBUG] [root]自动加载类：app\admin\controller\adminBase
2020-05-13 20:49:45 [DEBUG] [root]自动加载类：heephp\database\mysqli
2020-05-13 20:49:45 [DEBUG] [root]自动加载类：heephp\database\databaseInterface
2020-05-13 20:49:45 [DEBUG] [root]自动加载类：heephp\cache\file
2020-05-13 20:49:45 [DEBUG] [root]自动加载类：heephp\cache\cacheInterface
2020-05-13 20:49:45 [DEBUG] [root]自动加载类：app\admin\controller\adminBase
2020-05-13 20:49:45 [DEBUG] [root]自动加载类：heephp\database\mysqli
2020-05-13 20:49:45 [DEBUG] [root]自动加载类：heephp\database\databaseInterface
2020-05-13 20:49:45 [DEBUG] [root]自动加载类：heephp\cache\file
2020-05-13 20:49:45 [DEBUG] [root]自动加载类：heephp\cache\cacheInterface
2020-05-13 20:49:45 [DEBUG] [root]自动加载类：app\admin\controller\adminBase
2020-05-13 20:49:46 [DEBUG] [root]自动加载类：app\admin\controller\adminBase
2020-05-13 20:49:46 [DEBUG] [root]自动加载类：heephp\database\mysqli
2020-05-13 20:49:46 [DEBUG] [root]自动加载类：heephp\database\databaseInterface
2020-05-13 20:49:46 [DEBUG] [root]自动加载类：heephp\cache\file
2020-05-13 20:49:46 [DEBUG] [root]自动加载类：heephp\cache\cacheInterface
2020-05-13 20:50:01 [DEBUG] [root]自动加载类：app\admin\controller\adminBase
2020-05-13 20:50:01 [DEBUG] [root]自动加载类：app\admin\model\users_group
2020-05-13 20:50:01 [DEBUG] [root]自动加载类：heephp\model
2020-05-13 20:50:01 [DEBUG] [root]自动加载类：heephp\orm\orm
2020-05-13 20:50:01 [DEBUG] [root]自动加载类：heephp\database\mysqli
2020-05-13 20:50:01 [DEBUG] [root]自动加载类：heephp\database\databaseInterface
2020-05-13 20:50:01 [DEBUG] [root]show full columns from `heecms_users_group`
2020-05-13 20:50:01 [DEBUG] [root]select * from heecms_users_group   where ((`users_group_id`=)) and (`heecms_users_group`.delete_time IS NULL or `heecms_users_group`.delete_time <=0 or `heecms_users_group`.delete_time='')    
2020-05-13 20:50:01 [DEBUG] [root]自动加载类：app\admin\controller\adminBase
2020-05-13 20:50:01 [DEBUG] [root]自动加载类：heephp\database\mysqli
2020-05-13 20:50:01 [DEBUG] [root]自动加载类：heephp\database\databaseInterface
2020-05-13 20:50:01 [DEBUG] [root]自动加载类：heephp\cache\file
2020-05-13 20:50:01 [DEBUG] [root]自动加载类：heephp\cache\cacheInterface
2020-05-13 20:50:01 [DEBUG] [root]自动加载类：app\admin\controller\adminBase
2020-05-13 20:50:01 [DEBUG] [root]自动加载类：heephp\database\mysqli
2020-05-13 20:50:01 [DEBUG] [root]自动加载类：heephp\database\databaseInterface
2020-05-13 20:50:01 [DEBUG] [root]自动加载类：heephp\cache\file
2020-05-13 20:50:01 [DEBUG] [root]自动加载类：heephp\cache\cacheInterface
2020-05-13 20:50:05 [DEBUG] [root]自动加载类：app\home\controller\base
2020-05-13 20:50:05 [DEBUG] [root]自动加载类：app\home\model\config
2020-05-13 20:50:05 [DEBUG] [root]自动加载类：heephp\model
2020-05-13 20:50:05 [DEBUG] [root]自动加载类：heephp\orm\orm
2020-05-13 20:50:05 [DEBUG] [root]自动加载类：heephp\database\mysqli
2020-05-13 20:50:05 [DEBUG] [root]自动加载类：heephp\database\databaseInterface
2020-05-13 20:50:05 [DEBUG] [root]show full columns from `heecms_config`
2020-05-13 20:50:05 [DEBUG] [root]自动加载类：heephp\cache\file
2020-05-13 20:50:05 [DEBUG] [root]自动加载类：heephp\cache\cacheInterface
2020-05-13 20:52:11 [DEBUG] [root]自动加载类：app\home\controller\base
2020-05-13 20:52:11 [DEBUG] [root]自动加载类：app\home\model\config
2020-05-13 20:52:11 [DEBUG] [root]自动加载类：heephp\model
2020-05-13 20:52:11 [DEBUG] [root]自动加载类：heephp\orm\orm
2020-05-13 20:52:11 [DEBUG] [root]自动加载类：heephp\database\mysqli
2020-05-13 20:52:11 [DEBUG] [root]自动加载类：heephp\database\databaseInterface
2020-05-13 20:52:11 [DEBUG] [root]show full columns from `heecms_config`
2020-05-13 20:52:11 [DEBUG] [root]自动加载类：heephp\cache\file
2020-05-13 20:52:11 [DEBUG] [root]自动加载类：heephp\cache\cacheInterface
2020-05-13 20:53:51 [DEBUG] [root]自动加载类：app\home\controller\base
2020-05-13 20:53:51 [DEBUG] [root]自动加载类：app\admin\controller\adminBase
2020-05-13 20:53:51 [DEBUG] [root]自动加载类：app\admin\model\users_group
2020-05-13 20:53:51 [DEBUG] [root]自动加载类：heephp\model
2020-05-13 20:53:51 [DEBUG] [root]自动加载类：heephp\orm\orm
2020-05-13 20:53:51 [DEBUG] [root]自动加载类：heephp\database\mysqli
2020-05-13 20:53:51 [DEBUG] [root]自动加载类：heephp\database\databaseInterface
2020-05-13 20:53:51 [DEBUG] [root]show full columns from `heecms_users_group`
2020-05-13 20:53:51 [DEBUG] [root]select * from heecms_users_group   where ((`users_group_id`=)) and (`heecms_users_group`.delete_time IS NULL or `heecms_users_group`.delete_time <=0 or `heecms_users_group`.delete_time='')    
2020-05-13 20:54:10 [DEBUG] [root]自动加载类：app\admin\controller\adminBase
2020-05-13 20:54:10 [DEBUG] [root]自动加载类：heephp\database\mysqli
2020-05-13 20:54:10 [DEBUG] [root]自动加载类：heephp\database\databaseInterface
2020-05-13 20:54:10 [DEBUG] [root]自动加载类：heephp\cache\file
2020-05-13 20:54:10 [DEBUG] [root]自动加载类：heephp\cache\cacheInterface
2020-05-13 20:54:10 [DEBUG] [root]自动加载类：app\admin\controller\adminBase
2020-05-13 20:54:10 [DEBUG] [root]自动加载类：heephp\database\mysqli
2020-05-13 20:54:10 [DEBUG] [root]自动加载类：heephp\database\databaseInterface
2020-05-13 20:54:10 [DEBUG] [root]自动加载类：heephp\cache\file
2020-05-13 20:54:10 [DEBUG] [root]自动加载类：heephp\cache\cacheInterface
2020-05-13 20:54:11 [DEBUG] [root]自动加载类：app\admin\controller\adminBase
2020-05-13 20:54:18 [DEBUG] [root]自动加载类：app\home\controller\base
2020-05-13 20:54:40 [DEBUG] [root]自动加载类：app\home\controller\base
2020-05-13 20:54:40 [DEBUG] [root]自动加载类：heephp\template\im
2020-05-13 20:56:43 [DEBUG] [root]自动加载类：app\home\controller\base
2020-05-13 20:56:43 [DEBUG] [root]自动加载类：heephp\template\im
2020-05-13 20:56:43 [DEBUG] [root]自动加载类：app\home\controller\base
2020-05-13 20:56:43 [DEBUG] [root]自动加载类：heephp\template\im
2020-05-13 20:57:19 [DEBUG] [root]自动加载类：app\home\controller\base
2020-05-13 20:57:19 [DEBUG] [root]自动加载类：heephp\template\im
2020-05-13 20:57:20 [DEBUG] [root]自动加载类：app\home\controller\base
2020-05-13 20:57:20 [DEBUG] [root]自动加载类：heephp\template\im
2020-05-13 20:57:20 [DEBUG] [root]自动加载类：app\home\controller\base
2020-05-13 20:57:20 [DEBUG] [root]自动加载类：heephp\template\im
2020-05-13 20:59:24 [DEBUG] [root]自动加载类：app\home\controller\base
2020-05-13 20:59:24 [DEBUG] [root]自动加载类：heephp\template\im
2020-05-13 20:59:27 [DEBUG] [root]自动加载类：app\home\controller\base
2020-05-13 20:59:27 [DEBUG] [root]自动加载类：heephp\template\im
2020-05-13 20:59:28 [DEBUG] [root]自动加载类：app\home\controller\base
2020-05-13 20:59:28 [DEBUG] [root]自动加载类：heephp\template\im
2020-05-13 20:59:28 [DEBUG] [root]自动加载类：app\home\controller\base
2020-05-13 20:59:28 [DEBUG] [root]自动加载类：heephp\template\im
2020-05-13 20:59:29 [DEBUG] [root]自动加载类：app\home\controller\base
2020-05-13 20:59:29 [DEBUG] [root]自动加载类：heephp\template\im
2020-05-13 20:59:29 [DEBUG] [root]自动加载类：app\home\controller\base
2020-05-13 20:59:29 [DEBUG] [root]自动加载类：heephp\template\im
