2020-04-24 07:08:30 [DEBUG] [root]自动加载类：app\admin\controller\adminBase
2020-04-24 07:08:30 [DEBUG] [root]自动加载类：heephp\database\mysqli
2020-04-24 07:08:30 [DEBUG] [root]自动加载类：heephp\database\databaseInterface
2020-04-24 07:08:30 [DEBUG] [root]SHOW COLUMNS FROM `heecms_users_group`
2020-04-24 07:08:30 [DEBUG] [root]select name from heecms_users_group where (`users_group_id`=) and (delete_time IS NULL or delete_time <=0 or delete_time='')  
2020-04-24 07:08:32 [DEBUG] [root]自动加载类：app\admin\controller\adminBase
2020-04-24 07:08:32 [DEBUG] [root]自动加载类：heephp\database\mysqli
2020-04-24 07:08:32 [DEBUG] [root]自动加载类：heephp\database\databaseInterface
2020-04-24 07:08:32 [DEBUG] [root]SHOW COLUMNS FROM `heecms_users_group`
2020-04-24 07:08:32 [DEBUG] [root]select name from heecms_users_group where (`users_group_id`=) and (delete_time IS NULL or delete_time <=0 or delete_time='')  
2020-04-24 07:09:02 [DEBUG] [root]自动加载类：app\admin\controller\adminBase
2020-04-24 07:09:02 [DEBUG] [root]自动加载类：heephp\database\mysqli
2020-04-24 07:09:02 [DEBUG] [root]自动加载类：heephp\database\databaseInterface
2020-04-24 07:09:02 [DEBUG] [root]自动加载类：heephp\cache\file
2020-04-24 07:09:02 [DEBUG] [root]自动加载类：heephp\cache\cacheInterface
2020-04-24 07:09:02 [DEBUG] [root]select * from heecms_config where 1=1  
2020-04-24 07:09:02 [DEBUG] [root]自动加载类：app\admin\controller\adminBase
2020-04-24 07:09:02 [DEBUG] [root]自动加载类：heephp\database\mysqli
2020-04-24 07:09:02 [DEBUG] [root]自动加载类：heephp\database\databaseInterface
2020-04-24 07:09:02 [DEBUG] [root]自动加载类：heephp\cache\file
2020-04-24 07:09:02 [DEBUG] [root]自动加载类：heephp\cache\cacheInterface
2020-04-24 07:09:03 [DEBUG] [root]自动加载类：app\admin\controller\adminBase
2020-04-24 07:57:29 [DEBUG] [root]自动加载类：app\admin\controller\adminBase
2020-04-24 07:57:29 [DEBUG] [root]自动加载类：heephp\database\mysqli
2020-04-24 07:57:29 [DEBUG] [root]自动加载类：heephp\database\databaseInterface
2020-04-24 07:57:29 [DEBUG] [root]自动加载类：heephp\cache\file
2020-04-24 07:57:29 [DEBUG] [root]自动加载类：heephp\cache\cacheInterface
2020-04-24 07:57:29 [DEBUG] [root]select * from heecms_users where (`username`='admin' and `password`='e10adc3949ba59abbe56e057f20f883e') and (delete_time IS NULL or delete_time <=0 or delete_time='')
2020-04-24 07:57:29 [DEBUG] [root]SHOW COLUMNS FROM `heecms_users_group`
2020-04-24 07:57:29 [DEBUG] [root]select * from heecms_users_group where (`users_group_id`='1') and (delete_time IS NULL or delete_time <=0 or delete_time='')
2020-04-24 07:57:29 [DEBUG] [root]自动加载类：app\admin\controller\adminBase
2020-04-24 07:57:29 [DEBUG] [root]自动加载类：heephp\database\mysqli
2020-04-24 07:57:29 [DEBUG] [root]自动加载类：heephp\database\databaseInterface
2020-04-24 07:57:29 [DEBUG] [root]SHOW COLUMNS FROM `heecms_users_group`
2020-04-24 07:57:29 [DEBUG] [root]select name from heecms_users_group where (`users_group_id`=1) and (delete_time IS NULL or delete_time <=0 or delete_time='')  
2020-04-24 07:57:29 [DEBUG] [root]SHOW COLUMNS FROM `heecms_message`
2020-04-24 07:57:29 [DEBUG] [root]select * from heecms_message where (`isread`=0 and `receiver_users_id`=1) and (delete_time IS NULL or delete_time <=0 or delete_time='')  order by create_time desc limit 0,5
2020-04-24 07:57:29 [DEBUG] [root]SHOW COLUMNS FROM `heecms_menus`
2020-04-24 07:57:29 [DEBUG] [root]自动加载类：heephp\cache\file
2020-04-24 07:57:29 [DEBUG] [root]自动加载类：heephp\cache\cacheInterface
2020-04-24 07:57:29 [DEBUG] [root]select * from heecms_menus where (parent_id=0 or parent_id IS NULL or parent_id='') and (delete_time IS NULL or delete_time <=0 or delete_time='')  order by ord asc 
2020-04-24 07:57:29 [DEBUG] [root]SHOW COLUMNS FROM `heecms_menus`
2020-04-24 07:57:33 [DEBUG] [root]自动加载类：app\admin\controller\adminBase
2020-04-24 07:57:33 [DEBUG] [root]自动加载类：heephp\database\mysqli
2020-04-24 07:57:33 [DEBUG] [root]自动加载类：heephp\database\databaseInterface
2020-04-24 07:57:33 [DEBUG] [root]SHOW COLUMNS FROM `heecms_users_group`
2020-04-24 07:57:33 [DEBUG] [root]select name from heecms_users_group where (`users_group_id`=1) and (delete_time IS NULL or delete_time <=0 or delete_time='')  
2020-04-24 07:57:33 [DEBUG] [root]SHOW COLUMNS FROM `heecms_message`
2020-04-24 07:57:33 [DEBUG] [root]select * from heecms_message where (`isread`=0 and `receiver_users_id`=1) and (delete_time IS NULL or delete_time <=0 or delete_time='')  order by create_time desc limit 0,5
2020-04-24 07:57:33 [DEBUG] [root]SHOW COLUMNS FROM `heecms_menus`
2020-04-24 07:57:33 [DEBUG] [root]自动加载类：heephp\cache\file
2020-04-24 07:57:33 [DEBUG] [root]自动加载类：heephp\cache\cacheInterface
2020-04-24 07:57:33 [DEBUG] [root]select * from heecms_menus where (parent_id=0 or parent_id IS NULL or parent_id='') and (delete_time IS NULL or delete_time <=0 or delete_time='')  order by ord asc 
2020-04-24 07:57:33 [DEBUG] [root]SHOW COLUMNS FROM `heecms_menus`
2020-04-24 07:57:33 [DEBUG] [root]select count(*) c from `heecms_users` where (1=1) and (delete_time IS NULL or delete_time <=0 or delete_time='')
2020-04-24 07:57:33 [DEBUG] [root]select * from heecms_users where (1=1) and (delete_time IS NULL or delete_time <=0 or delete_time='')  limit 0,5
2020-04-24 07:57:33 [DEBUG] [root]SHOW COLUMNS FROM `heecms_users_group`
2020-04-24 07:57:35 [DEBUG] [root]自动加载类：app\admin\controller\adminBase
2020-04-24 07:57:35 [DEBUG] [root]自动加载类：heephp\database\mysqli
2020-04-24 07:57:35 [DEBUG] [root]自动加载类：heephp\database\databaseInterface
2020-04-24 07:57:35 [DEBUG] [root]SHOW COLUMNS FROM `heecms_users_group`
2020-04-24 07:57:35 [DEBUG] [root]select name from heecms_users_group where (`users_group_id`=1) and (delete_time IS NULL or delete_time <=0 or delete_time='')  
2020-04-24 07:57:35 [DEBUG] [root]SHOW COLUMNS FROM `heecms_message`
2020-04-24 07:57:35 [DEBUG] [root]select * from heecms_message where (`isread`=0 and `receiver_users_id`=1) and (delete_time IS NULL or delete_time <=0 or delete_time='')  order by create_time desc limit 0,5
2020-04-24 07:57:35 [DEBUG] [root]SHOW COLUMNS FROM `heecms_menus`
2020-04-24 07:57:35 [DEBUG] [root]自动加载类：heephp\cache\file
2020-04-24 07:57:35 [DEBUG] [root]自动加载类：heephp\cache\cacheInterface
2020-04-24 07:57:35 [DEBUG] [root]select * from heecms_menus where (parent_id=0 or parent_id IS NULL or parent_id='') and (delete_time IS NULL or delete_time <=0 or delete_time='')  order by ord asc 
2020-04-24 07:57:35 [DEBUG] [root]SHOW COLUMNS FROM `heecms_menus`
2020-04-24 07:57:35 [DEBUG] [root]SHOW COLUMNS FROM `heecms_users_group`
2020-04-24 07:57:35 [DEBUG] [root]select count(*) c from `heecms_users_group` where (1=1) and (delete_time IS NULL or delete_time <=0 or delete_time='')
2020-04-24 07:57:35 [DEBUG] [root]select * from heecms_users_group where (1=1) and (delete_time IS NULL or delete_time <=0 or delete_time='')  limit 0,5
2020-04-24 07:57:35 [DEBUG] [root]select * from heecms_users where (`users_id`='1') and (delete_time IS NULL or delete_time <=0 or delete_time='')
2020-04-24 07:57:35 [DEBUG] [root]select * from heecms_users where (`users_id`='2') and (delete_time IS NULL or delete_time <=0 or delete_time='')
2020-04-24 07:57:36 [DEBUG] [root]自动加载类：app\admin\controller\adminBase
2020-04-24 07:57:36 [DEBUG] [root]自动加载类：heephp\database\mysqli
2020-04-24 07:57:36 [DEBUG] [root]自动加载类：heephp\database\databaseInterface
2020-04-24 07:57:36 [DEBUG] [root]SHOW COLUMNS FROM `heecms_users_group`
2020-04-24 07:57:36 [DEBUG] [root]select name from heecms_users_group where (`users_group_id`=1) and (delete_time IS NULL or delete_time <=0 or delete_time='')  
2020-04-24 07:57:36 [DEBUG] [root]SHOW COLUMNS FROM `heecms_message`
2020-04-24 07:57:36 [DEBUG] [root]select * from heecms_message where (`isread`=0 and `receiver_users_id`=1) and (delete_time IS NULL or delete_time <=0 or delete_time='')  order by create_time desc limit 0,5
2020-04-24 07:57:36 [DEBUG] [root]SHOW COLUMNS FROM `heecms_menus`
2020-04-24 07:57:36 [DEBUG] [root]自动加载类：heephp\cache\file
2020-04-24 07:57:36 [DEBUG] [root]自动加载类：heephp\cache\cacheInterface
2020-04-24 07:57:36 [DEBUG] [root]select * from heecms_menus where (parent_id=0 or parent_id IS NULL or parent_id='') and (delete_time IS NULL or delete_time <=0 or delete_time='')  order by ord asc 
2020-04-24 07:57:36 [DEBUG] [root]SHOW COLUMNS FROM `heecms_menus`
2020-04-24 07:57:36 [DEBUG] [root]select count(*) c from `heecms_users` where (1=1) and (delete_time IS NULL or delete_time <=0 or delete_time='')
2020-04-24 07:57:36 [DEBUG] [root]select * from heecms_users where (1=1) and (delete_time IS NULL or delete_time <=0 or delete_time='')  limit 0,5
2020-04-24 07:57:36 [DEBUG] [root]SHOW COLUMNS FROM `heecms_users_group`
2020-04-24 07:59:16 [DEBUG] [root]自动加载类：app\admin\controller\adminBase
2020-04-24 07:59:16 [DEBUG] [root]自动加载类：heephp\database\mysqli
2020-04-24 07:59:16 [DEBUG] [root]自动加载类：heephp\database\databaseInterface
2020-04-24 07:59:16 [DEBUG] [root]SHOW COLUMNS FROM `heecms_users_group`
2020-04-24 07:59:16 [DEBUG] [root]select name from heecms_users_group where (`users_group_id`=1) and (delete_time IS NULL or delete_time <=0 or delete_time='')  
2020-04-24 07:59:16 [DEBUG] [root]SHOW COLUMNS FROM `heecms_message`
2020-04-24 07:59:16 [DEBUG] [root]select * from heecms_message where (`isread`=0 and `receiver_users_id`=1) and (delete_time IS NULL or delete_time <=0 or delete_time='')  order by create_time desc limit 0,5
2020-04-24 07:59:16 [DEBUG] [root]SHOW COLUMNS FROM `heecms_menus`
2020-04-24 07:59:16 [DEBUG] [root]自动加载类：heephp\cache\file
2020-04-24 07:59:16 [DEBUG] [root]自动加载类：heephp\cache\cacheInterface
2020-04-24 07:59:16 [DEBUG] [root]select * from heecms_menus where (parent_id=0 or parent_id IS NULL or parent_id='') and (delete_time IS NULL or delete_time <=0 or delete_time='')  order by ord asc 
2020-04-24 07:59:16 [DEBUG] [root]SHOW COLUMNS FROM `heecms_menus`
2020-04-24 07:59:16 [DEBUG] [root]select count(*) c from `heecms_users` where (1=1) and (delete_time IS NULL or delete_time <=0 or delete_time='')
2020-04-24 07:59:16 [DEBUG] [root]select * from heecms_users where (1=1) and (delete_time IS NULL or delete_time <=0 or delete_time='')  limit 0,5
2020-04-24 07:59:16 [DEBUG] [root]SHOW COLUMNS FROM `heecms_users_group`
2020-04-24 07:59:19 [DEBUG] [root]自动加载类：app\admin\controller\adminBase
2020-04-24 07:59:19 [DEBUG] [root]自动加载类：heephp\database\mysqli
2020-04-24 07:59:19 [DEBUG] [root]自动加载类：heephp\database\databaseInterface
2020-04-24 07:59:19 [DEBUG] [root]SHOW COLUMNS FROM `heecms_users_group`
2020-04-24 07:59:19 [DEBUG] [root]select name from heecms_users_group where (`users_group_id`=1) and (delete_time IS NULL or delete_time <=0 or delete_time='')  
2020-04-24 07:59:19 [DEBUG] [root]SHOW COLUMNS FROM `heecms_message`
2020-04-24 07:59:19 [DEBUG] [root]select * from heecms_message where (`isread`=0 and `receiver_users_id`=1) and (delete_time IS NULL or delete_time <=0 or delete_time='')  order by create_time desc limit 0,5
2020-04-24 07:59:19 [DEBUG] [root]SHOW COLUMNS FROM `heecms_menus`
2020-04-24 07:59:19 [DEBUG] [root]自动加载类：heephp\cache\file
2020-04-24 07:59:19 [DEBUG] [root]自动加载类：heephp\cache\cacheInterface
2020-04-24 07:59:19 [DEBUG] [root]select * from heecms_menus where (parent_id=0 or parent_id IS NULL or parent_id='') and (delete_time IS NULL or delete_time <=0 or delete_time='')  order by ord asc 
2020-04-24 07:59:19 [DEBUG] [root]SHOW COLUMNS FROM `heecms_menus`
2020-04-24 07:59:19 [DEBUG] [root]select count(*) c from `heecms_users` where (1=1) and (delete_time IS NULL or delete_time <=0 or delete_time='')
2020-04-24 07:59:19 [DEBUG] [root]select * from heecms_users where (1=1) and (delete_time IS NULL or delete_time <=0 or delete_time='')  limit 0,5
2020-04-24 07:59:19 [DEBUG] [root]SHOW COLUMNS FROM `heecms_users_group`
