2020-04-24 11:09:13 [DEBUG] [root]自动加载类：app\admin\controller\adminBase
2020-04-24 11:09:13 [DEBUG] [root]自动加载类：heephp\database\mysqli
2020-04-24 11:09:13 [DEBUG] [root]自动加载类：heephp\database\databaseInterface
2020-04-24 11:09:13 [DEBUG] [root]SHOW COLUMNS FROM `heecms_users_group`
2020-04-24 11:09:13 [DEBUG] [root]select name from heecms_users_group where (`users_group_id`=1) and (delete_time IS NULL or delete_time <=0 or delete_time='')  
2020-04-24 11:09:13 [DEBUG] [root]SHOW COLUMNS FROM `heecms_message`
2020-04-24 11:09:13 [DEBUG] [root]select * from heecms_message where (`isread`=0 and `receiver_users_id`=1) and (delete_time IS NULL or delete_time <=0 or delete_time='')  order by create_time desc limit 0,5
2020-04-24 11:09:13 [DEBUG] [root]SHOW COLUMNS FROM `heecms_menus`
2020-04-24 11:09:13 [DEBUG] [root]自动加载类：heephp\cache\file
2020-04-24 11:09:13 [DEBUG] [root]自动加载类：heephp\cache\cacheInterface
2020-04-24 11:09:13 [DEBUG] [root]select * from heecms_menus where (parent_id=0 or parent_id IS NULL or parent_id='') and (delete_time IS NULL or delete_time <=0 or delete_time='')  order by ord asc 
2020-04-24 11:09:13 [DEBUG] [root]SHOW COLUMNS FROM `heecms_menus`
2020-04-24 11:09:13 [DEBUG] [root]select count(*) c from `heecms_users` where (1=1) and (delete_time IS NULL or delete_time <=0 or delete_time='')
2020-04-24 11:09:13 [DEBUG] [root]select * from heecms_users where (1=1) and (delete_time IS NULL or delete_time <=0 or delete_time='')  limit 0,5
2020-04-24 11:09:13 [DEBUG] [root]SHOW COLUMNS FROM `heecms_users_group`
2020-04-24 11:09:13 [DEBUG] [root]select * from heecms_users_group where (`users_group_id`='1') and (delete_time IS NULL or delete_time <=0 or delete_time='')
2020-04-24 11:09:16 [DEBUG] [root]自动加载类：app\admin\controller\adminBase
2020-04-24 11:09:16 [DEBUG] [root]自动加载类：heephp\database\mysqli
2020-04-24 11:09:16 [DEBUG] [root]自动加载类：heephp\database\databaseInterface
2020-04-24 11:09:16 [DEBUG] [root]SHOW COLUMNS FROM `heecms_users_group`
2020-04-24 11:09:16 [DEBUG] [root]select name from heecms_users_group where (`users_group_id`=1) and (delete_time IS NULL or delete_time <=0 or delete_time='')  
2020-04-24 11:09:16 [DEBUG] [root]SHOW COLUMNS FROM `heecms_message`
2020-04-24 11:09:16 [DEBUG] [root]select * from heecms_message where (`isread`=0 and `receiver_users_id`=1) and (delete_time IS NULL or delete_time <=0 or delete_time='')  order by create_time desc limit 0,5
2020-04-24 11:09:16 [DEBUG] [root]SHOW COLUMNS FROM `heecms_menus`
2020-04-24 11:09:16 [DEBUG] [root]自动加载类：heephp\cache\file
2020-04-24 11:09:16 [DEBUG] [root]自动加载类：heephp\cache\cacheInterface
2020-04-24 11:09:16 [DEBUG] [root]select * from heecms_menus where (parent_id=0 or parent_id IS NULL or parent_id='') and (delete_time IS NULL or delete_time <=0 or delete_time='')  order by ord asc 
2020-04-24 11:09:16 [DEBUG] [root]SHOW COLUMNS FROM `heecms_menus`
2020-04-24 11:09:16 [DEBUG] [root]select count(*) c from `heecms_users` where (1=1) and (delete_time IS NULL or delete_time <=0 or delete_time='')
2020-04-24 11:09:16 [DEBUG] [root]select * from heecms_users where (1=1) and (delete_time IS NULL or delete_time <=0 or delete_time='')  limit 0,5
2020-04-24 11:09:16 [DEBUG] [root]SHOW COLUMNS FROM `heecms_users_group`
2020-04-24 11:09:17 [DEBUG] [root]自动加载类：app\admin\controller\adminBase
2020-04-24 11:09:17 [DEBUG] [root]自动加载类：heephp\database\mysqli
2020-04-24 11:09:17 [DEBUG] [root]自动加载类：heephp\database\databaseInterface
2020-04-24 11:09:17 [DEBUG] [root]SHOW COLUMNS FROM `heecms_users_group`
2020-04-24 11:09:17 [DEBUG] [root]select name from heecms_users_group where (`users_group_id`=1) and (delete_time IS NULL or delete_time <=0 or delete_time='')  
2020-04-24 11:09:17 [DEBUG] [root]SHOW COLUMNS FROM `heecms_message`
2020-04-24 11:09:17 [DEBUG] [root]select * from heecms_message where (`isread`=0 and `receiver_users_id`=1) and (delete_time IS NULL or delete_time <=0 or delete_time='')  order by create_time desc limit 0,5
2020-04-24 11:09:17 [DEBUG] [root]SHOW COLUMNS FROM `heecms_menus`
2020-04-24 11:09:17 [DEBUG] [root]自动加载类：heephp\cache\file
2020-04-24 11:09:17 [DEBUG] [root]自动加载类：heephp\cache\cacheInterface
2020-04-24 11:09:17 [DEBUG] [root]select * from heecms_menus where (parent_id=0 or parent_id IS NULL or parent_id='') and (delete_time IS NULL or delete_time <=0 or delete_time='')  order by ord asc 
2020-04-24 11:09:17 [DEBUG] [root]SHOW COLUMNS FROM `heecms_menus`
2020-04-24 11:09:17 [DEBUG] [root]SHOW COLUMNS FROM `heecms_users_group`
2020-04-24 11:09:17 [DEBUG] [root]select count(*) c from `heecms_users_group` where (1=1) and (delete_time IS NULL or delete_time <=0 or delete_time='')
2020-04-24 11:09:17 [DEBUG] [root]select * from heecms_users_group where (1=1) and (delete_time IS NULL or delete_time <=0 or delete_time='')  limit 0,5
2020-04-24 11:09:17 [DEBUG] [root]select * from heecms_users where (`users_id`='1') and (delete_time IS NULL or delete_time <=0 or delete_time='')
2020-04-24 11:09:17 [DEBUG] [root]select * from heecms_users where (`users_id`='2') and (delete_time IS NULL or delete_time <=0 or delete_time='')
2020-04-24 11:09:18 [DEBUG] [root]自动加载类：app\admin\controller\adminBase
2020-04-24 11:09:18 [DEBUG] [root]自动加载类：heephp\database\mysqli
2020-04-24 11:09:18 [DEBUG] [root]自动加载类：heephp\database\databaseInterface
2020-04-24 11:09:18 [DEBUG] [root]SHOW COLUMNS FROM `heecms_users_group`
2020-04-24 11:09:18 [DEBUG] [root]select name from heecms_users_group where (`users_group_id`=1) and (delete_time IS NULL or delete_time <=0 or delete_time='')  
2020-04-24 11:09:18 [DEBUG] [root]SHOW COLUMNS FROM `heecms_message`
2020-04-24 11:09:18 [DEBUG] [root]select * from heecms_message where (`isread`=0 and `receiver_users_id`=1) and (delete_time IS NULL or delete_time <=0 or delete_time='')  order by create_time desc limit 0,5
2020-04-24 11:09:18 [DEBUG] [root]SHOW COLUMNS FROM `heecms_menus`
2020-04-24 11:09:18 [DEBUG] [root]自动加载类：heephp\cache\file
2020-04-24 11:09:18 [DEBUG] [root]自动加载类：heephp\cache\cacheInterface
2020-04-24 11:09:18 [DEBUG] [root]select * from heecms_menus where (parent_id=0 or parent_id IS NULL or parent_id='') and (delete_time IS NULL or delete_time <=0 or delete_time='')  order by ord asc 
2020-04-24 11:09:18 [DEBUG] [root]SHOW COLUMNS FROM `heecms_menus`
2020-04-24 11:09:18 [DEBUG] [root]SHOW COLUMNS FROM `heecms_message`
2020-04-24 11:09:18 [DEBUG] [root]select count(*) c from `heecms_message` where (1=1) and (delete_time IS NULL or delete_time <=0 or delete_time='')
2020-04-24 11:09:18 [DEBUG] [root]select * from heecms_message where (1=1) and (delete_time IS NULL or delete_time <=0 or delete_time='')  limit 0,5
2020-04-24 11:09:18 [DEBUG] [root]select * from heecms_users where (`users_id`='3') and (delete_time IS NULL or delete_time <=0 or delete_time='')
2020-04-24 11:09:20 [DEBUG] [root]自动加载类：app\admin\controller\adminBase
2020-04-24 11:09:20 [DEBUG] [root]自动加载类：heephp\database\mysqli
2020-04-24 11:09:20 [DEBUG] [root]自动加载类：heephp\database\databaseInterface
2020-04-24 11:09:20 [DEBUG] [root]SHOW COLUMNS FROM `heecms_users_group`
2020-04-24 11:09:20 [DEBUG] [root]select name from heecms_users_group where (`users_group_id`=1) and (delete_time IS NULL or delete_time <=0 or delete_time='')  
2020-04-24 11:09:20 [DEBUG] [root]SHOW COLUMNS FROM `heecms_message`
2020-04-24 11:09:20 [DEBUG] [root]select * from heecms_message where (`isread`=0 and `receiver_users_id`=1) and (delete_time IS NULL or delete_time <=0 or delete_time='')  order by create_time desc limit 0,5
2020-04-24 11:09:20 [DEBUG] [root]SHOW COLUMNS FROM `heecms_menus`
2020-04-24 11:09:20 [DEBUG] [root]自动加载类：heephp\cache\file
2020-04-24 11:09:20 [DEBUG] [root]自动加载类：heephp\cache\cacheInterface
2020-04-24 11:09:20 [DEBUG] [root]select * from heecms_menus where (parent_id=0 or parent_id IS NULL or parent_id='') and (delete_time IS NULL or delete_time <=0 or delete_time='')  order by ord asc 
2020-04-24 11:09:20 [DEBUG] [root]SHOW COLUMNS FROM `heecms_menus`
2020-04-24 11:09:20 [DEBUG] [root]SHOW COLUMNS FROM `heecms_message`
2020-04-24 11:09:20 [DEBUG] [root]select * from heecms_message where (message_id = 3) and (delete_time IS NULL or delete_time <=0 or delete_time='')
2020-04-24 11:09:20 [DEBUG] [root]select * from heecms_users where (`users_id`='3') and (delete_time IS NULL or delete_time <=0 or delete_time='')
2020-04-24 11:09:24 [DEBUG] [root]自动加载类：app\admin\controller\adminBase
2020-04-24 11:09:24 [DEBUG] [root]自动加载类：heephp\database\mysqli
2020-04-24 11:09:24 [DEBUG] [root]自动加载类：heephp\database\databaseInterface
2020-04-24 11:09:24 [DEBUG] [root]SHOW COLUMNS FROM `heecms_users_group`
2020-04-24 11:09:24 [DEBUG] [root]select name from heecms_users_group where (`users_group_id`=1) and (delete_time IS NULL or delete_time <=0 or delete_time='')  
2020-04-24 11:09:24 [DEBUG] [root]SHOW COLUMNS FROM `heecms_message`
2020-04-24 11:09:24 [DEBUG] [root]select * from heecms_message where (`isread`=0 and `receiver_users_id`=1) and (delete_time IS NULL or delete_time <=0 or delete_time='')  order by create_time desc limit 0,5
2020-04-24 11:09:24 [DEBUG] [root]SHOW COLUMNS FROM `heecms_menus`
2020-04-24 11:09:24 [DEBUG] [root]自动加载类：heephp\cache\file
2020-04-24 11:09:24 [DEBUG] [root]自动加载类：heephp\cache\cacheInterface
2020-04-24 11:09:24 [DEBUG] [root]select * from heecms_menus where (parent_id=0 or parent_id IS NULL or parent_id='') and (delete_time IS NULL or delete_time <=0 or delete_time='')  order by ord asc 
2020-04-24 11:09:24 [DEBUG] [root]SHOW COLUMNS FROM `heecms_menus`
2020-04-24 11:09:24 [DEBUG] [root]SHOW COLUMNS FROM `heecms_message`
2020-04-24 11:09:24 [DEBUG] [root]select count(*) c from `heecms_message` where (1=1) and (delete_time IS NULL or delete_time <=0 or delete_time='')
2020-04-24 11:09:24 [DEBUG] [root]select * from heecms_message where (1=1) and (delete_time IS NULL or delete_time <=0 or delete_time='')  limit 0,5
2020-04-24 11:09:24 [DEBUG] [root]select * from heecms_users where (`users_id`='3') and (delete_time IS NULL or delete_time <=0 or delete_time='')
2020-04-24 11:09:27 [DEBUG] [root]自动加载类：app\admin\controller\adminBase
2020-04-24 11:09:27 [DEBUG] [root]自动加载类：heephp\database\mysqli
2020-04-24 11:09:27 [DEBUG] [root]自动加载类：heephp\database\databaseInterface
2020-04-24 11:09:27 [DEBUG] [root]SHOW COLUMNS FROM `heecms_users_group`
2020-04-24 11:09:27 [DEBUG] [root]select name from heecms_users_group where (`users_group_id`=1) and (delete_time IS NULL or delete_time <=0 or delete_time='')  
2020-04-24 11:09:27 [DEBUG] [root]SHOW COLUMNS FROM `heecms_message`
2020-04-24 11:09:27 [DEBUG] [root]select * from heecms_message where (`isread`=0 and `receiver_users_id`=1) and (delete_time IS NULL or delete_time <=0 or delete_time='')  order by create_time desc limit 0,5
2020-04-24 11:09:27 [DEBUG] [root]SHOW COLUMNS FROM `heecms_menus`
2020-04-24 11:09:27 [DEBUG] [root]自动加载类：heephp\cache\file
2020-04-24 11:09:27 [DEBUG] [root]自动加载类：heephp\cache\cacheInterface
2020-04-24 11:09:27 [DEBUG] [root]select * from heecms_menus where (parent_id=0 or parent_id IS NULL or parent_id='') and (delete_time IS NULL or delete_time <=0 or delete_time='')  order by ord asc 
2020-04-24 11:09:27 [DEBUG] [root]SHOW COLUMNS FROM `heecms_menus`
2020-04-24 11:09:27 [DEBUG] [root]select count(*) c from `heecms_sys_resources` where parent_id<1 or parent_id IS NULL or parent_id=''
2020-04-24 11:09:27 [DEBUG] [root]select * from heecms_sys_resources where parent_id<1 or parent_id IS NULL or parent_id=''  limit 0,5
2020-04-24 11:09:27 [DEBUG] [root]select * from heecms_sys_resources where `parent_id`='1'  order by parent_id asc 
2020-04-24 11:09:27 [DEBUG] [root]select * from heecms_sys_resources where `parent_id`='6'  order by parent_id asc 
2020-04-24 11:09:27 [DEBUG] [root]select * from heecms_users where (`users_id`='2') and (delete_time IS NULL or delete_time <=0 or delete_time='')
2020-04-24 11:09:27 [DEBUG] [root]select * from heecms_users where (`users_id`='3') and (delete_time IS NULL or delete_time <=0 or delete_time='')
2020-04-24 11:09:27 [DEBUG] [root]select * from heecms_sys_resources where `parent_id`='13'  order by parent_id asc 
2020-04-24 11:09:27 [DEBUG] [root]select * from heecms_sys_resources where `parent_id`='17'  order by parent_id asc 
2020-04-24 11:09:27 [DEBUG] [root]select * from heecms_sys_resources where `parent_id`='23'  order by parent_id asc 
2020-04-24 11:09:27 [DEBUG] [root]select * from heecms_users where (`users_id`='2') and (delete_time IS NULL or delete_time <=0 or delete_time='')
2020-04-24 11:09:35 [DEBUG] [root]自动加载类：app\admin\controller\adminBase
2020-04-24 11:09:35 [DEBUG] [root]自动加载类：heephp\database\mysqli
2020-04-24 11:09:35 [DEBUG] [root]自动加载类：heephp\database\databaseInterface
2020-04-24 11:09:35 [DEBUG] [root]SHOW COLUMNS FROM `heecms_users_group`
2020-04-24 11:09:35 [DEBUG] [root]select name from heecms_users_group where (`users_group_id`=1) and (delete_time IS NULL or delete_time <=0 or delete_time='')  
2020-04-24 11:09:35 [DEBUG] [root]SHOW COLUMNS FROM `heecms_message`
2020-04-24 11:09:35 [DEBUG] [root]select * from heecms_message where (`isread`=0 and `receiver_users_id`=1) and (delete_time IS NULL or delete_time <=0 or delete_time='')  order by create_time desc limit 0,5
2020-04-24 11:09:35 [DEBUG] [root]SHOW COLUMNS FROM `heecms_menus`
2020-04-24 11:09:35 [DEBUG] [root]自动加载类：heephp\cache\file
2020-04-24 11:09:35 [DEBUG] [root]自动加载类：heephp\cache\cacheInterface
2020-04-24 11:09:35 [DEBUG] [root]select * from heecms_menus where (parent_id=0 or parent_id IS NULL or parent_id='') and (delete_time IS NULL or delete_time <=0 or delete_time='')  order by ord asc 
2020-04-24 11:09:35 [DEBUG] [root]SHOW COLUMNS FROM `heecms_menus`
2020-04-24 11:09:35 [DEBUG] [root]select * from heecms_sys_resources where parent_id=0 OR parent_id='' OR parent_id IS NULL  
2020-04-24 11:09:35 [DEBUG] [root]select * from heecms_sys_resources where sys_resources_id = 3
2020-04-24 11:09:40 [DEBUG] [root]自动加载类：app\admin\controller\adminBase
2020-04-24 11:09:40 [DEBUG] [root]自动加载类：heephp\database\mysqli
2020-04-24 11:09:40 [DEBUG] [root]自动加载类：heephp\database\databaseInterface
2020-04-24 11:09:40 [DEBUG] [root]SHOW COLUMNS FROM `heecms_users_group`
2020-04-24 11:09:40 [DEBUG] [root]select name from heecms_users_group where (`users_group_id`=1) and (delete_time IS NULL or delete_time <=0 or delete_time='')  
2020-04-24 11:09:40 [DEBUG] [root]SHOW COLUMNS FROM `heecms_message`
2020-04-24 11:09:40 [DEBUG] [root]select * from heecms_message where (`isread`=0 and `receiver_users_id`=1) and (delete_time IS NULL or delete_time <=0 or delete_time='')  order by create_time desc limit 0,5
2020-04-24 11:09:40 [DEBUG] [root]SHOW COLUMNS FROM `heecms_menus`
2020-04-24 11:09:40 [DEBUG] [root]自动加载类：heephp\cache\file
2020-04-24 11:09:40 [DEBUG] [root]自动加载类：heephp\cache\cacheInterface
2020-04-24 11:09:40 [DEBUG] [root]select * from heecms_menus where (parent_id=0 or parent_id IS NULL or parent_id='') and (delete_time IS NULL or delete_time <=0 or delete_time='')  order by ord asc 
2020-04-24 11:09:40 [DEBUG] [root]SHOW COLUMNS FROM `heecms_menus`
2020-04-24 11:09:40 [DEBUG] [root]SHOW COLUMNS FROM `heecms_menus`
2020-04-24 11:09:40 [DEBUG] [root]select count(*) c from `heecms_menus` where (parent_id<1 or parent_id IS NULL or parent_id='') and (delete_time IS NULL or delete_time <=0 or delete_time='')
2020-04-24 11:09:40 [DEBUG] [root]select * from heecms_menus where (parent_id<1 or parent_id IS NULL or parent_id='') and (delete_time IS NULL or delete_time <=0 or delete_time='')  limit 0,5
2020-04-24 11:09:40 [DEBUG] [root]SHOW COLUMNS FROM `heecms_menus`
2020-04-24 11:09:45 [DEBUG] [root]自动加载类：app\admin\controller\adminBase
2020-04-24 11:09:45 [DEBUG] [root]自动加载类：heephp\database\mysqli
2020-04-24 11:09:45 [DEBUG] [root]自动加载类：heephp\database\databaseInterface
2020-04-24 11:09:45 [DEBUG] [root]SHOW COLUMNS FROM `heecms_users_group`
2020-04-24 11:09:45 [DEBUG] [root]select name from heecms_users_group where (`users_group_id`=1) and (delete_time IS NULL or delete_time <=0 or delete_time='')  
2020-04-24 11:09:45 [DEBUG] [root]SHOW COLUMNS FROM `heecms_message`
2020-04-24 11:09:45 [DEBUG] [root]select * from heecms_message where (`isread`=0 and `receiver_users_id`=1) and (delete_time IS NULL or delete_time <=0 or delete_time='')  order by create_time desc limit 0,5
2020-04-24 11:09:45 [DEBUG] [root]SHOW COLUMNS FROM `heecms_menus`
2020-04-24 11:09:45 [DEBUG] [root]自动加载类：heephp\cache\file
2020-04-24 11:09:45 [DEBUG] [root]自动加载类：heephp\cache\cacheInterface
2020-04-24 11:09:45 [DEBUG] [root]select * from heecms_menus where (parent_id=0 or parent_id IS NULL or parent_id='') and (delete_time IS NULL or delete_time <=0 or delete_time='')  order by ord asc 
2020-04-24 11:09:45 [DEBUG] [root]SHOW COLUMNS FROM `heecms_menus`
2020-04-24 11:09:45 [DEBUG] [root]select count(*) c from `heecms_sys_resources` where parent_id<1 or parent_id IS NULL or parent_id=''
2020-04-24 11:09:45 [DEBUG] [root]select * from heecms_sys_resources where parent_id<1 or parent_id IS NULL or parent_id=''  limit 0,5
2020-04-24 11:09:45 [DEBUG] [root]select * from heecms_sys_resources where `parent_id`='1'  order by parent_id asc 
2020-04-24 11:09:45 [DEBUG] [root]select * from heecms_sys_resources where `parent_id`='6'  order by parent_id asc 
2020-04-24 11:09:45 [DEBUG] [root]select * from heecms_users where (`users_id`='2') and (delete_time IS NULL or delete_time <=0 or delete_time='')
2020-04-24 11:09:45 [DEBUG] [root]select * from heecms_users where (`users_id`='3') and (delete_time IS NULL or delete_time <=0 or delete_time='')
2020-04-24 11:09:45 [DEBUG] [root]select * from heecms_sys_resources where `parent_id`='13'  order by parent_id asc 
2020-04-24 11:09:45 [DEBUG] [root]select * from heecms_sys_resources where `parent_id`='17'  order by parent_id asc 
2020-04-24 11:09:45 [DEBUG] [root]select * from heecms_sys_resources where `parent_id`='23'  order by parent_id asc 
2020-04-24 11:09:45 [DEBUG] [root]select * from heecms_users where (`users_id`='2') and (delete_time IS NULL or delete_time <=0 or delete_time='')
2020-04-24 11:09:47 [DEBUG] [root]自动加载类：app\admin\controller\adminBase
2020-04-24 11:09:47 [DEBUG] [root]自动加载类：heephp\database\mysqli
2020-04-24 11:09:47 [DEBUG] [root]自动加载类：heephp\database\databaseInterface
2020-04-24 11:09:47 [DEBUG] [root]SHOW COLUMNS FROM `heecms_users_group`
2020-04-24 11:09:47 [DEBUG] [root]select name from heecms_users_group where (`users_group_id`=1) and (delete_time IS NULL or delete_time <=0 or delete_time='')  
2020-04-24 11:09:47 [DEBUG] [root]SHOW COLUMNS FROM `heecms_message`
2020-04-24 11:09:47 [DEBUG] [root]select * from heecms_message where (`isread`=0 and `receiver_users_id`=1) and (delete_time IS NULL or delete_time <=0 or delete_time='')  order by create_time desc limit 0,5
2020-04-24 11:09:47 [DEBUG] [root]SHOW COLUMNS FROM `heecms_menus`
2020-04-24 11:09:47 [DEBUG] [root]自动加载类：heephp\cache\file
2020-04-24 11:09:47 [DEBUG] [root]自动加载类：heephp\cache\cacheInterface
2020-04-24 11:09:47 [DEBUG] [root]select * from heecms_menus where (parent_id=0 or parent_id IS NULL or parent_id='') and (delete_time IS NULL or delete_time <=0 or delete_time='')  order by ord asc 
2020-04-24 11:09:47 [DEBUG] [root]SHOW COLUMNS FROM `heecms_menus`
2020-04-24 11:09:47 [DEBUG] [root]SHOW COLUMNS FROM `heecms_users_group`
2020-04-24 11:09:47 [DEBUG] [root]select * from heecms_users_group where (`name`<>'超级管理员' and isadmin=1) and (delete_time IS NULL or delete_time <=0 or delete_time='')  
2020-04-24 11:09:47 [DEBUG] [root]select * from heecms_sys_resources where parent_id<1 or parent_id IS NULL or parent_id=''  
2020-04-24 11:09:47 [DEBUG] [root]select * from heecms_sys_resources where `parent_id`='1'  order by parent_id asc 
2020-04-24 11:09:47 [DEBUG] [root]select * from heecms_sys_resources where `parent_id`='6'  order by parent_id asc 
2020-04-24 11:09:47 [DEBUG] [root]select * from heecms_users where (`users_id`='2') and (delete_time IS NULL or delete_time <=0 or delete_time='')
2020-04-24 11:09:47 [DEBUG] [root]select * from heecms_users where (`users_id`='3') and (delete_time IS NULL or delete_time <=0 or delete_time='')
2020-04-24 11:09:47 [DEBUG] [root]select * from heecms_sys_resources where `parent_id`='13'  order by parent_id asc 
2020-04-24 11:09:47 [DEBUG] [root]select * from heecms_sys_resources where `parent_id`='17'  order by parent_id asc 
2020-04-24 11:09:47 [DEBUG] [root]select * from heecms_sys_resources where `parent_id`='23'  order by parent_id asc 
2020-04-24 11:09:47 [DEBUG] [root]select * from heecms_sys_resources where `parent_id`='26'  order by parent_id asc 
2020-04-24 11:09:47 [DEBUG] [root]select * from heecms_sys_resources where `parent_id`='35'  order by parent_id asc 
2020-04-24 11:09:53 [DEBUG] [root]自动加载类：app\admin\controller\adminBase
2020-04-24 11:09:53 [DEBUG] [root]自动加载类：heephp\database\mysqli
2020-04-24 11:09:53 [DEBUG] [root]自动加载类：heephp\database\databaseInterface
2020-04-24 11:09:53 [DEBUG] [root]SHOW COLUMNS FROM `heecms_users_group`
2020-04-24 11:09:53 [DEBUG] [root]select name from heecms_users_group where (`users_group_id`=1) and (delete_time IS NULL or delete_time <=0 or delete_time='')  
2020-04-24 11:09:53 [DEBUG] [root]SHOW COLUMNS FROM `heecms_message`
2020-04-24 11:09:53 [DEBUG] [root]select * from heecms_message where (`isread`=0 and `receiver_users_id`=1) and (delete_time IS NULL or delete_time <=0 or delete_time='')  order by create_time desc limit 0,5
2020-04-24 11:09:53 [DEBUG] [root]SHOW COLUMNS FROM `heecms_menus`
2020-04-24 11:09:53 [DEBUG] [root]自动加载类：heephp\cache\file
2020-04-24 11:09:53 [DEBUG] [root]自动加载类：heephp\cache\cacheInterface
2020-04-24 11:09:53 [DEBUG] [root]select * from heecms_menus where (parent_id=0 or parent_id IS NULL or parent_id='') and (delete_time IS NULL or delete_time <=0 or delete_time='')  order by ord asc 
2020-04-24 11:09:53 [DEBUG] [root]SHOW COLUMNS FROM `heecms_menus`
2020-04-24 11:09:53 [DEBUG] [root]SHOW COLUMNS FROM `heecms_menus`
2020-04-24 11:09:53 [DEBUG] [root]select count(*) c from `heecms_menus` where (parent_id<1 or parent_id IS NULL or parent_id='') and (delete_time IS NULL or delete_time <=0 or delete_time='')
2020-04-24 11:09:53 [DEBUG] [root]select * from heecms_menus where (parent_id<1 or parent_id IS NULL or parent_id='') and (delete_time IS NULL or delete_time <=0 or delete_time='')  limit 0,5
2020-04-24 11:09:53 [DEBUG] [root]SHOW COLUMNS FROM `heecms_menus`
2020-04-24 11:10:03 [DEBUG] [root]自动加载类：app\admin\controller\adminBase
2020-04-24 11:10:03 [DEBUG] [root]自动加载类：heephp\database\mysqli
2020-04-24 11:10:03 [DEBUG] [root]自动加载类：heephp\database\databaseInterface
2020-04-24 11:10:03 [DEBUG] [root]SHOW COLUMNS FROM `heecms_users_group`
2020-04-24 11:10:03 [DEBUG] [root]select name from heecms_users_group where (`users_group_id`=1) and (delete_time IS NULL or delete_time <=0 or delete_time='')  
2020-04-24 11:10:03 [DEBUG] [root]SHOW COLUMNS FROM `heecms_message`
2020-04-24 11:10:03 [DEBUG] [root]select * from heecms_message where (`isread`=0 and `receiver_users_id`=1) and (delete_time IS NULL or delete_time <=0 or delete_time='')  order by create_time desc limit 0,5
2020-04-24 11:10:03 [DEBUG] [root]SHOW COLUMNS FROM `heecms_menus`
2020-04-24 11:10:03 [DEBUG] [root]自动加载类：heephp\cache\file
2020-04-24 11:10:03 [DEBUG] [root]自动加载类：heephp\cache\cacheInterface
2020-04-24 11:10:03 [DEBUG] [root]select * from heecms_menus where (parent_id=0 or parent_id IS NULL or parent_id='') and (delete_time IS NULL or delete_time <=0 or delete_time='')  order by ord asc 
2020-04-24 11:10:03 [DEBUG] [root]SHOW COLUMNS FROM `heecms_menus`
2020-04-24 11:10:03 [DEBUG] [root]select count(*) c from `heecms_sys_resources` where parent_id<1 or parent_id IS NULL or parent_id=''
2020-04-24 11:10:03 [DEBUG] [root]select * from heecms_sys_resources where parent_id<1 or parent_id IS NULL or parent_id=''  limit 0,5
2020-04-24 11:10:03 [DEBUG] [root]select * from heecms_sys_resources where `parent_id`='1'  order by parent_id asc 
2020-04-24 11:10:03 [DEBUG] [root]select * from heecms_sys_resources where `parent_id`='6'  order by parent_id asc 
2020-04-24 11:10:03 [DEBUG] [root]select * from heecms_users where (`users_id`='2') and (delete_time IS NULL or delete_time <=0 or delete_time='')
2020-04-24 11:10:03 [DEBUG] [root]select * from heecms_users where (`users_id`='3') and (delete_time IS NULL or delete_time <=0 or delete_time='')
2020-04-24 11:10:03 [DEBUG] [root]select * from heecms_sys_resources where `parent_id`='13'  order by parent_id asc 
2020-04-24 11:10:03 [DEBUG] [root]select * from heecms_sys_resources where `parent_id`='17'  order by parent_id asc 
2020-04-24 11:10:03 [DEBUG] [root]select * from heecms_sys_resources where `parent_id`='23'  order by parent_id asc 
2020-04-24 11:10:03 [DEBUG] [root]select * from heecms_users where (`users_id`='2') and (delete_time IS NULL or delete_time <=0 or delete_time='')
2020-04-24 11:10:07 [DEBUG] [root]自动加载类：app\admin\controller\adminBase
2020-04-24 11:10:07 [DEBUG] [root]自动加载类：heephp\database\mysqli
2020-04-24 11:10:07 [DEBUG] [root]自动加载类：heephp\database\databaseInterface
2020-04-24 11:10:07 [DEBUG] [root]SHOW COLUMNS FROM `heecms_users_group`
2020-04-24 11:10:07 [DEBUG] [root]select name from heecms_users_group where (`users_group_id`=1) and (delete_time IS NULL or delete_time <=0 or delete_time='')  
2020-04-24 11:10:07 [DEBUG] [root]SHOW COLUMNS FROM `heecms_message`
2020-04-24 11:10:07 [DEBUG] [root]select * from heecms_message where (`isread`=0 and `receiver_users_id`=1) and (delete_time IS NULL or delete_time <=0 or delete_time='')  order by create_time desc limit 0,5
2020-04-24 11:10:07 [DEBUG] [root]SHOW COLUMNS FROM `heecms_menus`
2020-04-24 11:10:07 [DEBUG] [root]自动加载类：heephp\cache\file
2020-04-24 11:10:07 [DEBUG] [root]自动加载类：heephp\cache\cacheInterface
2020-04-24 11:10:07 [DEBUG] [root]select * from heecms_menus where (parent_id=0 or parent_id IS NULL or parent_id='') and (delete_time IS NULL or delete_time <=0 or delete_time='')  order by ord asc 
2020-04-24 11:10:07 [DEBUG] [root]SHOW COLUMNS FROM `heecms_menus`
2020-04-24 11:10:07 [DEBUG] [root]select count(*) c from `heecms_sys_resources` where parent_id<1 or parent_id IS NULL or parent_id=''
2020-04-24 11:10:07 [DEBUG] [root]select * from heecms_sys_resources where parent_id<1 or parent_id IS NULL or parent_id=''  limit 5,5
2020-04-24 11:10:07 [DEBUG] [root]select * from heecms_sys_resources where `parent_id`='26'  order by parent_id asc 
2020-04-24 11:10:07 [DEBUG] [root]select * from heecms_sys_resources where `parent_id`='35'  order by parent_id asc 
2020-04-24 11:10:10 [DEBUG] [root]自动加载类：app\admin\controller\adminBase
2020-04-24 11:10:10 [DEBUG] [root]自动加载类：heephp\database\mysqli
2020-04-24 11:10:10 [DEBUG] [root]自动加载类：heephp\database\databaseInterface
2020-04-24 11:10:10 [DEBUG] [root]SHOW COLUMNS FROM `heecms_users_group`
2020-04-24 11:10:10 [DEBUG] [root]select name from heecms_users_group where (`users_group_id`=1) and (delete_time IS NULL or delete_time <=0 or delete_time='')  
2020-04-24 11:10:10 [DEBUG] [root]SHOW COLUMNS FROM `heecms_message`
2020-04-24 11:10:10 [DEBUG] [root]select * from heecms_message where (`isread`=0 and `receiver_users_id`=1) and (delete_time IS NULL or delete_time <=0 or delete_time='')  order by create_time desc limit 0,5
2020-04-24 11:10:10 [DEBUG] [root]SHOW COLUMNS FROM `heecms_menus`
2020-04-24 11:10:10 [DEBUG] [root]自动加载类：heephp\cache\file
2020-04-24 11:10:10 [DEBUG] [root]自动加载类：heephp\cache\cacheInterface
2020-04-24 11:10:10 [DEBUG] [root]select * from heecms_menus where (parent_id=0 or parent_id IS NULL or parent_id='') and (delete_time IS NULL or delete_time <=0 or delete_time='')  order by ord asc 
2020-04-24 11:10:10 [DEBUG] [root]SHOW COLUMNS FROM `heecms_menus`
2020-04-24 11:10:10 [DEBUG] [root]select count(*) c from `heecms_sys_resources` where parent_id<1 or parent_id IS NULL or parent_id=''
2020-04-24 11:10:10 [DEBUG] [root]select * from heecms_sys_resources where parent_id<1 or parent_id IS NULL or parent_id=''  limit 0,5
2020-04-24 11:10:10 [DEBUG] [root]select * from heecms_sys_resources where `parent_id`='1'  order by parent_id asc 
2020-04-24 11:10:10 [DEBUG] [root]select * from heecms_sys_resources where `parent_id`='6'  order by parent_id asc 
2020-04-24 11:10:10 [DEBUG] [root]select * from heecms_users where (`users_id`='2') and (delete_time IS NULL or delete_time <=0 or delete_time='')
2020-04-24 11:10:10 [DEBUG] [root]select * from heecms_users where (`users_id`='3') and (delete_time IS NULL or delete_time <=0 or delete_time='')
2020-04-24 11:10:10 [DEBUG] [root]select * from heecms_sys_resources where `parent_id`='13'  order by parent_id asc 
2020-04-24 11:10:10 [DEBUG] [root]select * from heecms_sys_resources where `parent_id`='17'  order by parent_id asc 
2020-04-24 11:10:10 [DEBUG] [root]select * from heecms_sys_resources where `parent_id`='23'  order by parent_id asc 
2020-04-24 11:10:10 [DEBUG] [root]select * from heecms_users where (`users_id`='2') and (delete_time IS NULL or delete_time <=0 or delete_time='')
2020-04-24 11:10:12 [DEBUG] [root]自动加载类：app\admin\controller\adminBase
2020-04-24 11:10:12 [DEBUG] [root]自动加载类：heephp\database\mysqli
2020-04-24 11:10:12 [DEBUG] [root]自动加载类：heephp\database\databaseInterface
2020-04-24 11:10:12 [DEBUG] [root]SHOW COLUMNS FROM `heecms_users_group`
2020-04-24 11:10:12 [DEBUG] [root]select name from heecms_users_group where (`users_group_id`=1) and (delete_time IS NULL or delete_time <=0 or delete_time='')  
2020-04-24 11:10:12 [DEBUG] [root]SHOW COLUMNS FROM `heecms_message`
2020-04-24 11:10:12 [DEBUG] [root]select * from heecms_message where (`isread`=0 and `receiver_users_id`=1) and (delete_time IS NULL or delete_time <=0 or delete_time='')  order by create_time desc limit 0,5
2020-04-24 11:10:12 [DEBUG] [root]SHOW COLUMNS FROM `heecms_menus`
2020-04-24 11:10:12 [DEBUG] [root]自动加载类：heephp\cache\file
2020-04-24 11:10:12 [DEBUG] [root]自动加载类：heephp\cache\cacheInterface
2020-04-24 11:10:12 [DEBUG] [root]select * from heecms_menus where (parent_id=0 or parent_id IS NULL or parent_id='') and (delete_time IS NULL or delete_time <=0 or delete_time='')  order by ord asc 
2020-04-24 11:10:12 [DEBUG] [root]SHOW COLUMNS FROM `heecms_menus`
2020-04-24 11:10:12 [DEBUG] [root]select * from heecms_sys_resources where parent_id=0 OR parent_id='' OR parent_id IS NULL  
2020-04-24 11:10:12 [DEBUG] [root]select * from heecms_sys_resources where sys_resources_id = 3
2020-04-24 11:10:14 [DEBUG] [root]自动加载类：app\admin\controller\adminBase
2020-04-24 11:10:14 [DEBUG] [root]自动加载类：heephp\database\mysqli
2020-04-24 11:10:14 [DEBUG] [root]自动加载类：heephp\database\databaseInterface
2020-04-24 11:10:14 [DEBUG] [root]SHOW COLUMNS FROM `heecms_users_group`
2020-04-24 11:10:14 [DEBUG] [root]select name from heecms_users_group where (`users_group_id`=1) and (delete_time IS NULL or delete_time <=0 or delete_time='')  
2020-04-24 11:10:14 [DEBUG] [root]SHOW COLUMNS FROM `heecms_message`
2020-04-24 11:10:14 [DEBUG] [root]select * from heecms_message where (`isread`=0 and `receiver_users_id`=1) and (delete_time IS NULL or delete_time <=0 or delete_time='')  order by create_time desc limit 0,5
2020-04-24 11:10:14 [DEBUG] [root]SHOW COLUMNS FROM `heecms_menus`
2020-04-24 11:10:14 [DEBUG] [root]自动加载类：heephp\cache\file
2020-04-24 11:10:14 [DEBUG] [root]自动加载类：heephp\cache\cacheInterface
2020-04-24 11:10:14 [DEBUG] [root]select * from heecms_menus where (parent_id=0 or parent_id IS NULL or parent_id='') and (delete_time IS NULL or delete_time <=0 or delete_time='')  order by ord asc 
2020-04-24 11:10:14 [DEBUG] [root]SHOW COLUMNS FROM `heecms_menus`
2020-04-24 11:10:14 [DEBUG] [root]select count(*) c from `heecms_sys_resources` where parent_id<1 or parent_id IS NULL or parent_id=''
2020-04-24 11:10:14 [DEBUG] [root]select * from heecms_sys_resources where parent_id<1 or parent_id IS NULL or parent_id=''  limit 0,5
2020-04-24 11:10:14 [DEBUG] [root]select * from heecms_sys_resources where `parent_id`='1'  order by parent_id asc 
2020-04-24 11:10:14 [DEBUG] [root]select * from heecms_sys_resources where `parent_id`='6'  order by parent_id asc 
2020-04-24 11:10:14 [DEBUG] [root]select * from heecms_users where (`users_id`='2') and (delete_time IS NULL or delete_time <=0 or delete_time='')
2020-04-24 11:10:14 [DEBUG] [root]select * from heecms_users where (`users_id`='3') and (delete_time IS NULL or delete_time <=0 or delete_time='')
2020-04-24 11:10:14 [DEBUG] [root]select * from heecms_sys_resources where `parent_id`='13'  order by parent_id asc 
2020-04-24 11:10:14 [DEBUG] [root]select * from heecms_sys_resources where `parent_id`='17'  order by parent_id asc 
2020-04-24 11:10:14 [DEBUG] [root]select * from heecms_sys_resources where `parent_id`='23'  order by parent_id asc 
2020-04-24 11:10:14 [DEBUG] [root]select * from heecms_users where (`users_id`='2') and (delete_time IS NULL or delete_time <=0 or delete_time='')
2020-04-24 11:10:21 [DEBUG] [root]自动加载类：app\admin\controller\adminBase
2020-04-24 11:10:21 [DEBUG] [root]自动加载类：heephp\database\mysqli
2020-04-24 11:10:21 [DEBUG] [root]自动加载类：heephp\database\databaseInterface
2020-04-24 11:10:21 [DEBUG] [root]SHOW COLUMNS FROM `heecms_users_group`
2020-04-24 11:10:21 [DEBUG] [root]select name from heecms_users_group where (`users_group_id`=1) and (delete_time IS NULL or delete_time <=0 or delete_time='')  
2020-04-24 11:10:21 [DEBUG] [root]SHOW COLUMNS FROM `heecms_message`
2020-04-24 11:10:21 [DEBUG] [root]select * from heecms_message where (`isread`=0 and `receiver_users_id`=1) and (delete_time IS NULL or delete_time <=0 or delete_time='')  order by create_time desc limit 0,5
2020-04-24 11:10:21 [DEBUG] [root]SHOW COLUMNS FROM `heecms_menus`
2020-04-24 11:10:21 [DEBUG] [root]自动加载类：heephp\cache\file
2020-04-24 11:10:21 [DEBUG] [root]自动加载类：heephp\cache\cacheInterface
2020-04-24 11:10:21 [DEBUG] [root]select * from heecms_menus where (parent_id=0 or parent_id IS NULL or parent_id='') and (delete_time IS NULL or delete_time <=0 or delete_time='')  order by ord asc 
2020-04-24 11:10:21 [DEBUG] [root]SHOW COLUMNS FROM `heecms_menus`
2020-04-24 11:10:21 [DEBUG] [root]select count(*) c from `heecms_sys_resources` where parent_id<1 or parent_id IS NULL or parent_id=''
2020-04-24 11:10:21 [DEBUG] [root]select * from heecms_sys_resources where parent_id<1 or parent_id IS NULL or parent_id=''  limit 5,5
2020-04-24 11:10:21 [DEBUG] [root]select * from heecms_sys_resources where `parent_id`='26'  order by parent_id asc 
2020-04-24 11:10:21 [DEBUG] [root]select * from heecms_sys_resources where `parent_id`='35'  order by parent_id asc 
2020-04-24 11:10:24 [DEBUG] [root]自动加载类：app\admin\controller\adminBase
2020-04-24 11:10:24 [DEBUG] [root]自动加载类：heephp\database\mysqli
2020-04-24 11:10:24 [DEBUG] [root]自动加载类：heephp\database\databaseInterface
2020-04-24 11:10:24 [DEBUG] [root]SHOW COLUMNS FROM `heecms_users_group`
2020-04-24 11:10:24 [DEBUG] [root]select name from heecms_users_group where (`users_group_id`=1) and (delete_time IS NULL or delete_time <=0 or delete_time='')  
2020-04-24 11:10:24 [DEBUG] [root]SHOW COLUMNS FROM `heecms_message`
2020-04-24 11:10:24 [DEBUG] [root]select * from heecms_message where (`isread`=0 and `receiver_users_id`=1) and (delete_time IS NULL or delete_time <=0 or delete_time='')  order by create_time desc limit 0,5
2020-04-24 11:10:24 [DEBUG] [root]SHOW COLUMNS FROM `heecms_menus`
2020-04-24 11:10:24 [DEBUG] [root]自动加载类：heephp\cache\file
2020-04-24 11:10:24 [DEBUG] [root]自动加载类：heephp\cache\cacheInterface
2020-04-24 11:10:24 [DEBUG] [root]select * from heecms_menus where (parent_id=0 or parent_id IS NULL or parent_id='') and (delete_time IS NULL or delete_time <=0 or delete_time='')  order by ord asc 
2020-04-24 11:10:24 [DEBUG] [root]SHOW COLUMNS FROM `heecms_menus`
2020-04-24 11:10:24 [DEBUG] [root]select count(*) c from `heecms_sys_resources` where parent_id<1 or parent_id IS NULL or parent_id=''
2020-04-24 11:10:24 [DEBUG] [root]select * from heecms_sys_resources where parent_id<1 or parent_id IS NULL or parent_id=''  limit 0,5
2020-04-24 11:10:24 [DEBUG] [root]select * from heecms_sys_resources where `parent_id`='1'  order by parent_id asc 
2020-04-24 11:10:24 [DEBUG] [root]select * from heecms_sys_resources where `parent_id`='6'  order by parent_id asc 
2020-04-24 11:10:24 [DEBUG] [root]select * from heecms_users where (`users_id`='2') and (delete_time IS NULL or delete_time <=0 or delete_time='')
2020-04-24 11:10:24 [DEBUG] [root]select * from heecms_users where (`users_id`='3') and (delete_time IS NULL or delete_time <=0 or delete_time='')
2020-04-24 11:10:24 [DEBUG] [root]select * from heecms_sys_resources where `parent_id`='13'  order by parent_id asc 
2020-04-24 11:10:24 [DEBUG] [root]select * from heecms_sys_resources where `parent_id`='17'  order by parent_id asc 
2020-04-24 11:10:24 [DEBUG] [root]select * from heecms_sys_resources where `parent_id`='23'  order by parent_id asc 
2020-04-24 11:10:24 [DEBUG] [root]select * from heecms_users where (`users_id`='2') and (delete_time IS NULL or delete_time <=0 or delete_time='')
2020-04-24 11:10:29 [DEBUG] [root]自动加载类：app\admin\controller\adminBase
2020-04-24 11:10:29 [DEBUG] [root]自动加载类：heephp\database\mysqli
2020-04-24 11:10:29 [DEBUG] [root]自动加载类：heephp\database\databaseInterface
2020-04-24 11:10:29 [DEBUG] [root]SHOW COLUMNS FROM `heecms_users_group`
2020-04-24 11:10:29 [DEBUG] [root]select name from heecms_users_group where (`users_group_id`=1) and (delete_time IS NULL or delete_time <=0 or delete_time='')  
2020-04-24 11:10:29 [DEBUG] [root]SHOW COLUMNS FROM `heecms_message`
2020-04-24 11:10:29 [DEBUG] [root]select * from heecms_message where (`isread`=0 and `receiver_users_id`=1) and (delete_time IS NULL or delete_time <=0 or delete_time='')  order by create_time desc limit 0,5
2020-04-24 11:10:29 [DEBUG] [root]SHOW COLUMNS FROM `heecms_menus`
2020-04-24 11:10:29 [DEBUG] [root]自动加载类：heephp\cache\file
2020-04-24 11:10:29 [DEBUG] [root]自动加载类：heephp\cache\cacheInterface
2020-04-24 11:10:29 [DEBUG] [root]select * from heecms_menus where (parent_id=0 or parent_id IS NULL or parent_id='') and (delete_time IS NULL or delete_time <=0 or delete_time='')  order by ord asc 
2020-04-24 11:10:29 [DEBUG] [root]SHOW COLUMNS FROM `heecms_menus`
2020-04-24 11:10:29 [DEBUG] [root]select count(*) c from `heecms_sys_resources` where parent_id<1 or parent_id IS NULL or parent_id=''
2020-04-24 11:10:29 [DEBUG] [root]select * from heecms_sys_resources where parent_id<1 or parent_id IS NULL or parent_id=''  limit 5,5
2020-04-24 11:10:29 [DEBUG] [root]select * from heecms_sys_resources where `parent_id`='26'  order by parent_id asc 
2020-04-24 11:10:29 [DEBUG] [root]select * from heecms_sys_resources where `parent_id`='35'  order by parent_id asc 
2020-04-24 11:10:32 [DEBUG] [root]自动加载类：app\admin\controller\adminBase
2020-04-24 11:10:32 [DEBUG] [root]自动加载类：heephp\database\mysqli
2020-04-24 11:10:32 [DEBUG] [root]自动加载类：heephp\database\databaseInterface
2020-04-24 11:10:32 [DEBUG] [root]SHOW COLUMNS FROM `heecms_users_group`
2020-04-24 11:10:32 [DEBUG] [root]select name from heecms_users_group where (`users_group_id`=1) and (delete_time IS NULL or delete_time <=0 or delete_time='')  
2020-04-24 11:10:32 [DEBUG] [root]SHOW COLUMNS FROM `heecms_message`
2020-04-24 11:10:32 [DEBUG] [root]select * from heecms_message where (`isread`=0 and `receiver_users_id`=1) and (delete_time IS NULL or delete_time <=0 or delete_time='')  order by create_time desc limit 0,5
2020-04-24 11:10:32 [DEBUG] [root]SHOW COLUMNS FROM `heecms_menus`
2020-04-24 11:10:32 [DEBUG] [root]自动加载类：heephp\cache\file
2020-04-24 11:10:32 [DEBUG] [root]自动加载类：heephp\cache\cacheInterface
2020-04-24 11:10:32 [DEBUG] [root]select * from heecms_menus where (parent_id=0 or parent_id IS NULL or parent_id='') and (delete_time IS NULL or delete_time <=0 or delete_time='')  order by ord asc 
2020-04-24 11:10:32 [DEBUG] [root]SHOW COLUMNS FROM `heecms_menus`
2020-04-24 11:10:32 [DEBUG] [root]select count(*) c from `heecms_sys_resources` where parent_id<1 or parent_id IS NULL or parent_id=''
2020-04-24 11:10:32 [DEBUG] [root]select * from heecms_sys_resources where parent_id<1 or parent_id IS NULL or parent_id=''  limit 0,5
2020-04-24 11:10:32 [DEBUG] [root]select * from heecms_sys_resources where `parent_id`='1'  order by parent_id asc 
2020-04-24 11:10:32 [DEBUG] [root]select * from heecms_sys_resources where `parent_id`='6'  order by parent_id asc 
2020-04-24 11:10:32 [DEBUG] [root]select * from heecms_users where (`users_id`='2') and (delete_time IS NULL or delete_time <=0 or delete_time='')
2020-04-24 11:10:32 [DEBUG] [root]select * from heecms_users where (`users_id`='3') and (delete_time IS NULL or delete_time <=0 or delete_time='')
2020-04-24 11:10:32 [DEBUG] [root]select * from heecms_sys_resources where `parent_id`='13'  order by parent_id asc 
2020-04-24 11:10:32 [DEBUG] [root]select * from heecms_sys_resources where `parent_id`='17'  order by parent_id asc 
2020-04-24 11:10:32 [DEBUG] [root]select * from heecms_sys_resources where `parent_id`='23'  order by parent_id asc 
2020-04-24 11:10:32 [DEBUG] [root]select * from heecms_users where (`users_id`='2') and (delete_time IS NULL or delete_time <=0 or delete_time='')
2020-04-24 11:10:39 [DEBUG] [root]自动加载类：app\admin\controller\adminBase
2020-04-24 11:10:39 [DEBUG] [root]自动加载类：heephp\database\mysqli
2020-04-24 11:10:39 [DEBUG] [root]自动加载类：heephp\database\databaseInterface
2020-04-24 11:10:39 [DEBUG] [root]SHOW COLUMNS FROM `heecms_users_group`
2020-04-24 11:10:39 [DEBUG] [root]select name from heecms_users_group where (`users_group_id`=1) and (delete_time IS NULL or delete_time <=0 or delete_time='')  
2020-04-24 11:10:39 [DEBUG] [root]SHOW COLUMNS FROM `heecms_message`
2020-04-24 11:10:39 [DEBUG] [root]select * from heecms_message where (`isread`=0 and `receiver_users_id`=1) and (delete_time IS NULL or delete_time <=0 or delete_time='')  order by create_time desc limit 0,5
2020-04-24 11:10:39 [DEBUG] [root]SHOW COLUMNS FROM `heecms_menus`
2020-04-24 11:10:39 [DEBUG] [root]自动加载类：heephp\cache\file
2020-04-24 11:10:39 [DEBUG] [root]自动加载类：heephp\cache\cacheInterface
2020-04-24 11:10:39 [DEBUG] [root]select * from heecms_menus where (parent_id=0 or parent_id IS NULL or parent_id='') and (delete_time IS NULL or delete_time <=0 or delete_time='')  order by ord asc 
2020-04-24 11:10:39 [DEBUG] [root]SHOW COLUMNS FROM `heecms_menus`
2020-04-24 11:10:39 [DEBUG] [root]select count(*) c from `heecms_sys_resources` where parent_id<1 or parent_id IS NULL or parent_id=''
2020-04-24 11:10:39 [DEBUG] [root]select * from heecms_sys_resources where parent_id<1 or parent_id IS NULL or parent_id=''  limit 5,5
2020-04-24 11:10:39 [DEBUG] [root]select * from heecms_sys_resources where `parent_id`='26'  order by parent_id asc 
2020-04-24 11:10:39 [DEBUG] [root]select * from heecms_sys_resources where `parent_id`='35'  order by parent_id asc 
2020-04-24 11:10:42 [DEBUG] [root]自动加载类：app\admin\controller\adminBase
2020-04-24 11:10:42 [DEBUG] [root]自动加载类：heephp\database\mysqli
2020-04-24 11:10:42 [DEBUG] [root]自动加载类：heephp\database\databaseInterface
2020-04-24 11:10:42 [DEBUG] [root]SHOW COLUMNS FROM `heecms_users_group`
2020-04-24 11:10:42 [DEBUG] [root]select name from heecms_users_group where (`users_group_id`=1) and (delete_time IS NULL or delete_time <=0 or delete_time='')  
2020-04-24 11:10:42 [DEBUG] [root]SHOW COLUMNS FROM `heecms_message`
2020-04-24 11:10:42 [DEBUG] [root]select * from heecms_message where (`isread`=0 and `receiver_users_id`=1) and (delete_time IS NULL or delete_time <=0 or delete_time='')  order by create_time desc limit 0,5
2020-04-24 11:10:42 [DEBUG] [root]SHOW COLUMNS FROM `heecms_menus`
2020-04-24 11:10:42 [DEBUG] [root]自动加载类：heephp\cache\file
2020-04-24 11:10:42 [DEBUG] [root]自动加载类：heephp\cache\cacheInterface
2020-04-24 11:10:42 [DEBUG] [root]select * from heecms_menus where (parent_id=0 or parent_id IS NULL or parent_id='') and (delete_time IS NULL or delete_time <=0 or delete_time='')  order by ord asc 
2020-04-24 11:10:42 [DEBUG] [root]SHOW COLUMNS FROM `heecms_menus`
2020-04-24 11:10:42 [DEBUG] [root]select count(*) c from `heecms_users` where (1=1) and (delete_time IS NULL or delete_time <=0 or delete_time='')
2020-04-24 11:10:42 [DEBUG] [root]select * from heecms_users where (1=1) and (delete_time IS NULL or delete_time <=0 or delete_time='')  limit 0,5
2020-04-24 11:10:42 [DEBUG] [root]SHOW COLUMNS FROM `heecms_users_group`
2020-04-24 11:10:43 [DEBUG] [root]自动加载类：app\admin\controller\adminBase
2020-04-24 11:10:43 [DEBUG] [root]自动加载类：heephp\database\mysqli
2020-04-24 11:10:43 [DEBUG] [root]自动加载类：heephp\database\databaseInterface
2020-04-24 11:10:43 [DEBUG] [root]SHOW COLUMNS FROM `heecms_users_group`
2020-04-24 11:10:43 [DEBUG] [root]select name from heecms_users_group where (`users_group_id`=1) and (delete_time IS NULL or delete_time <=0 or delete_time='')  
2020-04-24 11:10:43 [DEBUG] [root]SHOW COLUMNS FROM `heecms_message`
2020-04-24 11:10:43 [DEBUG] [root]select * from heecms_message where (`isread`=0 and `receiver_users_id`=1) and (delete_time IS NULL or delete_time <=0 or delete_time='')  order by create_time desc limit 0,5
2020-04-24 11:10:43 [DEBUG] [root]SHOW COLUMNS FROM `heecms_menus`
2020-04-24 11:10:43 [DEBUG] [root]自动加载类：heephp\cache\file
2020-04-24 11:10:43 [DEBUG] [root]自动加载类：heephp\cache\cacheInterface
2020-04-24 11:10:43 [DEBUG] [root]select * from heecms_menus where (parent_id=0 or parent_id IS NULL or parent_id='') and (delete_time IS NULL or delete_time <=0 or delete_time='')  order by ord asc 
2020-04-24 11:10:43 [DEBUG] [root]SHOW COLUMNS FROM `heecms_menus`
2020-04-24 11:10:43 [DEBUG] [root]SHOW COLUMNS FROM `heecms_users_group`
2020-04-24 11:10:43 [DEBUG] [root]select count(*) c from `heecms_users_group` where (1=1) and (delete_time IS NULL or delete_time <=0 or delete_time='')
2020-04-24 11:10:43 [DEBUG] [root]select * from heecms_users_group where (1=1) and (delete_time IS NULL or delete_time <=0 or delete_time='')  limit 0,5
2020-04-24 11:10:43 [DEBUG] [root]select * from heecms_users where (`users_id`='2') and (delete_time IS NULL or delete_time <=0 or delete_time='')
2020-04-24 11:10:45 [DEBUG] [root]自动加载类：app\admin\controller\adminBase
2020-04-24 11:10:45 [DEBUG] [root]自动加载类：heephp\database\mysqli
2020-04-24 11:10:45 [DEBUG] [root]自动加载类：heephp\database\databaseInterface
2020-04-24 11:10:46 [DEBUG] [root]SHOW COLUMNS FROM `heecms_users_group`
2020-04-24 11:10:46 [DEBUG] [root]select name from heecms_users_group where (`users_group_id`=1) and (delete_time IS NULL or delete_time <=0 or delete_time='')  
2020-04-24 11:10:46 [DEBUG] [root]SHOW COLUMNS FROM `heecms_message`
2020-04-24 11:10:46 [DEBUG] [root]select * from heecms_message where (`isread`=0 and `receiver_users_id`=1) and (delete_time IS NULL or delete_time <=0 or delete_time='')  order by create_time desc limit 0,5
2020-04-24 11:10:46 [DEBUG] [root]SHOW COLUMNS FROM `heecms_menus`
2020-04-24 11:10:46 [DEBUG] [root]自动加载类：heephp\cache\file
2020-04-24 11:10:46 [DEBUG] [root]自动加载类：heephp\cache\cacheInterface
2020-04-24 11:10:46 [DEBUG] [root]select * from heecms_menus where (parent_id=0 or parent_id IS NULL or parent_id='') and (delete_time IS NULL or delete_time <=0 or delete_time='')  order by ord asc 
2020-04-24 11:10:46 [DEBUG] [root]SHOW COLUMNS FROM `heecms_menus`
2020-04-24 11:10:50 [DEBUG] [root]自动加载类：app\admin\controller\adminBase
2020-04-24 11:10:50 [DEBUG] [root]自动加载类：heephp\database\mysqli
2020-04-24 11:10:50 [DEBUG] [root]自动加载类：heephp\database\databaseInterface
2020-04-24 11:10:50 [DEBUG] [root]SHOW COLUMNS FROM `heecms_users_group`
2020-04-24 11:10:50 [DEBUG] [root]select name from heecms_users_group where (`users_group_id`=1) and (delete_time IS NULL or delete_time <=0 or delete_time='')  
2020-04-24 11:10:50 [DEBUG] [root]SHOW COLUMNS FROM `heecms_message`
2020-04-24 11:10:50 [DEBUG] [root]select * from heecms_message where (`isread`=0 and `receiver_users_id`=1) and (delete_time IS NULL or delete_time <=0 or delete_time='')  order by create_time desc limit 0,5
2020-04-24 11:10:50 [DEBUG] [root]SHOW COLUMNS FROM `heecms_menus`
2020-04-24 11:10:50 [DEBUG] [root]自动加载类：heephp\cache\file
2020-04-24 11:10:50 [DEBUG] [root]自动加载类：heephp\cache\cacheInterface
2020-04-24 11:10:50 [DEBUG] [root]select * from heecms_menus where (parent_id=0 or parent_id IS NULL or parent_id='') and (delete_time IS NULL or delete_time <=0 or delete_time='')  order by ord asc 
2020-04-24 11:10:50 [DEBUG] [root]SHOW COLUMNS FROM `heecms_menus`
2020-04-24 11:10:50 [DEBUG] [root]SHOW COLUMNS FROM `heecms_message`
2020-04-24 11:10:50 [DEBUG] [root]update `heecms_message` set `isread`='1' where `receiver_users_id`='1' 
2020-04-24 11:10:57 [DEBUG] [root]自动加载类：app\admin\controller\adminBase
2020-04-24 11:10:57 [DEBUG] [root]自动加载类：heephp\database\mysqli
2020-04-24 11:10:57 [DEBUG] [root]自动加载类：heephp\database\databaseInterface
2020-04-24 11:10:57 [DEBUG] [root]SHOW COLUMNS FROM `heecms_users_group`
2020-04-24 11:10:57 [DEBUG] [root]select name from heecms_users_group where (`users_group_id`=1) and (delete_time IS NULL or delete_time <=0 or delete_time='')  
2020-04-24 11:10:57 [DEBUG] [root]SHOW COLUMNS FROM `heecms_message`
2020-04-24 11:10:57 [DEBUG] [root]select * from heecms_message where (`isread`=0 and `receiver_users_id`=1) and (delete_time IS NULL or delete_time <=0 or delete_time='')  order by create_time desc limit 0,5
2020-04-24 11:10:57 [DEBUG] [root]SHOW COLUMNS FROM `heecms_menus`
2020-04-24 11:10:57 [DEBUG] [root]自动加载类：heephp\cache\file
2020-04-24 11:10:57 [DEBUG] [root]自动加载类：heephp\cache\cacheInterface
2020-04-24 11:10:57 [DEBUG] [root]select * from heecms_menus where (parent_id=0 or parent_id IS NULL or parent_id='') and (delete_time IS NULL or delete_time <=0 or delete_time='')  order by ord asc 
2020-04-24 11:10:57 [DEBUG] [root]SHOW COLUMNS FROM `heecms_menus`
2020-04-24 11:10:57 [DEBUG] [root]select count(*) c from `heecms_users` where (1=1) and (delete_time IS NULL or delete_time <=0 or delete_time='')
2020-04-24 11:10:57 [DEBUG] [root]select * from heecms_users where (1=1) and (delete_time IS NULL or delete_time <=0 or delete_time='')  limit 0,5
2020-04-24 11:10:57 [DEBUG] [root]SHOW COLUMNS FROM `heecms_users_group`
2020-04-24 11:10:58 [DEBUG] [root]自动加载类：app\admin\controller\adminBase
2020-04-24 11:10:58 [DEBUG] [root]自动加载类：heephp\database\mysqli
2020-04-24 11:10:58 [DEBUG] [root]自动加载类：heephp\database\databaseInterface
2020-04-24 11:10:58 [DEBUG] [root]SHOW COLUMNS FROM `heecms_users_group`
2020-04-24 11:10:58 [DEBUG] [root]select name from heecms_users_group where (`users_group_id`=1) and (delete_time IS NULL or delete_time <=0 or delete_time='')  
2020-04-24 11:10:58 [DEBUG] [root]SHOW COLUMNS FROM `heecms_message`
2020-04-24 11:10:58 [DEBUG] [root]select * from heecms_message where (`isread`=0 and `receiver_users_id`=1) and (delete_time IS NULL or delete_time <=0 or delete_time='')  order by create_time desc limit 0,5
2020-04-24 11:10:58 [DEBUG] [root]SHOW COLUMNS FROM `heecms_menus`
2020-04-24 11:10:58 [DEBUG] [root]自动加载类：heephp\cache\file
2020-04-24 11:10:58 [DEBUG] [root]自动加载类：heephp\cache\cacheInterface
2020-04-24 11:10:58 [DEBUG] [root]select * from heecms_menus where (parent_id=0 or parent_id IS NULL or parent_id='') and (delete_time IS NULL or delete_time <=0 or delete_time='')  order by ord asc 
2020-04-24 11:10:58 [DEBUG] [root]SHOW COLUMNS FROM `heecms_menus`
2020-04-24 11:10:58 [DEBUG] [root]select count(*) c from `heecms_users` where (1=1) and (delete_time IS NULL or delete_time <=0 or delete_time='')
2020-04-24 11:10:58 [DEBUG] [root]select * from heecms_users where (1=1) and (delete_time IS NULL or delete_time <=0 or delete_time='')  limit 0,5
2020-04-24 11:10:58 [DEBUG] [root]SHOW COLUMNS FROM `heecms_users_group`
2020-04-24 11:10:59 [DEBUG] [root]自动加载类：app\admin\controller\adminBase
2020-04-24 11:10:59 [DEBUG] [root]自动加载类：heephp\database\mysqli
2020-04-24 11:10:59 [DEBUG] [root]自动加载类：heephp\database\databaseInterface
2020-04-24 11:10:59 [DEBUG] [root]SHOW COLUMNS FROM `heecms_users_group`
2020-04-24 11:10:59 [DEBUG] [root]select name from heecms_users_group where (`users_group_id`=1) and (delete_time IS NULL or delete_time <=0 or delete_time='')  
2020-04-24 11:10:59 [DEBUG] [root]SHOW COLUMNS FROM `heecms_message`
2020-04-24 11:10:59 [DEBUG] [root]select * from heecms_message where (`isread`=0 and `receiver_users_id`=1) and (delete_time IS NULL or delete_time <=0 or delete_time='')  order by create_time desc limit 0,5
2020-04-24 11:10:59 [DEBUG] [root]SHOW COLUMNS FROM `heecms_menus`
2020-04-24 11:10:59 [DEBUG] [root]自动加载类：heephp\cache\file
2020-04-24 11:10:59 [DEBUG] [root]自动加载类：heephp\cache\cacheInterface
2020-04-24 11:10:59 [DEBUG] [root]select * from heecms_menus where (parent_id=0 or parent_id IS NULL or parent_id='') and (delete_time IS NULL or delete_time <=0 or delete_time='')  order by ord asc 
2020-04-24 11:10:59 [DEBUG] [root]SHOW COLUMNS FROM `heecms_menus`
2020-04-24 11:10:59 [DEBUG] [root]SHOW COLUMNS FROM `heecms_users_group`
2020-04-24 11:10:59 [DEBUG] [root]select count(*) c from `heecms_users_group` where (1=1) and (delete_time IS NULL or delete_time <=0 or delete_time='')
2020-04-24 11:10:59 [DEBUG] [root]select * from heecms_users_group where (1=1) and (delete_time IS NULL or delete_time <=0 or delete_time='')  limit 0,5
2020-04-24 11:10:59 [DEBUG] [root]select * from heecms_users where (`users_id`='2') and (delete_time IS NULL or delete_time <=0 or delete_time='')
2020-04-24 11:10:59 [DEBUG] [root]自动加载类：app\admin\controller\adminBase
2020-04-24 11:10:59 [DEBUG] [root]自动加载类：heephp\database\mysqli
2020-04-24 11:10:59 [DEBUG] [root]自动加载类：heephp\database\databaseInterface
2020-04-24 11:10:59 [DEBUG] [root]SHOW COLUMNS FROM `heecms_users_group`
2020-04-24 11:10:59 [DEBUG] [root]select name from heecms_users_group where (`users_group_id`=1) and (delete_time IS NULL or delete_time <=0 or delete_time='')  
2020-04-24 11:10:59 [DEBUG] [root]SHOW COLUMNS FROM `heecms_message`
2020-04-24 11:10:59 [DEBUG] [root]select * from heecms_message where (`isread`=0 and `receiver_users_id`=1) and (delete_time IS NULL or delete_time <=0 or delete_time='')  order by create_time desc limit 0,5
2020-04-24 11:10:59 [DEBUG] [root]SHOW COLUMNS FROM `heecms_menus`
2020-04-24 11:10:59 [DEBUG] [root]自动加载类：heephp\cache\file
2020-04-24 11:10:59 [DEBUG] [root]自动加载类：heephp\cache\cacheInterface
2020-04-24 11:10:59 [DEBUG] [root]select * from heecms_menus where (parent_id=0 or parent_id IS NULL or parent_id='') and (delete_time IS NULL or delete_time <=0 or delete_time='')  order by ord asc 
2020-04-24 11:10:59 [DEBUG] [root]SHOW COLUMNS FROM `heecms_menus`
2020-04-24 11:10:59 [DEBUG] [root]SHOW COLUMNS FROM `heecms_message`
2020-04-24 11:10:59 [DEBUG] [root]select count(*) c from `heecms_message` where (1=1) and (delete_time IS NULL or delete_time <=0 or delete_time='')
2020-04-24 11:10:59 [DEBUG] [root]select * from heecms_message where (1=1) and (delete_time IS NULL or delete_time <=0 or delete_time='')  limit 0,5
2020-04-24 11:10:59 [DEBUG] [root]select * from heecms_users where (`users_id`='3') and (delete_time IS NULL or delete_time <=0 or delete_time='')
2020-04-24 11:11:02 [DEBUG] [root]自动加载类：app\admin\controller\adminBase
2020-04-24 11:11:02 [DEBUG] [root]自动加载类：heephp\database\mysqli
2020-04-24 11:11:02 [DEBUG] [root]自动加载类：heephp\database\databaseInterface
2020-04-24 11:11:02 [DEBUG] [root]SHOW COLUMNS FROM `heecms_users_group`
2020-04-24 11:11:02 [DEBUG] [root]select name from heecms_users_group where (`users_group_id`=1) and (delete_time IS NULL or delete_time <=0 or delete_time='')  
2020-04-24 11:11:02 [DEBUG] [root]SHOW COLUMNS FROM `heecms_message`
2020-04-24 11:11:02 [DEBUG] [root]select * from heecms_message where (`isread`=0 and `receiver_users_id`=1) and (delete_time IS NULL or delete_time <=0 or delete_time='')  order by create_time desc limit 0,5
2020-04-24 11:11:02 [DEBUG] [root]SHOW COLUMNS FROM `heecms_menus`
2020-04-24 11:11:02 [DEBUG] [root]自动加载类：heephp\cache\file
2020-04-24 11:11:02 [DEBUG] [root]自动加载类：heephp\cache\cacheInterface
2020-04-24 11:11:02 [DEBUG] [root]select * from heecms_menus where (parent_id=0 or parent_id IS NULL or parent_id='') and (delete_time IS NULL or delete_time <=0 or delete_time='')  order by ord asc 
2020-04-24 11:11:02 [DEBUG] [root]SHOW COLUMNS FROM `heecms_menus`
2020-04-24 11:11:02 [DEBUG] [root]SHOW COLUMNS FROM `heecms_message`
2020-04-24 11:11:02 [DEBUG] [root]select count(*) c from `heecms_message` where (`users_id`=1) and (delete_time IS NULL or delete_time <=0 or delete_time='')
2020-04-24 11:11:02 [DEBUG] [root]select * from heecms_message where (`users_id`=1) and (delete_time IS NULL or delete_time <=0 or delete_time='')  limit 0,5
2020-04-24 11:11:02 [DEBUG] [root]select * from heecms_users where (`users_id`='3') and (delete_time IS NULL or delete_time <=0 or delete_time='')
2020-04-24 11:11:04 [DEBUG] [root]自动加载类：app\admin\controller\adminBase
2020-04-24 11:11:04 [DEBUG] [root]自动加载类：heephp\database\mysqli
2020-04-24 11:11:04 [DEBUG] [root]自动加载类：heephp\database\databaseInterface
2020-04-24 11:11:04 [DEBUG] [root]SHOW COLUMNS FROM `heecms_users_group`
2020-04-24 11:11:04 [DEBUG] [root]select name from heecms_users_group where (`users_group_id`=1) and (delete_time IS NULL or delete_time <=0 or delete_time='')  
2020-04-24 11:11:04 [DEBUG] [root]SHOW COLUMNS FROM `heecms_message`
2020-04-24 11:11:04 [DEBUG] [root]select * from heecms_message where (`isread`=0 and `receiver_users_id`=1) and (delete_time IS NULL or delete_time <=0 or delete_time='')  order by create_time desc limit 0,5
2020-04-24 11:11:04 [DEBUG] [root]SHOW COLUMNS FROM `heecms_menus`
2020-04-24 11:11:04 [DEBUG] [root]自动加载类：heephp\cache\file
2020-04-24 11:11:04 [DEBUG] [root]自动加载类：heephp\cache\cacheInterface
2020-04-24 11:11:04 [DEBUG] [root]select * from heecms_menus where (parent_id=0 or parent_id IS NULL or parent_id='') and (delete_time IS NULL or delete_time <=0 or delete_time='')  order by ord asc 
2020-04-24 11:11:04 [DEBUG] [root]SHOW COLUMNS FROM `heecms_menus`
2020-04-24 11:11:04 [DEBUG] [root]SHOW COLUMNS FROM `heecms_message`
2020-04-24 11:11:04 [DEBUG] [root]select * from heecms_message where (message_id = 3) and (delete_time IS NULL or delete_time <=0 or delete_time='')
2020-04-24 11:11:04 [DEBUG] [root]select * from heecms_users where (`users_id`='3') and (delete_time IS NULL or delete_time <=0 or delete_time='')
2020-04-24 11:11:06 [DEBUG] [root]自动加载类：app\admin\controller\adminBase
2020-04-24 11:11:06 [DEBUG] [root]自动加载类：heephp\database\mysqli
2020-04-24 11:11:06 [DEBUG] [root]自动加载类：heephp\database\databaseInterface
2020-04-24 11:11:06 [DEBUG] [root]SHOW COLUMNS FROM `heecms_users_group`
2020-04-24 11:11:06 [DEBUG] [root]select name from heecms_users_group where (`users_group_id`=1) and (delete_time IS NULL or delete_time <=0 or delete_time='')  
2020-04-24 11:11:06 [DEBUG] [root]SHOW COLUMNS FROM `heecms_message`
2020-04-24 11:11:06 [DEBUG] [root]select * from heecms_message where (`isread`=0 and `receiver_users_id`=1) and (delete_time IS NULL or delete_time <=0 or delete_time='')  order by create_time desc limit 0,5
2020-04-24 11:11:06 [DEBUG] [root]SHOW COLUMNS FROM `heecms_menus`
2020-04-24 11:11:06 [DEBUG] [root]自动加载类：heephp\cache\file
2020-04-24 11:11:06 [DEBUG] [root]自动加载类：heephp\cache\cacheInterface
2020-04-24 11:11:06 [DEBUG] [root]select * from heecms_menus where (parent_id=0 or parent_id IS NULL or parent_id='') and (delete_time IS NULL or delete_time <=0 or delete_time='')  order by ord asc 
2020-04-24 11:11:06 [DEBUG] [root]SHOW COLUMNS FROM `heecms_menus`
2020-04-24 11:11:12 [DEBUG] [root]自动加载类：app\admin\controller\adminBase
2020-04-24 11:11:12 [DEBUG] [root]自动加载类：heephp\database\mysqli
2020-04-24 11:11:12 [DEBUG] [root]自动加载类：heephp\database\databaseInterface
2020-04-24 11:11:12 [DEBUG] [root]SHOW COLUMNS FROM `heecms_users_group`
2020-04-24 11:11:12 [DEBUG] [root]select name from heecms_users_group where (`users_group_id`=1) and (delete_time IS NULL or delete_time <=0 or delete_time='')  
2020-04-24 11:11:12 [DEBUG] [root]SHOW COLUMNS FROM `heecms_message`
2020-04-24 11:11:12 [DEBUG] [root]select * from heecms_message where (`isread`=0 and `receiver_users_id`=1) and (delete_time IS NULL or delete_time <=0 or delete_time='')  order by create_time desc limit 0,5
2020-04-24 11:11:12 [DEBUG] [root]SHOW COLUMNS FROM `heecms_menus`
2020-04-24 11:11:12 [DEBUG] [root]自动加载类：heephp\cache\file
2020-04-24 11:11:12 [DEBUG] [root]自动加载类：heephp\cache\cacheInterface
2020-04-24 11:11:12 [DEBUG] [root]select * from heecms_menus where (parent_id=0 or parent_id IS NULL or parent_id='') and (delete_time IS NULL or delete_time <=0 or delete_time='')  order by ord asc 
2020-04-24 11:11:12 [DEBUG] [root]SHOW COLUMNS FROM `heecms_menus`
2020-04-24 11:11:13 [DEBUG] [root]自动加载类：app\admin\controller\adminBase
2020-04-24 11:11:13 [DEBUG] [root]自动加载类：heephp\database\mysqli
2020-04-24 11:11:13 [DEBUG] [root]自动加载类：heephp\database\databaseInterface
2020-04-24 11:11:13 [DEBUG] [root]SHOW COLUMNS FROM `heecms_users_group`
2020-04-24 11:11:13 [DEBUG] [root]select name from heecms_users_group where (`users_group_id`=1) and (delete_time IS NULL or delete_time <=0 or delete_time='')  
2020-04-24 11:11:13 [DEBUG] [root]SHOW COLUMNS FROM `heecms_message`
2020-04-24 11:11:13 [DEBUG] [root]select * from heecms_message where (`isread`=0 and `receiver_users_id`=1) and (delete_time IS NULL or delete_time <=0 or delete_time='')  order by create_time desc limit 0,5
2020-04-24 11:11:13 [DEBUG] [root]SHOW COLUMNS FROM `heecms_menus`
2020-04-24 11:11:13 [DEBUG] [root]自动加载类：heephp\cache\file
2020-04-24 11:11:13 [DEBUG] [root]自动加载类：heephp\cache\cacheInterface
2020-04-24 11:11:13 [DEBUG] [root]select * from heecms_menus where (parent_id=0 or parent_id IS NULL or parent_id='') and (delete_time IS NULL or delete_time <=0 or delete_time='')  order by ord asc 
2020-04-24 11:11:13 [DEBUG] [root]SHOW COLUMNS FROM `heecms_menus`
2020-04-24 11:11:16 [DEBUG] [root]自动加载类：app\admin\controller\adminBase
2020-04-24 11:11:16 [DEBUG] [root]自动加载类：heephp\database\mysqli
2020-04-24 11:11:16 [DEBUG] [root]自动加载类：heephp\database\databaseInterface
2020-04-24 11:11:16 [DEBUG] [root]SHOW COLUMNS FROM `heecms_users_group`
2020-04-24 11:11:16 [DEBUG] [root]select name from heecms_users_group where (`users_group_id`=1) and (delete_time IS NULL or delete_time <=0 or delete_time='')  
2020-04-24 11:11:16 [DEBUG] [root]SHOW COLUMNS FROM `heecms_message`
2020-04-24 11:11:16 [DEBUG] [root]select * from heecms_message where (`isread`=0 and `receiver_users_id`=1) and (delete_time IS NULL or delete_time <=0 or delete_time='')  order by create_time desc limit 0,5
2020-04-24 11:11:16 [DEBUG] [root]SHOW COLUMNS FROM `heecms_menus`
2020-04-24 11:11:16 [DEBUG] [root]自动加载类：heephp\cache\file
2020-04-24 11:11:16 [DEBUG] [root]自动加载类：heephp\cache\cacheInterface
2020-04-24 11:11:16 [DEBUG] [root]select * from heecms_menus where (parent_id=0 or parent_id IS NULL or parent_id='') and (delete_time IS NULL or delete_time <=0 or delete_time='')  order by ord asc 
2020-04-24 11:11:16 [DEBUG] [root]SHOW COLUMNS FROM `heecms_menus`
2020-04-24 11:11:16 [DEBUG] [root]select count(*) c from `heecms_sys_resources` where parent_id<1 or parent_id IS NULL or parent_id=''
2020-04-24 11:11:16 [DEBUG] [root]select * from heecms_sys_resources where parent_id<1 or parent_id IS NULL or parent_id=''  limit 0,5
2020-04-24 11:11:16 [DEBUG] [root]select * from heecms_sys_resources where `parent_id`='1'  order by parent_id asc 
2020-04-24 11:11:16 [DEBUG] [root]select * from heecms_users where (`users_id`='1') and (delete_time IS NULL or delete_time <=0 or delete_time='')
2020-04-24 11:11:16 [DEBUG] [root]select * from heecms_sys_resources where `parent_id`='6'  order by parent_id asc 
2020-04-24 11:11:16 [DEBUG] [root]select * from heecms_users where (`users_id`='2') and (delete_time IS NULL or delete_time <=0 or delete_time='')
2020-04-24 11:11:16 [DEBUG] [root]select * from heecms_users where (`users_id`='3') and (delete_time IS NULL or delete_time <=0 or delete_time='')
2020-04-24 11:11:16 [DEBUG] [root]select * from heecms_sys_resources where `parent_id`='13'  order by parent_id asc 
2020-04-24 11:11:16 [DEBUG] [root]select * from heecms_sys_resources where `parent_id`='17'  order by parent_id asc 
2020-04-24 11:11:16 [DEBUG] [root]select * from heecms_sys_resources where `parent_id`='23'  order by parent_id asc 
2020-04-24 11:11:16 [DEBUG] [root]select * from heecms_users where (`users_id`='2') and (delete_time IS NULL or delete_time <=0 or delete_time='')
2020-04-24 11:11:18 [DEBUG] [root]自动加载类：app\admin\controller\adminBase
2020-04-24 11:11:18 [DEBUG] [root]自动加载类：heephp\database\mysqli
2020-04-24 11:11:18 [DEBUG] [root]自动加载类：heephp\database\databaseInterface
2020-04-24 11:11:18 [DEBUG] [root]SHOW COLUMNS FROM `heecms_users_group`
2020-04-24 11:11:18 [DEBUG] [root]select name from heecms_users_group where (`users_group_id`=1) and (delete_time IS NULL or delete_time <=0 or delete_time='')  
2020-04-24 11:11:18 [DEBUG] [root]SHOW COLUMNS FROM `heecms_message`
2020-04-24 11:11:18 [DEBUG] [root]select * from heecms_message where (`isread`=0 and `receiver_users_id`=1) and (delete_time IS NULL or delete_time <=0 or delete_time='')  order by create_time desc limit 0,5
2020-04-24 11:11:18 [DEBUG] [root]SHOW COLUMNS FROM `heecms_menus`
2020-04-24 11:11:18 [DEBUG] [root]自动加载类：heephp\cache\file
2020-04-24 11:11:18 [DEBUG] [root]自动加载类：heephp\cache\cacheInterface
2020-04-24 11:11:18 [DEBUG] [root]select * from heecms_menus where (parent_id=0 or parent_id IS NULL or parent_id='') and (delete_time IS NULL or delete_time <=0 or delete_time='')  order by ord asc 
2020-04-24 11:11:18 [DEBUG] [root]SHOW COLUMNS FROM `heecms_menus`
2020-04-24 11:11:18 [DEBUG] [root]SHOW COLUMNS FROM `heecms_users_group`
2020-04-24 11:11:18 [DEBUG] [root]select * from heecms_users_group where (`name`<>'超级管理员' and isadmin=1) and (delete_time IS NULL or delete_time <=0 or delete_time='')  
2020-04-24 11:11:18 [DEBUG] [root]select * from heecms_sys_resources where parent_id<1 or parent_id IS NULL or parent_id=''  
2020-04-24 11:11:18 [DEBUG] [root]select * from heecms_sys_resources where `parent_id`='1'  order by parent_id asc 
2020-04-24 11:11:18 [DEBUG] [root]select * from heecms_sys_resources where `parent_id`='6'  order by parent_id asc 
2020-04-24 11:11:18 [DEBUG] [root]select * from heecms_users where (`users_id`='2') and (delete_time IS NULL or delete_time <=0 or delete_time='')
2020-04-24 11:11:18 [DEBUG] [root]select * from heecms_users where (`users_id`='3') and (delete_time IS NULL or delete_time <=0 or delete_time='')
2020-04-24 11:11:18 [DEBUG] [root]select * from heecms_sys_resources where `parent_id`='13'  order by parent_id asc 
2020-04-24 11:11:18 [DEBUG] [root]select * from heecms_sys_resources where `parent_id`='17'  order by parent_id asc 
2020-04-24 11:11:18 [DEBUG] [root]select * from heecms_sys_resources where `parent_id`='23'  order by parent_id asc 
2020-04-24 11:11:18 [DEBUG] [root]select * from heecms_sys_resources where `parent_id`='26'  order by parent_id asc 
2020-04-24 11:11:18 [DEBUG] [root]select * from heecms_sys_resources where `parent_id`='35'  order by parent_id asc 
2020-04-24 11:11:22 [DEBUG] [root]自动加载类：app\admin\controller\adminBase
2020-04-24 11:11:22 [DEBUG] [root]自动加载类：heephp\database\mysqli
2020-04-24 11:11:22 [DEBUG] [root]自动加载类：heephp\database\databaseInterface
2020-04-24 11:11:22 [DEBUG] [root]SHOW COLUMNS FROM `heecms_users_group`
2020-04-24 11:11:22 [DEBUG] [root]select name from heecms_users_group where (`users_group_id`=1) and (delete_time IS NULL or delete_time <=0 or delete_time='')  
2020-04-24 11:11:22 [DEBUG] [root]SHOW COLUMNS FROM `heecms_message`
2020-04-24 11:11:22 [DEBUG] [root]select * from heecms_message where (`isread`=0 and `receiver_users_id`=1) and (delete_time IS NULL or delete_time <=0 or delete_time='')  order by create_time desc limit 0,5
2020-04-24 11:11:22 [DEBUG] [root]SHOW COLUMNS FROM `heecms_menus`
2020-04-24 11:11:22 [DEBUG] [root]自动加载类：heephp\cache\file
2020-04-24 11:11:22 [DEBUG] [root]自动加载类：heephp\cache\cacheInterface
2020-04-24 11:11:22 [DEBUG] [root]select * from heecms_menus where (parent_id=0 or parent_id IS NULL or parent_id='') and (delete_time IS NULL or delete_time <=0 or delete_time='')  order by ord asc 
2020-04-24 11:11:22 [DEBUG] [root]SHOW COLUMNS FROM `heecms_menus`
2020-04-24 11:11:22 [DEBUG] [root]SHOW COLUMNS FROM `heecms_users_group`
2020-04-24 11:11:22 [DEBUG] [root]select * from heecms_users_group where (`name`<>'超级管理员' and isadmin=1) and (delete_time IS NULL or delete_time <=0 or delete_time='')  
2020-04-24 11:11:22 [DEBUG] [root]select * from heecms_sys_resources where parent_id<1 or parent_id IS NULL or parent_id=''  
2020-04-24 11:11:22 [DEBUG] [root]select * from heecms_sys_resources where `parent_id`='1'  order by parent_id asc 
2020-04-24 11:11:22 [DEBUG] [root]select * from heecms_sys_resources where `parent_id`='6'  order by parent_id asc 
2020-04-24 11:11:22 [DEBUG] [root]select * from heecms_users where (`users_id`='2') and (delete_time IS NULL or delete_time <=0 or delete_time='')
2020-04-24 11:11:22 [DEBUG] [root]select * from heecms_users where (`users_id`='3') and (delete_time IS NULL or delete_time <=0 or delete_time='')
2020-04-24 11:11:22 [DEBUG] [root]select * from heecms_sys_resources where `parent_id`='13'  order by parent_id asc 
2020-04-24 11:11:23 [DEBUG] [root]select * from heecms_sys_resources where `parent_id`='17'  order by parent_id asc 
2020-04-24 11:11:23 [DEBUG] [root]select * from heecms_sys_resources where `parent_id`='23'  order by parent_id asc 
2020-04-24 11:11:23 [DEBUG] [root]select * from heecms_sys_resources where `parent_id`='26'  order by parent_id asc 
2020-04-24 11:11:23 [DEBUG] [root]select * from heecms_sys_resources where `parent_id`='35'  order by parent_id asc 
2020-04-24 11:11:25 [DEBUG] [root]自动加载类：app\admin\controller\adminBase
2020-04-24 11:11:25 [DEBUG] [root]自动加载类：heephp\database\mysqli
2020-04-24 11:11:25 [DEBUG] [root]自动加载类：heephp\database\databaseInterface
2020-04-24 11:11:25 [DEBUG] [root]SHOW COLUMNS FROM `heecms_users_group`
2020-04-24 11:11:25 [DEBUG] [root]select name from heecms_users_group where (`users_group_id`=1) and (delete_time IS NULL or delete_time <=0 or delete_time='')  
2020-04-24 11:11:25 [DEBUG] [root]SHOW COLUMNS FROM `heecms_message`
2020-04-24 11:11:25 [DEBUG] [root]select * from heecms_message where (`isread`=0 and `receiver_users_id`=1) and (delete_time IS NULL or delete_time <=0 or delete_time='')  order by create_time desc limit 0,5
2020-04-24 11:11:25 [DEBUG] [root]SHOW COLUMNS FROM `heecms_menus`
2020-04-24 11:11:25 [DEBUG] [root]自动加载类：heephp\cache\file
2020-04-24 11:11:25 [DEBUG] [root]自动加载类：heephp\cache\cacheInterface
2020-04-24 11:11:25 [DEBUG] [root]select * from heecms_menus where (parent_id=0 or parent_id IS NULL or parent_id='') and (delete_time IS NULL or delete_time <=0 or delete_time='')  order by ord asc 
2020-04-24 11:11:25 [DEBUG] [root]SHOW COLUMNS FROM `heecms_menus`
2020-04-24 11:11:25 [DEBUG] [root]SHOW COLUMNS FROM `heecms_users_group`
2020-04-24 11:11:25 [DEBUG] [root]select * from heecms_users_group where (`name`<>'超级管理员' and isadmin=1) and (delete_time IS NULL or delete_time <=0 or delete_time='')  
2020-04-24 11:11:25 [DEBUG] [root]select * from heecms_sys_resources where parent_id<1 or parent_id IS NULL or parent_id=''  
2020-04-24 11:11:25 [DEBUG] [root]select * from heecms_sys_resources where `parent_id`='1'  order by parent_id asc 
2020-04-24 11:11:25 [DEBUG] [root]select * from heecms_sys_resources where `parent_id`='6'  order by parent_id asc 
2020-04-24 11:11:25 [DEBUG] [root]select * from heecms_users where (`users_id`='2') and (delete_time IS NULL or delete_time <=0 or delete_time='')
2020-04-24 11:11:25 [DEBUG] [root]select * from heecms_users where (`users_id`='3') and (delete_time IS NULL or delete_time <=0 or delete_time='')
2020-04-24 11:11:25 [DEBUG] [root]select * from heecms_sys_resources where `parent_id`='13'  order by parent_id asc 
2020-04-24 11:11:25 [DEBUG] [root]select * from heecms_sys_resources where `parent_id`='17'  order by parent_id asc 
2020-04-24 11:11:25 [DEBUG] [root]select * from heecms_sys_resources where `parent_id`='23'  order by parent_id asc 
2020-04-24 11:11:25 [DEBUG] [root]select * from heecms_sys_resources where `parent_id`='26'  order by parent_id asc 
2020-04-24 11:11:25 [DEBUG] [root]select * from heecms_sys_resources where `parent_id`='35'  order by parent_id asc 
2020-04-24 11:11:36 [DEBUG] [root]自动加载类：app\admin\controller\adminBase
2020-04-24 11:11:36 [DEBUG] [root]自动加载类：heephp\database\mysqli
2020-04-24 11:11:36 [DEBUG] [root]自动加载类：heephp\database\databaseInterface
2020-04-24 11:11:36 [DEBUG] [root]SHOW COLUMNS FROM `heecms_users_group`
2020-04-24 11:11:36 [DEBUG] [root]select name from heecms_users_group where (`users_group_id`=1) and (delete_time IS NULL or delete_time <=0 or delete_time='')  
2020-04-24 11:11:36 [DEBUG] [root]SHOW COLUMNS FROM `heecms_message`
2020-04-24 11:11:36 [DEBUG] [root]select * from heecms_message where (`isread`=0 and `receiver_users_id`=1) and (delete_time IS NULL or delete_time <=0 or delete_time='')  order by create_time desc limit 0,5
2020-04-24 11:11:36 [DEBUG] [root]SHOW COLUMNS FROM `heecms_menus`
2020-04-24 11:11:36 [DEBUG] [root]自动加载类：heephp\cache\file
2020-04-24 11:11:36 [DEBUG] [root]自动加载类：heephp\cache\cacheInterface
2020-04-24 11:11:36 [DEBUG] [root]select * from heecms_menus where (parent_id=0 or parent_id IS NULL or parent_id='') and (delete_time IS NULL or delete_time <=0 or delete_time='')  order by ord asc 
2020-04-24 11:11:36 [DEBUG] [root]SHOW COLUMNS FROM `heecms_menus`
2020-04-24 11:11:36 [DEBUG] [root]SHOW COLUMNS FROM `heecms_users_group`
2020-04-24 11:11:36 [DEBUG] [root]select count(*) c from `heecms_users_group` where (1=1) and (delete_time IS NULL or delete_time <=0 or delete_time='')
2020-04-24 11:11:36 [DEBUG] [root]select * from heecms_users_group where (1=1) and (delete_time IS NULL or delete_time <=0 or delete_time='')  limit 0,5
2020-04-24 11:11:36 [DEBUG] [root]select * from heecms_users where (`users_id`='2') and (delete_time IS NULL or delete_time <=0 or delete_time='')
2020-04-24 11:11:38 [DEBUG] [root]自动加载类：app\admin\controller\adminBase
2020-04-24 11:11:38 [DEBUG] [root]自动加载类：heephp\database\mysqli
2020-04-24 11:11:38 [DEBUG] [root]自动加载类：heephp\database\databaseInterface
2020-04-24 11:11:38 [DEBUG] [root]SHOW COLUMNS FROM `heecms_users_group`
2020-04-24 11:11:38 [DEBUG] [root]select name from heecms_users_group where (`users_group_id`=1) and (delete_time IS NULL or delete_time <=0 or delete_time='')  
2020-04-24 11:11:38 [DEBUG] [root]SHOW COLUMNS FROM `heecms_message`
2020-04-24 11:11:38 [DEBUG] [root]select * from heecms_message where (`isread`=0 and `receiver_users_id`=1) and (delete_time IS NULL or delete_time <=0 or delete_time='')  order by create_time desc limit 0,5
2020-04-24 11:11:38 [DEBUG] [root]SHOW COLUMNS FROM `heecms_menus`
2020-04-24 11:11:38 [DEBUG] [root]自动加载类：heephp\cache\file
2020-04-24 11:11:38 [DEBUG] [root]自动加载类：heephp\cache\cacheInterface
2020-04-24 11:11:38 [DEBUG] [root]select * from heecms_menus where (parent_id=0 or parent_id IS NULL or parent_id='') and (delete_time IS NULL or delete_time <=0 or delete_time='')  order by ord asc 
2020-04-24 11:11:38 [DEBUG] [root]SHOW COLUMNS FROM `heecms_menus`
2020-04-24 11:11:38 [DEBUG] [root]select count(*) c from `heecms_users` where (1=1) and (delete_time IS NULL or delete_time <=0 or delete_time='')
2020-04-24 11:11:38 [DEBUG] [root]select * from heecms_users where (1=1) and (delete_time IS NULL or delete_time <=0 or delete_time='')  limit 0,5
2020-04-24 11:11:38 [DEBUG] [root]SHOW COLUMNS FROM `heecms_users_group`
2020-04-24 11:11:38 [DEBUG] [root]select * from heecms_users_group where (`users_group_id`='1') and (delete_time IS NULL or delete_time <=0 or delete_time='')
2020-04-24 11:11:41 [DEBUG] [root]自动加载类：app\admin\controller\adminBase
2020-04-24 11:11:41 [DEBUG] [root]自动加载类：heephp\database\mysqli
2020-04-24 11:11:41 [DEBUG] [root]自动加载类：heephp\database\databaseInterface
2020-04-24 11:11:41 [DEBUG] [root]SHOW COLUMNS FROM `heecms_users_group`
2020-04-24 11:11:41 [DEBUG] [root]select name from heecms_users_group where (`users_group_id`=1) and (delete_time IS NULL or delete_time <=0 or delete_time='')  
2020-04-24 11:11:41 [DEBUG] [root]SHOW COLUMNS FROM `heecms_message`
2020-04-24 11:11:41 [DEBUG] [root]select * from heecms_message where (`isread`=0 and `receiver_users_id`=1) and (delete_time IS NULL or delete_time <=0 or delete_time='')  order by create_time desc limit 0,5
2020-04-24 11:11:41 [DEBUG] [root]SHOW COLUMNS FROM `heecms_menus`
2020-04-24 11:11:41 [DEBUG] [root]自动加载类：heephp\cache\file
2020-04-24 11:11:41 [DEBUG] [root]自动加载类：heephp\cache\cacheInterface
2020-04-24 11:11:41 [DEBUG] [root]select * from heecms_menus where (parent_id=0 or parent_id IS NULL or parent_id='') and (delete_time IS NULL or delete_time <=0 or delete_time='')  order by ord asc 
2020-04-24 11:11:41 [DEBUG] [root]SHOW COLUMNS FROM `heecms_menus`
2020-04-24 11:11:41 [DEBUG] [root]SHOW COLUMNS FROM `heecms_users_group`
2020-04-24 11:11:41 [DEBUG] [root]select count(*) c from `heecms_users_group` where (1=1) and (delete_time IS NULL or delete_time <=0 or delete_time='')
2020-04-24 11:11:41 [DEBUG] [root]select * from heecms_users_group where (1=1) and (delete_time IS NULL or delete_time <=0 or delete_time='')  limit 0,5
2020-04-24 11:11:41 [DEBUG] [root]select * from heecms_users where (`users_id`='2') and (delete_time IS NULL or delete_time <=0 or delete_time='')
2020-04-24 11:11:42 [DEBUG] [root]自动加载类：app\admin\controller\adminBase
2020-04-24 11:11:42 [DEBUG] [root]自动加载类：heephp\database\mysqli
2020-04-24 11:11:42 [DEBUG] [root]自动加载类：heephp\database\databaseInterface
2020-04-24 11:11:42 [DEBUG] [root]SHOW COLUMNS FROM `heecms_users_group`
2020-04-24 11:11:42 [DEBUG] [root]select name from heecms_users_group where (`users_group_id`=1) and (delete_time IS NULL or delete_time <=0 or delete_time='')  
2020-04-24 11:11:42 [DEBUG] [root]SHOW COLUMNS FROM `heecms_message`
2020-04-24 11:11:42 [DEBUG] [root]select * from heecms_message where (`isread`=0 and `receiver_users_id`=1) and (delete_time IS NULL or delete_time <=0 or delete_time='')  order by create_time desc limit 0,5
2020-04-24 11:11:42 [DEBUG] [root]SHOW COLUMNS FROM `heecms_menus`
2020-04-24 11:11:42 [DEBUG] [root]自动加载类：heephp\cache\file
2020-04-24 11:11:42 [DEBUG] [root]自动加载类：heephp\cache\cacheInterface
2020-04-24 11:11:42 [DEBUG] [root]select * from heecms_menus where (parent_id=0 or parent_id IS NULL or parent_id='') and (delete_time IS NULL or delete_time <=0 or delete_time='')  order by ord asc 
2020-04-24 11:11:42 [DEBUG] [root]SHOW COLUMNS FROM `heecms_menus`
2020-04-24 11:11:44 [DEBUG] [root]自动加载类：app\admin\controller\adminBase
2020-04-24 11:11:44 [DEBUG] [root]自动加载类：heephp\database\mysqli
2020-04-24 11:11:44 [DEBUG] [root]自动加载类：heephp\database\databaseInterface
2020-04-24 11:11:44 [DEBUG] [root]SHOW COLUMNS FROM `heecms_users_group`
2020-04-24 11:11:44 [DEBUG] [root]select name from heecms_users_group where (`users_group_id`=1) and (delete_time IS NULL or delete_time <=0 or delete_time='')  
2020-04-24 11:11:44 [DEBUG] [root]SHOW COLUMNS FROM `heecms_message`
2020-04-24 11:11:44 [DEBUG] [root]select * from heecms_message where (`isread`=0 and `receiver_users_id`=1) and (delete_time IS NULL or delete_time <=0 or delete_time='')  order by create_time desc limit 0,5
2020-04-24 11:11:44 [DEBUG] [root]SHOW COLUMNS FROM `heecms_menus`
2020-04-24 11:11:44 [DEBUG] [root]自动加载类：heephp\cache\file
2020-04-24 11:11:44 [DEBUG] [root]自动加载类：heephp\cache\cacheInterface
2020-04-24 11:11:44 [DEBUG] [root]select * from heecms_menus where (parent_id=0 or parent_id IS NULL or parent_id='') and (delete_time IS NULL or delete_time <=0 or delete_time='')  order by ord asc 
2020-04-24 11:11:44 [DEBUG] [root]SHOW COLUMNS FROM `heecms_menus`
2020-04-24 11:11:45 [DEBUG] [root]自动加载类：app\admin\controller\adminBase
2020-04-24 11:11:45 [DEBUG] [root]自动加载类：heephp\database\mysqli
2020-04-24 11:11:45 [DEBUG] [root]自动加载类：heephp\database\databaseInterface
2020-04-24 11:11:45 [DEBUG] [root]SHOW COLUMNS FROM `heecms_users_group`
2020-04-24 11:11:45 [DEBUG] [root]select name from heecms_users_group where (`users_group_id`=1) and (delete_time IS NULL or delete_time <=0 or delete_time='')  
2020-04-24 11:11:45 [DEBUG] [root]SHOW COLUMNS FROM `heecms_message`
2020-04-24 11:11:45 [DEBUG] [root]select * from heecms_message where (`isread`=0 and `receiver_users_id`=1) and (delete_time IS NULL or delete_time <=0 or delete_time='')  order by create_time desc limit 0,5
2020-04-24 11:11:45 [DEBUG] [root]SHOW COLUMNS FROM `heecms_menus`
2020-04-24 11:11:45 [DEBUG] [root]自动加载类：heephp\cache\file
2020-04-24 11:11:45 [DEBUG] [root]自动加载类：heephp\cache\cacheInterface
2020-04-24 11:11:45 [DEBUG] [root]select * from heecms_menus where (parent_id=0 or parent_id IS NULL or parent_id='') and (delete_time IS NULL or delete_time <=0 or delete_time='')  order by ord asc 
2020-04-24 11:11:45 [DEBUG] [root]SHOW COLUMNS FROM `heecms_menus`
2020-04-24 11:11:45 [DEBUG] [root]自动加载类：app\admin\controller\adminBase
2020-04-24 11:11:45 [DEBUG] [root]自动加载类：heephp\database\mysqli
2020-04-24 11:11:45 [DEBUG] [root]自动加载类：heephp\database\databaseInterface
2020-04-24 11:11:45 [DEBUG] [root]SHOW COLUMNS FROM `heecms_users_group`
2020-04-24 11:11:45 [DEBUG] [root]select name from heecms_users_group where (`users_group_id`=1) and (delete_time IS NULL or delete_time <=0 or delete_time='')  
2020-04-24 11:11:45 [DEBUG] [root]SHOW COLUMNS FROM `heecms_message`
2020-04-24 11:11:45 [DEBUG] [root]select * from heecms_message where (`isread`=0 and `receiver_users_id`=1) and (delete_time IS NULL or delete_time <=0 or delete_time='')  order by create_time desc limit 0,5
2020-04-24 11:11:45 [DEBUG] [root]SHOW COLUMNS FROM `heecms_menus`
2020-04-24 11:11:45 [DEBUG] [root]自动加载类：heephp\cache\file
2020-04-24 11:11:45 [DEBUG] [root]自动加载类：heephp\cache\cacheInterface
2020-04-24 11:11:45 [DEBUG] [root]select * from heecms_menus where (parent_id=0 or parent_id IS NULL or parent_id='') and (delete_time IS NULL or delete_time <=0 or delete_time='')  order by ord asc 
2020-04-24 11:11:45 [DEBUG] [root]SHOW COLUMNS FROM `heecms_menus`
2020-04-24 11:11:46 [DEBUG] [root]自动加载类：app\admin\controller\adminBase
2020-04-24 11:11:46 [DEBUG] [root]自动加载类：heephp\database\mysqli
2020-04-24 11:11:46 [DEBUG] [root]自动加载类：heephp\database\databaseInterface
2020-04-24 11:11:46 [DEBUG] [root]SHOW COLUMNS FROM `heecms_users_group`
2020-04-24 11:11:46 [DEBUG] [root]select name from heecms_users_group where (`users_group_id`=1) and (delete_time IS NULL or delete_time <=0 or delete_time='')  
2020-04-24 11:11:46 [DEBUG] [root]SHOW COLUMNS FROM `heecms_message`
2020-04-24 11:11:46 [DEBUG] [root]select * from heecms_message where (`isread`=0 and `receiver_users_id`=1) and (delete_time IS NULL or delete_time <=0 or delete_time='')  order by create_time desc limit 0,5
2020-04-24 11:11:46 [DEBUG] [root]SHOW COLUMNS FROM `heecms_menus`
2020-04-24 11:11:46 [DEBUG] [root]自动加载类：heephp\cache\file
2020-04-24 11:11:46 [DEBUG] [root]自动加载类：heephp\cache\cacheInterface
2020-04-24 11:11:46 [DEBUG] [root]select * from heecms_menus where (parent_id=0 or parent_id IS NULL or parent_id='') and (delete_time IS NULL or delete_time <=0 or delete_time='')  order by ord asc 
2020-04-24 11:11:46 [DEBUG] [root]SHOW COLUMNS FROM `heecms_menus`
2020-04-24 11:11:46 [DEBUG] [root]自动加载类：app\admin\controller\adminBase
2020-04-24 11:11:46 [DEBUG] [root]自动加载类：heephp\database\mysqli
2020-04-24 11:11:46 [DEBUG] [root]自动加载类：heephp\database\databaseInterface
2020-04-24 11:11:46 [DEBUG] [root]SHOW COLUMNS FROM `heecms_users_group`
2020-04-24 11:11:46 [DEBUG] [root]select name from heecms_users_group where (`users_group_id`=1) and (delete_time IS NULL or delete_time <=0 or delete_time='')  
2020-04-24 11:11:46 [DEBUG] [root]SHOW COLUMNS FROM `heecms_message`
2020-04-24 11:11:46 [DEBUG] [root]select * from heecms_message where (`isread`=0 and `receiver_users_id`=1) and (delete_time IS NULL or delete_time <=0 or delete_time='')  order by create_time desc limit 0,5
2020-04-24 11:11:46 [DEBUG] [root]SHOW COLUMNS FROM `heecms_menus`
2020-04-24 11:11:46 [DEBUG] [root]自动加载类：heephp\cache\file
2020-04-24 11:11:46 [DEBUG] [root]自动加载类：heephp\cache\cacheInterface
2020-04-24 11:11:46 [DEBUG] [root]select * from heecms_menus where (parent_id=0 or parent_id IS NULL or parent_id='') and (delete_time IS NULL or delete_time <=0 or delete_time='')  order by ord asc 
2020-04-24 11:11:46 [DEBUG] [root]SHOW COLUMNS FROM `heecms_menus`
