2020-04-24 08:00:34 [DEBUG] [root]自动加载类：app\admin\controller\adminBase
2020-04-24 08:00:34 [DEBUG] [root]自动加载类：heephp\database\mysqli
2020-04-24 08:00:34 [DEBUG] [root]自动加载类：heephp\database\databaseInterface
2020-04-24 08:00:34 [DEBUG] [root]SHOW COLUMNS FROM `heecms_users_group`
2020-04-24 08:00:34 [DEBUG] [root]select name from heecms_users_group where (`users_group_id`=1) and (delete_time IS NULL or delete_time <=0 or delete_time='')  
2020-04-24 08:00:34 [DEBUG] [root]SHOW COLUMNS FROM `heecms_message`
2020-04-24 08:00:34 [DEBUG] [root]select * from heecms_message where (`isread`=0 and `receiver_users_id`=1) and (delete_time IS NULL or delete_time <=0 or delete_time='')  order by create_time desc limit 0,5
2020-04-24 08:00:34 [DEBUG] [root]SHOW COLUMNS FROM `heecms_menus`
2020-04-24 08:00:34 [DEBUG] [root]自动加载类：heephp\cache\file
2020-04-24 08:00:34 [DEBUG] [root]自动加载类：heephp\cache\cacheInterface
2020-04-24 08:00:34 [DEBUG] [root]select * from heecms_menus where (parent_id=0 or parent_id IS NULL or parent_id='') and (delete_time IS NULL or delete_time <=0 or delete_time='')  order by ord asc 
2020-04-24 08:00:34 [DEBUG] [root]SHOW COLUMNS FROM `heecms_menus`
2020-04-24 08:00:34 [DEBUG] [root]select count(*) c from `heecms_users` where (1=1) and (delete_time IS NULL or delete_time <=0 or delete_time='')
2020-04-24 08:00:34 [DEBUG] [root]select * from heecms_users where (1=1) and (delete_time IS NULL or delete_time <=0 or delete_time='')  limit 0,5
2020-04-24 08:00:34 [DEBUG] [root]SHOW COLUMNS FROM `heecms_users_group`
2020-04-24 08:00:37 [DEBUG] [root]自动加载类：app\admin\controller\adminBase
2020-04-24 08:00:37 [DEBUG] [root]自动加载类：heephp\database\mysqli
2020-04-24 08:00:37 [DEBUG] [root]自动加载类：heephp\database\databaseInterface
2020-04-24 08:00:37 [DEBUG] [root]SHOW COLUMNS FROM `heecms_users_group`
2020-04-24 08:00:37 [DEBUG] [root]select name from heecms_users_group where (`users_group_id`=1) and (delete_time IS NULL or delete_time <=0 or delete_time='')  
2020-04-24 08:00:37 [DEBUG] [root]SHOW COLUMNS FROM `heecms_message`
2020-04-24 08:00:37 [DEBUG] [root]select * from heecms_message where (`isread`=0 and `receiver_users_id`=1) and (delete_time IS NULL or delete_time <=0 or delete_time='')  order by create_time desc limit 0,5
2020-04-24 08:00:37 [DEBUG] [root]SHOW COLUMNS FROM `heecms_menus`
2020-04-24 08:00:37 [DEBUG] [root]自动加载类：heephp\cache\file
2020-04-24 08:00:37 [DEBUG] [root]自动加载类：heephp\cache\cacheInterface
2020-04-24 08:00:37 [DEBUG] [root]select * from heecms_menus where (parent_id=0 or parent_id IS NULL or parent_id='') and (delete_time IS NULL or delete_time <=0 or delete_time='')  order by ord asc 
2020-04-24 08:00:37 [DEBUG] [root]SHOW COLUMNS FROM `heecms_menus`
2020-04-24 08:00:37 [DEBUG] [root]select count(*) c from `heecms_users` where (1=1) and (delete_time IS NULL or delete_time <=0 or delete_time='')
2020-04-24 08:00:37 [DEBUG] [root]select * from heecms_users where (1=1) and (delete_time IS NULL or delete_time <=0 or delete_time='')  limit 0,5
2020-04-24 08:00:37 [DEBUG] [root]SHOW COLUMNS FROM `heecms_users_group`
2020-04-24 08:01:20 [DEBUG] [root]自动加载类：app\admin\controller\adminBase
2020-04-24 08:01:20 [DEBUG] [root]自动加载类：heephp\database\mysqli
2020-04-24 08:01:20 [DEBUG] [root]自动加载类：heephp\database\databaseInterface
2020-04-24 08:01:20 [DEBUG] [root]SHOW COLUMNS FROM `heecms_users_group`
2020-04-24 08:01:21 [DEBUG] [root]select name from heecms_users_group where (`users_group_id`=1) and (delete_time IS NULL or delete_time <=0 or delete_time='')  
2020-04-24 08:01:21 [DEBUG] [root]SHOW COLUMNS FROM `heecms_message`
2020-04-24 08:01:21 [DEBUG] [root]select * from heecms_message where (`isread`=0 and `receiver_users_id`=1) and (delete_time IS NULL or delete_time <=0 or delete_time='')  order by create_time desc limit 0,5
2020-04-24 08:01:21 [DEBUG] [root]SHOW COLUMNS FROM `heecms_menus`
2020-04-24 08:01:21 [DEBUG] [root]自动加载类：heephp\cache\file
2020-04-24 08:01:21 [DEBUG] [root]自动加载类：heephp\cache\cacheInterface
2020-04-24 08:01:21 [DEBUG] [root]select * from heecms_menus where (parent_id=0 or parent_id IS NULL or parent_id='') and (delete_time IS NULL or delete_time <=0 or delete_time='')  order by ord asc 
2020-04-24 08:01:21 [DEBUG] [root]SHOW COLUMNS FROM `heecms_menus`
2020-04-24 08:01:21 [DEBUG] [root]select count(*) c from `heecms_users` where (1=1) and (delete_time IS NULL or delete_time <=0 or delete_time='')
2020-04-24 08:01:21 [DEBUG] [root]select * from heecms_users where (1=1) and (delete_time IS NULL or delete_time <=0 or delete_time='')  limit 0,5
2020-04-24 08:01:21 [DEBUG] [root]SHOW COLUMNS FROM `heecms_users_group`
2020-04-24 08:01:21 [DEBUG] [root]自动加载类：app\admin\controller\adminBase
2020-04-24 08:01:21 [DEBUG] [root]自动加载类：heephp\database\mysqli
2020-04-24 08:01:21 [DEBUG] [root]自动加载类：heephp\database\databaseInterface
2020-04-24 08:01:21 [DEBUG] [root]SHOW COLUMNS FROM `heecms_users_group`
2020-04-24 08:01:21 [DEBUG] [root]select name from heecms_users_group where (`users_group_id`=1) and (delete_time IS NULL or delete_time <=0 or delete_time='')  
2020-04-24 08:01:21 [DEBUG] [root]SHOW COLUMNS FROM `heecms_message`
2020-04-24 08:01:21 [DEBUG] [root]select * from heecms_message where (`isread`=0 and `receiver_users_id`=1) and (delete_time IS NULL or delete_time <=0 or delete_time='')  order by create_time desc limit 0,5
2020-04-24 08:01:21 [DEBUG] [root]SHOW COLUMNS FROM `heecms_menus`
2020-04-24 08:01:21 [DEBUG] [root]自动加载类：heephp\cache\file
2020-04-24 08:01:21 [DEBUG] [root]自动加载类：heephp\cache\cacheInterface
2020-04-24 08:01:21 [DEBUG] [root]select * from heecms_menus where (parent_id=0 or parent_id IS NULL or parent_id='') and (delete_time IS NULL or delete_time <=0 or delete_time='')  order by ord asc 
2020-04-24 08:01:21 [DEBUG] [root]SHOW COLUMNS FROM `heecms_menus`
2020-04-24 08:01:21 [DEBUG] [root]select count(*) c from `heecms_users` where (1=1) and (delete_time IS NULL or delete_time <=0 or delete_time='')
2020-04-24 08:01:21 [DEBUG] [root]select * from heecms_users where (1=1) and (delete_time IS NULL or delete_time <=0 or delete_time='')  limit 0,5
2020-04-24 08:01:21 [DEBUG] [root]SHOW COLUMNS FROM `heecms_users_group`
2020-04-24 08:01:22 [DEBUG] [root]自动加载类：app\admin\controller\adminBase
2020-04-24 08:01:22 [DEBUG] [root]自动加载类：heephp\database\mysqli
2020-04-24 08:01:22 [DEBUG] [root]自动加载类：heephp\database\databaseInterface
2020-04-24 08:01:22 [DEBUG] [root]SHOW COLUMNS FROM `heecms_users_group`
2020-04-24 08:01:22 [DEBUG] [root]select name from heecms_users_group where (`users_group_id`=1) and (delete_time IS NULL or delete_time <=0 or delete_time='')  
2020-04-24 08:01:22 [DEBUG] [root]SHOW COLUMNS FROM `heecms_message`
2020-04-24 08:01:22 [DEBUG] [root]select * from heecms_message where (`isread`=0 and `receiver_users_id`=1) and (delete_time IS NULL or delete_time <=0 or delete_time='')  order by create_time desc limit 0,5
2020-04-24 08:01:22 [DEBUG] [root]SHOW COLUMNS FROM `heecms_menus`
2020-04-24 08:01:22 [DEBUG] [root]自动加载类：heephp\cache\file
2020-04-24 08:01:22 [DEBUG] [root]自动加载类：heephp\cache\cacheInterface
2020-04-24 08:01:22 [DEBUG] [root]select * from heecms_menus where (parent_id=0 or parent_id IS NULL or parent_id='') and (delete_time IS NULL or delete_time <=0 or delete_time='')  order by ord asc 
2020-04-24 08:01:22 [DEBUG] [root]SHOW COLUMNS FROM `heecms_menus`
2020-04-24 08:01:22 [DEBUG] [root]SHOW COLUMNS FROM `heecms_users_group`
2020-04-24 08:01:22 [DEBUG] [root]select count(*) c from `heecms_users_group` where (1=1) and (delete_time IS NULL or delete_time <=0 or delete_time='')
2020-04-24 08:01:22 [DEBUG] [root]select * from heecms_users_group where (1=1) and (delete_time IS NULL or delete_time <=0 or delete_time='')  limit 0,5
2020-04-24 08:01:22 [DEBUG] [root]select * from heecms_users where (`users_id`='2') and (delete_time IS NULL or delete_time <=0 or delete_time='')
2020-04-24 08:01:23 [DEBUG] [root]自动加载类：app\admin\controller\adminBase
2020-04-24 08:01:23 [DEBUG] [root]自动加载类：heephp\database\mysqli
2020-04-24 08:01:23 [DEBUG] [root]自动加载类：heephp\database\databaseInterface
2020-04-24 08:01:23 [DEBUG] [root]SHOW COLUMNS FROM `heecms_users_group`
2020-04-24 08:01:23 [DEBUG] [root]select name from heecms_users_group where (`users_group_id`=1) and (delete_time IS NULL or delete_time <=0 or delete_time='')  
2020-04-24 08:01:23 [DEBUG] [root]SHOW COLUMNS FROM `heecms_message`
2020-04-24 08:01:23 [DEBUG] [root]select * from heecms_message where (`isread`=0 and `receiver_users_id`=1) and (delete_time IS NULL or delete_time <=0 or delete_time='')  order by create_time desc limit 0,5
2020-04-24 08:01:23 [DEBUG] [root]SHOW COLUMNS FROM `heecms_menus`
2020-04-24 08:01:23 [DEBUG] [root]自动加载类：heephp\cache\file
2020-04-24 08:01:23 [DEBUG] [root]自动加载类：heephp\cache\cacheInterface
2020-04-24 08:01:23 [DEBUG] [root]select * from heecms_menus where (parent_id=0 or parent_id IS NULL or parent_id='') and (delete_time IS NULL or delete_time <=0 or delete_time='')  order by ord asc 
2020-04-24 08:01:23 [DEBUG] [root]SHOW COLUMNS FROM `heecms_menus`
2020-04-24 08:01:23 [DEBUG] [root]select count(*) c from `heecms_users` where (1=1) and (delete_time IS NULL or delete_time <=0 or delete_time='')
2020-04-24 08:01:23 [DEBUG] [root]select * from heecms_users where (1=1) and (delete_time IS NULL or delete_time <=0 or delete_time='')  limit 0,5
2020-04-24 08:01:23 [DEBUG] [root]SHOW COLUMNS FROM `heecms_users_group`
