2020-04-26 19:05:33 [DEBUG] [root]自动加载类：heephp\database\mysqli
2020-04-26 19:05:33 [DEBUG] [root]自动加载类：heephp\database\databaseInterface
2020-04-26 19:05:33 [DEBUG] [root]SHOW COLUMNS FROM `heecms_config`
2020-04-26 19:05:33 [DEBUG] [root]自动加载类：heephp\cache\file
2020-04-26 19:05:33 [DEBUG] [root]自动加载类：heephp\cache\cacheInterface
2020-04-26 19:05:33 [DEBUG] [root]自动加载类：heephp\formbulider
2020-04-26 19:06:23 [DEBUG] [root]自动加载类：heephp\database\mysqli
2020-04-26 19:06:23 [DEBUG] [root]自动加载类：heephp\database\databaseInterface
2020-04-26 19:06:23 [DEBUG] [root]SHOW COLUMNS FROM `heecms_config`
2020-04-26 19:06:23 [DEBUG] [root]自动加载类：heephp\cache\file
2020-04-26 19:06:23 [DEBUG] [root]自动加载类：heephp\cache\cacheInterface
2020-04-26 19:06:23 [DEBUG] [root]自动加载类：heephp\formbulider
2020-04-26 19:07:20 [DEBUG] [root]自动加载类：heephp\database\mysqli
2020-04-26 19:07:20 [DEBUG] [root]自动加载类：heephp\database\databaseInterface
2020-04-26 19:07:20 [DEBUG] [root]SHOW COLUMNS FROM `heecms_config`
2020-04-26 19:07:20 [DEBUG] [root]自动加载类：heephp\cache\file
2020-04-26 19:07:20 [DEBUG] [root]自动加载类：heephp\cache\cacheInterface
2020-04-26 19:07:20 [DEBUG] [root]自动加载类：heephp\formbulider
2020-04-26 19:07:33 [DEBUG] [root]自动加载类：heephp\database\mysqli
2020-04-26 19:07:33 [DEBUG] [root]自动加载类：heephp\database\databaseInterface
2020-04-26 19:07:33 [DEBUG] [root]SHOW COLUMNS FROM `heecms_config`
2020-04-26 19:07:33 [DEBUG] [root]自动加载类：heephp\cache\file
2020-04-26 19:07:33 [DEBUG] [root]自动加载类：heephp\cache\cacheInterface
2020-04-26 19:07:33 [DEBUG] [root]自动加载类：heephp\formbulider
2020-04-26 19:17:26 [DEBUG] [root]自动加载类：heephp\database\mysqli
2020-04-26 19:17:26 [DEBUG] [root]自动加载类：heephp\database\databaseInterface
2020-04-26 19:17:26 [DEBUG] [root]SHOW COLUMNS FROM `heecms_config`
2020-04-26 19:17:26 [DEBUG] [root]自动加载类：heephp\cache\file
2020-04-26 19:17:26 [DEBUG] [root]自动加载类：heephp\cache\cacheInterface
2020-04-26 19:17:26 [DEBUG] [root]自动加载类：heephp\formbulider
2020-04-26 19:17:58 [DEBUG] [root]自动加载类：heephp\database\mysqli
2020-04-26 19:17:58 [DEBUG] [root]自动加载类：heephp\database\databaseInterface
2020-04-26 19:17:58 [DEBUG] [root]SHOW COLUMNS FROM `heecms_config`
2020-04-26 19:17:58 [DEBUG] [root]自动加载类：heephp\cache\file
2020-04-26 19:17:58 [DEBUG] [root]自动加载类：heephp\cache\cacheInterface
2020-04-26 19:17:58 [DEBUG] [root]自动加载类：heephp\formbulider
2020-04-26 19:18:32 [DEBUG] [root]自动加载类：heephp\database\mysqli
2020-04-26 19:18:32 [DEBUG] [root]自动加载类：heephp\database\databaseInterface
2020-04-26 19:18:32 [DEBUG] [root]SHOW COLUMNS FROM `heecms_config`
2020-04-26 19:18:32 [DEBUG] [root]自动加载类：heephp\cache\file
2020-04-26 19:18:32 [DEBUG] [root]自动加载类：heephp\cache\cacheInterface
2020-04-26 19:18:32 [DEBUG] [root]自动加载类：heephp\formbulider
2020-04-26 19:19:07 [DEBUG] [root]自动加载类：heephp\database\mysqli
2020-04-26 19:19:07 [DEBUG] [root]自动加载类：heephp\database\databaseInterface
2020-04-26 19:19:07 [DEBUG] [root]SHOW COLUMNS FROM `heecms_config`
2020-04-26 19:19:07 [DEBUG] [root]自动加载类：heephp\cache\file
2020-04-26 19:19:07 [DEBUG] [root]自动加载类：heephp\cache\cacheInterface
2020-04-26 19:19:07 [DEBUG] [root]自动加载类：heephp\formbulider
2020-04-26 19:20:11 [DEBUG] [root]自动加载类：heephp\database\mysqli
2020-04-26 19:20:11 [DEBUG] [root]自动加载类：heephp\database\databaseInterface
2020-04-26 19:20:11 [DEBUG] [root]SHOW COLUMNS FROM `heecms_config`
2020-04-26 19:20:11 [DEBUG] [root]自动加载类：heephp\cache\file
2020-04-26 19:20:11 [DEBUG] [root]自动加载类：heephp\cache\cacheInterface
2020-04-26 19:20:11 [DEBUG] [root]自动加载类：heephp\formbulider
2020-04-26 19:20:22 [DEBUG] [root]自动加载类：heephp\database\mysqli
2020-04-26 19:20:22 [DEBUG] [root]自动加载类：heephp\database\databaseInterface
2020-04-26 19:20:22 [DEBUG] [root]SHOW COLUMNS FROM `heecms_config`
2020-04-26 19:20:22 [DEBUG] [root]自动加载类：heephp\cache\file
2020-04-26 19:20:22 [DEBUG] [root]自动加载类：heephp\cache\cacheInterface
