2020-04-26 07:23:57 [DEBUG] [root]自动加载类：heephp\database\mysqli
2020-04-26 07:23:57 [DEBUG] [root]自动加载类：heephp\database\databaseInterface
2020-04-26 07:23:57 [DEBUG] [root]SHOW COLUMNS FROM `heecms_config`
2020-04-26 07:23:57 [DEBUG] [root]自动加载类：heephp\cache\file
2020-04-26 07:23:57 [DEBUG] [root]自动加载类：heephp\cache\cacheInterface
2020-04-26 07:23:57 [DEBUG] [root]自动加载类：heephp\images
2020-04-26 07:23:57 [DEBUG] [root]自动加载类：heephp\SimpleImage
2020-04-26 07:26:33 [DEBUG] [root]自动加载类：heephp\database\mysqli
2020-04-26 07:26:33 [DEBUG] [root]自动加载类：heephp\database\databaseInterface
2020-04-26 07:26:33 [DEBUG] [root]SHOW COLUMNS FROM `heecms_config`
2020-04-26 07:26:33 [DEBUG] [root]自动加载类：heephp\cache\file
2020-04-26 07:26:33 [DEBUG] [root]自动加载类：heephp\cache\cacheInterface
2020-04-26 07:26:33 [DEBUG] [root]自动加载类：heephp\images
2020-04-26 07:26:35 [DEBUG] [root]自动加载类：heephp\database\mysqli
2020-04-26 07:26:35 [DEBUG] [root]自动加载类：heephp\database\databaseInterface
2020-04-26 07:26:35 [DEBUG] [root]SHOW COLUMNS FROM `heecms_config`
2020-04-26 07:26:35 [DEBUG] [root]自动加载类：heephp\cache\file
2020-04-26 07:26:35 [DEBUG] [root]自动加载类：heephp\cache\cacheInterface
2020-04-26 07:26:35 [DEBUG] [root]自动加载类：heephp\images
2020-04-26 07:26:35 [DEBUG] [root]自动加载类：heephp\database\mysqli
2020-04-26 07:26:35 [DEBUG] [root]自动加载类：heephp\database\databaseInterface
2020-04-26 07:26:35 [DEBUG] [root]SHOW COLUMNS FROM `heecms_config`
2020-04-26 07:26:35 [DEBUG] [root]自动加载类：heephp\cache\file
2020-04-26 07:26:35 [DEBUG] [root]自动加载类：heephp\cache\cacheInterface
2020-04-26 07:26:35 [DEBUG] [root]自动加载类：heephp\images
2020-04-26 07:26:35 [DEBUG] [root]自动加载类：heephp\database\mysqli
2020-04-26 07:26:35 [DEBUG] [root]自动加载类：heephp\database\databaseInterface
2020-04-26 07:26:35 [DEBUG] [root]SHOW COLUMNS FROM `heecms_config`
2020-04-26 07:26:35 [DEBUG] [root]自动加载类：heephp\cache\file
2020-04-26 07:26:35 [DEBUG] [root]自动加载类：heephp\cache\cacheInterface
2020-04-26 07:26:35 [DEBUG] [root]自动加载类：heephp\images
2020-04-26 07:26:35 [DEBUG] [root]自动加载类：heephp\database\mysqli
2020-04-26 07:26:35 [DEBUG] [root]自动加载类：heephp\database\databaseInterface
2020-04-26 07:26:35 [DEBUG] [root]SHOW COLUMNS FROM `heecms_config`
2020-04-26 07:26:35 [DEBUG] [root]自动加载类：heephp\cache\file
2020-04-26 07:26:35 [DEBUG] [root]自动加载类：heephp\cache\cacheInterface
2020-04-26 07:26:35 [DEBUG] [root]自动加载类：heephp\images
2020-04-26 07:26:36 [DEBUG] [root]自动加载类：heephp\database\mysqli
2020-04-26 07:26:36 [DEBUG] [root]自动加载类：heephp\database\databaseInterface
2020-04-26 07:26:36 [DEBUG] [root]SHOW COLUMNS FROM `heecms_config`
2020-04-26 07:26:36 [DEBUG] [root]自动加载类：heephp\cache\file
2020-04-26 07:26:36 [DEBUG] [root]自动加载类：heephp\cache\cacheInterface
2020-04-26 07:26:36 [DEBUG] [root]自动加载类：heephp\images
2020-04-26 07:26:36 [DEBUG] [root]自动加载类：heephp\database\mysqli
2020-04-26 07:26:36 [DEBUG] [root]自动加载类：heephp\database\databaseInterface
2020-04-26 07:26:36 [DEBUG] [root]SHOW COLUMNS FROM `heecms_config`
2020-04-26 07:26:36 [DEBUG] [root]自动加载类：heephp\cache\file
2020-04-26 07:26:36 [DEBUG] [root]自动加载类：heephp\cache\cacheInterface
2020-04-26 07:26:36 [DEBUG] [root]自动加载类：heephp\images
2020-04-26 07:26:36 [DEBUG] [root]自动加载类：heephp\database\mysqli
2020-04-26 07:26:36 [DEBUG] [root]自动加载类：heephp\database\databaseInterface
2020-04-26 07:26:36 [DEBUG] [root]SHOW COLUMNS FROM `heecms_config`
2020-04-26 07:26:36 [DEBUG] [root]自动加载类：heephp\cache\file
2020-04-26 07:26:36 [DEBUG] [root]自动加载类：heephp\cache\cacheInterface
2020-04-26 07:26:36 [DEBUG] [root]自动加载类：heephp\images
2020-04-26 07:26:51 [DEBUG] [root]自动加载类：heephp\database\mysqli
2020-04-26 07:26:51 [DEBUG] [root]自动加载类：heephp\database\databaseInterface
2020-04-26 07:26:51 [DEBUG] [root]SHOW COLUMNS FROM `heecms_config`
2020-04-26 07:26:51 [DEBUG] [root]自动加载类：heephp\cache\file
2020-04-26 07:26:51 [DEBUG] [root]自动加载类：heephp\cache\cacheInterface
2020-04-26 07:26:51 [DEBUG] [root]自动加载类：heephp\heeimages
2020-04-26 07:29:49 [DEBUG] [root]自动加载类：heephp\database\mysqli
2020-04-26 07:29:49 [DEBUG] [root]自动加载类：heephp\database\databaseInterface
2020-04-26 07:29:49 [DEBUG] [root]SHOW COLUMNS FROM `heecms_config`
2020-04-26 07:29:49 [DEBUG] [root]自动加载类：heephp\cache\file
2020-04-26 07:29:49 [DEBUG] [root]自动加载类：heephp\cache\cacheInterface
2020-04-26 07:29:49 [DEBUG] [root]自动加载类：heephp\heeimages
2020-04-26 07:33:18 [DEBUG] [root]自动加载类：heephp\database\mysqli
2020-04-26 07:33:18 [DEBUG] [root]自动加载类：heephp\database\databaseInterface
2020-04-26 07:33:18 [DEBUG] [root]SHOW COLUMNS FROM `heecms_config`
2020-04-26 07:33:18 [DEBUG] [root]自动加载类：heephp\cache\file
2020-04-26 07:33:18 [DEBUG] [root]自动加载类：heephp\cache\cacheInterface
2020-04-26 07:33:18 [DEBUG] [root]自动加载类：heephp\heeimages
2020-04-26 07:33:19 [DEBUG] [root]自动加载类：heephp\database\mysqli
2020-04-26 07:33:19 [DEBUG] [root]自动加载类：heephp\database\databaseInterface
2020-04-26 07:33:19 [DEBUG] [root]SHOW COLUMNS FROM `heecms_config`
2020-04-26 07:33:19 [DEBUG] [root]自动加载类：heephp\cache\file
2020-04-26 07:33:19 [DEBUG] [root]自动加载类：heephp\cache\cacheInterface
2020-04-26 07:33:19 [DEBUG] [root]自动加载类：heephp\heeimages
2020-04-26 07:33:19 [DEBUG] [root]自动加载类：heephp\database\mysqli
2020-04-26 07:33:20 [DEBUG] [root]自动加载类：heephp\database\databaseInterface
2020-04-26 07:33:20 [DEBUG] [root]SHOW COLUMNS FROM `heecms_config`
2020-04-26 07:33:20 [DEBUG] [root]自动加载类：heephp\cache\file
2020-04-26 07:33:20 [DEBUG] [root]自动加载类：heephp\cache\cacheInterface
2020-04-26 07:33:20 [DEBUG] [root]自动加载类：heephp\heeimages
2020-04-26 07:33:20 [DEBUG] [root]自动加载类：heephp\database\mysqli
2020-04-26 07:33:20 [DEBUG] [root]自动加载类：heephp\database\databaseInterface
2020-04-26 07:33:20 [DEBUG] [root]SHOW COLUMNS FROM `heecms_config`
2020-04-26 07:33:20 [DEBUG] [root]自动加载类：heephp\cache\file
2020-04-26 07:33:20 [DEBUG] [root]自动加载类：heephp\cache\cacheInterface
2020-04-26 07:33:20 [DEBUG] [root]自动加载类：heephp\heeimages
