2020-04-26 20:51:11 [DEBUG] [root]自动加载类：app\admin\controller\adminBase
2020-04-26 20:51:11 [DEBUG] [root]自动加载类：heephp\database\mysqli
2020-04-26 20:51:11 [DEBUG] [root]自动加载类：heephp\database\databaseInterface
2020-04-26 20:51:11 [DEBUG] [root]SHOW COLUMNS FROM `heecms_users_group`
2020-04-26 20:51:11 [DEBUG] [root]select name from heecms_users_group where (`users_group_id`=) and (delete_time IS NULL or delete_time <=0 or delete_time='')  
2020-04-26 20:51:11 [DEBUG] [root]自动加载类：app\admin\controller\adminBase
2020-04-26 20:51:11 [DEBUG] [root]自动加载类：heephp\database\mysqli
2020-04-26 20:51:11 [DEBUG] [root]自动加载类：heephp\database\databaseInterface
2020-04-26 20:51:11 [DEBUG] [root]自动加载类：heephp\cache\file
2020-04-26 20:51:11 [DEBUG] [root]自动加载类：heephp\cache\cacheInterface
2020-04-26 20:51:11 [DEBUG] [root]select * from heecms_config where 1=1  
2020-04-26 20:51:11 [DEBUG] [root]自动加载类：app\admin\controller\adminBase
2020-04-26 20:51:11 [DEBUG] [root]自动加载类：heephp\database\mysqli
2020-04-26 20:51:11 [DEBUG] [root]自动加载类：heephp\database\databaseInterface
2020-04-26 20:51:11 [DEBUG] [root]自动加载类：heephp\cache\file
2020-04-26 20:51:11 [DEBUG] [root]自动加载类：heephp\cache\cacheInterface
2020-04-26 20:51:11 [DEBUG] [root]自动加载类：app\admin\controller\adminBase
2020-04-26 20:52:47 [DEBUG] [root]自动加载类：heephp\database\mysqli
2020-04-26 20:52:47 [DEBUG] [root]自动加载类：heephp\database\databaseInterface
2020-04-26 20:52:47 [DEBUG] [root]SHOW COLUMNS FROM `heecms_config`
2020-04-26 20:52:47 [DEBUG] [root]自动加载类：heephp\cache\file
2020-04-26 20:52:47 [DEBUG] [root]自动加载类：heephp\cache\cacheInterface
2020-04-26 20:52:47 [DEBUG] [root]select `name`,`value` from heecms_config where 1=1  order by id asc 
2020-04-26 20:52:49 [DEBUG] [root]自动加载类：heephp\database\mysqli
2020-04-26 20:52:49 [DEBUG] [root]自动加载类：heephp\database\databaseInterface
2020-04-26 20:52:49 [DEBUG] [root]SHOW COLUMNS FROM `heecms_config`
2020-04-26 20:52:49 [DEBUG] [root]自动加载类：heephp\cache\file
2020-04-26 20:52:49 [DEBUG] [root]自动加载类：heephp\cache\cacheInterface
2020-04-26 20:53:12 [DEBUG] [root]自动加载类：heephp\database\mysqli
2020-04-26 20:53:12 [DEBUG] [root]自动加载类：heephp\database\databaseInterface
2020-04-26 20:53:12 [DEBUG] [root]SHOW COLUMNS FROM `heecms_config`
2020-04-26 20:53:12 [DEBUG] [root]自动加载类：heephp\cache\file
2020-04-26 20:53:12 [DEBUG] [root]自动加载类：heephp\cache\cacheInterface
2020-04-26 20:54:23 [DEBUG] [root]自动加载类：heephp\database\mysqli
2020-04-26 20:54:23 [DEBUG] [root]自动加载类：heephp\database\databaseInterface
2020-04-26 20:54:23 [DEBUG] [root]SHOW COLUMNS FROM `heecms_config`
2020-04-26 20:54:23 [DEBUG] [root]自动加载类：heephp\cache\file
2020-04-26 20:54:23 [DEBUG] [root]自动加载类：heephp\cache\cacheInterface
2020-04-26 20:54:59 [DEBUG] [root]自动加载类：heephp\database\mysqli
2020-04-26 20:54:59 [DEBUG] [root]自动加载类：heephp\database\databaseInterface
2020-04-26 20:54:59 [DEBUG] [root]SHOW COLUMNS FROM `heecms_config`
2020-04-26 20:54:59 [DEBUG] [root]自动加载类：heephp\cache\file
2020-04-26 20:54:59 [DEBUG] [root]自动加载类：heephp\cache\cacheInterface
2020-04-26 20:55:00 [DEBUG] [root]自动加载类：heephp\database\mysqli
2020-04-26 20:55:00 [DEBUG] [root]自动加载类：heephp\database\databaseInterface
2020-04-26 20:55:01 [DEBUG] [root]SHOW COLUMNS FROM `heecms_config`
2020-04-26 20:55:01 [DEBUG] [root]自动加载类：heephp\cache\file
2020-04-26 20:55:01 [DEBUG] [root]自动加载类：heephp\cache\cacheInterface
2020-04-26 20:55:08 [DEBUG] [root]自动加载类：heephp\database\mysqli
2020-04-26 20:55:08 [DEBUG] [root]自动加载类：heephp\database\databaseInterface
2020-04-26 20:55:08 [DEBUG] [root]SHOW COLUMNS FROM `heecms_config`
2020-04-26 20:55:08 [DEBUG] [root]自动加载类：heephp\cache\file
2020-04-26 20:55:08 [DEBUG] [root]自动加载类：heephp\cache\cacheInterface
