2020-04-26 17:15:31 [DEBUG] [root]自动加载类：heephp\database\mysqli
2020-04-26 17:15:31 [DEBUG] [root]自动加载类：heephp\database\databaseInterface
2020-04-26 17:15:31 [DEBUG] [root]SHOW COLUMNS FROM `heecms_config`
2020-04-26 17:15:31 [DEBUG] [root]自动加载类：heephp\cache\file
2020-04-26 17:15:31 [DEBUG] [root]自动加载类：heephp\cache\cacheInterface
2020-04-26 17:15:31 [DEBUG] [root]自动加载类：heephp\formbulider
2020-04-26 17:15:32 [DEBUG] [root]自动加载类：heephp\database\mysqli
2020-04-26 17:15:32 [DEBUG] [root]自动加载类：heephp\database\databaseInterface
2020-04-26 17:15:32 [DEBUG] [root]SHOW COLUMNS FROM `heecms_config`
2020-04-26 17:15:32 [DEBUG] [root]自动加载类：heephp\cache\file
2020-04-26 17:15:32 [DEBUG] [root]自动加载类：heephp\cache\cacheInterface
2020-04-26 17:15:32 [DEBUG] [root]自动加载类：heephp\formbulider
2020-04-26 17:15:32 [DEBUG] [root]自动加载类：heephp\database\mysqli
2020-04-26 17:15:32 [DEBUG] [root]自动加载类：heephp\database\databaseInterface
2020-04-26 17:15:32 [DEBUG] [root]SHOW COLUMNS FROM `heecms_config`
2020-04-26 17:15:32 [DEBUG] [root]自动加载类：heephp\cache\file
2020-04-26 17:15:32 [DEBUG] [root]自动加载类：heephp\cache\cacheInterface
2020-04-26 17:15:32 [DEBUG] [root]自动加载类：heephp\formbulider
2020-04-26 17:15:33 [DEBUG] [root]自动加载类：heephp\database\mysqli
2020-04-26 17:15:33 [DEBUG] [root]自动加载类：heephp\database\databaseInterface
2020-04-26 17:15:33 [DEBUG] [root]SHOW COLUMNS FROM `heecms_config`
2020-04-26 17:15:33 [DEBUG] [root]自动加载类：heephp\cache\file
2020-04-26 17:15:33 [DEBUG] [root]自动加载类：heephp\cache\cacheInterface
2020-04-26 17:15:33 [DEBUG] [root]自动加载类：heephp\formbulider
2020-04-26 17:15:33 [DEBUG] [root]自动加载类：heephp\database\mysqli
2020-04-26 17:15:33 [DEBUG] [root]自动加载类：heephp\database\databaseInterface
2020-04-26 17:15:33 [DEBUG] [root]SHOW COLUMNS FROM `heecms_config`
2020-04-26 17:15:33 [DEBUG] [root]自动加载类：heephp\cache\file
2020-04-26 17:15:33 [DEBUG] [root]自动加载类：heephp\cache\cacheInterface
2020-04-26 17:15:33 [DEBUG] [root]自动加载类：heephp\formbulider
2020-04-26 17:18:49 [DEBUG] [root]自动加载类：heephp\database\mysqli
2020-04-26 17:18:49 [DEBUG] [root]自动加载类：heephp\database\databaseInterface
2020-04-26 17:18:49 [DEBUG] [root]SHOW COLUMNS FROM `heecms_config`
2020-04-26 17:18:49 [DEBUG] [root]自动加载类：heephp\cache\file
2020-04-26 17:18:49 [DEBUG] [root]自动加载类：heephp\cache\cacheInterface
2020-04-26 17:18:49 [DEBUG] [root]自动加载类：heephp\formbulider
2020-04-26 17:19:00 [DEBUG] [root]自动加载类：heephp\database\mysqli
2020-04-26 17:19:00 [DEBUG] [root]自动加载类：heephp\database\databaseInterface
2020-04-26 17:19:00 [DEBUG] [root]SHOW COLUMNS FROM `heecms_config`
2020-04-26 17:19:00 [DEBUG] [root]自动加载类：heephp\cache\file
2020-04-26 17:19:00 [DEBUG] [root]自动加载类：heephp\cache\cacheInterface
2020-04-26 17:19:00 [DEBUG] [root]自动加载类：heephp\formbulider
2020-04-26 17:19:18 [DEBUG] [root]自动加载类：heephp\database\mysqli
2020-04-26 17:19:18 [DEBUG] [root]自动加载类：heephp\database\databaseInterface
2020-04-26 17:19:18 [DEBUG] [root]SHOW COLUMNS FROM `heecms_config`
2020-04-26 17:19:18 [DEBUG] [root]自动加载类：heephp\cache\file
2020-04-26 17:19:18 [DEBUG] [root]自动加载类：heephp\cache\cacheInterface
2020-04-26 17:19:18 [DEBUG] [root]select `name`,`value` from heecms_config where 1=1  order by id asc 
2020-04-26 17:19:18 [DEBUG] [root]自动加载类：heephp\formbulider
2020-04-26 17:20:55 [DEBUG] [root]自动加载类：heephp\database\mysqli
2020-04-26 17:20:55 [DEBUG] [root]自动加载类：heephp\database\databaseInterface
2020-04-26 17:20:55 [DEBUG] [root]SHOW COLUMNS FROM `heecms_config`
2020-04-26 17:20:55 [DEBUG] [root]自动加载类：heephp\cache\file
2020-04-26 17:20:55 [DEBUG] [root]自动加载类：heephp\cache\cacheInterface
2020-04-26 17:20:55 [DEBUG] [root]自动加载类：heephp\formbulider
2020-04-26 17:24:26 [DEBUG] [root]自动加载类：heephp\database\mysqli
2020-04-26 17:24:26 [DEBUG] [root]自动加载类：heephp\database\databaseInterface
2020-04-26 17:24:26 [DEBUG] [root]SHOW COLUMNS FROM `heecms_config`
2020-04-26 17:24:26 [DEBUG] [root]自动加载类：heephp\cache\file
2020-04-26 17:24:26 [DEBUG] [root]自动加载类：heephp\cache\cacheInterface
2020-04-26 17:24:26 [DEBUG] [root]自动加载类：heephp\formbulider
2020-04-26 17:24:39 [DEBUG] [root]自动加载类：heephp\database\mysqli
2020-04-26 17:24:39 [DEBUG] [root]自动加载类：heephp\database\databaseInterface
2020-04-26 17:24:39 [DEBUG] [root]SHOW COLUMNS FROM `heecms_config`
2020-04-26 17:24:39 [DEBUG] [root]自动加载类：heephp\cache\file
2020-04-26 17:24:39 [DEBUG] [root]自动加载类：heephp\cache\cacheInterface
2020-04-26 17:24:39 [DEBUG] [root]自动加载类：heephp\formbulider
2020-04-26 17:33:10 [DEBUG] [root]自动加载类：heephp\database\mysqli
2020-04-26 17:33:10 [DEBUG] [root]自动加载类：heephp\database\databaseInterface
2020-04-26 17:33:10 [DEBUG] [root]SHOW COLUMNS FROM `heecms_config`
2020-04-26 17:33:10 [DEBUG] [root]自动加载类：heephp\cache\file
2020-04-26 17:33:10 [DEBUG] [root]自动加载类：heephp\cache\cacheInterface
2020-04-26 17:33:10 [DEBUG] [root]自动加载类：heephp\formbulider
2020-04-26 17:33:12 [DEBUG] [root]自动加载类：heephp\database\mysqli
2020-04-26 17:33:12 [DEBUG] [root]自动加载类：heephp\database\databaseInterface
2020-04-26 17:33:12 [DEBUG] [root]SHOW COLUMNS FROM `heecms_config`
2020-04-26 17:33:12 [DEBUG] [root]自动加载类：heephp\cache\file
2020-04-26 17:33:12 [DEBUG] [root]自动加载类：heephp\cache\cacheInterface
2020-04-26 17:33:12 [DEBUG] [root]自动加载类：heephp\formbulider
2020-04-26 17:33:12 [DEBUG] [root]自动加载类：heephp\database\mysqli
2020-04-26 17:33:12 [DEBUG] [root]自动加载类：heephp\database\databaseInterface
2020-04-26 17:33:12 [DEBUG] [root]SHOW COLUMNS FROM `heecms_config`
2020-04-26 17:33:12 [DEBUG] [root]自动加载类：heephp\cache\file
2020-04-26 17:33:12 [DEBUG] [root]自动加载类：heephp\cache\cacheInterface
2020-04-26 17:33:12 [DEBUG] [root]自动加载类：heephp\formbulider
2020-04-26 17:33:50 [DEBUG] [root]自动加载类：heephp\database\mysqli
2020-04-26 17:33:50 [DEBUG] [root]自动加载类：heephp\database\databaseInterface
2020-04-26 17:33:50 [DEBUG] [root]SHOW COLUMNS FROM `heecms_config`
2020-04-26 17:33:50 [DEBUG] [root]自动加载类：heephp\cache\file
2020-04-26 17:33:50 [DEBUG] [root]自动加载类：heephp\cache\cacheInterface
2020-04-26 17:33:50 [DEBUG] [root]自动加载类：heephp\formbulider
2020-04-26 17:35:10 [DEBUG] [root]自动加载类：heephp\database\mysqli
2020-04-26 17:35:10 [DEBUG] [root]自动加载类：heephp\database\databaseInterface
2020-04-26 17:35:10 [DEBUG] [root]SHOW COLUMNS FROM `heecms_config`
2020-04-26 17:35:10 [DEBUG] [root]自动加载类：heephp\cache\file
2020-04-26 17:35:10 [DEBUG] [root]自动加载类：heephp\cache\cacheInterface
2020-04-26 17:35:10 [DEBUG] [root]自动加载类：heephp\formbulider
2020-04-26 17:35:25 [DEBUG] [root]自动加载类：heephp\database\mysqli
2020-04-26 17:35:25 [DEBUG] [root]自动加载类：heephp\database\databaseInterface
2020-04-26 17:35:25 [DEBUG] [root]SHOW COLUMNS FROM `heecms_config`
2020-04-26 17:35:25 [DEBUG] [root]自动加载类：heephp\cache\file
2020-04-26 17:35:25 [DEBUG] [root]自动加载类：heephp\cache\cacheInterface
2020-04-26 17:35:25 [DEBUG] [root]自动加载类：heephp\formbulider
2020-04-26 17:35:43 [DEBUG] [root]自动加载类：heephp\database\mysqli
2020-04-26 17:35:43 [DEBUG] [root]自动加载类：heephp\database\databaseInterface
2020-04-26 17:35:43 [DEBUG] [root]SHOW COLUMNS FROM `heecms_config`
2020-04-26 17:35:43 [DEBUG] [root]自动加载类：heephp\cache\file
2020-04-26 17:35:43 [DEBUG] [root]自动加载类：heephp\cache\cacheInterface
2020-04-26 17:35:43 [DEBUG] [root]自动加载类：heephp\formbulider
2020-04-26 17:36:02 [DEBUG] [root]自动加载类：heephp\database\mysqli
2020-04-26 17:36:02 [DEBUG] [root]自动加载类：heephp\database\databaseInterface
2020-04-26 17:36:02 [DEBUG] [root]SHOW COLUMNS FROM `heecms_config`
2020-04-26 17:36:02 [DEBUG] [root]自动加载类：heephp\cache\file
2020-04-26 17:36:02 [DEBUG] [root]自动加载类：heephp\cache\cacheInterface
2020-04-26 17:36:02 [DEBUG] [root]自动加载类：heephp\formbulider
2020-04-26 17:36:16 [DEBUG] [root]自动加载类：heephp\database\mysqli
2020-04-26 17:36:16 [DEBUG] [root]自动加载类：heephp\database\databaseInterface
2020-04-26 17:36:16 [DEBUG] [root]SHOW COLUMNS FROM `heecms_config`
2020-04-26 17:36:16 [DEBUG] [root]自动加载类：heephp\cache\file
2020-04-26 17:36:16 [DEBUG] [root]自动加载类：heephp\cache\cacheInterface
2020-04-26 17:36:16 [DEBUG] [root]自动加载类：heephp\formbulider
2020-04-26 17:38:51 [DEBUG] [root]自动加载类：heephp\database\mysqli
2020-04-26 17:38:51 [DEBUG] [root]自动加载类：heephp\database\databaseInterface
2020-04-26 17:38:51 [DEBUG] [root]SHOW COLUMNS FROM `heecms_config`
2020-04-26 17:38:51 [DEBUG] [root]自动加载类：heephp\cache\file
2020-04-26 17:38:51 [DEBUG] [root]自动加载类：heephp\cache\cacheInterface
2020-04-26 17:38:51 [DEBUG] [root]自动加载类：heephp\formbulider
2020-04-26 17:39:37 [DEBUG] [root]自动加载类：heephp\database\mysqli
2020-04-26 17:39:37 [DEBUG] [root]自动加载类：heephp\database\databaseInterface
2020-04-26 17:39:37 [DEBUG] [root]SHOW COLUMNS FROM `heecms_config`
2020-04-26 17:39:37 [DEBUG] [root]自动加载类：heephp\cache\file
2020-04-26 17:39:37 [DEBUG] [root]自动加载类：heephp\cache\cacheInterface
2020-04-26 17:39:37 [DEBUG] [root]自动加载类：heephp\formbulider
2020-04-26 17:39:39 [DEBUG] [root]自动加载类：heephp\database\mysqli
2020-04-26 17:39:39 [DEBUG] [root]自动加载类：heephp\database\databaseInterface
2020-04-26 17:39:39 [DEBUG] [root]SHOW COLUMNS FROM `heecms_config`
2020-04-26 17:39:39 [DEBUG] [root]自动加载类：heephp\cache\file
2020-04-26 17:39:39 [DEBUG] [root]自动加载类：heephp\cache\cacheInterface
2020-04-26 17:39:39 [DEBUG] [root]自动加载类：heephp\formbulider
2020-04-26 17:41:56 [DEBUG] [root]自动加载类：heephp\database\mysqli
2020-04-26 17:41:56 [DEBUG] [root]自动加载类：heephp\database\databaseInterface
2020-04-26 17:41:56 [DEBUG] [root]SHOW COLUMNS FROM `heecms_config`
2020-04-26 17:41:56 [DEBUG] [root]自动加载类：heephp\cache\file
2020-04-26 17:41:56 [DEBUG] [root]自动加载类：heephp\cache\cacheInterface
2020-04-26 17:41:56 [DEBUG] [root]自动加载类：heephp\formbulider
2020-04-26 17:41:57 [DEBUG] [root]自动加载类：heephp\database\mysqli
2020-04-26 17:41:57 [DEBUG] [root]自动加载类：heephp\database\databaseInterface
2020-04-26 17:41:57 [DEBUG] [root]SHOW COLUMNS FROM `heecms_config`
2020-04-26 17:41:57 [DEBUG] [root]自动加载类：heephp\cache\file
2020-04-26 17:41:57 [DEBUG] [root]自动加载类：heephp\cache\cacheInterface
2020-04-26 17:41:57 [DEBUG] [root]自动加载类：heephp\formbulider
2020-04-26 17:42:27 [DEBUG] [root]自动加载类：heephp\database\mysqli
2020-04-26 17:42:27 [DEBUG] [root]自动加载类：heephp\database\databaseInterface
2020-04-26 17:42:27 [DEBUG] [root]SHOW COLUMNS FROM `heecms_config`
2020-04-26 17:42:27 [DEBUG] [root]自动加载类：heephp\cache\file
2020-04-26 17:42:27 [DEBUG] [root]自动加载类：heephp\cache\cacheInterface
2020-04-26 17:42:27 [DEBUG] [root]自动加载类：heephp\formbulider
2020-04-26 17:42:29 [DEBUG] [root]自动加载类：heephp\database\mysqli
2020-04-26 17:42:29 [DEBUG] [root]自动加载类：heephp\database\databaseInterface
2020-04-26 17:42:29 [DEBUG] [root]SHOW COLUMNS FROM `heecms_config`
2020-04-26 17:42:29 [DEBUG] [root]自动加载类：heephp\cache\file
2020-04-26 17:42:29 [DEBUG] [root]自动加载类：heephp\cache\cacheInterface
2020-04-26 17:42:29 [DEBUG] [root]自动加载类：heephp\formbulider
2020-04-26 17:42:29 [DEBUG] [root]自动加载类：heephp\database\mysqli
2020-04-26 17:42:29 [DEBUG] [root]自动加载类：heephp\database\databaseInterface
2020-04-26 17:42:29 [DEBUG] [root]SHOW COLUMNS FROM `heecms_config`
2020-04-26 17:42:29 [DEBUG] [root]自动加载类：heephp\cache\file
2020-04-26 17:42:29 [DEBUG] [root]自动加载类：heephp\cache\cacheInterface
2020-04-26 17:42:29 [DEBUG] [root]自动加载类：heephp\formbulider
2020-04-26 17:42:49 [DEBUG] [root]自动加载类：heephp\database\mysqli
2020-04-26 17:42:49 [DEBUG] [root]自动加载类：heephp\database\databaseInterface
2020-04-26 17:42:49 [DEBUG] [root]SHOW COLUMNS FROM `heecms_config`
2020-04-26 17:42:49 [DEBUG] [root]自动加载类：heephp\cache\file
2020-04-26 17:42:49 [DEBUG] [root]自动加载类：heephp\cache\cacheInterface
2020-04-26 17:42:49 [DEBUG] [root]自动加载类：heephp\formbulider
2020-04-26 17:42:50 [DEBUG] [root]自动加载类：heephp\database\mysqli
2020-04-26 17:42:50 [DEBUG] [root]自动加载类：heephp\database\databaseInterface
2020-04-26 17:42:50 [DEBUG] [root]SHOW COLUMNS FROM `heecms_config`
2020-04-26 17:42:50 [DEBUG] [root]自动加载类：heephp\cache\file
2020-04-26 17:42:50 [DEBUG] [root]自动加载类：heephp\cache\cacheInterface
2020-04-26 17:42:50 [DEBUG] [root]自动加载类：heephp\formbulider
2020-04-26 17:42:51 [DEBUG] [root]自动加载类：heephp\database\mysqli
2020-04-26 17:42:51 [DEBUG] [root]自动加载类：heephp\database\databaseInterface
2020-04-26 17:42:51 [DEBUG] [root]SHOW COLUMNS FROM `heecms_config`
2020-04-26 17:42:51 [DEBUG] [root]自动加载类：heephp\cache\file
2020-04-26 17:42:51 [DEBUG] [root]自动加载类：heephp\cache\cacheInterface
2020-04-26 17:42:51 [DEBUG] [root]自动加载类：heephp\formbulider
2020-04-26 17:43:06 [DEBUG] [root]自动加载类：heephp\database\mysqli
2020-04-26 17:43:06 [DEBUG] [root]自动加载类：heephp\database\databaseInterface
2020-04-26 17:43:06 [DEBUG] [root]SHOW COLUMNS FROM `heecms_config`
2020-04-26 17:43:06 [DEBUG] [root]自动加载类：heephp\cache\file
2020-04-26 17:43:06 [DEBUG] [root]自动加载类：heephp\cache\cacheInterface
2020-04-26 17:43:06 [DEBUG] [root]自动加载类：heephp\formbulider
2020-04-26 17:43:10 [DEBUG] [root]自动加载类：heephp\database\mysqli
2020-04-26 17:43:10 [DEBUG] [root]自动加载类：heephp\database\databaseInterface
2020-04-26 17:43:10 [DEBUG] [root]SHOW COLUMNS FROM `heecms_config`
2020-04-26 17:43:10 [DEBUG] [root]自动加载类：heephp\cache\file
2020-04-26 17:43:10 [DEBUG] [root]自动加载类：heephp\cache\cacheInterface
2020-04-26 17:43:10 [DEBUG] [root]自动加载类：heephp\formbulider
2020-04-26 17:43:26 [DEBUG] [root]自动加载类：heephp\database\mysqli
2020-04-26 17:43:26 [DEBUG] [root]自动加载类：heephp\database\databaseInterface
2020-04-26 17:43:26 [DEBUG] [root]SHOW COLUMNS FROM `heecms_config`
2020-04-26 17:43:26 [DEBUG] [root]自动加载类：heephp\cache\file
2020-04-26 17:43:26 [DEBUG] [root]自动加载类：heephp\cache\cacheInterface
2020-04-26 17:43:26 [DEBUG] [root]自动加载类：heephp\formbulider
2020-04-26 17:43:34 [DEBUG] [root]自动加载类：heephp\database\mysqli
2020-04-26 17:43:34 [DEBUG] [root]自动加载类：heephp\database\databaseInterface
2020-04-26 17:43:34 [DEBUG] [root]SHOW COLUMNS FROM `heecms_config`
2020-04-26 17:43:34 [DEBUG] [root]自动加载类：heephp\cache\file
2020-04-26 17:43:34 [DEBUG] [root]自动加载类：heephp\cache\cacheInterface
2020-04-26 17:43:34 [DEBUG] [root]自动加载类：heephp\formbulider
2020-04-26 17:43:34 [DEBUG] [root]自动加载类：heephp\database\mysqli
2020-04-26 17:43:34 [DEBUG] [root]自动加载类：heephp\database\databaseInterface
2020-04-26 17:43:34 [DEBUG] [root]SHOW COLUMNS FROM `heecms_config`
2020-04-26 17:43:34 [DEBUG] [root]自动加载类：heephp\cache\file
2020-04-26 17:43:34 [DEBUG] [root]自动加载类：heephp\cache\cacheInterface
2020-04-26 17:43:34 [DEBUG] [root]自动加载类：heephp\formbulider
2020-04-26 17:43:35 [DEBUG] [root]自动加载类：heephp\database\mysqli
2020-04-26 17:43:35 [DEBUG] [root]自动加载类：heephp\database\databaseInterface
2020-04-26 17:43:35 [DEBUG] [root]SHOW COLUMNS FROM `heecms_config`
2020-04-26 17:43:35 [DEBUG] [root]自动加载类：heephp\cache\file
2020-04-26 17:43:35 [DEBUG] [root]自动加载类：heephp\cache\cacheInterface
2020-04-26 17:43:35 [DEBUG] [root]自动加载类：heephp\formbulider
2020-04-26 17:43:35 [DEBUG] [root]自动加载类：heephp\database\mysqli
2020-04-26 17:43:35 [DEBUG] [root]自动加载类：heephp\database\databaseInterface
2020-04-26 17:43:35 [DEBUG] [root]SHOW COLUMNS FROM `heecms_config`
2020-04-26 17:43:35 [DEBUG] [root]自动加载类：heephp\cache\file
2020-04-26 17:43:35 [DEBUG] [root]自动加载类：heephp\cache\cacheInterface
2020-04-26 17:43:35 [DEBUG] [root]自动加载类：heephp\formbulider
2020-04-26 17:43:35 [DEBUG] [root]自动加载类：heephp\database\mysqli
2020-04-26 17:43:35 [DEBUG] [root]自动加载类：heephp\database\databaseInterface
2020-04-26 17:43:35 [DEBUG] [root]SHOW COLUMNS FROM `heecms_config`
2020-04-26 17:43:36 [DEBUG] [root]自动加载类：heephp\cache\file
2020-04-26 17:43:36 [DEBUG] [root]自动加载类：heephp\cache\cacheInterface
2020-04-26 17:43:36 [DEBUG] [root]自动加载类：heephp\formbulider
2020-04-26 17:48:50 [DEBUG] [root]自动加载类：heephp\database\mysqli
2020-04-26 17:48:50 [DEBUG] [root]自动加载类：heephp\database\databaseInterface
2020-04-26 17:48:50 [DEBUG] [root]SHOW COLUMNS FROM `heecms_config`
2020-04-26 17:48:50 [DEBUG] [root]自动加载类：heephp\cache\file
2020-04-26 17:48:50 [DEBUG] [root]自动加载类：heephp\cache\cacheInterface
2020-04-26 17:48:50 [DEBUG] [root]自动加载类：heephp\formbulider
2020-04-26 17:48:51 [DEBUG] [root]自动加载类：heephp\database\mysqli
2020-04-26 17:48:51 [DEBUG] [root]自动加载类：heephp\database\databaseInterface
2020-04-26 17:48:51 [DEBUG] [root]SHOW COLUMNS FROM `heecms_config`
2020-04-26 17:48:51 [DEBUG] [root]自动加载类：heephp\cache\file
2020-04-26 17:48:51 [DEBUG] [root]自动加载类：heephp\cache\cacheInterface
2020-04-26 17:48:51 [DEBUG] [root]自动加载类：heephp\formbulider
2020-04-26 17:49:33 [DEBUG] [root]自动加载类：heephp\database\mysqli
2020-04-26 17:49:33 [DEBUG] [root]自动加载类：heephp\database\databaseInterface
2020-04-26 17:49:33 [DEBUG] [root]SHOW COLUMNS FROM `heecms_config`
2020-04-26 17:49:33 [DEBUG] [root]自动加载类：heephp\cache\file
2020-04-26 17:49:33 [DEBUG] [root]自动加载类：heephp\cache\cacheInterface
2020-04-26 17:49:33 [DEBUG] [root]自动加载类：heephp\formbulider
2020-04-26 17:49:49 [DEBUG] [root]自动加载类：heephp\database\mysqli
2020-04-26 17:49:49 [DEBUG] [root]自动加载类：heephp\database\databaseInterface
2020-04-26 17:49:49 [DEBUG] [root]SHOW COLUMNS FROM `heecms_config`
2020-04-26 17:49:49 [DEBUG] [root]自动加载类：heephp\cache\file
2020-04-26 17:49:49 [DEBUG] [root]自动加载类：heephp\cache\cacheInterface
2020-04-26 17:49:49 [DEBUG] [root]自动加载类：heephp\formbulider
