2020-04-26 22:01:18 [DEBUG] [root]自动加载类：heephp\database\mysqli
2020-04-26 22:01:18 [DEBUG] [root]自动加载类：heephp\database\databaseInterface
2020-04-26 22:01:18 [DEBUG] [root]SHOW COLUMNS FROM `heecms_config`
2020-04-26 22:01:18 [DEBUG] [root]自动加载类：heephp\cache\file
2020-04-26 22:01:18 [DEBUG] [root]自动加载类：heephp\cache\cacheInterface
2020-04-26 22:01:18 [DEBUG] [root]select `name`,`value` from heecms_config where 1=1  order by id asc 
2020-04-26 22:01:18 [DEBUG] [root]select * from heecms_link_group where (1=1) and (delete_time IS NULL or delete_time <=0 or delete_time='')  
2020-04-26 22:01:18 [DEBUG] [root]select * from heecms_link where (parent_id<1 and link_group_id=1) and (delete_time IS NULL or delete_time <=0 or delete_time='')  order by ord asc 
2020-04-26 22:02:58 [DEBUG] [root]自动加载类：heephp\database\mysqli
2020-04-26 22:02:58 [DEBUG] [root]自动加载类：heephp\database\databaseInterface
2020-04-26 22:02:58 [DEBUG] [root]SHOW COLUMNS FROM `heecms_config`
2020-04-26 22:02:58 [DEBUG] [root]自动加载类：heephp\cache\file
2020-04-26 22:02:58 [DEBUG] [root]自动加载类：heephp\cache\cacheInterface
2020-04-26 22:02:58 [DEBUG] [root]select `name`,`value` from heecms_config where 1=1  order by id asc 
2020-04-26 22:02:58 [DEBUG] [root]select * from heecms_link_group where (1=1) and (delete_time IS NULL or delete_time <=0 or delete_time='')  
2020-04-26 22:02:58 [DEBUG] [root]select * from heecms_link where (parent_id<1 and link_group_id=1) and (delete_time IS NULL or delete_time <=0 or delete_time='')  order by ord asc 
2020-04-26 22:03:50 [DEBUG] [root]自动加载类：heephp\database\mysqli
2020-04-26 22:03:50 [DEBUG] [root]自动加载类：heephp\database\databaseInterface
2020-04-26 22:03:50 [DEBUG] [root]SHOW COLUMNS FROM `heecms_config`
2020-04-26 22:03:50 [DEBUG] [root]自动加载类：heephp\cache\file
2020-04-26 22:03:50 [DEBUG] [root]自动加载类：heephp\cache\cacheInterface
2020-04-26 22:03:50 [DEBUG] [root]select `name`,`value` from heecms_config where 1=1  order by id asc 
2020-04-26 22:03:50 [DEBUG] [root]select * from heecms_link_group where (1=1) and (delete_time IS NULL or delete_time <=0 or delete_time='')  
2020-04-26 22:03:50 [DEBUG] [root]select * from heecms_link where (parent_id<1 and link_group_id=1) and (delete_time IS NULL or delete_time <=0 or delete_time='')  order by ord asc 
2020-04-26 22:04:04 [DEBUG] [root]自动加载类：heephp\database\mysqli
2020-04-26 22:04:04 [DEBUG] [root]自动加载类：heephp\database\databaseInterface
2020-04-26 22:04:04 [DEBUG] [root]SHOW COLUMNS FROM `heecms_config`
2020-04-26 22:04:04 [DEBUG] [root]自动加载类：heephp\cache\file
2020-04-26 22:04:04 [DEBUG] [root]自动加载类：heephp\cache\cacheInterface
2020-04-26 22:04:04 [DEBUG] [root]select `name`,`value` from heecms_config where 1=1  order by id asc 
2020-04-26 22:04:04 [DEBUG] [root]select * from heecms_link_group where (1=1) and (delete_time IS NULL or delete_time <=0 or delete_time='')  
2020-04-26 22:04:04 [DEBUG] [root]select * from heecms_link where (parent_id<1 and link_group_id=1) and (delete_time IS NULL or delete_time <=0 or delete_time='')  order by ord asc 
2020-04-26 22:05:08 [DEBUG] [root]自动加载类：heephp\database\mysqli
2020-04-26 22:05:08 [DEBUG] [root]自动加载类：heephp\database\databaseInterface
2020-04-26 22:05:08 [DEBUG] [root]SHOW COLUMNS FROM `heecms_config`
2020-04-26 22:05:08 [DEBUG] [root]自动加载类：heephp\cache\file
2020-04-26 22:05:08 [DEBUG] [root]自动加载类：heephp\cache\cacheInterface
2020-04-26 22:05:08 [DEBUG] [root]select `name`,`value` from heecms_config where 1=1  order by id asc 
2020-04-26 22:05:08 [DEBUG] [root]select * from heecms_link_group where (1=1) and (delete_time IS NULL or delete_time <=0 or delete_time='')  
2020-04-26 22:05:08 [DEBUG] [root]select * from heecms_link where (parent_id<1 and link_group_id=1) and (delete_time IS NULL or delete_time <=0 or delete_time='')  order by ord asc 
2020-04-26 22:05:32 [DEBUG] [root]自动加载类：heephp\database\mysqli
2020-04-26 22:05:32 [DEBUG] [root]自动加载类：heephp\database\databaseInterface
2020-04-26 22:05:32 [DEBUG] [root]SHOW COLUMNS FROM `heecms_config`
2020-04-26 22:05:32 [DEBUG] [root]自动加载类：heephp\cache\file
2020-04-26 22:05:32 [DEBUG] [root]自动加载类：heephp\cache\cacheInterface
2020-04-26 22:05:32 [DEBUG] [root]select `name`,`value` from heecms_config where 1=1  order by id asc 
2020-04-26 22:05:32 [DEBUG] [root]select * from heecms_link_group where (1=1) and (delete_time IS NULL or delete_time <=0 or delete_time='')  
2020-04-26 22:05:32 [DEBUG] [root]select * from heecms_link where (parent_id<1 and link_group_id=1) and (delete_time IS NULL or delete_time <=0 or delete_time='')  order by ord asc 
2020-04-26 22:12:49 [DEBUG] [root]自动加载类：heephp\database\mysqli
2020-04-26 22:12:49 [DEBUG] [root]自动加载类：heephp\database\databaseInterface
2020-04-26 22:12:49 [DEBUG] [root]SHOW COLUMNS FROM `heecms_config`
2020-04-26 22:12:49 [DEBUG] [root]自动加载类：heephp\cache\file
2020-04-26 22:12:49 [DEBUG] [root]自动加载类：heephp\cache\cacheInterface
2020-04-26 22:12:49 [DEBUG] [root]select `name`,`value` from heecms_config where 1=1  order by id asc 
2020-04-26 22:12:49 [DEBUG] [root]select * from heecms_link_group where (1=1) and (delete_time IS NULL or delete_time <=0 or delete_time='')  
2020-04-26 22:12:49 [DEBUG] [root]select * from heecms_link where (parent_id<1 and link_group_id=1) and (delete_time IS NULL or delete_time <=0 or delete_time='')  order by ord asc 
2020-04-26 22:14:16 [DEBUG] [root]自动加载类：heephp\database\mysqli
2020-04-26 22:14:16 [DEBUG] [root]自动加载类：heephp\database\databaseInterface
2020-04-26 22:14:16 [DEBUG] [root]SHOW COLUMNS FROM `heecms_config`
2020-04-26 22:14:16 [DEBUG] [root]自动加载类：heephp\cache\file
2020-04-26 22:14:16 [DEBUG] [root]自动加载类：heephp\cache\cacheInterface
2020-04-26 22:14:16 [DEBUG] [root]select `name`,`value` from heecms_config where 1=1  order by id asc 
2020-04-26 22:14:17 [DEBUG] [root]select * from heecms_link_group where (1=1) and (delete_time IS NULL or delete_time <=0 or delete_time='')  
2020-04-26 22:14:17 [DEBUG] [root]select * from heecms_link where (parent_id<1 and link_group_id=1) and (delete_time IS NULL or delete_time <=0 or delete_time='')  order by ord asc 
2020-04-26 22:15:00 [DEBUG] [root]自动加载类：heephp\database\mysqli
2020-04-26 22:15:00 [DEBUG] [root]自动加载类：heephp\database\databaseInterface
2020-04-26 22:15:00 [DEBUG] [root]SHOW COLUMNS FROM `heecms_config`
2020-04-26 22:15:00 [DEBUG] [root]自动加载类：heephp\cache\file
2020-04-26 22:15:00 [DEBUG] [root]自动加载类：heephp\cache\cacheInterface
2020-04-26 22:15:00 [DEBUG] [root]select `name`,`value` from heecms_config where 1=1  order by id asc 
2020-04-26 22:15:00 [DEBUG] [root]select * from heecms_link_group where (1=1) and (delete_time IS NULL or delete_time <=0 or delete_time='')  
2020-04-26 22:15:00 [DEBUG] [root]select * from heecms_link where (parent_id<1 and link_group_id=1) and (delete_time IS NULL or delete_time <=0 or delete_time='')  order by ord asc 
2020-04-26 22:16:38 [DEBUG] [root]自动加载类：heephp\database\mysqli
2020-04-26 22:16:38 [DEBUG] [root]自动加载类：heephp\database\databaseInterface
2020-04-26 22:16:38 [DEBUG] [root]SHOW COLUMNS FROM `heecms_config`
2020-04-26 22:16:38 [DEBUG] [root]自动加载类：heephp\cache\file
2020-04-26 22:16:38 [DEBUG] [root]自动加载类：heephp\cache\cacheInterface
2020-04-26 22:16:38 [DEBUG] [root]select `name`,`value` from heecms_config where 1=1  order by id asc 
2020-04-26 22:16:39 [DEBUG] [root]select * from heecms_link_group where (1=1) and (delete_time IS NULL or delete_time <=0 or delete_time='')  
2020-04-26 22:16:39 [DEBUG] [root]select * from heecms_link where (parent_id<1 and link_group_id=1) and (delete_time IS NULL or delete_time <=0 or delete_time='')  order by ord asc 
2020-04-26 22:17:03 [DEBUG] [root]自动加载类：heephp\database\mysqli
2020-04-26 22:17:03 [DEBUG] [root]自动加载类：heephp\database\databaseInterface
2020-04-26 22:17:03 [DEBUG] [root]SHOW COLUMNS FROM `heecms_config`
2020-04-26 22:17:03 [DEBUG] [root]自动加载类：heephp\cache\file
2020-04-26 22:17:03 [DEBUG] [root]自动加载类：heephp\cache\cacheInterface
2020-04-26 22:17:03 [DEBUG] [root]select `name`,`value` from heecms_config where 1=1  order by id asc 
2020-04-26 22:17:03 [DEBUG] [root]select * from heecms_link_group where (1=1) and (delete_time IS NULL or delete_time <=0 or delete_time='')  
2020-04-26 22:17:03 [DEBUG] [root]select * from heecms_link where (parent_id<1 and link_group_id=1) and (delete_time IS NULL or delete_time <=0 or delete_time='')  order by ord asc 
2020-04-26 22:17:15 [DEBUG] [root]自动加载类：heephp\database\mysqli
2020-04-26 22:17:15 [DEBUG] [root]自动加载类：heephp\database\databaseInterface
2020-04-26 22:17:15 [DEBUG] [root]SHOW COLUMNS FROM `heecms_config`
2020-04-26 22:17:15 [DEBUG] [root]自动加载类：heephp\cache\file
2020-04-26 22:17:15 [DEBUG] [root]自动加载类：heephp\cache\cacheInterface
2020-04-26 22:17:15 [DEBUG] [root]select `name`,`value` from heecms_config where 1=1  order by id asc 
2020-04-26 22:17:16 [DEBUG] [root]select * from heecms_link_group where (1=1) and (delete_time IS NULL or delete_time <=0 or delete_time='')  
2020-04-26 22:17:16 [DEBUG] [root]select * from heecms_link where (parent_id<1 and link_group_id=1) and (delete_time IS NULL or delete_time <=0 or delete_time='')  order by ord asc 
2020-04-26 22:17:56 [DEBUG] [root]自动加载类：heephp\database\mysqli
2020-04-26 22:17:56 [DEBUG] [root]自动加载类：heephp\database\databaseInterface
2020-04-26 22:17:56 [DEBUG] [root]SHOW COLUMNS FROM `heecms_config`
2020-04-26 22:17:56 [DEBUG] [root]自动加载类：heephp\cache\file
2020-04-26 22:17:56 [DEBUG] [root]自动加载类：heephp\cache\cacheInterface
2020-04-26 22:17:56 [DEBUG] [root]select `name`,`value` from heecms_config where 1=1  order by id asc 
2020-04-26 22:17:57 [DEBUG] [root]select * from heecms_link_group where (1=1) and (delete_time IS NULL or delete_time <=0 or delete_time='')  
2020-04-26 22:17:57 [DEBUG] [root]select * from heecms_link where (parent_id<1 and link_group_id=1) and (delete_time IS NULL or delete_time <=0 or delete_time='')  order by ord asc 
2020-04-26 22:19:40 [DEBUG] [root]自动加载类：heephp\database\mysqli
2020-04-26 22:19:40 [DEBUG] [root]自动加载类：heephp\database\databaseInterface
2020-04-26 22:19:40 [DEBUG] [root]SHOW COLUMNS FROM `heecms_config`
2020-04-26 22:19:40 [DEBUG] [root]自动加载类：heephp\cache\file
2020-04-26 22:19:40 [DEBUG] [root]自动加载类：heephp\cache\cacheInterface
2020-04-26 22:19:40 [DEBUG] [root]select `name`,`value` from heecms_config where 1=1  order by id asc 
2020-04-26 22:19:40 [DEBUG] [root]select * from heecms_link_group where (1=1) and (delete_time IS NULL or delete_time <=0 or delete_time='')  
2020-04-26 22:19:40 [DEBUG] [root]select * from heecms_link where (parent_id<1 and link_group_id=1) and (delete_time IS NULL or delete_time <=0 or delete_time='')  order by ord asc 
2020-04-26 22:20:12 [DEBUG] [root]自动加载类：heephp\database\mysqli
2020-04-26 22:20:12 [DEBUG] [root]自动加载类：heephp\database\databaseInterface
2020-04-26 22:20:12 [DEBUG] [root]SHOW COLUMNS FROM `heecms_config`
2020-04-26 22:20:12 [DEBUG] [root]自动加载类：heephp\cache\file
2020-04-26 22:20:12 [DEBUG] [root]自动加载类：heephp\cache\cacheInterface
2020-04-26 22:20:12 [DEBUG] [root]select `name`,`value` from heecms_config where 1=1  order by id asc 
2020-04-26 22:20:12 [DEBUG] [root]select * from heecms_link_group where (1=1) and (delete_time IS NULL or delete_time <=0 or delete_time='')  
2020-04-26 22:20:12 [DEBUG] [root]select * from heecms_link where (parent_id<1 and link_group_id=1) and (delete_time IS NULL or delete_time <=0 or delete_time='')  order by ord asc 
2020-04-26 22:20:34 [DEBUG] [root]自动加载类：heephp\database\mysqli
2020-04-26 22:20:34 [DEBUG] [root]自动加载类：heephp\database\databaseInterface
2020-04-26 22:20:34 [DEBUG] [root]SHOW COLUMNS FROM `heecms_config`
2020-04-26 22:20:34 [DEBUG] [root]自动加载类：heephp\cache\file
2020-04-26 22:20:34 [DEBUG] [root]自动加载类：heephp\cache\cacheInterface
2020-04-26 22:20:34 [DEBUG] [root]select `name`,`value` from heecms_config where 1=1  order by id asc 
2020-04-26 22:20:34 [DEBUG] [root]select * from heecms_link_group where (1=1) and (delete_time IS NULL or delete_time <=0 or delete_time='')  
2020-04-26 22:20:34 [DEBUG] [root]select * from heecms_link where (parent_id<1 and link_group_id=1) and (delete_time IS NULL or delete_time <=0 or delete_time='')  order by ord asc 
2020-04-26 22:21:11 [DEBUG] [root]自动加载类：heephp\database\mysqli
2020-04-26 22:21:11 [DEBUG] [root]自动加载类：heephp\database\databaseInterface
2020-04-26 22:21:11 [DEBUG] [root]SHOW COLUMNS FROM `heecms_config`
2020-04-26 22:21:11 [DEBUG] [root]自动加载类：heephp\cache\file
2020-04-26 22:21:11 [DEBUG] [root]自动加载类：heephp\cache\cacheInterface
2020-04-26 22:21:11 [DEBUG] [root]select `name`,`value` from heecms_config where 1=1  order by id asc 
2020-04-26 22:21:11 [DEBUG] [root]select * from heecms_link_group where (1=1) and (delete_time IS NULL or delete_time <=0 or delete_time='')  
2020-04-26 22:21:11 [DEBUG] [root]select * from heecms_link where (parent_id<1 and link_group_id=1) and (delete_time IS NULL or delete_time <=0 or delete_time='')  order by ord asc 
2020-04-26 22:21:39 [DEBUG] [root]自动加载类：heephp\database\mysqli
2020-04-26 22:21:39 [DEBUG] [root]自动加载类：heephp\database\databaseInterface
2020-04-26 22:21:39 [DEBUG] [root]SHOW COLUMNS FROM `heecms_config`
2020-04-26 22:21:39 [DEBUG] [root]自动加载类：heephp\cache\file
2020-04-26 22:21:39 [DEBUG] [root]自动加载类：heephp\cache\cacheInterface
2020-04-26 22:21:39 [DEBUG] [root]select `name`,`value` from heecms_config where 1=1  order by id asc 
2020-04-26 22:21:39 [DEBUG] [root]select * from heecms_link_group where (1=1) and (delete_time IS NULL or delete_time <=0 or delete_time='')  
2020-04-26 22:21:39 [DEBUG] [root]select * from heecms_link where (parent_id<1 and link_group_id=1) and (delete_time IS NULL or delete_time <=0 or delete_time='')  order by ord asc 
2020-04-26 22:22:46 [DEBUG] [root]自动加载类：heephp\database\mysqli
2020-04-26 22:22:46 [DEBUG] [root]自动加载类：heephp\database\databaseInterface
2020-04-26 22:22:46 [DEBUG] [root]SHOW COLUMNS FROM `heecms_config`
2020-04-26 22:22:46 [DEBUG] [root]自动加载类：heephp\cache\file
2020-04-26 22:22:46 [DEBUG] [root]自动加载类：heephp\cache\cacheInterface
2020-04-26 22:22:46 [DEBUG] [root]select `name`,`value` from heecms_config where 1=1  order by id asc 
2020-04-26 22:22:47 [DEBUG] [root]select * from heecms_link_group where (1=1) and (delete_time IS NULL or delete_time <=0 or delete_time='')  
2020-04-26 22:22:47 [DEBUG] [root]select * from heecms_link where (parent_id<1 and link_group_id=1) and (delete_time IS NULL or delete_time <=0 or delete_time='')  order by ord asc 
2020-04-26 22:24:31 [DEBUG] [root]自动加载类：heephp\database\mysqli
2020-04-26 22:24:31 [DEBUG] [root]自动加载类：heephp\database\databaseInterface
2020-04-26 22:24:31 [DEBUG] [root]SHOW COLUMNS FROM `heecms_config`
2020-04-26 22:24:31 [DEBUG] [root]自动加载类：heephp\cache\file
2020-04-26 22:24:31 [DEBUG] [root]自动加载类：heephp\cache\cacheInterface
2020-04-26 22:24:31 [DEBUG] [root]select `name`,`value` from heecms_config where 1=1  order by id asc 
2020-04-26 22:24:31 [DEBUG] [root]select * from heecms_link_group where (1=1) and (delete_time IS NULL or delete_time <=0 or delete_time='')  
2020-04-26 22:24:31 [DEBUG] [root]select * from heecms_link where (parent_id<1 and link_group_id=1) and (delete_time IS NULL or delete_time <=0 or delete_time='')  order by ord asc 
2020-04-26 22:28:19 [DEBUG] [root]自动加载类：heephp\database\mysqli
2020-04-26 22:28:19 [DEBUG] [root]自动加载类：heephp\database\databaseInterface
2020-04-26 22:28:19 [DEBUG] [root]SHOW COLUMNS FROM `heecms_config`
2020-04-26 22:28:19 [DEBUG] [root]自动加载类：heephp\cache\file
2020-04-26 22:28:19 [DEBUG] [root]自动加载类：heephp\cache\cacheInterface
2020-04-26 22:28:19 [DEBUG] [root]select `name`,`value` from heecms_config where 1=1  order by id asc 
2020-04-26 22:28:19 [DEBUG] [root]select * from heecms_link_group where (1=1) and (delete_time IS NULL or delete_time <=0 or delete_time='')  
2020-04-26 22:28:19 [DEBUG] [root]select * from heecms_link where (parent_id<1 and link_group_id=1) and (delete_time IS NULL or delete_time <=0 or delete_time='')  order by ord asc 
2020-04-26 22:28:53 [DEBUG] [root]自动加载类：heephp\database\mysqli
2020-04-26 22:28:53 [DEBUG] [root]自动加载类：heephp\database\databaseInterface
2020-04-26 22:28:53 [DEBUG] [root]SHOW COLUMNS FROM `heecms_config`
2020-04-26 22:28:53 [DEBUG] [root]自动加载类：heephp\cache\file
2020-04-26 22:28:53 [DEBUG] [root]自动加载类：heephp\cache\cacheInterface
2020-04-26 22:28:53 [DEBUG] [root]select `name`,`value` from heecms_config where 1=1  order by id asc 
2020-04-26 22:28:54 [DEBUG] [root]select * from heecms_link_group where (1=1) and (delete_time IS NULL or delete_time <=0 or delete_time='')  
2020-04-26 22:28:54 [DEBUG] [root]select * from heecms_link where (parent_id<1 and link_group_id=1) and (delete_time IS NULL or delete_time <=0 or delete_time='')  order by ord asc 
2020-04-26 22:30:04 [DEBUG] [root]自动加载类：heephp\database\mysqli
2020-04-26 22:30:04 [DEBUG] [root]自动加载类：heephp\database\databaseInterface
2020-04-26 22:30:04 [DEBUG] [root]SHOW COLUMNS FROM `heecms_config`
2020-04-26 22:30:04 [DEBUG] [root]自动加载类：heephp\cache\file
2020-04-26 22:30:04 [DEBUG] [root]自动加载类：heephp\cache\cacheInterface
2020-04-26 22:30:04 [DEBUG] [root]select `name`,`value` from heecms_config where 1=1  order by id asc 
2020-04-26 22:30:04 [DEBUG] [root]select * from heecms_link_group where (1=1) and (delete_time IS NULL or delete_time <=0 or delete_time='')  
2020-04-26 22:30:05 [DEBUG] [root]select * from heecms_link where (parent_id<1 and link_group_id=1) and (delete_time IS NULL or delete_time <=0 or delete_time='')  order by ord asc 
2020-04-26 22:32:07 [DEBUG] [root]自动加载类：heephp\database\mysqli
2020-04-26 22:32:07 [DEBUG] [root]自动加载类：heephp\database\databaseInterface
2020-04-26 22:32:07 [DEBUG] [root]SHOW COLUMNS FROM `heecms_config`
2020-04-26 22:32:07 [DEBUG] [root]自动加载类：heephp\cache\file
2020-04-26 22:32:07 [DEBUG] [root]自动加载类：heephp\cache\cacheInterface
2020-04-26 22:32:07 [DEBUG] [root]select `name`,`value` from heecms_config where 1=1  order by id asc 
2020-04-26 22:32:07 [DEBUG] [root]select * from heecms_link_group where (1=1) and (delete_time IS NULL or delete_time <=0 or delete_time='')  
2020-04-26 22:32:07 [DEBUG] [root]select * from heecms_link where (parent_id<1 and link_group_id=1) and (delete_time IS NULL or delete_time <=0 or delete_time='')  order by ord asc 
2020-04-26 22:32:40 [DEBUG] [root]自动加载类：heephp\database\mysqli
2020-04-26 22:32:40 [DEBUG] [root]自动加载类：heephp\database\databaseInterface
2020-04-26 22:32:40 [DEBUG] [root]SHOW COLUMNS FROM `heecms_config`
2020-04-26 22:32:40 [DEBUG] [root]自动加载类：heephp\cache\file
2020-04-26 22:32:40 [DEBUG] [root]自动加载类：heephp\cache\cacheInterface
2020-04-26 22:32:40 [DEBUG] [root]select `name`,`value` from heecms_config where 1=1  order by id asc 
2020-04-26 22:32:40 [DEBUG] [root]select * from heecms_link_group where (1=1) and (delete_time IS NULL or delete_time <=0 or delete_time='')  
2020-04-26 22:32:40 [DEBUG] [root]select * from heecms_link where (parent_id<1 and link_group_id=1) and (delete_time IS NULL or delete_time <=0 or delete_time='')  order by ord asc 
2020-04-26 22:33:38 [DEBUG] [root]自动加载类：heephp\database\mysqli
2020-04-26 22:33:38 [DEBUG] [root]自动加载类：heephp\database\databaseInterface
2020-04-26 22:33:38 [DEBUG] [root]SHOW COLUMNS FROM `heecms_config`
2020-04-26 22:33:38 [DEBUG] [root]自动加载类：heephp\cache\file
2020-04-26 22:33:38 [DEBUG] [root]自动加载类：heephp\cache\cacheInterface
2020-04-26 22:33:38 [DEBUG] [root]select `name`,`value` from heecms_config where 1=1  order by id asc 
2020-04-26 22:33:38 [DEBUG] [root]select * from heecms_link_group where (1=1) and (delete_time IS NULL or delete_time <=0 or delete_time='')  
2020-04-26 22:33:38 [DEBUG] [root]select * from heecms_link where (parent_id<1 and link_group_id=1) and (delete_time IS NULL or delete_time <=0 or delete_time='')  order by ord asc 
2020-04-26 22:36:49 [DEBUG] [root]自动加载类：heephp\database\mysqli
2020-04-26 22:36:49 [DEBUG] [root]自动加载类：heephp\database\databaseInterface
2020-04-26 22:36:49 [DEBUG] [root]SHOW COLUMNS FROM `heecms_config`
2020-04-26 22:36:49 [DEBUG] [root]自动加载类：heephp\cache\file
2020-04-26 22:36:49 [DEBUG] [root]自动加载类：heephp\cache\cacheInterface
2020-04-26 22:36:49 [DEBUG] [root]select `name`,`value` from heecms_config where 1=1  order by id asc 
2020-04-26 22:36:49 [DEBUG] [root]select * from heecms_link_group where (1=1) and (delete_time IS NULL or delete_time <=0 or delete_time='')  
2020-04-26 22:36:49 [DEBUG] [root]select * from heecms_link where (parent_id<1 and link_group_id=1) and (delete_time IS NULL or delete_time <=0 or delete_time='')  order by ord asc 
2020-04-26 22:37:25 [DEBUG] [root]自动加载类：heephp\database\mysqli
2020-04-26 22:37:25 [DEBUG] [root]自动加载类：heephp\database\databaseInterface
2020-04-26 22:37:25 [DEBUG] [root]SHOW COLUMNS FROM `heecms_config`
2020-04-26 22:37:25 [DEBUG] [root]自动加载类：heephp\cache\file
2020-04-26 22:37:25 [DEBUG] [root]自动加载类：heephp\cache\cacheInterface
2020-04-26 22:37:25 [DEBUG] [root]select `name`,`value` from heecms_config where 1=1  order by id asc 
2020-04-26 22:37:25 [DEBUG] [root]select * from heecms_link_group where (1=1) and (delete_time IS NULL or delete_time <=0 or delete_time='')  
2020-04-26 22:37:25 [DEBUG] [root]select * from heecms_link where (parent_id<1 and link_group_id=1) and (delete_time IS NULL or delete_time <=0 or delete_time='')  order by ord asc 
2020-04-26 22:39:10 [DEBUG] [root]自动加载类：heephp\database\mysqli
2020-04-26 22:39:10 [DEBUG] [root]自动加载类：heephp\database\databaseInterface
2020-04-26 22:39:10 [DEBUG] [root]SHOW COLUMNS FROM `heecms_config`
2020-04-26 22:39:10 [DEBUG] [root]自动加载类：heephp\cache\file
2020-04-26 22:39:10 [DEBUG] [root]自动加载类：heephp\cache\cacheInterface
2020-04-26 22:39:10 [DEBUG] [root]select `name`,`value` from heecms_config where 1=1  order by id asc 
2020-04-26 22:39:10 [DEBUG] [root]select * from heecms_link_group where (1=1) and (delete_time IS NULL or delete_time <=0 or delete_time='')  
2020-04-26 22:39:10 [DEBUG] [root]select * from heecms_link where (parent_id<1 and link_group_id=1) and (delete_time IS NULL or delete_time <=0 or delete_time='')  order by ord asc 
2020-04-26 22:40:47 [DEBUG] [root]自动加载类：heephp\database\mysqli
2020-04-26 22:40:47 [DEBUG] [root]自动加载类：heephp\database\databaseInterface
2020-04-26 22:40:47 [DEBUG] [root]SHOW COLUMNS FROM `heecms_config`
2020-04-26 22:40:47 [DEBUG] [root]自动加载类：heephp\cache\file
2020-04-26 22:40:47 [DEBUG] [root]自动加载类：heephp\cache\cacheInterface
2020-04-26 22:40:47 [DEBUG] [root]select `name`,`value` from heecms_config where 1=1  order by id asc 
2020-04-26 22:40:47 [DEBUG] [root]select * from heecms_link_group where (1=1) and (delete_time IS NULL or delete_time <=0 or delete_time='')  
2020-04-26 22:40:47 [DEBUG] [root]select * from heecms_link where (parent_id<1 and link_group_id=1) and (delete_time IS NULL or delete_time <=0 or delete_time='')  order by ord asc 
2020-04-26 22:45:38 [DEBUG] [root]自动加载类：heephp\database\mysqli
2020-04-26 22:45:38 [DEBUG] [root]自动加载类：heephp\database\databaseInterface
2020-04-26 22:45:38 [DEBUG] [root]SHOW COLUMNS FROM `heecms_config`
2020-04-26 22:45:38 [DEBUG] [root]自动加载类：heephp\cache\file
2020-04-26 22:45:38 [DEBUG] [root]自动加载类：heephp\cache\cacheInterface
2020-04-26 22:45:38 [DEBUG] [root]select `name`,`value` from heecms_config where 1=1  order by id asc 
2020-04-26 22:45:38 [DEBUG] [root]select * from heecms_link_group where (1=1) and (delete_time IS NULL or delete_time <=0 or delete_time='')  
2020-04-26 22:45:38 [DEBUG] [root]select * from heecms_link where (parent_id<1 and link_group_id=1) and (delete_time IS NULL or delete_time <=0 or delete_time='')  order by ord asc 
2020-04-26 22:45:58 [DEBUG] [root]自动加载类：heephp\database\mysqli
2020-04-26 22:45:58 [DEBUG] [root]自动加载类：heephp\database\databaseInterface
2020-04-26 22:45:58 [DEBUG] [root]SHOW COLUMNS FROM `heecms_config`
2020-04-26 22:45:58 [DEBUG] [root]自动加载类：heephp\cache\file
2020-04-26 22:45:58 [DEBUG] [root]自动加载类：heephp\cache\cacheInterface
2020-04-26 22:45:58 [DEBUG] [root]select `name`,`value` from heecms_config where 1=1  order by id asc 
2020-04-26 22:45:58 [DEBUG] [root]select * from heecms_link_group where (1=1) and (delete_time IS NULL or delete_time <=0 or delete_time='')  
2020-04-26 22:45:58 [DEBUG] [root]select * from heecms_link where (parent_id<1 and link_group_id=1) and (delete_time IS NULL or delete_time <=0 or delete_time='')  order by ord asc 
2020-04-26 22:49:43 [DEBUG] [root]自动加载类：heephp\database\mysqli
2020-04-26 22:49:43 [DEBUG] [root]自动加载类：heephp\database\databaseInterface
2020-04-26 22:49:43 [DEBUG] [root]SHOW COLUMNS FROM `heecms_config`
2020-04-26 22:49:43 [DEBUG] [root]自动加载类：heephp\cache\file
2020-04-26 22:49:43 [DEBUG] [root]自动加载类：heephp\cache\cacheInterface
2020-04-26 22:49:43 [DEBUG] [root]select `name`,`value` from heecms_config where 1=1  order by id asc 
2020-04-26 22:49:43 [DEBUG] [root]select * from heecms_link_group where (1=1) and (delete_time IS NULL or delete_time <=0 or delete_time='')  
2020-04-26 22:49:43 [DEBUG] [root]select * from heecms_link where (parent_id<1 and link_group_id=1) and (delete_time IS NULL or delete_time <=0 or delete_time='')  order by ord asc 
2020-04-26 22:49:53 [DEBUG] [root]自动加载类：heephp\database\mysqli
2020-04-26 22:49:53 [DEBUG] [root]自动加载类：heephp\database\databaseInterface
2020-04-26 22:49:53 [DEBUG] [root]SHOW COLUMNS FROM `heecms_config`
2020-04-26 22:49:53 [DEBUG] [root]自动加载类：heephp\cache\file
2020-04-26 22:49:53 [DEBUG] [root]自动加载类：heephp\cache\cacheInterface
2020-04-26 22:49:53 [DEBUG] [root]select `name`,`value` from heecms_config where 1=1  order by id asc 
2020-04-26 22:49:53 [DEBUG] [root]select * from heecms_link_group where (1=1) and (delete_time IS NULL or delete_time <=0 or delete_time='')  
2020-04-26 22:49:53 [DEBUG] [root]select * from heecms_link where (parent_id<1 and link_group_id=1) and (delete_time IS NULL or delete_time <=0 or delete_time='')  order by ord asc 
2020-04-26 22:51:54 [DEBUG] [root]自动加载类：heephp\database\mysqli
2020-04-26 22:51:54 [DEBUG] [root]自动加载类：heephp\database\databaseInterface
2020-04-26 22:51:54 [DEBUG] [root]SHOW COLUMNS FROM `heecms_config`
2020-04-26 22:51:54 [DEBUG] [root]自动加载类：heephp\cache\file
2020-04-26 22:51:54 [DEBUG] [root]自动加载类：heephp\cache\cacheInterface
2020-04-26 22:51:54 [DEBUG] [root]select `name`,`value` from heecms_config where 1=1  order by id asc 
2020-04-26 22:51:54 [DEBUG] [root]select * from heecms_link_group where (1=1) and (delete_time IS NULL or delete_time <=0 or delete_time='')  
2020-04-26 22:51:54 [DEBUG] [root]select * from heecms_link where (parent_id<1 and link_group_id=1) and (delete_time IS NULL or delete_time <=0 or delete_time='')  order by ord asc 
2020-04-26 22:52:39 [DEBUG] [root]自动加载类：heephp\database\mysqli
2020-04-26 22:52:39 [DEBUG] [root]自动加载类：heephp\database\databaseInterface
2020-04-26 22:52:39 [DEBUG] [root]SHOW COLUMNS FROM `heecms_config`
2020-04-26 22:52:39 [DEBUG] [root]自动加载类：heephp\cache\file
2020-04-26 22:52:39 [DEBUG] [root]自动加载类：heephp\cache\cacheInterface
2020-04-26 22:52:39 [DEBUG] [root]select `name`,`value` from heecms_config where 1=1  order by id asc 
2020-04-26 22:52:39 [DEBUG] [root]select * from heecms_link_group where (1=1) and (delete_time IS NULL or delete_time <=0 or delete_time='')  
2020-04-26 22:52:39 [DEBUG] [root]select * from heecms_link where (parent_id<1 and link_group_id=1) and (delete_time IS NULL or delete_time <=0 or delete_time='')  order by ord asc 
2020-04-26 22:54:58 [DEBUG] [root]自动加载类：heephp\database\mysqli
2020-04-26 22:54:58 [DEBUG] [root]自动加载类：heephp\database\databaseInterface
2020-04-26 22:54:58 [DEBUG] [root]SHOW COLUMNS FROM `heecms_config`
2020-04-26 22:54:58 [DEBUG] [root]自动加载类：heephp\cache\file
2020-04-26 22:54:58 [DEBUG] [root]自动加载类：heephp\cache\cacheInterface
2020-04-26 22:54:58 [DEBUG] [root]select `name`,`value` from heecms_config where 1=1  order by id asc 
2020-04-26 22:54:58 [DEBUG] [root]select * from heecms_link_group where (1=1) and (delete_time IS NULL or delete_time <=0 or delete_time='')  
2020-04-26 22:54:58 [DEBUG] [root]select * from heecms_link where (parent_id<1 and link_group_id=1) and (delete_time IS NULL or delete_time <=0 or delete_time='')  order by ord asc 
2020-04-26 22:55:57 [DEBUG] [root]自动加载类：heephp\database\mysqli
2020-04-26 22:55:57 [DEBUG] [root]自动加载类：heephp\database\databaseInterface
2020-04-26 22:55:57 [DEBUG] [root]SHOW COLUMNS FROM `heecms_config`
2020-04-26 22:55:57 [DEBUG] [root]自动加载类：heephp\cache\file
2020-04-26 22:55:57 [DEBUG] [root]自动加载类：heephp\cache\cacheInterface
2020-04-26 22:55:57 [DEBUG] [root]select `name`,`value` from heecms_config where 1=1  order by id asc 
2020-04-26 22:55:58 [DEBUG] [root]select * from heecms_link_group where (1=1) and (delete_time IS NULL or delete_time <=0 or delete_time='')  
2020-04-26 22:55:58 [DEBUG] [root]select * from heecms_link where (parent_id<1 and link_group_id=1) and (delete_time IS NULL or delete_time <=0 or delete_time='')  order by ord asc 
2020-04-26 22:56:54 [DEBUG] [root]自动加载类：heephp\database\mysqli
2020-04-26 22:56:54 [DEBUG] [root]自动加载类：heephp\database\databaseInterface
2020-04-26 22:56:54 [DEBUG] [root]SHOW COLUMNS FROM `heecms_config`
2020-04-26 22:56:54 [DEBUG] [root]自动加载类：heephp\cache\file
2020-04-26 22:56:54 [DEBUG] [root]自动加载类：heephp\cache\cacheInterface
2020-04-26 22:56:54 [DEBUG] [root]select `name`,`value` from heecms_config where 1=1  order by id asc 
2020-04-26 22:56:54 [DEBUG] [root]select * from heecms_link_group where (1=1) and (delete_time IS NULL or delete_time <=0 or delete_time='')  
2020-04-26 22:56:54 [DEBUG] [root]select * from heecms_link where (parent_id<1 and link_group_id=1) and (delete_time IS NULL or delete_time <=0 or delete_time='')  order by ord asc 
2020-04-26 22:57:13 [DEBUG] [root]自动加载类：app\admin\controller\adminBase
2020-04-26 22:57:13 [DEBUG] [root]自动加载类：heephp\database\mysqli
2020-04-26 22:57:13 [DEBUG] [root]自动加载类：heephp\database\databaseInterface
2020-04-26 22:57:13 [DEBUG] [root]SHOW COLUMNS FROM `heecms_users_group`
2020-04-26 22:57:13 [DEBUG] [root]select name from heecms_users_group where (`users_group_id`=1) and (delete_time IS NULL or delete_time <=0 or delete_time='')  
2020-04-26 22:57:13 [DEBUG] [root]SHOW COLUMNS FROM `heecms_message`
2020-04-26 22:57:13 [DEBUG] [root]select * from heecms_message where (`isread`=0 and `receiver_users_id`='1') and (delete_time IS NULL or delete_time <=0 or delete_time='')  order by create_time desc limit 0,5
2020-04-26 22:57:13 [DEBUG] [root]SHOW COLUMNS FROM `heecms_menus`
2020-04-26 22:57:13 [DEBUG] [root]自动加载类：heephp\cache\file
2020-04-26 22:57:13 [DEBUG] [root]自动加载类：heephp\cache\cacheInterface
2020-04-26 22:57:13 [DEBUG] [root]select * from heecms_menus where (parent_id=0 or parent_id IS NULL or parent_id='') and (delete_time IS NULL or delete_time <=0 or delete_time='')  order by ord asc 
2020-04-26 22:57:13 [DEBUG] [root]SHOW COLUMNS FROM `heecms_menus`
2020-04-26 22:57:13 [DEBUG] [root]select * from heecms_menus where (`parent_id`='8') and (delete_time IS NULL or delete_time <=0 or delete_time='')  order by ord asc 
2020-04-26 22:57:13 [DEBUG] [root]select * from heecms_users where (`users_id`='1') and (delete_time IS NULL or delete_time <=0 or delete_time='')
2020-04-26 22:57:13 [DEBUG] [root]select * from heecms_menus where (`parent_id`='10') and (delete_time IS NULL or delete_time <=0 or delete_time='')  order by ord asc 
2020-04-26 22:57:13 [DEBUG] [root]select * from heecms_menus where (`parent_id`='5') and (delete_time IS NULL or delete_time <=0 or delete_time='')  order by ord asc 
2020-04-26 22:57:13 [DEBUG] [root]select count(*) c from `heecms_link_group` where 1=1
2020-04-26 22:57:13 [DEBUG] [root]select * from heecms_link_group where 1=1  limit 0,5
2020-04-26 22:57:16 [DEBUG] [root]自动加载类：app\admin\controller\adminBase
2020-04-26 22:57:16 [DEBUG] [root]自动加载类：heephp\database\mysqli
2020-04-26 22:57:16 [DEBUG] [root]自动加载类：heephp\database\databaseInterface
2020-04-26 22:57:16 [DEBUG] [root]SHOW COLUMNS FROM `heecms_users_group`
2020-04-26 22:57:16 [DEBUG] [root]select name from heecms_users_group where (`users_group_id`=1) and (delete_time IS NULL or delete_time <=0 or delete_time='')  
2020-04-26 22:57:16 [DEBUG] [root]SHOW COLUMNS FROM `heecms_message`
2020-04-26 22:57:16 [DEBUG] [root]select * from heecms_message where (`isread`=0 and `receiver_users_id`='1') and (delete_time IS NULL or delete_time <=0 or delete_time='')  order by create_time desc limit 0,5
2020-04-26 22:57:16 [DEBUG] [root]SHOW COLUMNS FROM `heecms_menus`
2020-04-26 22:57:16 [DEBUG] [root]自动加载类：heephp\cache\file
2020-04-26 22:57:16 [DEBUG] [root]自动加载类：heephp\cache\cacheInterface
2020-04-26 22:57:16 [DEBUG] [root]SHOW COLUMNS FROM `heecms_menus`
2020-04-26 22:57:31 [DEBUG] [root]自动加载类：app\admin\controller\adminBase
2020-04-26 22:57:31 [DEBUG] [root]自动加载类：heephp\database\mysqli
2020-04-26 22:57:31 [DEBUG] [root]自动加载类：heephp\database\databaseInterface
2020-04-26 22:57:31 [DEBUG] [root]SHOW COLUMNS FROM `heecms_users_group`
2020-04-26 22:57:31 [DEBUG] [root]select name from heecms_users_group where (`users_group_id`=1) and (delete_time IS NULL or delete_time <=0 or delete_time='')  
2020-04-26 22:57:31 [DEBUG] [root]SHOW COLUMNS FROM `heecms_message`
2020-04-26 22:57:31 [DEBUG] [root]select * from heecms_message where (`isread`=0 and `receiver_users_id`='1') and (delete_time IS NULL or delete_time <=0 or delete_time='')  order by create_time desc limit 0,5
2020-04-26 22:57:31 [DEBUG] [root]SHOW COLUMNS FROM `heecms_menus`
2020-04-26 22:57:31 [DEBUG] [root]自动加载类：heephp\cache\file
2020-04-26 22:57:31 [DEBUG] [root]自动加载类：heephp\cache\cacheInterface
2020-04-26 22:57:31 [DEBUG] [root]SHOW COLUMNS FROM `heecms_menus`
2020-04-26 22:57:31 [DEBUG] [root]select * from heecms_link_group where `tag`='friendlink'
2020-04-26 22:57:31 [DEBUG] [root]SHOW COLUMNS FROM `heecms_link_group`
2020-04-26 22:57:31 [DEBUG] [root]insert into heecms_link_group (`tag`,`title`,`disable`,`create_users_id`,`create_time`) values ('friendlink','友情链接','1','1','1587913051')
2020-04-26 22:57:32 [DEBUG] [root]自动加载类：app\admin\controller\adminBase
2020-04-26 22:57:32 [DEBUG] [root]自动加载类：heephp\database\mysqli
2020-04-26 22:57:32 [DEBUG] [root]自动加载类：heephp\database\databaseInterface
2020-04-26 22:57:32 [DEBUG] [root]SHOW COLUMNS FROM `heecms_users_group`
2020-04-26 22:57:32 [DEBUG] [root]select name from heecms_users_group where (`users_group_id`=1) and (delete_time IS NULL or delete_time <=0 or delete_time='')  
2020-04-26 22:57:32 [DEBUG] [root]SHOW COLUMNS FROM `heecms_message`
2020-04-26 22:57:32 [DEBUG] [root]select * from heecms_message where (`isread`=0 and `receiver_users_id`='1') and (delete_time IS NULL or delete_time <=0 or delete_time='')  order by create_time desc limit 0,5
2020-04-26 22:57:32 [DEBUG] [root]SHOW COLUMNS FROM `heecms_menus`
2020-04-26 22:57:32 [DEBUG] [root]自动加载类：heephp\cache\file
2020-04-26 22:57:32 [DEBUG] [root]自动加载类：heephp\cache\cacheInterface
2020-04-26 22:57:32 [DEBUG] [root]select * from heecms_menus where (parent_id=0 or parent_id IS NULL or parent_id='') and (delete_time IS NULL or delete_time <=0 or delete_time='')  order by ord asc 
2020-04-26 22:57:32 [DEBUG] [root]SHOW COLUMNS FROM `heecms_menus`
2020-04-26 22:57:32 [DEBUG] [root]select * from heecms_menus where (`parent_id`='8') and (delete_time IS NULL or delete_time <=0 or delete_time='')  order by ord asc 
2020-04-26 22:57:32 [DEBUG] [root]select * from heecms_users where (`users_id`='1') and (delete_time IS NULL or delete_time <=0 or delete_time='')
2020-04-26 22:57:32 [DEBUG] [root]select * from heecms_menus where (`parent_id`='10') and (delete_time IS NULL or delete_time <=0 or delete_time='')  order by ord asc 
2020-04-26 22:57:32 [DEBUG] [root]select * from heecms_menus where (`parent_id`='5') and (delete_time IS NULL or delete_time <=0 or delete_time='')  order by ord asc 
2020-04-26 22:57:35 [DEBUG] [root]自动加载类：app\admin\controller\adminBase
2020-04-26 22:57:35 [DEBUG] [root]自动加载类：heephp\database\mysqli
2020-04-26 22:57:35 [DEBUG] [root]自动加载类：heephp\database\databaseInterface
2020-04-26 22:57:35 [DEBUG] [root]SHOW COLUMNS FROM `heecms_users_group`
2020-04-26 22:57:35 [DEBUG] [root]select name from heecms_users_group where (`users_group_id`=1) and (delete_time IS NULL or delete_time <=0 or delete_time='')  
2020-04-26 22:57:35 [DEBUG] [root]SHOW COLUMNS FROM `heecms_message`
2020-04-26 22:57:35 [DEBUG] [root]select * from heecms_message where (`isread`=0 and `receiver_users_id`='1') and (delete_time IS NULL or delete_time <=0 or delete_time='')  order by create_time desc limit 0,5
2020-04-26 22:57:35 [DEBUG] [root]SHOW COLUMNS FROM `heecms_menus`
2020-04-26 22:57:35 [DEBUG] [root]自动加载类：heephp\cache\file
2020-04-26 22:57:35 [DEBUG] [root]自动加载类：heephp\cache\cacheInterface
2020-04-26 22:57:35 [DEBUG] [root]SHOW COLUMNS FROM `heecms_menus`
2020-04-26 22:57:37 [DEBUG] [root]自动加载类：app\admin\controller\adminBase
2020-04-26 22:57:37 [DEBUG] [root]自动加载类：heephp\database\mysqli
2020-04-26 22:57:37 [DEBUG] [root]自动加载类：heephp\database\databaseInterface
2020-04-26 22:57:37 [DEBUG] [root]SHOW COLUMNS FROM `heecms_users_group`
2020-04-26 22:57:37 [DEBUG] [root]select name from heecms_users_group where (`users_group_id`=1) and (delete_time IS NULL or delete_time <=0 or delete_time='')  
2020-04-26 22:57:37 [DEBUG] [root]SHOW COLUMNS FROM `heecms_message`
2020-04-26 22:57:37 [DEBUG] [root]select * from heecms_message where (`isread`=0 and `receiver_users_id`='1') and (delete_time IS NULL or delete_time <=0 or delete_time='')  order by create_time desc limit 0,5
2020-04-26 22:57:37 [DEBUG] [root]SHOW COLUMNS FROM `heecms_menus`
2020-04-26 22:57:37 [DEBUG] [root]自动加载类：heephp\cache\file
2020-04-26 22:57:37 [DEBUG] [root]自动加载类：heephp\cache\cacheInterface
2020-04-26 22:57:37 [DEBUG] [root]SHOW COLUMNS FROM `heecms_menus`
2020-04-26 22:57:37 [DEBUG] [root]select count(*) c from `heecms_link_group` where 1=1
2020-04-26 22:57:37 [DEBUG] [root]select * from heecms_link_group where 1=1  limit 0,5
2020-04-26 22:57:40 [DEBUG] [root]自动加载类：app\admin\controller\adminBase
2020-04-26 22:57:40 [DEBUG] [root]自动加载类：heephp\database\mysqli
2020-04-26 22:57:40 [DEBUG] [root]自动加载类：heephp\database\databaseInterface
2020-04-26 22:57:40 [DEBUG] [root]SHOW COLUMNS FROM `heecms_users_group`
2020-04-26 22:57:40 [DEBUG] [root]select name from heecms_users_group where (`users_group_id`=1) and (delete_time IS NULL or delete_time <=0 or delete_time='')  
2020-04-26 22:57:40 [DEBUG] [root]SHOW COLUMNS FROM `heecms_message`
2020-04-26 22:57:40 [DEBUG] [root]select * from heecms_message where (`isread`=0 and `receiver_users_id`='1') and (delete_time IS NULL or delete_time <=0 or delete_time='')  order by create_time desc limit 0,5
2020-04-26 22:57:40 [DEBUG] [root]SHOW COLUMNS FROM `heecms_menus`
2020-04-26 22:57:40 [DEBUG] [root]自动加载类：heephp\cache\file
2020-04-26 22:57:40 [DEBUG] [root]自动加载类：heephp\cache\cacheInterface
2020-04-26 22:57:40 [DEBUG] [root]SHOW COLUMNS FROM `heecms_menus`
2020-04-26 22:57:40 [DEBUG] [root]select * from heecms_link_group where link_group_id = '2'
2020-04-26 22:57:40 [DEBUG] [root]select count(*) c from `heecms_link` where link_group_id=2 and (parent_id<1 or parent_id is NULL or parent_id='')
2020-04-26 22:57:40 [DEBUG] [root]select * from heecms_link where link_group_id=2 and (parent_id<1 or parent_id is NULL or parent_id='')  limit 0,5
2020-04-26 22:57:42 [DEBUG] [root]自动加载类：app\admin\controller\adminBase
2020-04-26 22:57:42 [DEBUG] [root]自动加载类：heephp\database\mysqli
2020-04-26 22:57:42 [DEBUG] [root]自动加载类：heephp\database\databaseInterface
2020-04-26 22:57:42 [DEBUG] [root]SHOW COLUMNS FROM `heecms_users_group`
2020-04-26 22:57:42 [DEBUG] [root]select name from heecms_users_group where (`users_group_id`=1) and (delete_time IS NULL or delete_time <=0 or delete_time='')  
2020-04-26 22:57:42 [DEBUG] [root]SHOW COLUMNS FROM `heecms_message`
2020-04-26 22:57:42 [DEBUG] [root]select * from heecms_message where (`isread`=0 and `receiver_users_id`='1') and (delete_time IS NULL or delete_time <=0 or delete_time='')  order by create_time desc limit 0,5
2020-04-26 22:57:42 [DEBUG] [root]SHOW COLUMNS FROM `heecms_menus`
2020-04-26 22:57:42 [DEBUG] [root]自动加载类：heephp\cache\file
2020-04-26 22:57:42 [DEBUG] [root]自动加载类：heephp\cache\cacheInterface
2020-04-26 22:57:42 [DEBUG] [root]SHOW COLUMNS FROM `heecms_menus`
2020-04-26 22:57:42 [DEBUG] [root]select * from heecms_link where parent_id<1 or parent_id IS NULL or parent_id=''  
2020-04-26 22:57:42 [DEBUG] [root]select * from heecms_link_group where link_group_id = '2'
