2020-04-26 16:19:14 [DEBUG] [root]自动加载类：heephp\database\mysqli
2020-04-26 16:19:14 [DEBUG] [root]自动加载类：heephp\database\databaseInterface
2020-04-26 16:19:14 [DEBUG] [root]SHOW COLUMNS FROM `heecms_config`
2020-04-26 16:19:14 [DEBUG] [root]自动加载类：heephp\cache\file
2020-04-26 16:19:14 [DEBUG] [root]自动加载类：heephp\cache\cacheInterface
2020-04-26 16:19:14 [DEBUG] [root]select `name`,`value` from heecms_config where 1=1  order by id asc 
2020-04-26 16:19:14 [DEBUG] [root]自动加载类：heephp\formbulider
2020-04-26 16:19:17 [DEBUG] [root]自动加载类：heephp\database\mysqli
2020-04-26 16:19:17 [DEBUG] [root]自动加载类：heephp\database\databaseInterface
2020-04-26 16:19:17 [DEBUG] [root]SHOW COLUMNS FROM `heecms_config`
2020-04-26 16:19:17 [DEBUG] [root]自动加载类：heephp\cache\file
2020-04-26 16:19:17 [DEBUG] [root]自动加载类：heephp\cache\cacheInterface
2020-04-26 16:19:17 [DEBUG] [root]自动加载类：heephp\formbulider
2020-04-26 16:19:50 [DEBUG] [root]自动加载类：heephp\database\mysqli
2020-04-26 16:19:50 [DEBUG] [root]自动加载类：heephp\database\databaseInterface
2020-04-26 16:19:50 [DEBUG] [root]SHOW COLUMNS FROM `heecms_config`
2020-04-26 16:19:50 [DEBUG] [root]自动加载类：heephp\cache\file
2020-04-26 16:19:50 [DEBUG] [root]自动加载类：heephp\cache\cacheInterface
2020-04-26 16:19:50 [DEBUG] [root]自动加载类：heephp\formbulider
2020-04-26 16:19:51 [DEBUG] [root]自动加载类：heephp\database\mysqli
2020-04-26 16:19:51 [DEBUG] [root]自动加载类：heephp\database\databaseInterface
2020-04-26 16:19:51 [DEBUG] [root]SHOW COLUMNS FROM `heecms_config`
2020-04-26 16:19:51 [DEBUG] [root]自动加载类：heephp\cache\file
2020-04-26 16:19:51 [DEBUG] [root]自动加载类：heephp\cache\cacheInterface
2020-04-26 16:19:51 [DEBUG] [root]自动加载类：heephp\formbulider
2020-04-26 16:19:52 [DEBUG] [root]自动加载类：heephp\database\mysqli
2020-04-26 16:19:52 [DEBUG] [root]自动加载类：heephp\database\databaseInterface
2020-04-26 16:19:52 [DEBUG] [root]SHOW COLUMNS FROM `heecms_config`
2020-04-26 16:19:52 [DEBUG] [root]自动加载类：heephp\cache\file
2020-04-26 16:19:52 [DEBUG] [root]自动加载类：heephp\cache\cacheInterface
2020-04-26 16:19:52 [DEBUG] [root]自动加载类：heephp\formbulider
2020-04-26 16:19:52 [DEBUG] [root]自动加载类：heephp\database\mysqli
2020-04-26 16:19:52 [DEBUG] [root]自动加载类：heephp\database\databaseInterface
2020-04-26 16:19:52 [DEBUG] [root]SHOW COLUMNS FROM `heecms_config`
2020-04-26 16:19:52 [DEBUG] [root]自动加载类：heephp\cache\file
2020-04-26 16:19:52 [DEBUG] [root]自动加载类：heephp\cache\cacheInterface
2020-04-26 16:19:52 [DEBUG] [root]自动加载类：heephp\formbulider
2020-04-26 16:19:56 [DEBUG] [root]自动加载类：heephp\database\mysqli
2020-04-26 16:19:56 [DEBUG] [root]自动加载类：heephp\database\databaseInterface
2020-04-26 16:19:56 [DEBUG] [root]SHOW COLUMNS FROM `heecms_config`
2020-04-26 16:19:56 [DEBUG] [root]自动加载类：heephp\cache\file
2020-04-26 16:19:56 [DEBUG] [root]自动加载类：heephp\cache\cacheInterface
2020-04-26 16:19:56 [DEBUG] [root]自动加载类：heephp\formbulider
2020-04-26 16:21:44 [DEBUG] [root]自动加载类：heephp\database\mysqli
2020-04-26 16:21:44 [DEBUG] [root]自动加载类：heephp\database\databaseInterface
2020-04-26 16:21:44 [DEBUG] [root]SHOW COLUMNS FROM `heecms_config`
2020-04-26 16:21:44 [DEBUG] [root]自动加载类：heephp\cache\file
2020-04-26 16:21:44 [DEBUG] [root]自动加载类：heephp\cache\cacheInterface
2020-04-26 16:21:44 [DEBUG] [root]自动加载类：heephp\formbulider
2020-04-26 16:21:57 [DEBUG] [root]自动加载类：heephp\database\mysqli
2020-04-26 16:21:57 [DEBUG] [root]自动加载类：heephp\database\databaseInterface
2020-04-26 16:21:57 [DEBUG] [root]SHOW COLUMNS FROM `heecms_config`
2020-04-26 16:21:57 [DEBUG] [root]自动加载类：heephp\cache\file
2020-04-26 16:21:57 [DEBUG] [root]自动加载类：heephp\cache\cacheInterface
2020-04-26 16:21:57 [DEBUG] [root]自动加载类：heephp\formbulider
2020-04-26 16:21:59 [DEBUG] [root]自动加载类：heephp\database\mysqli
2020-04-26 16:21:59 [DEBUG] [root]自动加载类：heephp\database\databaseInterface
2020-04-26 16:21:59 [DEBUG] [root]SHOW COLUMNS FROM `heecms_config`
2020-04-26 16:21:59 [DEBUG] [root]自动加载类：heephp\cache\file
2020-04-26 16:21:59 [DEBUG] [root]自动加载类：heephp\cache\cacheInterface
2020-04-26 16:21:59 [DEBUG] [root]自动加载类：heephp\formbulider
2020-04-26 16:21:59 [DEBUG] [root]自动加载类：heephp\database\mysqli
2020-04-26 16:21:59 [DEBUG] [root]自动加载类：heephp\database\databaseInterface
2020-04-26 16:21:59 [DEBUG] [root]SHOW COLUMNS FROM `heecms_config`
2020-04-26 16:21:59 [DEBUG] [root]自动加载类：heephp\cache\file
2020-04-26 16:21:59 [DEBUG] [root]自动加载类：heephp\cache\cacheInterface
2020-04-26 16:21:59 [DEBUG] [root]自动加载类：heephp\formbulider
2020-04-26 16:21:59 [DEBUG] [root]自动加载类：heephp\database\mysqli
2020-04-26 16:21:59 [DEBUG] [root]自动加载类：heephp\database\databaseInterface
2020-04-26 16:21:59 [DEBUG] [root]SHOW COLUMNS FROM `heecms_config`
2020-04-26 16:21:59 [DEBUG] [root]自动加载类：heephp\cache\file
2020-04-26 16:21:59 [DEBUG] [root]自动加载类：heephp\cache\cacheInterface
2020-04-26 16:21:59 [DEBUG] [root]自动加载类：heephp\formbulider
2020-04-26 16:21:59 [DEBUG] [root]自动加载类：heephp\database\mysqli
2020-04-26 16:21:59 [DEBUG] [root]自动加载类：heephp\database\databaseInterface
2020-04-26 16:21:59 [DEBUG] [root]SHOW COLUMNS FROM `heecms_config`
2020-04-26 16:21:59 [DEBUG] [root]自动加载类：heephp\cache\file
2020-04-26 16:21:59 [DEBUG] [root]自动加载类：heephp\cache\cacheInterface
2020-04-26 16:21:59 [DEBUG] [root]自动加载类：heephp\formbulider
2020-04-26 16:22:14 [DEBUG] [root]自动加载类：heephp\database\mysqli
2020-04-26 16:22:14 [DEBUG] [root]自动加载类：heephp\database\databaseInterface
2020-04-26 16:22:14 [DEBUG] [root]SHOW COLUMNS FROM `heecms_config`
2020-04-26 16:22:14 [DEBUG] [root]自动加载类：heephp\cache\file
2020-04-26 16:22:14 [DEBUG] [root]自动加载类：heephp\cache\cacheInterface
2020-04-26 16:22:14 [DEBUG] [root]自动加载类：heephp\formbulider
2020-04-26 16:22:49 [DEBUG] [root]自动加载类：heephp\database\mysqli
2020-04-26 16:22:49 [DEBUG] [root]自动加载类：heephp\database\databaseInterface
2020-04-26 16:22:49 [DEBUG] [root]SHOW COLUMNS FROM `heecms_config`
2020-04-26 16:22:49 [DEBUG] [root]自动加载类：heephp\cache\file
2020-04-26 16:22:49 [DEBUG] [root]自动加载类：heephp\cache\cacheInterface
2020-04-26 16:22:49 [DEBUG] [root]自动加载类：heephp\formbulider
2020-04-26 16:23:31 [DEBUG] [root]自动加载类：heephp\database\mysqli
2020-04-26 16:23:31 [DEBUG] [root]自动加载类：heephp\database\databaseInterface
2020-04-26 16:23:31 [DEBUG] [root]SHOW COLUMNS FROM `heecms_config`
2020-04-26 16:23:31 [DEBUG] [root]自动加载类：heephp\cache\file
2020-04-26 16:23:31 [DEBUG] [root]自动加载类：heephp\cache\cacheInterface
2020-04-26 16:23:31 [DEBUG] [root]自动加载类：heephp\formbulider
2020-04-26 16:23:38 [DEBUG] [root]自动加载类：heephp\database\mysqli
2020-04-26 16:23:38 [DEBUG] [root]自动加载类：heephp\database\databaseInterface
2020-04-26 16:23:38 [DEBUG] [root]SHOW COLUMNS FROM `heecms_config`
2020-04-26 16:23:38 [DEBUG] [root]自动加载类：heephp\cache\file
2020-04-26 16:23:38 [DEBUG] [root]自动加载类：heephp\cache\cacheInterface
2020-04-26 16:23:38 [DEBUG] [root]自动加载类：heephp\formbulider
2020-04-26 16:23:39 [DEBUG] [root]自动加载类：heephp\database\mysqli
2020-04-26 16:23:39 [DEBUG] [root]自动加载类：heephp\database\databaseInterface
2020-04-26 16:23:39 [DEBUG] [root]SHOW COLUMNS FROM `heecms_config`
2020-04-26 16:23:39 [DEBUG] [root]自动加载类：heephp\cache\file
2020-04-26 16:23:39 [DEBUG] [root]自动加载类：heephp\cache\cacheInterface
2020-04-26 16:23:39 [DEBUG] [root]自动加载类：heephp\formbulider
2020-04-26 16:23:39 [DEBUG] [root]自动加载类：heephp\database\mysqli
2020-04-26 16:23:39 [DEBUG] [root]自动加载类：heephp\database\databaseInterface
2020-04-26 16:23:39 [DEBUG] [root]SHOW COLUMNS FROM `heecms_config`
2020-04-26 16:23:39 [DEBUG] [root]自动加载类：heephp\cache\file
2020-04-26 16:23:39 [DEBUG] [root]自动加载类：heephp\cache\cacheInterface
2020-04-26 16:23:39 [DEBUG] [root]自动加载类：heephp\formbulider
2020-04-26 16:23:40 [DEBUG] [root]自动加载类：heephp\database\mysqli
2020-04-26 16:23:40 [DEBUG] [root]自动加载类：heephp\database\databaseInterface
2020-04-26 16:23:40 [DEBUG] [root]SHOW COLUMNS FROM `heecms_config`
2020-04-26 16:23:40 [DEBUG] [root]自动加载类：heephp\cache\file
2020-04-26 16:23:40 [DEBUG] [root]自动加载类：heephp\cache\cacheInterface
2020-04-26 16:23:40 [DEBUG] [root]自动加载类：heephp\formbulider
2020-04-26 16:23:40 [DEBUG] [root]自动加载类：heephp\database\mysqli
2020-04-26 16:23:40 [DEBUG] [root]自动加载类：heephp\database\databaseInterface
2020-04-26 16:23:40 [DEBUG] [root]SHOW COLUMNS FROM `heecms_config`
2020-04-26 16:23:40 [DEBUG] [root]自动加载类：heephp\cache\file
2020-04-26 16:23:40 [DEBUG] [root]自动加载类：heephp\cache\cacheInterface
2020-04-26 16:23:40 [DEBUG] [root]自动加载类：heephp\formbulider
2020-04-26 16:23:40 [DEBUG] [root]自动加载类：heephp\database\mysqli
2020-04-26 16:23:40 [DEBUG] [root]自动加载类：heephp\database\databaseInterface
2020-04-26 16:23:40 [DEBUG] [root]SHOW COLUMNS FROM `heecms_config`
2020-04-26 16:23:40 [DEBUG] [root]自动加载类：heephp\cache\file
2020-04-26 16:23:40 [DEBUG] [root]自动加载类：heephp\cache\cacheInterface
2020-04-26 16:23:40 [DEBUG] [root]自动加载类：heephp\formbulider
2020-04-26 16:23:41 [DEBUG] [root]自动加载类：heephp\database\mysqli
2020-04-26 16:23:41 [DEBUG] [root]自动加载类：heephp\database\databaseInterface
2020-04-26 16:23:41 [DEBUG] [root]SHOW COLUMNS FROM `heecms_config`
2020-04-26 16:23:41 [DEBUG] [root]自动加载类：heephp\cache\file
2020-04-26 16:23:41 [DEBUG] [root]自动加载类：heephp\cache\cacheInterface
2020-04-26 16:23:41 [DEBUG] [root]自动加载类：heephp\formbulider
2020-04-26 16:23:41 [DEBUG] [root]自动加载类：heephp\database\mysqli
2020-04-26 16:23:41 [DEBUG] [root]自动加载类：heephp\database\databaseInterface
2020-04-26 16:23:41 [DEBUG] [root]SHOW COLUMNS FROM `heecms_config`
2020-04-26 16:23:41 [DEBUG] [root]自动加载类：heephp\cache\file
2020-04-26 16:23:41 [DEBUG] [root]自动加载类：heephp\cache\cacheInterface
2020-04-26 16:23:41 [DEBUG] [root]自动加载类：heephp\formbulider
2020-04-26 16:23:42 [DEBUG] [root]自动加载类：heephp\database\mysqli
2020-04-26 16:23:42 [DEBUG] [root]自动加载类：heephp\database\databaseInterface
2020-04-26 16:23:42 [DEBUG] [root]SHOW COLUMNS FROM `heecms_config`
2020-04-26 16:23:42 [DEBUG] [root]自动加载类：heephp\cache\file
2020-04-26 16:23:42 [DEBUG] [root]自动加载类：heephp\cache\cacheInterface
2020-04-26 16:23:42 [DEBUG] [root]自动加载类：heephp\formbulider
2020-04-26 16:23:42 [DEBUG] [root]自动加载类：heephp\database\mysqli
2020-04-26 16:23:42 [DEBUG] [root]自动加载类：heephp\database\databaseInterface
2020-04-26 16:23:42 [DEBUG] [root]SHOW COLUMNS FROM `heecms_config`
2020-04-26 16:23:42 [DEBUG] [root]自动加载类：heephp\cache\file
2020-04-26 16:23:42 [DEBUG] [root]自动加载类：heephp\cache\cacheInterface
2020-04-26 16:23:42 [DEBUG] [root]自动加载类：heephp\formbulider
2020-04-26 16:23:42 [DEBUG] [root]自动加载类：heephp\database\mysqli
2020-04-26 16:23:42 [DEBUG] [root]自动加载类：heephp\database\databaseInterface
2020-04-26 16:23:42 [DEBUG] [root]SHOW COLUMNS FROM `heecms_config`
2020-04-26 16:23:42 [DEBUG] [root]自动加载类：heephp\cache\file
2020-04-26 16:23:42 [DEBUG] [root]自动加载类：heephp\cache\cacheInterface
2020-04-26 16:23:42 [DEBUG] [root]自动加载类：heephp\formbulider
2020-04-26 16:23:42 [DEBUG] [root]自动加载类：heephp\database\mysqli
2020-04-26 16:23:42 [DEBUG] [root]自动加载类：heephp\database\databaseInterface
2020-04-26 16:23:42 [DEBUG] [root]SHOW COLUMNS FROM `heecms_config`
2020-04-26 16:23:42 [DEBUG] [root]自动加载类：heephp\cache\file
2020-04-26 16:23:42 [DEBUG] [root]自动加载类：heephp\cache\cacheInterface
2020-04-26 16:23:42 [DEBUG] [root]自动加载类：heephp\formbulider
2020-04-26 16:23:43 [DEBUG] [root]自动加载类：heephp\database\mysqli
2020-04-26 16:23:43 [DEBUG] [root]自动加载类：heephp\database\databaseInterface
2020-04-26 16:23:43 [DEBUG] [root]SHOW COLUMNS FROM `heecms_config`
2020-04-26 16:23:43 [DEBUG] [root]自动加载类：heephp\cache\file
2020-04-26 16:23:43 [DEBUG] [root]自动加载类：heephp\cache\cacheInterface
2020-04-26 16:23:43 [DEBUG] [root]自动加载类：heephp\formbulider
2020-04-26 16:23:44 [DEBUG] [root]自动加载类：heephp\database\mysqli
2020-04-26 16:23:44 [DEBUG] [root]自动加载类：heephp\database\databaseInterface
2020-04-26 16:23:44 [DEBUG] [root]SHOW COLUMNS FROM `heecms_config`
2020-04-26 16:23:44 [DEBUG] [root]自动加载类：heephp\cache\file
2020-04-26 16:23:44 [DEBUG] [root]自动加载类：heephp\cache\cacheInterface
2020-04-26 16:23:44 [DEBUG] [root]自动加载类：heephp\formbulider
2020-04-26 16:24:17 [DEBUG] [root]自动加载类：heephp\database\mysqli
2020-04-26 16:24:17 [DEBUG] [root]自动加载类：heephp\database\databaseInterface
2020-04-26 16:24:17 [DEBUG] [root]SHOW COLUMNS FROM `heecms_config`
2020-04-26 16:24:17 [DEBUG] [root]自动加载类：heephp\cache\file
2020-04-26 16:24:17 [DEBUG] [root]自动加载类：heephp\cache\cacheInterface
2020-04-26 16:24:17 [DEBUG] [root]自动加载类：heephp\formbulider
2020-04-26 16:24:21 [DEBUG] [root]自动加载类：heephp\database\mysqli
2020-04-26 16:24:21 [DEBUG] [root]自动加载类：heephp\database\databaseInterface
2020-04-26 16:24:21 [DEBUG] [root]SHOW COLUMNS FROM `heecms_config`
2020-04-26 16:24:21 [DEBUG] [root]自动加载类：heephp\cache\file
2020-04-26 16:24:21 [DEBUG] [root]自动加载类：heephp\cache\cacheInterface
2020-04-26 16:24:21 [DEBUG] [root]自动加载类：heephp\formbulider
2020-04-26 16:24:22 [DEBUG] [root]自动加载类：heephp\database\mysqli
2020-04-26 16:24:22 [DEBUG] [root]自动加载类：heephp\database\databaseInterface
2020-04-26 16:24:22 [DEBUG] [root]SHOW COLUMNS FROM `heecms_config`
2020-04-26 16:24:22 [DEBUG] [root]自动加载类：heephp\cache\file
2020-04-26 16:24:22 [DEBUG] [root]自动加载类：heephp\cache\cacheInterface
2020-04-26 16:24:22 [DEBUG] [root]自动加载类：heephp\formbulider
2020-04-26 16:24:22 [DEBUG] [root]自动加载类：heephp\database\mysqli
2020-04-26 16:24:22 [DEBUG] [root]自动加载类：heephp\database\databaseInterface
2020-04-26 16:24:22 [DEBUG] [root]SHOW COLUMNS FROM `heecms_config`
2020-04-26 16:24:22 [DEBUG] [root]自动加载类：heephp\cache\file
2020-04-26 16:24:22 [DEBUG] [root]自动加载类：heephp\cache\cacheInterface
2020-04-26 16:24:22 [DEBUG] [root]自动加载类：heephp\formbulider
2020-04-26 16:24:23 [DEBUG] [root]自动加载类：heephp\database\mysqli
2020-04-26 16:24:23 [DEBUG] [root]自动加载类：heephp\database\databaseInterface
2020-04-26 16:24:23 [DEBUG] [root]SHOW COLUMNS FROM `heecms_config`
2020-04-26 16:24:23 [DEBUG] [root]自动加载类：heephp\cache\file
2020-04-26 16:24:23 [DEBUG] [root]自动加载类：heephp\cache\cacheInterface
2020-04-26 16:24:23 [DEBUG] [root]自动加载类：heephp\formbulider
2020-04-26 16:24:23 [DEBUG] [root]自动加载类：heephp\database\mysqli
2020-04-26 16:24:23 [DEBUG] [root]自动加载类：heephp\database\databaseInterface
2020-04-26 16:24:23 [DEBUG] [root]SHOW COLUMNS FROM `heecms_config`
2020-04-26 16:24:23 [DEBUG] [root]自动加载类：heephp\cache\file
2020-04-26 16:24:23 [DEBUG] [root]自动加载类：heephp\cache\cacheInterface
2020-04-26 16:24:23 [DEBUG] [root]自动加载类：heephp\formbulider
2020-04-26 16:24:23 [DEBUG] [root]自动加载类：heephp\database\mysqli
2020-04-26 16:24:23 [DEBUG] [root]自动加载类：heephp\database\databaseInterface
2020-04-26 16:24:23 [DEBUG] [root]SHOW COLUMNS FROM `heecms_config`
2020-04-26 16:24:23 [DEBUG] [root]自动加载类：heephp\cache\file
2020-04-26 16:24:23 [DEBUG] [root]自动加载类：heephp\cache\cacheInterface
2020-04-26 16:24:23 [DEBUG] [root]自动加载类：heephp\formbulider
2020-04-26 16:26:54 [DEBUG] [root]自动加载类：heephp\database\mysqli
2020-04-26 16:26:54 [DEBUG] [root]自动加载类：heephp\database\databaseInterface
2020-04-26 16:26:54 [DEBUG] [root]SHOW COLUMNS FROM `heecms_config`
2020-04-26 16:26:54 [DEBUG] [root]自动加载类：heephp\cache\file
2020-04-26 16:26:54 [DEBUG] [root]自动加载类：heephp\cache\cacheInterface
2020-04-26 16:26:54 [DEBUG] [root]自动加载类：heephp\formbulider
2020-04-26 16:27:17 [DEBUG] [root]自动加载类：heephp\database\mysqli
2020-04-26 16:27:17 [DEBUG] [root]自动加载类：heephp\database\databaseInterface
2020-04-26 16:27:17 [DEBUG] [root]SHOW COLUMNS FROM `heecms_config`
2020-04-26 16:27:17 [DEBUG] [root]自动加载类：heephp\cache\file
2020-04-26 16:27:17 [DEBUG] [root]自动加载类：heephp\cache\cacheInterface
2020-04-26 16:27:17 [DEBUG] [root]自动加载类：heephp\formbulider
2020-04-26 16:28:27 [DEBUG] [root]自动加载类：heephp\database\mysqli
2020-04-26 16:28:27 [DEBUG] [root]自动加载类：heephp\database\databaseInterface
2020-04-26 16:28:27 [DEBUG] [root]SHOW COLUMNS FROM `heecms_config`
2020-04-26 16:28:27 [DEBUG] [root]自动加载类：heephp\cache\file
2020-04-26 16:28:27 [DEBUG] [root]自动加载类：heephp\cache\cacheInterface
2020-04-26 16:28:27 [DEBUG] [root]自动加载类：heephp\formbulider
2020-04-26 16:28:38 [DEBUG] [root]自动加载类：heephp\database\mysqli
2020-04-26 16:28:38 [DEBUG] [root]自动加载类：heephp\database\databaseInterface
2020-04-26 16:28:38 [DEBUG] [root]SHOW COLUMNS FROM `heecms_config`
2020-04-26 16:28:38 [DEBUG] [root]自动加载类：heephp\cache\file
2020-04-26 16:28:38 [DEBUG] [root]自动加载类：heephp\cache\cacheInterface
2020-04-26 16:28:38 [DEBUG] [root]自动加载类：heephp\formbulider
2020-04-26 16:29:24 [DEBUG] [root]自动加载类：heephp\database\mysqli
2020-04-26 16:29:24 [DEBUG] [root]自动加载类：heephp\database\databaseInterface
2020-04-26 16:29:24 [DEBUG] [root]SHOW COLUMNS FROM `heecms_config`
2020-04-26 16:29:24 [DEBUG] [root]自动加载类：heephp\cache\file
2020-04-26 16:29:24 [DEBUG] [root]自动加载类：heephp\cache\cacheInterface
2020-04-26 16:29:24 [DEBUG] [root]自动加载类：heephp\formbulider
2020-04-26 16:30:23 [DEBUG] [root]自动加载类：heephp\database\mysqli
2020-04-26 16:30:23 [DEBUG] [root]自动加载类：heephp\database\databaseInterface
2020-04-26 16:30:23 [DEBUG] [root]SHOW COLUMNS FROM `heecms_config`
2020-04-26 16:30:23 [DEBUG] [root]自动加载类：heephp\cache\file
2020-04-26 16:30:23 [DEBUG] [root]自动加载类：heephp\cache\cacheInterface
2020-04-26 16:30:23 [DEBUG] [root]自动加载类：heephp\formbulider
2020-04-26 16:33:01 [DEBUG] [root]自动加载类：heephp\database\mysqli
2020-04-26 16:33:01 [DEBUG] [root]自动加载类：heephp\database\databaseInterface
2020-04-26 16:33:01 [DEBUG] [root]SHOW COLUMNS FROM `heecms_config`
2020-04-26 16:33:01 [DEBUG] [root]自动加载类：heephp\cache\file
2020-04-26 16:33:01 [DEBUG] [root]自动加载类：heephp\cache\cacheInterface
2020-04-26 16:33:01 [DEBUG] [root]自动加载类：heephp\formbulider
2020-04-26 16:33:33 [DEBUG] [root]自动加载类：heephp\database\mysqli
2020-04-26 16:33:33 [DEBUG] [root]自动加载类：heephp\database\databaseInterface
2020-04-26 16:33:33 [DEBUG] [root]SHOW COLUMNS FROM `heecms_config`
2020-04-26 16:33:33 [DEBUG] [root]自动加载类：heephp\cache\file
2020-04-26 16:33:33 [DEBUG] [root]自动加载类：heephp\cache\cacheInterface
2020-04-26 16:33:33 [DEBUG] [root]自动加载类：heephp\formbulider
2020-04-26 16:33:52 [DEBUG] [root]自动加载类：heephp\database\mysqli
2020-04-26 16:33:52 [DEBUG] [root]自动加载类：heephp\database\databaseInterface
2020-04-26 16:33:52 [DEBUG] [root]SHOW COLUMNS FROM `heecms_config`
2020-04-26 16:33:52 [DEBUG] [root]自动加载类：heephp\cache\file
2020-04-26 16:33:52 [DEBUG] [root]自动加载类：heephp\cache\cacheInterface
2020-04-26 16:33:52 [DEBUG] [root]自动加载类：heephp\formbulider
2020-04-26 16:33:53 [DEBUG] [root]自动加载类：heephp\database\mysqli
2020-04-26 16:33:53 [DEBUG] [root]自动加载类：heephp\database\databaseInterface
2020-04-26 16:33:53 [DEBUG] [root]SHOW COLUMNS FROM `heecms_config`
2020-04-26 16:33:53 [DEBUG] [root]自动加载类：heephp\cache\file
2020-04-26 16:33:53 [DEBUG] [root]自动加载类：heephp\cache\cacheInterface
2020-04-26 16:33:53 [DEBUG] [root]自动加载类：heephp\formbulider
2020-04-26 16:41:58 [DEBUG] [root]自动加载类：heephp\database\mysqli
2020-04-26 16:41:58 [DEBUG] [root]自动加载类：heephp\database\databaseInterface
2020-04-26 16:41:58 [DEBUG] [root]SHOW COLUMNS FROM `heecms_config`
2020-04-26 16:41:58 [DEBUG] [root]自动加载类：heephp\cache\file
2020-04-26 16:41:58 [DEBUG] [root]自动加载类：heephp\cache\cacheInterface
2020-04-26 16:41:58 [DEBUG] [root]自动加载类：heephp\formbulider
2020-04-26 16:42:44 [DEBUG] [root]自动加载类：heephp\database\mysqli
2020-04-26 16:42:44 [DEBUG] [root]自动加载类：heephp\database\databaseInterface
2020-04-26 16:42:44 [DEBUG] [root]SHOW COLUMNS FROM `heecms_config`
2020-04-26 16:42:44 [DEBUG] [root]自动加载类：heephp\cache\file
2020-04-26 16:42:44 [DEBUG] [root]自动加载类：heephp\cache\cacheInterface
2020-04-26 16:42:44 [DEBUG] [root]自动加载类：heephp\formbulider
2020-04-26 16:43:10 [DEBUG] [root]自动加载类：heephp\database\mysqli
2020-04-26 16:43:10 [DEBUG] [root]自动加载类：heephp\database\databaseInterface
2020-04-26 16:43:10 [DEBUG] [root]SHOW COLUMNS FROM `heecms_config`
2020-04-26 16:43:10 [DEBUG] [root]自动加载类：heephp\cache\file
2020-04-26 16:43:10 [DEBUG] [root]自动加载类：heephp\cache\cacheInterface
2020-04-26 16:43:10 [DEBUG] [root]自动加载类：heephp\formbulider
2020-04-26 16:48:11 [DEBUG] [root]自动加载类：heephp\database\mysqli
2020-04-26 16:48:11 [DEBUG] [root]自动加载类：heephp\database\databaseInterface
2020-04-26 16:48:11 [DEBUG] [root]SHOW COLUMNS FROM `heecms_config`
2020-04-26 16:48:11 [DEBUG] [root]自动加载类：heephp\cache\file
2020-04-26 16:48:11 [DEBUG] [root]自动加载类：heephp\cache\cacheInterface
2020-04-26 16:48:11 [DEBUG] [root]自动加载类：heephp\formbulider
2020-04-26 16:50:32 [DEBUG] [root]自动加载类：heephp\database\mysqli
2020-04-26 16:50:32 [DEBUG] [root]自动加载类：heephp\database\databaseInterface
2020-04-26 16:50:32 [DEBUG] [root]SHOW COLUMNS FROM `heecms_config`
2020-04-26 16:50:32 [DEBUG] [root]自动加载类：heephp\cache\file
2020-04-26 16:50:32 [DEBUG] [root]自动加载类：heephp\cache\cacheInterface
2020-04-26 16:50:32 [DEBUG] [root]自动加载类：heephp\formbulider
2020-04-26 16:50:36 [DEBUG] [root]自动加载类：heephp\database\mysqli
2020-04-26 16:50:36 [DEBUG] [root]自动加载类：heephp\database\databaseInterface
2020-04-26 16:50:36 [DEBUG] [root]SHOW COLUMNS FROM `heecms_config`
2020-04-26 16:50:36 [DEBUG] [root]自动加载类：heephp\cache\file
2020-04-26 16:50:36 [DEBUG] [root]自动加载类：heephp\cache\cacheInterface
2020-04-26 16:50:36 [DEBUG] [root]自动加载类：heephp\formbulider
2020-04-26 16:51:34 [DEBUG] [root]自动加载类：heephp\database\mysqli
2020-04-26 16:51:34 [DEBUG] [root]自动加载类：heephp\database\databaseInterface
2020-04-26 16:51:34 [DEBUG] [root]SHOW COLUMNS FROM `heecms_config`
2020-04-26 16:51:34 [DEBUG] [root]自动加载类：heephp\cache\file
2020-04-26 16:51:34 [DEBUG] [root]自动加载类：heephp\cache\cacheInterface
2020-04-26 16:51:34 [DEBUG] [root]自动加载类：heephp\formbulider
2020-04-26 16:51:39 [DEBUG] [root]自动加载类：heephp\database\mysqli
2020-04-26 16:51:39 [DEBUG] [root]自动加载类：heephp\database\databaseInterface
2020-04-26 16:51:39 [DEBUG] [root]SHOW COLUMNS FROM `heecms_config`
2020-04-26 16:51:39 [DEBUG] [root]自动加载类：heephp\cache\file
2020-04-26 16:51:39 [DEBUG] [root]自动加载类：heephp\cache\cacheInterface
2020-04-26 16:51:39 [DEBUG] [root]自动加载类：heephp\formbulider
2020-04-26 16:51:50 [DEBUG] [root]自动加载类：heephp\database\mysqli
2020-04-26 16:51:50 [DEBUG] [root]自动加载类：heephp\database\databaseInterface
2020-04-26 16:51:50 [DEBUG] [root]SHOW COLUMNS FROM `heecms_config`
2020-04-26 16:51:50 [DEBUG] [root]自动加载类：heephp\cache\file
2020-04-26 16:51:50 [DEBUG] [root]自动加载类：heephp\cache\cacheInterface
2020-04-26 16:51:50 [DEBUG] [root]自动加载类：heephp\formbulider
2020-04-26 16:51:51 [DEBUG] [root]自动加载类：heephp\database\mysqli
2020-04-26 16:51:51 [DEBUG] [root]自动加载类：heephp\database\databaseInterface
2020-04-26 16:51:51 [DEBUG] [root]SHOW COLUMNS FROM `heecms_config`
2020-04-26 16:51:51 [DEBUG] [root]自动加载类：heephp\cache\file
2020-04-26 16:51:51 [DEBUG] [root]自动加载类：heephp\cache\cacheInterface
2020-04-26 16:51:51 [DEBUG] [root]自动加载类：heephp\formbulider
2020-04-26 16:51:52 [DEBUG] [root]自动加载类：heephp\database\mysqli
2020-04-26 16:51:52 [DEBUG] [root]自动加载类：heephp\database\databaseInterface
2020-04-26 16:51:52 [DEBUG] [root]SHOW COLUMNS FROM `heecms_config`
2020-04-26 16:51:52 [DEBUG] [root]自动加载类：heephp\cache\file
2020-04-26 16:51:52 [DEBUG] [root]自动加载类：heephp\cache\cacheInterface
2020-04-26 16:51:52 [DEBUG] [root]自动加载类：heephp\formbulider
2020-04-26 16:51:53 [DEBUG] [root]自动加载类：heephp\database\mysqli
2020-04-26 16:51:53 [DEBUG] [root]自动加载类：heephp\database\databaseInterface
2020-04-26 16:51:53 [DEBUG] [root]SHOW COLUMNS FROM `heecms_config`
2020-04-26 16:51:53 [DEBUG] [root]自动加载类：heephp\cache\file
2020-04-26 16:51:53 [DEBUG] [root]自动加载类：heephp\cache\cacheInterface
2020-04-26 16:51:53 [DEBUG] [root]自动加载类：heephp\formbulider
2020-04-26 16:51:53 [DEBUG] [root]自动加载类：heephp\database\mysqli
2020-04-26 16:51:53 [DEBUG] [root]自动加载类：heephp\database\databaseInterface
2020-04-26 16:51:53 [DEBUG] [root]SHOW COLUMNS FROM `heecms_config`
2020-04-26 16:51:53 [DEBUG] [root]自动加载类：heephp\cache\file
2020-04-26 16:51:53 [DEBUG] [root]自动加载类：heephp\cache\cacheInterface
2020-04-26 16:51:53 [DEBUG] [root]自动加载类：heephp\formbulider
2020-04-26 16:51:54 [DEBUG] [root]自动加载类：heephp\database\mysqli
2020-04-26 16:51:54 [DEBUG] [root]自动加载类：heephp\database\databaseInterface
2020-04-26 16:51:54 [DEBUG] [root]SHOW COLUMNS FROM `heecms_config`
2020-04-26 16:51:54 [DEBUG] [root]自动加载类：heephp\cache\file
2020-04-26 16:51:54 [DEBUG] [root]自动加载类：heephp\cache\cacheInterface
2020-04-26 16:51:54 [DEBUG] [root]自动加载类：heephp\formbulider
2020-04-26 16:51:54 [DEBUG] [root]自动加载类：heephp\database\mysqli
2020-04-26 16:51:54 [DEBUG] [root]自动加载类：heephp\database\databaseInterface
2020-04-26 16:51:54 [DEBUG] [root]SHOW COLUMNS FROM `heecms_config`
2020-04-26 16:51:54 [DEBUG] [root]自动加载类：heephp\cache\file
2020-04-26 16:51:54 [DEBUG] [root]自动加载类：heephp\cache\cacheInterface
2020-04-26 16:51:54 [DEBUG] [root]自动加载类：heephp\formbulider
2020-04-26 16:51:54 [DEBUG] [root]自动加载类：heephp\database\mysqli
2020-04-26 16:51:54 [DEBUG] [root]自动加载类：heephp\database\databaseInterface
2020-04-26 16:51:54 [DEBUG] [root]SHOW COLUMNS FROM `heecms_config`
2020-04-26 16:51:54 [DEBUG] [root]自动加载类：heephp\cache\file
2020-04-26 16:51:54 [DEBUG] [root]自动加载类：heephp\cache\cacheInterface
2020-04-26 16:51:54 [DEBUG] [root]自动加载类：heephp\formbulider
2020-04-26 16:51:55 [DEBUG] [root]自动加载类：heephp\database\mysqli
2020-04-26 16:51:55 [DEBUG] [root]自动加载类：heephp\database\databaseInterface
2020-04-26 16:51:55 [DEBUG] [root]SHOW COLUMNS FROM `heecms_config`
2020-04-26 16:51:55 [DEBUG] [root]自动加载类：heephp\cache\file
2020-04-26 16:51:55 [DEBUG] [root]自动加载类：heephp\cache\cacheInterface
2020-04-26 16:51:55 [DEBUG] [root]自动加载类：heephp\formbulider
2020-04-26 16:51:55 [DEBUG] [root]自动加载类：heephp\database\mysqli
2020-04-26 16:51:55 [DEBUG] [root]自动加载类：heephp\database\databaseInterface
2020-04-26 16:51:55 [DEBUG] [root]SHOW COLUMNS FROM `heecms_config`
2020-04-26 16:51:55 [DEBUG] [root]自动加载类：heephp\cache\file
2020-04-26 16:51:55 [DEBUG] [root]自动加载类：heephp\cache\cacheInterface
2020-04-26 16:51:55 [DEBUG] [root]自动加载类：heephp\formbulider
2020-04-26 16:51:55 [DEBUG] [root]自动加载类：heephp\database\mysqli
2020-04-26 16:51:55 [DEBUG] [root]自动加载类：heephp\database\databaseInterface
2020-04-26 16:51:55 [DEBUG] [root]SHOW COLUMNS FROM `heecms_config`
2020-04-26 16:51:55 [DEBUG] [root]自动加载类：heephp\cache\file
2020-04-26 16:51:55 [DEBUG] [root]自动加载类：heephp\cache\cacheInterface
2020-04-26 16:51:55 [DEBUG] [root]自动加载类：heephp\formbulider
2020-04-26 16:52:07 [DEBUG] [root]自动加载类：heephp\database\mysqli
2020-04-26 16:52:07 [DEBUG] [root]自动加载类：heephp\database\databaseInterface
2020-04-26 16:52:07 [DEBUG] [root]SHOW COLUMNS FROM `heecms_config`
2020-04-26 16:52:07 [DEBUG] [root]自动加载类：heephp\cache\file
2020-04-26 16:52:07 [DEBUG] [root]自动加载类：heephp\cache\cacheInterface
2020-04-26 16:52:07 [DEBUG] [root]自动加载类：heephp\formbulider
2020-04-26 16:52:07 [DEBUG] [root]自动加载类：heephp\database\mysqli
2020-04-26 16:52:07 [DEBUG] [root]自动加载类：heephp\database\databaseInterface
2020-04-26 16:52:07 [DEBUG] [root]SHOW COLUMNS FROM `heecms_config`
2020-04-26 16:52:07 [DEBUG] [root]自动加载类：heephp\cache\file
2020-04-26 16:52:07 [DEBUG] [root]自动加载类：heephp\cache\cacheInterface
2020-04-26 16:52:07 [DEBUG] [root]自动加载类：heephp\formbulider
2020-04-26 16:52:08 [DEBUG] [root]自动加载类：heephp\database\mysqli
2020-04-26 16:52:08 [DEBUG] [root]自动加载类：heephp\database\databaseInterface
2020-04-26 16:52:08 [DEBUG] [root]SHOW COLUMNS FROM `heecms_config`
2020-04-26 16:52:08 [DEBUG] [root]自动加载类：heephp\cache\file
2020-04-26 16:52:08 [DEBUG] [root]自动加载类：heephp\cache\cacheInterface
2020-04-26 16:52:08 [DEBUG] [root]自动加载类：heephp\formbulider
2020-04-26 16:52:08 [DEBUG] [root]自动加载类：heephp\database\mysqli
2020-04-26 16:52:08 [DEBUG] [root]自动加载类：heephp\database\databaseInterface
2020-04-26 16:52:08 [DEBUG] [root]SHOW COLUMNS FROM `heecms_config`
2020-04-26 16:52:08 [DEBUG] [root]自动加载类：heephp\cache\file
2020-04-26 16:52:08 [DEBUG] [root]自动加载类：heephp\cache\cacheInterface
2020-04-26 16:52:08 [DEBUG] [root]自动加载类：heephp\formbulider
2020-04-26 16:52:08 [DEBUG] [root]自动加载类：heephp\database\mysqli
2020-04-26 16:52:08 [DEBUG] [root]自动加载类：heephp\database\databaseInterface
2020-04-26 16:52:08 [DEBUG] [root]SHOW COLUMNS FROM `heecms_config`
2020-04-26 16:52:08 [DEBUG] [root]自动加载类：heephp\cache\file
2020-04-26 16:52:08 [DEBUG] [root]自动加载类：heephp\cache\cacheInterface
2020-04-26 16:52:08 [DEBUG] [root]自动加载类：heephp\formbulider
2020-04-26 16:52:09 [DEBUG] [root]自动加载类：heephp\database\mysqli
2020-04-26 16:52:09 [DEBUG] [root]自动加载类：heephp\database\databaseInterface
2020-04-26 16:52:09 [DEBUG] [root]SHOW COLUMNS FROM `heecms_config`
2020-04-26 16:52:09 [DEBUG] [root]自动加载类：heephp\cache\file
2020-04-26 16:52:09 [DEBUG] [root]自动加载类：heephp\cache\cacheInterface
2020-04-26 16:52:09 [DEBUG] [root]自动加载类：heephp\formbulider
2020-04-26 16:52:09 [DEBUG] [root]自动加载类：heephp\database\mysqli
2020-04-26 16:52:09 [DEBUG] [root]自动加载类：heephp\database\databaseInterface
2020-04-26 16:52:09 [DEBUG] [root]SHOW COLUMNS FROM `heecms_config`
2020-04-26 16:52:09 [DEBUG] [root]自动加载类：heephp\cache\file
2020-04-26 16:52:09 [DEBUG] [root]自动加载类：heephp\cache\cacheInterface
2020-04-26 16:52:09 [DEBUG] [root]自动加载类：heephp\formbulider
2020-04-26 16:52:10 [DEBUG] [root]自动加载类：heephp\database\mysqli
2020-04-26 16:52:10 [DEBUG] [root]自动加载类：heephp\database\databaseInterface
2020-04-26 16:52:10 [DEBUG] [root]SHOW COLUMNS FROM `heecms_config`
2020-04-26 16:52:10 [DEBUG] [root]自动加载类：heephp\cache\file
2020-04-26 16:52:10 [DEBUG] [root]自动加载类：heephp\cache\cacheInterface
2020-04-26 16:52:10 [DEBUG] [root]自动加载类：heephp\formbulider
2020-04-26 16:52:10 [DEBUG] [root]自动加载类：heephp\database\mysqli
2020-04-26 16:52:10 [DEBUG] [root]自动加载类：heephp\database\databaseInterface
2020-04-26 16:52:10 [DEBUG] [root]SHOW COLUMNS FROM `heecms_config`
2020-04-26 16:52:10 [DEBUG] [root]自动加载类：heephp\cache\file
2020-04-26 16:52:10 [DEBUG] [root]自动加载类：heephp\cache\cacheInterface
2020-04-26 16:52:10 [DEBUG] [root]自动加载类：heephp\formbulider
2020-04-26 16:52:10 [DEBUG] [root]自动加载类：heephp\database\mysqli
2020-04-26 16:52:10 [DEBUG] [root]自动加载类：heephp\database\databaseInterface
2020-04-26 16:52:10 [DEBUG] [root]SHOW COLUMNS FROM `heecms_config`
2020-04-26 16:52:10 [DEBUG] [root]自动加载类：heephp\cache\file
2020-04-26 16:52:10 [DEBUG] [root]自动加载类：heephp\cache\cacheInterface
2020-04-26 16:52:10 [DEBUG] [root]自动加载类：heephp\formbulider
2020-04-26 16:52:11 [DEBUG] [root]自动加载类：heephp\database\mysqli
2020-04-26 16:52:11 [DEBUG] [root]自动加载类：heephp\database\databaseInterface
2020-04-26 16:52:11 [DEBUG] [root]SHOW COLUMNS FROM `heecms_config`
2020-04-26 16:52:11 [DEBUG] [root]自动加载类：heephp\cache\file
2020-04-26 16:52:11 [DEBUG] [root]自动加载类：heephp\cache\cacheInterface
2020-04-26 16:52:11 [DEBUG] [root]自动加载类：heephp\formbulider
2020-04-26 16:52:11 [DEBUG] [root]自动加载类：heephp\database\mysqli
2020-04-26 16:52:11 [DEBUG] [root]自动加载类：heephp\database\databaseInterface
2020-04-26 16:52:11 [DEBUG] [root]SHOW COLUMNS FROM `heecms_config`
2020-04-26 16:52:11 [DEBUG] [root]自动加载类：heephp\cache\file
2020-04-26 16:52:11 [DEBUG] [root]自动加载类：heephp\cache\cacheInterface
2020-04-26 16:52:11 [DEBUG] [root]自动加载类：heephp\formbulider
2020-04-26 16:52:21 [DEBUG] [root]自动加载类：heephp\database\mysqli
2020-04-26 16:52:21 [DEBUG] [root]自动加载类：heephp\database\databaseInterface
2020-04-26 16:52:21 [DEBUG] [root]SHOW COLUMNS FROM `heecms_config`
2020-04-26 16:52:21 [DEBUG] [root]自动加载类：heephp\cache\file
2020-04-26 16:52:21 [DEBUG] [root]自动加载类：heephp\cache\cacheInterface
2020-04-26 16:52:21 [DEBUG] [root]自动加载类：heephp\formbulider
2020-04-26 16:52:21 [DEBUG] [root]自动加载类：heephp\database\mysqli
2020-04-26 16:52:21 [DEBUG] [root]自动加载类：heephp\database\databaseInterface
2020-04-26 16:52:21 [DEBUG] [root]SHOW COLUMNS FROM `heecms_config`
2020-04-26 16:52:21 [DEBUG] [root]自动加载类：heephp\cache\file
2020-04-26 16:52:21 [DEBUG] [root]自动加载类：heephp\cache\cacheInterface
2020-04-26 16:52:21 [DEBUG] [root]自动加载类：heephp\formbulider
2020-04-26 16:52:22 [DEBUG] [root]自动加载类：heephp\database\mysqli
2020-04-26 16:52:22 [DEBUG] [root]自动加载类：heephp\database\databaseInterface
2020-04-26 16:52:22 [DEBUG] [root]SHOW COLUMNS FROM `heecms_config`
2020-04-26 16:52:22 [DEBUG] [root]自动加载类：heephp\cache\file
2020-04-26 16:52:22 [DEBUG] [root]自动加载类：heephp\cache\cacheInterface
2020-04-26 16:52:22 [DEBUG] [root]自动加载类：heephp\formbulider
2020-04-26 16:52:22 [DEBUG] [root]自动加载类：heephp\database\mysqli
2020-04-26 16:52:22 [DEBUG] [root]自动加载类：heephp\database\databaseInterface
2020-04-26 16:52:22 [DEBUG] [root]SHOW COLUMNS FROM `heecms_config`
2020-04-26 16:52:22 [DEBUG] [root]自动加载类：heephp\cache\file
2020-04-26 16:52:22 [DEBUG] [root]自动加载类：heephp\cache\cacheInterface
2020-04-26 16:52:22 [DEBUG] [root]自动加载类：heephp\formbulider
2020-04-26 16:52:29 [DEBUG] [root]自动加载类：heephp\database\mysqli
2020-04-26 16:52:29 [DEBUG] [root]自动加载类：heephp\database\databaseInterface
2020-04-26 16:52:29 [DEBUG] [root]SHOW COLUMNS FROM `heecms_config`
2020-04-26 16:52:29 [DEBUG] [root]自动加载类：heephp\cache\file
2020-04-26 16:52:29 [DEBUG] [root]自动加载类：heephp\cache\cacheInterface
2020-04-26 16:52:29 [DEBUG] [root]自动加载类：heephp\formbulider
2020-04-26 16:52:30 [DEBUG] [root]自动加载类：heephp\database\mysqli
2020-04-26 16:52:30 [DEBUG] [root]自动加载类：heephp\database\databaseInterface
2020-04-26 16:52:30 [DEBUG] [root]SHOW COLUMNS FROM `heecms_config`
2020-04-26 16:52:30 [DEBUG] [root]自动加载类：heephp\cache\file
2020-04-26 16:52:30 [DEBUG] [root]自动加载类：heephp\cache\cacheInterface
2020-04-26 16:52:30 [DEBUG] [root]自动加载类：heephp\formbulider
2020-04-26 16:52:30 [DEBUG] [root]自动加载类：heephp\database\mysqli
2020-04-26 16:52:30 [DEBUG] [root]自动加载类：heephp\database\databaseInterface
2020-04-26 16:52:30 [DEBUG] [root]SHOW COLUMNS FROM `heecms_config`
2020-04-26 16:52:30 [DEBUG] [root]自动加载类：heephp\cache\file
2020-04-26 16:52:30 [DEBUG] [root]自动加载类：heephp\cache\cacheInterface
2020-04-26 16:52:30 [DEBUG] [root]自动加载类：heephp\formbulider
2020-04-26 16:52:31 [DEBUG] [root]自动加载类：heephp\database\mysqli
2020-04-26 16:52:31 [DEBUG] [root]自动加载类：heephp\database\databaseInterface
2020-04-26 16:52:31 [DEBUG] [root]SHOW COLUMNS FROM `heecms_config`
2020-04-26 16:52:31 [DEBUG] [root]自动加载类：heephp\cache\file
2020-04-26 16:52:31 [DEBUG] [root]自动加载类：heephp\cache\cacheInterface
2020-04-26 16:52:31 [DEBUG] [root]自动加载类：heephp\formbulider
2020-04-26 16:52:31 [DEBUG] [root]自动加载类：heephp\database\mysqli
2020-04-26 16:52:31 [DEBUG] [root]自动加载类：heephp\database\databaseInterface
2020-04-26 16:52:31 [DEBUG] [root]SHOW COLUMNS FROM `heecms_config`
2020-04-26 16:52:31 [DEBUG] [root]自动加载类：heephp\cache\file
2020-04-26 16:52:31 [DEBUG] [root]自动加载类：heephp\cache\cacheInterface
2020-04-26 16:52:31 [DEBUG] [root]自动加载类：heephp\formbulider
2020-04-26 16:52:31 [DEBUG] [root]自动加载类：heephp\database\mysqli
2020-04-26 16:52:31 [DEBUG] [root]自动加载类：heephp\database\databaseInterface
2020-04-26 16:52:31 [DEBUG] [root]SHOW COLUMNS FROM `heecms_config`
2020-04-26 16:52:31 [DEBUG] [root]自动加载类：heephp\cache\file
2020-04-26 16:52:31 [DEBUG] [root]自动加载类：heephp\cache\cacheInterface
2020-04-26 16:52:31 [DEBUG] [root]自动加载类：heephp\formbulider
2020-04-26 16:52:32 [DEBUG] [root]自动加载类：heephp\database\mysqli
2020-04-26 16:52:32 [DEBUG] [root]自动加载类：heephp\database\databaseInterface
2020-04-26 16:52:32 [DEBUG] [root]SHOW COLUMNS FROM `heecms_config`
2020-04-26 16:52:32 [DEBUG] [root]自动加载类：heephp\cache\file
2020-04-26 16:52:32 [DEBUG] [root]自动加载类：heephp\cache\cacheInterface
2020-04-26 16:52:32 [DEBUG] [root]自动加载类：heephp\formbulider
2020-04-26 16:52:32 [DEBUG] [root]自动加载类：heephp\database\mysqli
2020-04-26 16:52:32 [DEBUG] [root]自动加载类：heephp\database\databaseInterface
2020-04-26 16:52:32 [DEBUG] [root]SHOW COLUMNS FROM `heecms_config`
2020-04-26 16:52:32 [DEBUG] [root]自动加载类：heephp\cache\file
2020-04-26 16:52:32 [DEBUG] [root]自动加载类：heephp\cache\cacheInterface
2020-04-26 16:52:32 [DEBUG] [root]自动加载类：heephp\formbulider
