2020-04-26 18:03:48 [DEBUG] [root]自动加载类：heephp\database\mysqli
2020-04-26 18:03:48 [DEBUG] [root]自动加载类：heephp\database\databaseInterface
2020-04-26 18:03:48 [DEBUG] [root]SHOW COLUMNS FROM `heecms_config`
2020-04-26 18:03:48 [DEBUG] [root]自动加载类：heephp\cache\file
2020-04-26 18:03:48 [DEBUG] [root]自动加载类：heephp\cache\cacheInterface
2020-04-26 18:03:48 [DEBUG] [root]自动加载类：heephp\formbulider
2020-04-26 18:03:51 [DEBUG] [root]自动加载类：heephp\database\mysqli
2020-04-26 18:03:51 [DEBUG] [root]自动加载类：heephp\database\databaseInterface
2020-04-26 18:03:51 [DEBUG] [root]SHOW COLUMNS FROM `heecms_config`
2020-04-26 18:03:51 [DEBUG] [root]自动加载类：heephp\cache\file
2020-04-26 18:03:51 [DEBUG] [root]自动加载类：heephp\cache\cacheInterface
2020-04-26 18:03:51 [DEBUG] [root]自动加载类：heephp\formbulider
2020-04-26 18:05:50 [DEBUG] [root]自动加载类：heephp\database\mysqli
2020-04-26 18:05:50 [DEBUG] [root]自动加载类：heephp\database\databaseInterface
2020-04-26 18:05:50 [DEBUG] [root]SHOW COLUMNS FROM `heecms_config`
2020-04-26 18:05:50 [DEBUG] [root]自动加载类：heephp\cache\file
2020-04-26 18:05:51 [DEBUG] [root]自动加载类：heephp\cache\cacheInterface
2020-04-26 18:05:51 [DEBUG] [root]自动加载类：heephp\formbulider
2020-04-26 18:07:56 [DEBUG] [root]自动加载类：heephp\database\mysqli
2020-04-26 18:07:56 [DEBUG] [root]自动加载类：heephp\database\databaseInterface
2020-04-26 18:07:56 [DEBUG] [root]SHOW COLUMNS FROM `heecms_config`
2020-04-26 18:07:56 [DEBUG] [root]自动加载类：heephp\cache\file
2020-04-26 18:07:56 [DEBUG] [root]自动加载类：heephp\cache\cacheInterface
2020-04-26 18:07:56 [DEBUG] [root]自动加载类：heephp\formbulider
2020-04-26 18:07:57 [DEBUG] [root]自动加载类：heephp\database\mysqli
2020-04-26 18:07:57 [DEBUG] [root]自动加载类：heephp\database\databaseInterface
2020-04-26 18:07:57 [DEBUG] [root]SHOW COLUMNS FROM `heecms_config`
2020-04-26 18:07:57 [DEBUG] [root]自动加载类：heephp\cache\file
2020-04-26 18:07:57 [DEBUG] [root]自动加载类：heephp\cache\cacheInterface
2020-04-26 18:07:57 [DEBUG] [root]自动加载类：heephp\formbulider
2020-04-26 18:07:57 [DEBUG] [root]自动加载类：heephp\database\mysqli
2020-04-26 18:07:57 [DEBUG] [root]自动加载类：heephp\database\databaseInterface
2020-04-26 18:07:57 [DEBUG] [root]SHOW COLUMNS FROM `heecms_config`
2020-04-26 18:07:57 [DEBUG] [root]自动加载类：heephp\cache\file
2020-04-26 18:07:57 [DEBUG] [root]自动加载类：heephp\cache\cacheInterface
2020-04-26 18:07:57 [DEBUG] [root]自动加载类：heephp\formbulider
2020-04-26 18:07:58 [DEBUG] [root]自动加载类：heephp\database\mysqli
2020-04-26 18:07:58 [DEBUG] [root]自动加载类：heephp\database\databaseInterface
2020-04-26 18:07:58 [DEBUG] [root]SHOW COLUMNS FROM `heecms_config`
2020-04-26 18:07:58 [DEBUG] [root]自动加载类：heephp\cache\file
2020-04-26 18:07:58 [DEBUG] [root]自动加载类：heephp\cache\cacheInterface
2020-04-26 18:07:58 [DEBUG] [root]自动加载类：heephp\formbulider
2020-04-26 18:08:26 [DEBUG] [root]自动加载类：heephp\database\mysqli
2020-04-26 18:08:26 [DEBUG] [root]自动加载类：heephp\database\databaseInterface
2020-04-26 18:08:26 [DEBUG] [root]SHOW COLUMNS FROM `heecms_config`
2020-04-26 18:08:26 [DEBUG] [root]自动加载类：heephp\cache\file
2020-04-26 18:08:26 [DEBUG] [root]自动加载类：heephp\cache\cacheInterface
2020-04-26 18:08:26 [DEBUG] [root]自动加载类：heephp\formbulider
2020-04-26 18:08:39 [DEBUG] [root]自动加载类：heephp\database\mysqli
2020-04-26 18:08:39 [DEBUG] [root]自动加载类：heephp\database\databaseInterface
2020-04-26 18:08:39 [DEBUG] [root]SHOW COLUMNS FROM `heecms_config`
2020-04-26 18:08:39 [DEBUG] [root]自动加载类：heephp\cache\file
2020-04-26 18:08:39 [DEBUG] [root]自动加载类：heephp\cache\cacheInterface
2020-04-26 18:08:39 [DEBUG] [root]自动加载类：heephp\formbulider
2020-04-26 18:08:40 [DEBUG] [root]自动加载类：heephp\database\mysqli
2020-04-26 18:08:40 [DEBUG] [root]自动加载类：heephp\database\databaseInterface
2020-04-26 18:08:40 [DEBUG] [root]SHOW COLUMNS FROM `heecms_config`
2020-04-26 18:08:40 [DEBUG] [root]自动加载类：heephp\cache\file
2020-04-26 18:08:40 [DEBUG] [root]自动加载类：heephp\cache\cacheInterface
2020-04-26 18:08:40 [DEBUG] [root]自动加载类：heephp\formbulider
2020-04-26 18:08:41 [DEBUG] [root]自动加载类：heephp\database\mysqli
2020-04-26 18:08:41 [DEBUG] [root]自动加载类：heephp\database\databaseInterface
2020-04-26 18:08:41 [DEBUG] [root]SHOW COLUMNS FROM `heecms_config`
2020-04-26 18:08:41 [DEBUG] [root]自动加载类：heephp\cache\file
2020-04-26 18:08:41 [DEBUG] [root]自动加载类：heephp\cache\cacheInterface
2020-04-26 18:08:41 [DEBUG] [root]自动加载类：heephp\formbulider
2020-04-26 18:08:54 [DEBUG] [root]自动加载类：heephp\database\mysqli
2020-04-26 18:08:54 [DEBUG] [root]自动加载类：heephp\database\databaseInterface
2020-04-26 18:08:54 [DEBUG] [root]SHOW COLUMNS FROM `heecms_config`
2020-04-26 18:08:54 [DEBUG] [root]自动加载类：heephp\cache\file
2020-04-26 18:08:54 [DEBUG] [root]自动加载类：heephp\cache\cacheInterface
2020-04-26 18:08:54 [DEBUG] [root]自动加载类：heephp\formbulider
2020-04-26 18:08:56 [DEBUG] [root]自动加载类：heephp\database\mysqli
2020-04-26 18:08:56 [DEBUG] [root]自动加载类：heephp\database\databaseInterface
2020-04-26 18:08:56 [DEBUG] [root]SHOW COLUMNS FROM `heecms_config`
2020-04-26 18:08:56 [DEBUG] [root]自动加载类：heephp\cache\file
2020-04-26 18:08:56 [DEBUG] [root]自动加载类：heephp\cache\cacheInterface
2020-04-26 18:08:56 [DEBUG] [root]自动加载类：heephp\formbulider
2020-04-26 18:11:02 [DEBUG] [root]自动加载类：heephp\database\mysqli
2020-04-26 18:11:02 [DEBUG] [root]自动加载类：heephp\database\databaseInterface
2020-04-26 18:11:02 [DEBUG] [root]SHOW COLUMNS FROM `heecms_config`
2020-04-26 18:11:02 [DEBUG] [root]自动加载类：heephp\cache\file
2020-04-26 18:11:02 [DEBUG] [root]自动加载类：heephp\cache\cacheInterface
2020-04-26 18:11:02 [DEBUG] [root]自动加载类：heephp\formbulider
2020-04-26 18:16:32 [DEBUG] [root]自动加载类：heephp\database\mysqli
2020-04-26 18:16:32 [DEBUG] [root]自动加载类：heephp\database\databaseInterface
2020-04-26 18:16:32 [DEBUG] [root]SHOW COLUMNS FROM `heecms_config`
2020-04-26 18:16:32 [DEBUG] [root]自动加载类：heephp\cache\file
2020-04-26 18:16:32 [DEBUG] [root]自动加载类：heephp\cache\cacheInterface
2020-04-26 18:16:32 [DEBUG] [root]自动加载类：heephp\formbulider
2020-04-26 18:16:32 [DEBUG] [root]自动加载类：heephp\database\mysqli
2020-04-26 18:16:32 [DEBUG] [root]自动加载类：heephp\database\databaseInterface
2020-04-26 18:16:32 [DEBUG] [root]SHOW COLUMNS FROM `heecms_config`
2020-04-26 18:16:32 [DEBUG] [root]自动加载类：heephp\cache\file
2020-04-26 18:16:32 [DEBUG] [root]自动加载类：heephp\cache\cacheInterface
2020-04-26 18:16:32 [DEBUG] [root]自动加载类：heephp\database\mysqli
2020-04-26 18:16:32 [DEBUG] [root]自动加载类：heephp\database\databaseInterface
2020-04-26 18:16:32 [DEBUG] [root]SHOW COLUMNS FROM `heecms_config`
2020-04-26 18:16:32 [DEBUG] [root]自动加载类：heephp\cache\file
2020-04-26 18:16:32 [DEBUG] [root]自动加载类：heephp\cache\cacheInterface
2020-04-26 18:16:34 [DEBUG] [root]自动加载类：heephp\database\mysqli
2020-04-26 18:16:34 [DEBUG] [root]自动加载类：heephp\database\databaseInterface
2020-04-26 18:16:34 [DEBUG] [root]SHOW COLUMNS FROM `heecms_config`
2020-04-26 18:16:34 [DEBUG] [root]自动加载类：heephp\cache\file
2020-04-26 18:16:34 [DEBUG] [root]自动加载类：heephp\cache\cacheInterface
2020-04-26 18:16:34 [DEBUG] [root]自动加载类：heephp\formbulider
2020-04-26 18:16:34 [DEBUG] [root]自动加载类：heephp\database\mysqli
2020-04-26 18:16:34 [DEBUG] [root]自动加载类：heephp\database\databaseInterface
2020-04-26 18:16:34 [DEBUG] [root]SHOW COLUMNS FROM `heecms_config`
2020-04-26 18:16:34 [DEBUG] [root]自动加载类：heephp\cache\file
2020-04-26 18:16:34 [DEBUG] [root]自动加载类：heephp\cache\cacheInterface
2020-04-26 18:16:34 [DEBUG] [root]自动加载类：heephp\database\mysqli
2020-04-26 18:16:34 [DEBUG] [root]自动加载类：heephp\database\databaseInterface
2020-04-26 18:16:34 [DEBUG] [root]SHOW COLUMNS FROM `heecms_config`
2020-04-26 18:16:34 [DEBUG] [root]自动加载类：heephp\cache\file
2020-04-26 18:16:34 [DEBUG] [root]自动加载类：heephp\cache\cacheInterface
2020-04-26 18:17:11 [DEBUG] [root]自动加载类：heephp\database\mysqli
2020-04-26 18:17:11 [DEBUG] [root]自动加载类：heephp\database\databaseInterface
2020-04-26 18:17:11 [DEBUG] [root]SHOW COLUMNS FROM `heecms_config`
2020-04-26 18:17:11 [DEBUG] [root]自动加载类：heephp\cache\file
2020-04-26 18:17:11 [DEBUG] [root]自动加载类：heephp\cache\cacheInterface
2020-04-26 18:17:11 [DEBUG] [root]自动加载类：heephp\formbulider
2020-04-26 18:17:26 [DEBUG] [root]自动加载类：heephp\database\mysqli
2020-04-26 18:17:26 [DEBUG] [root]自动加载类：heephp\database\databaseInterface
2020-04-26 18:17:26 [DEBUG] [root]SHOW COLUMNS FROM `heecms_config`
2020-04-26 18:17:26 [DEBUG] [root]自动加载类：heephp\cache\file
2020-04-26 18:17:26 [DEBUG] [root]自动加载类：heephp\cache\cacheInterface
2020-04-26 18:17:46 [DEBUG] [root]自动加载类：heephp\database\mysqli
2020-04-26 18:17:46 [DEBUG] [root]自动加载类：heephp\database\databaseInterface
2020-04-26 18:17:46 [DEBUG] [root]SHOW COLUMNS FROM `heecms_config`
2020-04-26 18:17:46 [DEBUG] [root]自动加载类：heephp\cache\file
2020-04-26 18:17:46 [DEBUG] [root]自动加载类：heephp\cache\cacheInterface
2020-04-26 18:17:46 [DEBUG] [root]自动加载类：heephp\formbulider
2020-04-26 18:17:49 [DEBUG] [root]自动加载类：heephp\database\mysqli
2020-04-26 18:17:49 [DEBUG] [root]自动加载类：heephp\database\databaseInterface
2020-04-26 18:17:49 [DEBUG] [root]SHOW COLUMNS FROM `heecms_config`
2020-04-26 18:17:49 [DEBUG] [root]自动加载类：heephp\cache\file
2020-04-26 18:17:49 [DEBUG] [root]自动加载类：heephp\cache\cacheInterface
2020-04-26 18:17:49 [DEBUG] [root]自动加载类：heephp\formbulider
2020-04-26 18:18:09 [DEBUG] [root]自动加载类：heephp\database\mysqli
2020-04-26 18:18:09 [DEBUG] [root]自动加载类：heephp\database\databaseInterface
2020-04-26 18:18:09 [DEBUG] [root]SHOW COLUMNS FROM `heecms_config`
2020-04-26 18:18:09 [DEBUG] [root]自动加载类：heephp\cache\file
2020-04-26 18:18:09 [DEBUG] [root]自动加载类：heephp\cache\cacheInterface
2020-04-26 18:18:09 [DEBUG] [root]自动加载类：heephp\formbulider
2020-04-26 18:41:06 [DEBUG] [root]自动加载类：heephp\database\mysqli
2020-04-26 18:41:06 [DEBUG] [root]自动加载类：heephp\database\databaseInterface
2020-04-26 18:41:06 [DEBUG] [root]SHOW COLUMNS FROM `heecms_config`
2020-04-26 18:41:06 [DEBUG] [root]自动加载类：heephp\cache\file
2020-04-26 18:41:06 [DEBUG] [root]自动加载类：heephp\cache\cacheInterface
2020-04-26 18:41:06 [DEBUG] [root]select `name`,`value` from heecms_config where 1=1  order by id asc 
2020-04-26 18:41:06 [DEBUG] [root]自动加载类：heephp\formbulider
2020-04-26 18:42:55 [DEBUG] [root]自动加载类：heephp\database\mysqli
2020-04-26 18:42:55 [DEBUG] [root]自动加载类：heephp\database\databaseInterface
2020-04-26 18:42:55 [DEBUG] [root]SHOW COLUMNS FROM `heecms_config`
2020-04-26 18:42:55 [DEBUG] [root]自动加载类：heephp\cache\file
2020-04-26 18:42:55 [DEBUG] [root]自动加载类：heephp\cache\cacheInterface
2020-04-26 18:42:55 [DEBUG] [root]自动加载类：heephp\formbulider
2020-04-26 18:44:18 [DEBUG] [root]自动加载类：heephp\database\mysqli
2020-04-26 18:44:18 [DEBUG] [root]自动加载类：heephp\database\databaseInterface
2020-04-26 18:44:18 [DEBUG] [root]SHOW COLUMNS FROM `heecms_config`
2020-04-26 18:44:18 [DEBUG] [root]自动加载类：heephp\cache\file
2020-04-26 18:44:18 [DEBUG] [root]自动加载类：heephp\cache\cacheInterface
2020-04-26 18:44:18 [DEBUG] [root]自动加载类：heephp\formbulider
2020-04-26 18:47:28 [DEBUG] [root]自动加载类：heephp\database\mysqli
2020-04-26 18:47:28 [DEBUG] [root]自动加载类：heephp\database\databaseInterface
2020-04-26 18:47:28 [DEBUG] [root]SHOW COLUMNS FROM `heecms_config`
2020-04-26 18:47:28 [DEBUG] [root]自动加载类：heephp\cache\file
2020-04-26 18:47:28 [DEBUG] [root]自动加载类：heephp\cache\cacheInterface
2020-04-26 18:47:28 [DEBUG] [root]自动加载类：heephp\formbulider
2020-04-26 18:48:09 [DEBUG] [root]自动加载类：heephp\database\mysqli
2020-04-26 18:48:09 [DEBUG] [root]自动加载类：heephp\database\databaseInterface
2020-04-26 18:48:09 [DEBUG] [root]SHOW COLUMNS FROM `heecms_config`
2020-04-26 18:48:09 [DEBUG] [root]自动加载类：heephp\cache\file
2020-04-26 18:48:09 [DEBUG] [root]自动加载类：heephp\cache\cacheInterface
2020-04-26 18:48:09 [DEBUG] [root]自动加载类：heephp\formbulider
2020-04-26 18:48:33 [DEBUG] [root]自动加载类：heephp\database\mysqli
2020-04-26 18:48:33 [DEBUG] [root]自动加载类：heephp\database\databaseInterface
2020-04-26 18:48:33 [DEBUG] [root]SHOW COLUMNS FROM `heecms_config`
2020-04-26 18:48:33 [DEBUG] [root]自动加载类：heephp\cache\file
2020-04-26 18:48:33 [DEBUG] [root]自动加载类：heephp\cache\cacheInterface
2020-04-26 18:48:33 [DEBUG] [root]自动加载类：heephp\formbulider
2020-04-26 18:49:38 [DEBUG] [root]自动加载类：heephp\database\mysqli
2020-04-26 18:49:38 [DEBUG] [root]自动加载类：heephp\database\databaseInterface
2020-04-26 18:49:38 [DEBUG] [root]SHOW COLUMNS FROM `heecms_config`
2020-04-26 18:49:38 [DEBUG] [root]自动加载类：heephp\cache\file
2020-04-26 18:49:38 [DEBUG] [root]自动加载类：heephp\cache\cacheInterface
2020-04-26 18:49:38 [DEBUG] [root]自动加载类：heephp\formbulider
2020-04-26 18:50:04 [DEBUG] [root]自动加载类：heephp\database\mysqli
2020-04-26 18:50:04 [DEBUG] [root]自动加载类：heephp\database\databaseInterface
2020-04-26 18:50:04 [DEBUG] [root]SHOW COLUMNS FROM `heecms_config`
2020-04-26 18:50:04 [DEBUG] [root]自动加载类：heephp\cache\file
2020-04-26 18:50:04 [DEBUG] [root]自动加载类：heephp\cache\cacheInterface
2020-04-26 18:50:04 [DEBUG] [root]自动加载类：heephp\formbulider
2020-04-26 18:50:32 [DEBUG] [root]自动加载类：heephp\database\mysqli
2020-04-26 18:50:32 [DEBUG] [root]自动加载类：heephp\database\databaseInterface
2020-04-26 18:50:32 [DEBUG] [root]SHOW COLUMNS FROM `heecms_config`
2020-04-26 18:50:32 [DEBUG] [root]自动加载类：heephp\cache\file
2020-04-26 18:50:32 [DEBUG] [root]自动加载类：heephp\cache\cacheInterface
2020-04-26 18:50:32 [DEBUG] [root]自动加载类：heephp\formbulider
2020-04-26 18:50:41 [DEBUG] [root]自动加载类：heephp\database\mysqli
2020-04-26 18:50:41 [DEBUG] [root]自动加载类：heephp\database\databaseInterface
2020-04-26 18:50:41 [DEBUG] [root]SHOW COLUMNS FROM `heecms_config`
2020-04-26 18:50:41 [DEBUG] [root]自动加载类：heephp\cache\file
2020-04-26 18:50:41 [DEBUG] [root]自动加载类：heephp\cache\cacheInterface
2020-04-26 18:50:41 [DEBUG] [root]自动加载类：heephp\formbulider
2020-04-26 18:51:23 [DEBUG] [root]自动加载类：heephp\database\mysqli
2020-04-26 18:51:23 [DEBUG] [root]自动加载类：heephp\database\databaseInterface
2020-04-26 18:51:23 [DEBUG] [root]SHOW COLUMNS FROM `heecms_config`
2020-04-26 18:51:23 [DEBUG] [root]自动加载类：heephp\cache\file
2020-04-26 18:51:23 [DEBUG] [root]自动加载类：heephp\cache\cacheInterface
2020-04-26 18:51:23 [DEBUG] [root]自动加载类：heephp\formbulider
2020-04-26 18:51:52 [DEBUG] [root]自动加载类：heephp\database\mysqli
2020-04-26 18:51:52 [DEBUG] [root]自动加载类：heephp\database\databaseInterface
2020-04-26 18:51:53 [DEBUG] [root]SHOW COLUMNS FROM `heecms_config`
2020-04-26 18:51:53 [DEBUG] [root]自动加载类：heephp\cache\file
2020-04-26 18:51:53 [DEBUG] [root]自动加载类：heephp\cache\cacheInterface
2020-04-26 18:51:53 [DEBUG] [root]自动加载类：heephp\formbulider
2020-04-26 18:56:04 [DEBUG] [root]自动加载类：heephp\database\mysqli
2020-04-26 18:56:04 [DEBUG] [root]自动加载类：heephp\database\databaseInterface
2020-04-26 18:56:04 [DEBUG] [root]SHOW COLUMNS FROM `heecms_config`
2020-04-26 18:56:04 [DEBUG] [root]自动加载类：heephp\cache\file
2020-04-26 18:56:04 [DEBUG] [root]自动加载类：heephp\cache\cacheInterface
2020-04-26 18:56:04 [DEBUG] [root]自动加载类：heephp\formbulider
2020-04-26 18:56:46 [DEBUG] [root]自动加载类：heephp\database\mysqli
2020-04-26 18:56:46 [DEBUG] [root]自动加载类：heephp\database\databaseInterface
2020-04-26 18:56:47 [DEBUG] [root]SHOW COLUMNS FROM `heecms_config`
2020-04-26 18:56:47 [DEBUG] [root]自动加载类：heephp\cache\file
2020-04-26 18:56:47 [DEBUG] [root]自动加载类：heephp\cache\cacheInterface
2020-04-26 18:56:47 [DEBUG] [root]自动加载类：heephp\formbulider
2020-04-26 18:57:29 [DEBUG] [root]自动加载类：heephp\database\mysqli
2020-04-26 18:57:29 [DEBUG] [root]自动加载类：heephp\database\databaseInterface
2020-04-26 18:57:29 [DEBUG] [root]SHOW COLUMNS FROM `heecms_config`
2020-04-26 18:57:29 [DEBUG] [root]自动加载类：heephp\cache\file
2020-04-26 18:57:29 [DEBUG] [root]自动加载类：heephp\cache\cacheInterface
2020-04-26 18:57:29 [DEBUG] [root]自动加载类：heephp\formbulider
2020-04-26 18:58:08 [DEBUG] [root]自动加载类：heephp\database\mysqli
2020-04-26 18:58:08 [DEBUG] [root]自动加载类：heephp\database\databaseInterface
2020-04-26 18:58:08 [DEBUG] [root]SHOW COLUMNS FROM `heecms_config`
2020-04-26 18:58:08 [DEBUG] [root]自动加载类：heephp\cache\file
2020-04-26 18:58:08 [DEBUG] [root]自动加载类：heephp\cache\cacheInterface
2020-04-26 18:58:08 [DEBUG] [root]自动加载类：heephp\formbulider
2020-04-26 18:59:27 [DEBUG] [root]自动加载类：heephp\database\mysqli
2020-04-26 18:59:27 [DEBUG] [root]自动加载类：heephp\database\databaseInterface
2020-04-26 18:59:27 [DEBUG] [root]SHOW COLUMNS FROM `heecms_config`
2020-04-26 18:59:27 [DEBUG] [root]自动加载类：heephp\cache\file
2020-04-26 18:59:27 [DEBUG] [root]自动加载类：heephp\cache\cacheInterface
2020-04-26 18:59:27 [DEBUG] [root]自动加载类：heephp\formbulider
