2020-04-26 06:40:27 [DEBUG] [root]自动加载类：app\admin\controller\adminBase
2020-04-26 06:40:27 [DEBUG] [root]自动加载类：heephp\database\mysqli
2020-04-26 06:40:27 [DEBUG] [root]自动加载类：heephp\database\databaseInterface
2020-04-26 06:40:27 [DEBUG] [root]SHOW COLUMNS FROM `heecms_users_group`
2020-04-26 06:40:27 [DEBUG] [root]select name from heecms_users_group where (`users_group_id`=) and (delete_time IS NULL or delete_time <=0 or delete_time='')  
2020-04-26 06:40:27 [DEBUG] [root]自动加载类：app\admin\controller\adminBase
2020-04-26 06:40:27 [DEBUG] [root]自动加载类：heephp\database\mysqli
2020-04-26 06:40:27 [DEBUG] [root]自动加载类：heephp\database\databaseInterface
2020-04-26 06:40:27 [DEBUG] [root]自动加载类：heephp\cache\file
2020-04-26 06:40:27 [DEBUG] [root]自动加载类：heephp\cache\cacheInterface
2020-04-26 06:40:27 [DEBUG] [root]select * from heecms_config where 1=1  
2020-04-26 06:40:27 [DEBUG] [root]自动加载类：app\admin\controller\adminBase
2020-04-26 06:40:27 [DEBUG] [root]自动加载类：heephp\database\mysqli
2020-04-26 06:40:27 [DEBUG] [root]自动加载类：heephp\database\databaseInterface
2020-04-26 06:40:27 [DEBUG] [root]自动加载类：heephp\cache\file
2020-04-26 06:40:27 [DEBUG] [root]自动加载类：heephp\cache\cacheInterface
2020-04-26 06:40:28 [DEBUG] [root]自动加载类：app\admin\controller\adminBase
2020-04-26 06:40:36 [DEBUG] [root]自动加载类：heephp\database\mysqli
2020-04-26 06:40:36 [DEBUG] [root]自动加载类：heephp\database\databaseInterface
2020-04-26 06:40:36 [DEBUG] [root]SHOW COLUMNS FROM `heecms_config`
2020-04-26 06:40:36 [DEBUG] [root]自动加载类：heephp\cache\file
2020-04-26 06:40:36 [DEBUG] [root]自动加载类：heephp\cache\cacheInterface
2020-04-26 06:40:36 [DEBUG] [root]select `name`,`value` from heecms_config where 1=1  order by id asc 
2020-04-26 06:40:40 [DEBUG] [root]自动加载类：heephp\database\mysqli
2020-04-26 06:40:40 [DEBUG] [root]自动加载类：heephp\database\databaseInterface
2020-04-26 06:40:40 [DEBUG] [root]SHOW COLUMNS FROM `heecms_config`
2020-04-26 06:40:40 [DEBUG] [root]自动加载类：heephp\cache\file
2020-04-26 06:40:40 [DEBUG] [root]自动加载类：heephp\cache\cacheInterface
2020-04-26 06:40:40 [DEBUG] [root]自动加载类：heephp\ResizeImage
2020-04-26 06:40:42 [DEBUG] [root]自动加载类：heephp\database\mysqli
2020-04-26 06:40:42 [DEBUG] [root]自动加载类：heephp\database\databaseInterface
2020-04-26 06:40:42 [DEBUG] [root]SHOW COLUMNS FROM `heecms_config`
2020-04-26 06:40:42 [DEBUG] [root]自动加载类：heephp\cache\file
2020-04-26 06:40:42 [DEBUG] [root]自动加载类：heephp\cache\cacheInterface
2020-04-26 06:40:42 [DEBUG] [root]自动加载类：heephp\ResizeImage
2020-04-26 06:41:17 [DEBUG] [root]自动加载类：heephp\database\mysqli
2020-04-26 06:41:17 [DEBUG] [root]自动加载类：heephp\database\databaseInterface
2020-04-26 06:41:17 [DEBUG] [root]SHOW COLUMNS FROM `heecms_config`
2020-04-26 06:41:17 [DEBUG] [root]自动加载类：heephp\cache\file
2020-04-26 06:41:17 [DEBUG] [root]自动加载类：heephp\cache\cacheInterface
2020-04-26 06:41:17 [DEBUG] [root]自动加载类：heephp\ResizeImage
2020-04-26 06:41:18 [DEBUG] [root]自动加载类：heephp\database\mysqli
2020-04-26 06:41:18 [DEBUG] [root]自动加载类：heephp\database\databaseInterface
2020-04-26 06:41:18 [DEBUG] [root]SHOW COLUMNS FROM `heecms_config`
2020-04-26 06:41:18 [DEBUG] [root]自动加载类：heephp\cache\file
2020-04-26 06:41:18 [DEBUG] [root]自动加载类：heephp\cache\cacheInterface
2020-04-26 06:41:18 [DEBUG] [root]自动加载类：heephp\ResizeImage
2020-04-26 06:41:18 [DEBUG] [root]自动加载类：heephp\database\mysqli
2020-04-26 06:41:18 [DEBUG] [root]自动加载类：heephp\database\databaseInterface
2020-04-26 06:41:18 [DEBUG] [root]SHOW COLUMNS FROM `heecms_config`
2020-04-26 06:41:18 [DEBUG] [root]自动加载类：heephp\cache\file
2020-04-26 06:41:18 [DEBUG] [root]自动加载类：heephp\cache\cacheInterface
2020-04-26 06:41:18 [DEBUG] [root]自动加载类：heephp\ResizeImage
2020-04-26 06:41:59 [DEBUG] [root]自动加载类：heephp\database\mysqli
2020-04-26 06:41:59 [DEBUG] [root]自动加载类：heephp\database\databaseInterface
2020-04-26 06:41:59 [DEBUG] [root]SHOW COLUMNS FROM `heecms_config`
2020-04-26 06:41:59 [DEBUG] [root]自动加载类：heephp\cache\file
2020-04-26 06:41:59 [DEBUG] [root]自动加载类：heephp\cache\cacheInterface
2020-04-26 06:41:59 [DEBUG] [root]自动加载类：heephp\ResizeImage
2020-04-26 06:44:54 [DEBUG] [root]自动加载类：heephp\database\mysqli
2020-04-26 06:44:54 [DEBUG] [root]自动加载类：heephp\database\databaseInterface
2020-04-26 06:44:54 [DEBUG] [root]SHOW COLUMNS FROM `heecms_config`
2020-04-26 06:44:54 [DEBUG] [root]自动加载类：heephp\cache\file
2020-04-26 06:44:54 [DEBUG] [root]自动加载类：heephp\cache\cacheInterface
2020-04-26 06:44:54 [DEBUG] [root]自动加载类：heephp\ResizeImage
2020-04-26 06:44:55 [DEBUG] [root]自动加载类：heephp\database\mysqli
2020-04-26 06:44:55 [DEBUG] [root]自动加载类：heephp\database\databaseInterface
2020-04-26 06:44:55 [DEBUG] [root]SHOW COLUMNS FROM `heecms_config`
2020-04-26 06:44:55 [DEBUG] [root]自动加载类：heephp\cache\file
2020-04-26 06:44:55 [DEBUG] [root]自动加载类：heephp\cache\cacheInterface
2020-04-26 06:44:55 [DEBUG] [root]自动加载类：heephp\ResizeImage
2020-04-26 06:45:08 [DEBUG] [root]自动加载类：heephp\database\mysqli
2020-04-26 06:45:08 [DEBUG] [root]自动加载类：heephp\database\databaseInterface
2020-04-26 06:45:08 [DEBUG] [root]SHOW COLUMNS FROM `heecms_config`
2020-04-26 06:45:08 [DEBUG] [root]自动加载类：heephp\cache\file
2020-04-26 06:45:08 [DEBUG] [root]自动加载类：heephp\cache\cacheInterface
2020-04-26 06:45:08 [DEBUG] [root]自动加载类：heephp\ResizeImage
2020-04-26 06:45:09 [DEBUG] [root]自动加载类：heephp\database\mysqli
2020-04-26 06:45:09 [DEBUG] [root]自动加载类：heephp\database\databaseInterface
2020-04-26 06:45:09 [DEBUG] [root]SHOW COLUMNS FROM `heecms_config`
2020-04-26 06:45:09 [DEBUG] [root]自动加载类：heephp\cache\file
2020-04-26 06:45:09 [DEBUG] [root]自动加载类：heephp\cache\cacheInterface
2020-04-26 06:45:09 [DEBUG] [root]自动加载类：heephp\ResizeImage
2020-04-26 06:45:09 [DEBUG] [root]自动加载类：heephp\database\mysqli
2020-04-26 06:45:09 [DEBUG] [root]自动加载类：heephp\database\databaseInterface
2020-04-26 06:45:09 [DEBUG] [root]SHOW COLUMNS FROM `heecms_config`
2020-04-26 06:45:09 [DEBUG] [root]自动加载类：heephp\cache\file
2020-04-26 06:45:09 [DEBUG] [root]自动加载类：heephp\cache\cacheInterface
2020-04-26 06:45:09 [DEBUG] [root]自动加载类：heephp\ResizeImage
2020-04-26 06:45:09 [DEBUG] [root]自动加载类：heephp\database\mysqli
2020-04-26 06:45:09 [DEBUG] [root]自动加载类：heephp\database\databaseInterface
2020-04-26 06:45:09 [DEBUG] [root]SHOW COLUMNS FROM `heecms_config`
2020-04-26 06:45:09 [DEBUG] [root]自动加载类：heephp\cache\file
2020-04-26 06:45:09 [DEBUG] [root]自动加载类：heephp\cache\cacheInterface
2020-04-26 06:45:09 [DEBUG] [root]自动加载类：heephp\ResizeImage
2020-04-26 06:45:09 [DEBUG] [root]自动加载类：heephp\database\mysqli
2020-04-26 06:45:09 [DEBUG] [root]自动加载类：heephp\database\databaseInterface
2020-04-26 06:45:09 [DEBUG] [root]SHOW COLUMNS FROM `heecms_config`
2020-04-26 06:45:09 [DEBUG] [root]自动加载类：heephp\cache\file
2020-04-26 06:45:09 [DEBUG] [root]自动加载类：heephp\cache\cacheInterface
2020-04-26 06:45:09 [DEBUG] [root]自动加载类：heephp\ResizeImage
2020-04-26 06:45:10 [DEBUG] [root]自动加载类：heephp\database\mysqli
2020-04-26 06:45:10 [DEBUG] [root]自动加载类：heephp\database\databaseInterface
2020-04-26 06:45:10 [DEBUG] [root]SHOW COLUMNS FROM `heecms_config`
2020-04-26 06:45:10 [DEBUG] [root]自动加载类：heephp\cache\file
2020-04-26 06:45:10 [DEBUG] [root]自动加载类：heephp\cache\cacheInterface
2020-04-26 06:45:10 [DEBUG] [root]自动加载类：heephp\ResizeImage
2020-04-26 06:45:10 [DEBUG] [root]自动加载类：heephp\database\mysqli
2020-04-26 06:45:10 [DEBUG] [root]自动加载类：heephp\database\databaseInterface
2020-04-26 06:45:10 [DEBUG] [root]SHOW COLUMNS FROM `heecms_config`
2020-04-26 06:45:10 [DEBUG] [root]自动加载类：heephp\cache\file
2020-04-26 06:45:10 [DEBUG] [root]自动加载类：heephp\cache\cacheInterface
2020-04-26 06:45:10 [DEBUG] [root]自动加载类：heephp\ResizeImage
2020-04-26 06:45:27 [DEBUG] [root]自动加载类：heephp\database\mysqli
2020-04-26 06:45:27 [DEBUG] [root]自动加载类：heephp\database\databaseInterface
2020-04-26 06:45:27 [DEBUG] [root]SHOW COLUMNS FROM `heecms_config`
2020-04-26 06:45:27 [DEBUG] [root]自动加载类：heephp\cache\file
2020-04-26 06:45:27 [DEBUG] [root]自动加载类：heephp\cache\cacheInterface
2020-04-26 06:45:27 [DEBUG] [root]自动加载类：heephp\ResizeImage
2020-04-26 06:47:28 [DEBUG] [root]自动加载类：heephp\database\mysqli
2020-04-26 06:47:28 [DEBUG] [root]自动加载类：heephp\database\databaseInterface
2020-04-26 06:47:28 [DEBUG] [root]SHOW COLUMNS FROM `heecms_config`
2020-04-26 06:47:28 [DEBUG] [root]自动加载类：heephp\cache\file
2020-04-26 06:47:28 [DEBUG] [root]自动加载类：heephp\cache\cacheInterface
2020-04-26 06:47:28 [DEBUG] [root]自动加载类：heephp\ResizeImage
2020-04-26 06:48:03 [DEBUG] [root]自动加载类：heephp\database\mysqli
2020-04-26 06:48:03 [DEBUG] [root]自动加载类：heephp\database\databaseInterface
2020-04-26 06:48:03 [DEBUG] [root]SHOW COLUMNS FROM `heecms_config`
2020-04-26 06:48:03 [DEBUG] [root]自动加载类：heephp\cache\file
2020-04-26 06:48:03 [DEBUG] [root]自动加载类：heephp\cache\cacheInterface
2020-04-26 06:48:03 [DEBUG] [root]自动加载类：heephp\ResizeImage
2020-04-26 06:48:05 [DEBUG] [root]自动加载类：heephp\database\mysqli
2020-04-26 06:48:05 [DEBUG] [root]自动加载类：heephp\database\databaseInterface
2020-04-26 06:48:05 [DEBUG] [root]SHOW COLUMNS FROM `heecms_config`
2020-04-26 06:48:05 [DEBUG] [root]自动加载类：heephp\cache\file
2020-04-26 06:48:05 [DEBUG] [root]自动加载类：heephp\cache\cacheInterface
2020-04-26 06:48:05 [DEBUG] [root]自动加载类：heephp\ResizeImage
