2021-01-04 15:26:41 [SQL] [root]show full columns from `heecms_pages`
2021-01-04 15:26:41 [SQL] [root]select * from heecms_pages       
2021-01-04 15:26:41 [SQL] [root]show full columns from `heecms_users_group`
2021-01-04 15:26:41 [SQL] [root]select * from heecms_users_group   where ((`users_group_id`=1)) and (`heecms_users_group`.delete_time IS NULL or `heecms_users_group`.delete_time <=0 or `heecms_users_group`.delete_time='')    
2021-01-04 15:26:42 [SQL] [root]show full columns from `heecms_message`
2021-01-04 15:26:42 [SQL] [root]select * from heecms_message   where ((`isread`=0 and `receiver_users_id`='1')) and (`heecms_message`.delete_time IS NULL or `heecms_message`.delete_time <=0 or `heecms_message`.delete_time='')   order by create_time desc limit 5
2021-01-04 15:26:42 [SQL] [root]select * from heecms_menus   where ( `parent_id` IS NULL or `parent_id`='' or `parent_id`=0 ) and (`heecms_menus`.delete_time IS NULL or `heecms_menus`.delete_time <=0 or `heecms_menus`.delete_time='')   order by ord asc 
2021-01-04 15:26:42 [SQL] [root]select * from heecms_menus   where ((`parent_id`='8')) and (`heecms_menus`.delete_time IS NULL or `heecms_menus`.delete_time <=0 or `heecms_menus`.delete_time='')   order by ord asc 
2021-01-04 15:26:42 [SQL] [root]select * from heecms_users   where ((`users_id`='1')) and (`heecms_users`.delete_time IS NULL or `heecms_users`.delete_time <=0 or `heecms_users`.delete_time='')    
2021-01-04 15:26:42 [SQL] [root]select * from heecms_menus   where ((`parent_id`='10')) and (`heecms_menus`.delete_time IS NULL or `heecms_menus`.delete_time <=0 or `heecms_menus`.delete_time='')   order by ord asc 
2021-01-04 15:26:42 [SQL] [root]select * from heecms_menus   where ((`parent_id`='5')) and (`heecms_menus`.delete_time IS NULL or `heecms_menus`.delete_time <=0 or `heecms_menus`.delete_time='')   order by ord asc 
2021-01-04 15:26:42 [SQL] [root]select * from heecms_menus   where ((`parent_id`='15')) and (`heecms_menus`.delete_time IS NULL or `heecms_menus`.delete_time <=0 or `heecms_menus`.delete_time='')   order by ord asc 
2021-01-04 15:26:42 [SQL] [root]select * from heecms_menus   where ((`parent_id`='18')) and (`heecms_menus`.delete_time IS NULL or `heecms_menus`.delete_time <=0 or `heecms_menus`.delete_time='')   order by ord asc 
2021-01-04 15:26:42 [SQL] [root]select * from heecms_menus   where ((`parent_id`='21')) and (`heecms_menus`.delete_time IS NULL or `heecms_menus`.delete_time <=0 or `heecms_menus`.delete_time='')   order by ord asc 
2021-01-04 15:26:42 [SQL] [root]select * from heecms_menus   where ((`parent_id`='24')) and (`heecms_menus`.delete_time IS NULL or `heecms_menus`.delete_time <=0 or `heecms_menus`.delete_time='')   order by ord asc 
2021-01-04 15:26:42 [SQL] [root]select * from heecms_menus   where ((`parent_id`='28')) and (`heecms_menus`.delete_time IS NULL or `heecms_menus`.delete_time <=0 or `heecms_menus`.delete_time='')   order by ord asc 
2021-01-04 15:26:42 [SQL] [root]show full columns from `heecms_config`
2021-01-04 15:26:42 [SQL] [root]select * from heecms_config       
2021-01-04 15:26:42 [SQL] [root]select * from heecms_config where 1=1  
2021-01-04 15:26:42 [SQL] [root]show full columns from `heecms_pages`
2021-01-04 15:26:42 [SQL] [root]select * from heecms_pages       
2021-01-04 15:26:42 [SQL] [root]show full columns from `heecms_pages`
2021-01-04 15:26:42 [SQL] [root]select * from heecms_pages       
2021-01-04 15:27:20 [SQL] [root]show full columns from `heecms_pages`
2021-01-04 15:27:20 [SQL] [root]select * from heecms_pages       
2021-01-04 15:27:20 [SQL] [root]show full columns from `heecms_users_group`
2021-01-04 15:27:20 [SQL] [root]select * from heecms_users_group   where ((`users_group_id`=1)) and (`heecms_users_group`.delete_time IS NULL or `heecms_users_group`.delete_time <=0 or `heecms_users_group`.delete_time='')    
2021-01-04 15:27:20 [SQL] [root]show full columns from `heecms_message`
2021-01-04 15:27:20 [SQL] [root]select * from heecms_message   where ((`isread`=0 and `receiver_users_id`='1')) and (`heecms_message`.delete_time IS NULL or `heecms_message`.delete_time <=0 or `heecms_message`.delete_time='')   order by create_time desc limit 5
2021-01-04 15:27:20 [SQL] [root]show full columns from `heecms_config`
2021-01-04 15:27:20 [SQL] [root]select * from heecms_config       
2021-01-04 15:27:21 [SQL] [root]show full columns from `heecms_pages`
2021-01-04 15:27:21 [SQL] [root]select * from heecms_pages       
2021-01-04 15:27:21 [SQL] [root]show full columns from `heecms_pages`
2021-01-04 15:27:21 [SQL] [root]select * from heecms_pages       
2021-01-04 15:29:09 [SQL] [root]show full columns from `heecms_pages`
2021-01-04 15:29:09 [SQL] [root]select * from heecms_pages       
2021-01-04 15:29:09 [SQL] [root]show full columns from `heecms_users_group`
2021-01-04 15:29:09 [SQL] [root]select * from heecms_users_group   where ((`users_group_id`=1)) and (`heecms_users_group`.delete_time IS NULL or `heecms_users_group`.delete_time <=0 or `heecms_users_group`.delete_time='')    
2021-01-04 15:29:09 [SQL] [root]show full columns from `heecms_message`
2021-01-04 15:29:09 [SQL] [root]select * from heecms_message   where ((`isread`=0 and `receiver_users_id`='1')) and (`heecms_message`.delete_time IS NULL or `heecms_message`.delete_time <=0 or `heecms_message`.delete_time='')   order by create_time desc limit 5
2021-01-04 15:29:09 [SQL] [root]show full columns from `heecms_config`
2021-01-04 15:29:09 [SQL] [root]select * from heecms_config       
2021-01-04 15:29:09 [SQL] [root]show full columns from `heecms_pages`
2021-01-04 15:29:09 [SQL] [root]select * from heecms_pages       
2021-01-04 15:29:10 [SQL] [root]show full columns from `heecms_pages`
2021-01-04 15:29:10 [SQL] [root]select * from heecms_pages       
2021-01-04 15:29:34 [SQL] [root]show full columns from `heecms_pages`
2021-01-04 15:29:34 [SQL] [root]select * from heecms_pages       
2021-01-04 15:29:34 [SQL] [root]show full columns from `heecms_users_group`
2021-01-04 15:29:34 [SQL] [root]select * from heecms_users_group   where ((`users_group_id`=1)) and (`heecms_users_group`.delete_time IS NULL or `heecms_users_group`.delete_time <=0 or `heecms_users_group`.delete_time='')    
2021-01-04 15:29:34 [SQL] [root]show full columns from `heecms_message`
2021-01-04 15:29:34 [SQL] [root]select * from heecms_message   where ((`isread`=0 and `receiver_users_id`='1')) and (`heecms_message`.delete_time IS NULL or `heecms_message`.delete_time <=0 or `heecms_message`.delete_time='')   order by create_time desc limit 5
2021-01-04 15:29:34 [SQL] [root]show full columns from `heecms_config`
2021-01-04 15:29:34 [SQL] [root]select * from heecms_config       
2021-01-04 15:29:34 [SQL] [root]show full columns from `heecms_pages`
2021-01-04 15:29:34 [SQL] [root]select * from heecms_pages       
2021-01-04 15:29:34 [SQL] [root]show full columns from `heecms_pages`
2021-01-04 15:29:34 [SQL] [root]select * from heecms_pages       
2021-01-04 15:30:03 [SQL] [root]show full columns from `heecms_pages`
2021-01-04 15:30:03 [SQL] [root]select * from heecms_pages       
2021-01-04 15:30:03 [SQL] [root]show full columns from `heecms_users_group`
2021-01-04 15:30:03 [SQL] [root]select * from heecms_users_group   where ((`users_group_id`=1)) and (`heecms_users_group`.delete_time IS NULL or `heecms_users_group`.delete_time <=0 or `heecms_users_group`.delete_time='')    
2021-01-04 15:30:03 [SQL] [root]show full columns from `heecms_message`
2021-01-04 15:30:03 [SQL] [root]select * from heecms_message   where ((`isread`=0 and `receiver_users_id`='1')) and (`heecms_message`.delete_time IS NULL or `heecms_message`.delete_time <=0 or `heecms_message`.delete_time='')   order by create_time desc limit 5
2021-01-04 15:30:03 [SQL] [root]show full columns from `heecms_config`
2021-01-04 15:30:03 [SQL] [root]select * from heecms_config       
2021-01-04 15:30:03 [SQL] [root]show full columns from `heecms_pages`
2021-01-04 15:30:03 [SQL] [root]select * from heecms_pages       
2021-01-04 15:30:03 [SQL] [root]show full columns from `heecms_pages`
2021-01-04 15:30:03 [SQL] [root]select * from heecms_pages       
2021-01-04 15:49:03 [SQL] [root]show full columns from `heecms_pages`
2021-01-04 15:49:03 [SQL] [root]select * from heecms_pages       
2021-01-04 15:49:03 [SQL] [root]show full columns from `heecms_users_group`
2021-01-04 15:49:03 [SQL] [root]select * from heecms_users_group   where ((`users_group_id`=1)) and (`heecms_users_group`.delete_time IS NULL or `heecms_users_group`.delete_time <=0 or `heecms_users_group`.delete_time='')    
2021-01-04 15:49:03 [SQL] [root]show full columns from `heecms_message`
2021-01-04 15:49:03 [SQL] [root]select * from heecms_message   where ((`isread`=0 and `receiver_users_id`='1')) and (`heecms_message`.delete_time IS NULL or `heecms_message`.delete_time <=0 or `heecms_message`.delete_time='')   order by create_time desc limit 5
2021-01-04 15:49:03 [SQL] [root]show full columns from `heecms_config`
2021-01-04 15:49:03 [SQL] [root]select * from heecms_config       
2021-01-04 15:49:03 [SQL] [root]show full columns from `heecms_pages`
2021-01-04 15:49:03 [SQL] [root]select * from heecms_pages       
2021-01-04 15:49:03 [SQL] [root]show full columns from `heecms_pages`
2021-01-04 15:49:03 [SQL] [root]select * from heecms_pages       
