2021-01-04 12:01:02 [SQL] [root]show full columns from `heecms_pages`
2021-01-04 12:01:02 [SQL] [root]select * from heecms_pages       
2021-01-04 12:01:02 [SQL] [root]show full columns from `heecms_users_group`
2021-01-04 12:01:02 [SQL] [root]select * from heecms_users_group   where ((`users_group_id`=1)) and (`heecms_users_group`.delete_time IS NULL or `heecms_users_group`.delete_time <=0 or `heecms_users_group`.delete_time='')    
2021-01-04 12:01:02 [SQL] [root]show full columns from `heecms_message`
2021-01-04 12:01:02 [SQL] [root]select * from heecms_message   where ((`isread`=0 and `receiver_users_id`='1')) and (`heecms_message`.delete_time IS NULL or `heecms_message`.delete_time <=0 or `heecms_message`.delete_time='')   order by create_time desc limit 5
2021-01-04 12:01:02 [SQL] [root]select * from heecms_category   where ( `parent_id` IS NULL or `parent_id`='' or `parent_id`=0 ) and (`heecms_category`.delete_time IS NULL or `heecms_category`.delete_time <=0 or `heecms_category`.delete_time='')    
2021-01-04 12:01:02 [SQL] [root]select * from heecms_category   where ((`parent_id`='1')) and (`heecms_category`.delete_time IS NULL or `heecms_category`.delete_time <=0 or `heecms_category`.delete_time='')   order by parent_id asc 
2021-01-04 12:01:02 [SQL] [root]show full columns from `heecms_pages`
2021-01-04 12:01:02 [SQL] [root]select * from heecms_pages       
2021-01-04 12:01:02 [SQL] [root]show full columns from `heecms_pages`
2021-01-04 12:01:02 [SQL] [root]select * from heecms_pages       
2021-01-04 12:01:03 [SQL] [root]show full columns from `heecms_pages`
2021-01-04 12:01:03 [SQL] [root]select * from heecms_pages       
2021-01-04 12:01:03 [SQL] [root]show full columns from `heecms_users_group`
2021-01-04 12:01:03 [SQL] [root]select * from heecms_users_group   where ((`users_group_id`=1)) and (`heecms_users_group`.delete_time IS NULL or `heecms_users_group`.delete_time <=0 or `heecms_users_group`.delete_time='')    
2021-01-04 12:01:03 [SQL] [root]show full columns from `heecms_message`
2021-01-04 12:01:03 [SQL] [root]select * from heecms_message   where ((`isread`=0 and `receiver_users_id`='1')) and (`heecms_message`.delete_time IS NULL or `heecms_message`.delete_time <=0 or `heecms_message`.delete_time='')   order by create_time desc limit 5
2021-01-04 12:01:03 [SQL] [root]select count(*) c from heecms_link_group       
2021-01-04 12:01:03 [SQL] [root]select  *  from heecms_link_group   where (1=1)    limit 0,5
2021-01-04 12:01:03 [SQL] [root]show full columns from `heecms_pages`
2021-01-04 12:01:03 [SQL] [root]select * from heecms_pages       
2021-01-04 12:01:03 [SQL] [root]show full columns from `heecms_pages`
2021-01-04 12:01:03 [SQL] [root]select * from heecms_pages       
2021-01-04 12:13:25 [SQL] [root]show full columns from `heecms_pages`
2021-01-04 12:13:25 [SQL] [root]select * from heecms_pages       
2021-01-04 12:13:25 [SQL] [root]show full columns from `heecms_users_group`
2021-01-04 12:13:25 [SQL] [root]select * from heecms_users_group   where ((`users_group_id`=1)) and (`heecms_users_group`.delete_time IS NULL or `heecms_users_group`.delete_time <=0 or `heecms_users_group`.delete_time='')    
2021-01-04 12:13:25 [SQL] [root]show full columns from `heecms_message`
2021-01-04 12:13:25 [SQL] [root]select * from heecms_message   where ((`isread`=0 and `receiver_users_id`='1')) and (`heecms_message`.delete_time IS NULL or `heecms_message`.delete_time <=0 or `heecms_message`.delete_time='')   order by create_time desc limit 5
2021-01-04 12:13:25 [SQL] [root]show full columns from `heecms_config`
2021-01-04 12:13:25 [SQL] [root]select * from heecms_config       
2021-01-04 12:13:25 [SQL] [root]show full columns from `heecms_pages`
2021-01-04 12:13:25 [SQL] [root]select * from heecms_pages       
2021-01-04 12:13:25 [SQL] [root]show full columns from `heecms_pages`
2021-01-04 12:13:25 [SQL] [root]select * from heecms_pages       
