2021-01-04 08:39:44 [SQL] [root]show full columns from `heecms_pages`
2021-01-04 08:39:44 [SQL] [root]select * from heecms_pages       
2021-01-04 08:39:44 [SQL] [root]show full columns from `heecms_users_group`
2021-01-04 08:39:44 [SQL] [root]select * from heecms_users_group   where ((`users_group_id`=1)) and (`heecms_users_group`.delete_time IS NULL or `heecms_users_group`.delete_time <=0 or `heecms_users_group`.delete_time='')    
2021-01-04 08:39:44 [SQL] [root]show full columns from `heecms_message`
2021-01-04 08:39:44 [SQL] [root]select * from heecms_message   where ((`isread`=0 and `receiver_users_id`='1')) and (`heecms_message`.delete_time IS NULL or `heecms_message`.delete_time <=0 or `heecms_message`.delete_time='')   order by create_time desc limit 5
2021-01-04 08:39:44 [SQL] [root]select * from heecms_menus   where ( `parent_id` IS NULL or `parent_id`='' or `parent_id`=0 ) and (`heecms_menus`.delete_time IS NULL or `heecms_menus`.delete_time <=0 or `heecms_menus`.delete_time='')   order by ord asc 
2021-01-04 08:39:44 [SQL] [root]select * from heecms_menus   where ((`parent_id`='8')) and (`heecms_menus`.delete_time IS NULL or `heecms_menus`.delete_time <=0 or `heecms_menus`.delete_time='')   order by ord asc 
2021-01-04 08:39:44 [SQL] [root]select * from heecms_users   where ((`users_id`='1')) and (`heecms_users`.delete_time IS NULL or `heecms_users`.delete_time <=0 or `heecms_users`.delete_time='')    
2021-01-04 08:39:44 [SQL] [root]select * from heecms_menus   where ((`parent_id`='10')) and (`heecms_menus`.delete_time IS NULL or `heecms_menus`.delete_time <=0 or `heecms_menus`.delete_time='')   order by ord asc 
2021-01-04 08:39:44 [SQL] [root]select * from heecms_users   where ((`users_id`='1')) and (`heecms_users`.delete_time IS NULL or `heecms_users`.delete_time <=0 or `heecms_users`.delete_time='')    
2021-01-04 08:39:44 [SQL] [root]select * from heecms_menus   where ((`parent_id`='5')) and (`heecms_menus`.delete_time IS NULL or `heecms_menus`.delete_time <=0 or `heecms_menus`.delete_time='')   order by ord asc 
2021-01-04 08:39:44 [SQL] [root]select * from heecms_users   where ((`users_id`='1')) and (`heecms_users`.delete_time IS NULL or `heecms_users`.delete_time <=0 or `heecms_users`.delete_time='')    
2021-01-04 08:39:44 [SQL] [root]select * from heecms_menus   where ((`parent_id`='15')) and (`heecms_menus`.delete_time IS NULL or `heecms_menus`.delete_time <=0 or `heecms_menus`.delete_time='')   order by ord asc 
2021-01-04 08:39:44 [SQL] [root]select * from heecms_users   where ((`users_id`='1')) and (`heecms_users`.delete_time IS NULL or `heecms_users`.delete_time <=0 or `heecms_users`.delete_time='')    
2021-01-04 08:39:44 [SQL] [root]select * from heecms_users   where ((`users_id`='1')) and (`heecms_users`.delete_time IS NULL or `heecms_users`.delete_time <=0 or `heecms_users`.delete_time='')    
2021-01-04 08:39:44 [SQL] [root]select * from heecms_menus   where ((`parent_id`='18')) and (`heecms_menus`.delete_time IS NULL or `heecms_menus`.delete_time <=0 or `heecms_menus`.delete_time='')   order by ord asc 
2021-01-04 08:39:44 [SQL] [root]select * from heecms_users   where ((`users_id`='1')) and (`heecms_users`.delete_time IS NULL or `heecms_users`.delete_time <=0 or `heecms_users`.delete_time='')    
2021-01-04 08:39:44 [SQL] [root]select * from heecms_users   where ((`users_id`='1')) and (`heecms_users`.delete_time IS NULL or `heecms_users`.delete_time <=0 or `heecms_users`.delete_time='')    
2021-01-04 08:39:44 [SQL] [root]select * from heecms_menus   where ((`parent_id`='21')) and (`heecms_menus`.delete_time IS NULL or `heecms_menus`.delete_time <=0 or `heecms_menus`.delete_time='')   order by ord asc 
2021-01-04 08:39:44 [SQL] [root]select * from heecms_users   where ((`users_id`='1')) and (`heecms_users`.delete_time IS NULL or `heecms_users`.delete_time <=0 or `heecms_users`.delete_time='')    
2021-01-04 08:39:44 [SQL] [root]select * from heecms_menus   where ((`parent_id`='24')) and (`heecms_menus`.delete_time IS NULL or `heecms_menus`.delete_time <=0 or `heecms_menus`.delete_time='')   order by ord asc 
2021-01-04 08:39:44 [SQL] [root]select * from heecms_users   where ((`users_id`='1')) and (`heecms_users`.delete_time IS NULL or `heecms_users`.delete_time <=0 or `heecms_users`.delete_time='')    
2021-01-04 08:39:44 [SQL] [root]select * from heecms_users   where ((`users_id`='1')) and (`heecms_users`.delete_time IS NULL or `heecms_users`.delete_time <=0 or `heecms_users`.delete_time='')    
2021-01-04 08:39:44 [SQL] [root]select * from heecms_menus   where ((`parent_id`='28')) and (`heecms_menus`.delete_time IS NULL or `heecms_menus`.delete_time <=0 or `heecms_menus`.delete_time='')   order by ord asc 
2021-01-04 08:39:44 [SQL] [root]select * from heecms_users   where ((`users_id`='1')) and (`heecms_users`.delete_time IS NULL or `heecms_users`.delete_time <=0 or `heecms_users`.delete_time='')    
2021-01-04 08:39:44 [SQL] [root]select * from heecms_users   where ((`users_id`='1')) and (`heecms_users`.delete_time IS NULL or `heecms_users`.delete_time <=0 or `heecms_users`.delete_time='')    
2021-01-04 08:39:44 [SQL] [root]select * from heecms_category   where ( `parent_id` IS NULL or `parent_id`='' or `parent_id`=0 ) and (`heecms_category`.delete_time IS NULL or `heecms_category`.delete_time <=0 or `heecms_category`.delete_time='')    
2021-01-04 08:39:44 [SQL] [root]select * from heecms_category   where ((`parent_id`='1')) and (`heecms_category`.delete_time IS NULL or `heecms_category`.delete_time <=0 or `heecms_category`.delete_time='')   order by parent_id asc 
2021-01-04 08:39:44 [SQL] [root]select * from heecms_users   where ((`users_id`='1')) and (`heecms_users`.delete_time IS NULL or `heecms_users`.delete_time <=0 or `heecms_users`.delete_time='')    
2021-01-04 08:39:44 [SQL] [root]select * from heecms_users   where ((`users_id`='1')) and (`heecms_users`.delete_time IS NULL or `heecms_users`.delete_time <=0 or `heecms_users`.delete_time='')    
2021-01-04 08:39:44 [SQL] [root]show full columns from `heecms_pages`
2021-01-04 08:39:44 [SQL] [root]select * from heecms_pages       
2021-01-04 08:39:45 [SQL] [root]show full columns from `heecms_pages`
2021-01-04 08:39:45 [SQL] [root]select * from heecms_pages       
2021-01-04 08:39:46 [SQL] [root]show full columns from `heecms_pages`
2021-01-04 08:39:46 [SQL] [root]select * from heecms_pages       
2021-01-04 08:39:46 [SQL] [root]show full columns from `heecms_users_group`
2021-01-04 08:39:46 [SQL] [root]select * from heecms_users_group   where ((`users_group_id`=1)) and (`heecms_users_group`.delete_time IS NULL or `heecms_users_group`.delete_time <=0 or `heecms_users_group`.delete_time='')    
2021-01-04 08:39:46 [SQL] [root]show full columns from `heecms_message`
2021-01-04 08:39:46 [SQL] [root]select * from heecms_message   where ((`isread`=0 and `receiver_users_id`='1')) and (`heecms_message`.delete_time IS NULL or `heecms_message`.delete_time <=0 or `heecms_message`.delete_time='')   order by create_time desc limit 5
2021-01-04 08:39:46 [SQL] [root]select * from heecms_users   where ((`users_id`='1')) and (`heecms_users`.delete_time IS NULL or `heecms_users`.delete_time <=0 or `heecms_users`.delete_time='')    
2021-01-04 08:39:46 [SQL] [root]select * from heecms_users   where ((`users_id`='1')) and (`heecms_users`.delete_time IS NULL or `heecms_users`.delete_time <=0 or `heecms_users`.delete_time='')    
2021-01-04 08:39:46 [SQL] [root]select * from heecms_users   where ((`users_id`='1')) and (`heecms_users`.delete_time IS NULL or `heecms_users`.delete_time <=0 or `heecms_users`.delete_time='')    
2021-01-04 08:39:46 [SQL] [root]select * from heecms_users   where ((`users_id`='1')) and (`heecms_users`.delete_time IS NULL or `heecms_users`.delete_time <=0 or `heecms_users`.delete_time='')    
2021-01-04 08:39:46 [SQL] [root]select * from heecms_users   where ((`users_id`='1')) and (`heecms_users`.delete_time IS NULL or `heecms_users`.delete_time <=0 or `heecms_users`.delete_time='')    
2021-01-04 08:39:46 [SQL] [root]select * from heecms_users   where ((`users_id`='1')) and (`heecms_users`.delete_time IS NULL or `heecms_users`.delete_time <=0 or `heecms_users`.delete_time='')    
2021-01-04 08:39:46 [SQL] [root]select * from heecms_users   where ((`users_id`='1')) and (`heecms_users`.delete_time IS NULL or `heecms_users`.delete_time <=0 or `heecms_users`.delete_time='')    
2021-01-04 08:39:46 [SQL] [root]select * from heecms_users   where ((`users_id`='1')) and (`heecms_users`.delete_time IS NULL or `heecms_users`.delete_time <=0 or `heecms_users`.delete_time='')    
2021-01-04 08:39:46 [SQL] [root]select * from heecms_users   where ((`users_id`='1')) and (`heecms_users`.delete_time IS NULL or `heecms_users`.delete_time <=0 or `heecms_users`.delete_time='')    
2021-01-04 08:39:46 [SQL] [root]select * from heecms_users   where ((`users_id`='1')) and (`heecms_users`.delete_time IS NULL or `heecms_users`.delete_time <=0 or `heecms_users`.delete_time='')    
2021-01-04 08:39:46 [SQL] [root]select * from heecms_users   where ((`users_id`='1')) and (`heecms_users`.delete_time IS NULL or `heecms_users`.delete_time <=0 or `heecms_users`.delete_time='')    
2021-01-04 08:39:46 [SQL] [root]select * from heecms_users   where ((`users_id`='1')) and (`heecms_users`.delete_time IS NULL or `heecms_users`.delete_time <=0 or `heecms_users`.delete_time='')    
2021-01-04 08:39:46 [SQL] [root]select count(*) c from heecms_category   where ( `parent_id` IS NULL or `parent_id`='' or `parent_id`=0 ) and (`heecms_category`.delete_time IS NULL or `heecms_category`.delete_time <=0 or `heecms_category`.delete_time='')    
2021-01-04 08:39:46 [SQL] [root]select  *  from heecms_category   where ((( `parent_id` IS NULL or `parent_id`='' or `parent_id`=0 ) and (`heecms_category`.delete_time IS NULL or `heecms_category`.delete_time <=0 or `heecms_category`.delete_time=''))) and (`heecms_category`.delete_time IS NULL or `heecms_category`.delete_time <=0 or `heecms_category`.delete_time='')    limit 0,5
2021-01-04 08:39:46 [SQL] [root]select * from heecms_category   where ((`parent_id`='1')) and (`heecms_category`.delete_time IS NULL or `heecms_category`.delete_time <=0 or `heecms_category`.delete_time='')   order by parent_id asc 
2021-01-04 08:39:46 [SQL] [root]select * from heecms_users   where ((`users_id`='1')) and (`heecms_users`.delete_time IS NULL or `heecms_users`.delete_time <=0 or `heecms_users`.delete_time='')    
2021-01-04 08:39:46 [SQL] [root]select * from heecms_users   where ((`users_id`='1')) and (`heecms_users`.delete_time IS NULL or `heecms_users`.delete_time <=0 or `heecms_users`.delete_time='')    
2021-01-04 08:39:46 [SQL] [root]show full columns from `heecms_pages`
2021-01-04 08:39:46 [SQL] [root]select * from heecms_pages       
2021-01-04 08:39:46 [SQL] [root]show full columns from `heecms_pages`
2021-01-04 08:39:46 [SQL] [root]select * from heecms_pages       
2021-01-04 08:39:48 [SQL] [root]show full columns from `heecms_pages`
2021-01-04 08:39:48 [SQL] [root]select * from heecms_pages       
2021-01-04 08:39:48 [SQL] [root]show full columns from `heecms_users_group`
2021-01-04 08:39:48 [SQL] [root]select * from heecms_users_group   where ((`users_group_id`=1)) and (`heecms_users_group`.delete_time IS NULL or `heecms_users_group`.delete_time <=0 or `heecms_users_group`.delete_time='')    
2021-01-04 08:39:48 [SQL] [root]show full columns from `heecms_message`
2021-01-04 08:39:48 [SQL] [root]select * from heecms_message   where ((`isread`=0 and `receiver_users_id`='1')) and (`heecms_message`.delete_time IS NULL or `heecms_message`.delete_time <=0 or `heecms_message`.delete_time='')   order by create_time desc limit 5
2021-01-04 08:39:48 [SQL] [root]select * from heecms_users   where ((`users_id`='1')) and (`heecms_users`.delete_time IS NULL or `heecms_users`.delete_time <=0 or `heecms_users`.delete_time='')    
2021-01-04 08:39:48 [SQL] [root]select * from heecms_users   where ((`users_id`='1')) and (`heecms_users`.delete_time IS NULL or `heecms_users`.delete_time <=0 or `heecms_users`.delete_time='')    
2021-01-04 08:39:48 [SQL] [root]select * from heecms_users   where ((`users_id`='1')) and (`heecms_users`.delete_time IS NULL or `heecms_users`.delete_time <=0 or `heecms_users`.delete_time='')    
2021-01-04 08:39:48 [SQL] [root]select * from heecms_users   where ((`users_id`='1')) and (`heecms_users`.delete_time IS NULL or `heecms_users`.delete_time <=0 or `heecms_users`.delete_time='')    
2021-01-04 08:39:48 [SQL] [root]select * from heecms_users   where ((`users_id`='1')) and (`heecms_users`.delete_time IS NULL or `heecms_users`.delete_time <=0 or `heecms_users`.delete_time='')    
2021-01-04 08:39:48 [SQL] [root]select * from heecms_users   where ((`users_id`='1')) and (`heecms_users`.delete_time IS NULL or `heecms_users`.delete_time <=0 or `heecms_users`.delete_time='')    
2021-01-04 08:39:48 [SQL] [root]select * from heecms_users   where ((`users_id`='1')) and (`heecms_users`.delete_time IS NULL or `heecms_users`.delete_time <=0 or `heecms_users`.delete_time='')    
2021-01-04 08:39:48 [SQL] [root]select * from heecms_users   where ((`users_id`='1')) and (`heecms_users`.delete_time IS NULL or `heecms_users`.delete_time <=0 or `heecms_users`.delete_time='')    
2021-01-04 08:39:48 [SQL] [root]select * from heecms_users   where ((`users_id`='1')) and (`heecms_users`.delete_time IS NULL or `heecms_users`.delete_time <=0 or `heecms_users`.delete_time='')    
2021-01-04 08:39:48 [SQL] [root]select * from heecms_users   where ((`users_id`='1')) and (`heecms_users`.delete_time IS NULL or `heecms_users`.delete_time <=0 or `heecms_users`.delete_time='')    
2021-01-04 08:39:48 [SQL] [root]select * from heecms_users   where ((`users_id`='1')) and (`heecms_users`.delete_time IS NULL or `heecms_users`.delete_time <=0 or `heecms_users`.delete_time='')    
2021-01-04 08:39:48 [SQL] [root]select * from heecms_users   where ((`users_id`='1')) and (`heecms_users`.delete_time IS NULL or `heecms_users`.delete_time <=0 or `heecms_users`.delete_time='')    
2021-01-04 08:39:48 [SQL] [root]select * from heecms_category   where ( `parent_id` IS NULL or `parent_id`='' or `parent_id`=0 ) and (`heecms_category`.delete_time IS NULL or `heecms_category`.delete_time <=0 or `heecms_category`.delete_time='')    
2021-01-04 08:39:48 [SQL] [root]select * from heecms_category   where ((`parent_id`='1')) and (`heecms_category`.delete_time IS NULL or `heecms_category`.delete_time <=0 or `heecms_category`.delete_time='')   order by parent_id asc 
2021-01-04 08:39:48 [SQL] [root]select * from heecms_users   where ((`users_id`='1')) and (`heecms_users`.delete_time IS NULL or `heecms_users`.delete_time <=0 or `heecms_users`.delete_time='')    
2021-01-04 08:39:48 [SQL] [root]select * from heecms_users   where ((`users_id`='1')) and (`heecms_users`.delete_time IS NULL or `heecms_users`.delete_time <=0 or `heecms_users`.delete_time='')    
2021-01-04 08:39:48 [SQL] [root]show full columns from `heecms_pages`
2021-01-04 08:39:48 [SQL] [root]select * from heecms_pages       
2021-01-04 08:39:48 [SQL] [root]show full columns from `heecms_pages`
2021-01-04 08:39:48 [SQL] [root]select * from heecms_pages       
2021-01-04 08:39:49 [SQL] [root]show full columns from `heecms_pages`
2021-01-04 08:39:49 [SQL] [root]select * from heecms_pages       
2021-01-04 08:39:49 [SQL] [root]show full columns from `heecms_users_group`
2021-01-04 08:39:49 [SQL] [root]select * from heecms_users_group   where ((`users_group_id`=1)) and (`heecms_users_group`.delete_time IS NULL or `heecms_users_group`.delete_time <=0 or `heecms_users_group`.delete_time='')    
2021-01-04 08:39:49 [SQL] [root]show full columns from `heecms_message`
2021-01-04 08:39:49 [SQL] [root]select * from heecms_message   where ((`isread`=0 and `receiver_users_id`='1')) and (`heecms_message`.delete_time IS NULL or `heecms_message`.delete_time <=0 or `heecms_message`.delete_time='')   order by create_time desc limit 5
2021-01-04 08:39:49 [SQL] [root]select * from heecms_users   where ((`users_id`='1')) and (`heecms_users`.delete_time IS NULL or `heecms_users`.delete_time <=0 or `heecms_users`.delete_time='')    
2021-01-04 08:39:49 [SQL] [root]select * from heecms_users   where ((`users_id`='1')) and (`heecms_users`.delete_time IS NULL or `heecms_users`.delete_time <=0 or `heecms_users`.delete_time='')    
2021-01-04 08:39:49 [SQL] [root]select * from heecms_users   where ((`users_id`='1')) and (`heecms_users`.delete_time IS NULL or `heecms_users`.delete_time <=0 or `heecms_users`.delete_time='')    
2021-01-04 08:39:49 [SQL] [root]select * from heecms_users   where ((`users_id`='1')) and (`heecms_users`.delete_time IS NULL or `heecms_users`.delete_time <=0 or `heecms_users`.delete_time='')    
2021-01-04 08:39:49 [SQL] [root]select * from heecms_users   where ((`users_id`='1')) and (`heecms_users`.delete_time IS NULL or `heecms_users`.delete_time <=0 or `heecms_users`.delete_time='')    
2021-01-04 08:39:49 [SQL] [root]select * from heecms_users   where ((`users_id`='1')) and (`heecms_users`.delete_time IS NULL or `heecms_users`.delete_time <=0 or `heecms_users`.delete_time='')    
2021-01-04 08:39:49 [SQL] [root]select * from heecms_users   where ((`users_id`='1')) and (`heecms_users`.delete_time IS NULL or `heecms_users`.delete_time <=0 or `heecms_users`.delete_time='')    
2021-01-04 08:39:49 [SQL] [root]select * from heecms_users   where ((`users_id`='1')) and (`heecms_users`.delete_time IS NULL or `heecms_users`.delete_time <=0 or `heecms_users`.delete_time='')    
2021-01-04 08:39:49 [SQL] [root]select * from heecms_users   where ((`users_id`='1')) and (`heecms_users`.delete_time IS NULL or `heecms_users`.delete_time <=0 or `heecms_users`.delete_time='')    
2021-01-04 08:39:49 [SQL] [root]select * from heecms_users   where ((`users_id`='1')) and (`heecms_users`.delete_time IS NULL or `heecms_users`.delete_time <=0 or `heecms_users`.delete_time='')    
2021-01-04 08:39:49 [SQL] [root]select * from heecms_users   where ((`users_id`='1')) and (`heecms_users`.delete_time IS NULL or `heecms_users`.delete_time <=0 or `heecms_users`.delete_time='')    
2021-01-04 08:39:49 [SQL] [root]select * from heecms_users   where ((`users_id`='1')) and (`heecms_users`.delete_time IS NULL or `heecms_users`.delete_time <=0 or `heecms_users`.delete_time='')    
2021-01-04 08:39:49 [SQL] [root]select count(*) c from heecms_article   where ((category_id=2)) and (`heecms_article`.delete_time IS NULL or `heecms_article`.delete_time <=0 or `heecms_article`.delete_time='')   order by recommend desc,create_time desc 
2021-01-04 08:39:49 [SQL] [root]select  *  from heecms_article   where ((((category_id=2)) and (`heecms_article`.delete_time IS NULL or `heecms_article`.delete_time <=0 or `heecms_article`.delete_time=''))) and (`heecms_article`.delete_time IS NULL or `heecms_article`.delete_time <=0 or `heecms_article`.delete_time='')   order by recommend desc,create_time desc limit 0,5
2021-01-04 08:39:49 [SQL] [root]select * from heecms_category   where ((`category_id`='2')) and (`heecms_category`.delete_time IS NULL or `heecms_category`.delete_time <=0 or `heecms_category`.delete_time='')    
2021-01-04 08:39:49 [SQL] [root]select * from heecms_category   where ((`category_id`='2')) and (`heecms_category`.delete_time IS NULL or `heecms_category`.delete_time <=0 or `heecms_category`.delete_time='')    
2021-01-04 08:39:49 [SQL] [root]select * from heecms_category   where ((`category_id`='2')) and (`heecms_category`.delete_time IS NULL or `heecms_category`.delete_time <=0 or `heecms_category`.delete_time='')    
2021-01-04 08:39:49 [SQL] [root]select * from heecms_category   where ((`category_id`='2')) and (`heecms_category`.delete_time IS NULL or `heecms_category`.delete_time <=0 or `heecms_category`.delete_time='')    
2021-01-04 08:39:49 [SQL] [root]select * from heecms_category   where ((`category_id`='2')) and (`heecms_category`.delete_time IS NULL or `heecms_category`.delete_time <=0 or `heecms_category`.delete_time='')    
2021-01-04 08:39:49 [SQL] [root]select * from heecms_users   where ((`users_id`='1')) and (`heecms_users`.delete_time IS NULL or `heecms_users`.delete_time <=0 or `heecms_users`.delete_time='')    
2021-01-04 08:39:49 [SQL] [root]select * from heecms_users   where ((`users_id`='1')) and (`heecms_users`.delete_time IS NULL or `heecms_users`.delete_time <=0 or `heecms_users`.delete_time='')    
2021-01-04 08:39:49 [SQL] [root]select * from heecms_users   where ((`users_id`='1')) and (`heecms_users`.delete_time IS NULL or `heecms_users`.delete_time <=0 or `heecms_users`.delete_time='')    
2021-01-04 08:39:49 [SQL] [root]select * from heecms_users   where ((`users_id`='1')) and (`heecms_users`.delete_time IS NULL or `heecms_users`.delete_time <=0 or `heecms_users`.delete_time='')    
2021-01-04 08:39:49 [SQL] [root]select * from heecms_users   where ((`users_id`='16')) and (`heecms_users`.delete_time IS NULL or `heecms_users`.delete_time <=0 or `heecms_users`.delete_time='')    
2021-01-04 08:39:49 [SQL] [root]select * from heecms_category   where ((category_id=2)) and (`heecms_category`.delete_time IS NULL or `heecms_category`.delete_time <=0 or `heecms_category`.delete_time='')    
2021-01-04 08:39:49 [SQL] [root]show full columns from `heecms_pages`
2021-01-04 08:39:49 [SQL] [root]select * from heecms_pages       
2021-01-04 08:39:49 [SQL] [root]show full columns from `heecms_pages`
2021-01-04 08:39:49 [SQL] [root]select * from heecms_pages       
2021-01-04 08:39:50 [SQL] [root]show full columns from `heecms_pages`
2021-01-04 08:39:50 [SQL] [root]select * from heecms_pages       
2021-01-04 08:39:50 [SQL] [root]show full columns from `heecms_users_group`
2021-01-04 08:39:50 [SQL] [root]select * from heecms_users_group   where ((`users_group_id`=1)) and (`heecms_users_group`.delete_time IS NULL or `heecms_users_group`.delete_time <=0 or `heecms_users_group`.delete_time='')    
2021-01-04 08:39:50 [SQL] [root]show full columns from `heecms_message`
2021-01-04 08:39:50 [SQL] [root]select * from heecms_message   where ((`isread`=0 and `receiver_users_id`='1')) and (`heecms_message`.delete_time IS NULL or `heecms_message`.delete_time <=0 or `heecms_message`.delete_time='')   order by create_time desc limit 5
2021-01-04 08:39:50 [SQL] [root]select * from heecms_users   where ((`users_id`='1')) and (`heecms_users`.delete_time IS NULL or `heecms_users`.delete_time <=0 or `heecms_users`.delete_time='')    
2021-01-04 08:39:50 [SQL] [root]select * from heecms_users   where ((`users_id`='1')) and (`heecms_users`.delete_time IS NULL or `heecms_users`.delete_time <=0 or `heecms_users`.delete_time='')    
2021-01-04 08:39:50 [SQL] [root]select * from heecms_users   where ((`users_id`='1')) and (`heecms_users`.delete_time IS NULL or `heecms_users`.delete_time <=0 or `heecms_users`.delete_time='')    
2021-01-04 08:39:50 [SQL] [root]select * from heecms_users   where ((`users_id`='1')) and (`heecms_users`.delete_time IS NULL or `heecms_users`.delete_time <=0 or `heecms_users`.delete_time='')    
2021-01-04 08:39:50 [SQL] [root]select * from heecms_users   where ((`users_id`='1')) and (`heecms_users`.delete_time IS NULL or `heecms_users`.delete_time <=0 or `heecms_users`.delete_time='')    
2021-01-04 08:39:50 [SQL] [root]select * from heecms_users   where ((`users_id`='1')) and (`heecms_users`.delete_time IS NULL or `heecms_users`.delete_time <=0 or `heecms_users`.delete_time='')    
2021-01-04 08:39:50 [SQL] [root]select * from heecms_users   where ((`users_id`='1')) and (`heecms_users`.delete_time IS NULL or `heecms_users`.delete_time <=0 or `heecms_users`.delete_time='')    
2021-01-04 08:39:50 [SQL] [root]select * from heecms_users   where ((`users_id`='1')) and (`heecms_users`.delete_time IS NULL or `heecms_users`.delete_time <=0 or `heecms_users`.delete_time='')    
2021-01-04 08:39:50 [SQL] [root]select * from heecms_users   where ((`users_id`='1')) and (`heecms_users`.delete_time IS NULL or `heecms_users`.delete_time <=0 or `heecms_users`.delete_time='')    
2021-01-04 08:39:50 [SQL] [root]select * from heecms_users   where ((`users_id`='1')) and (`heecms_users`.delete_time IS NULL or `heecms_users`.delete_time <=0 or `heecms_users`.delete_time='')    
2021-01-04 08:39:50 [SQL] [root]select * from heecms_users   where ((`users_id`='1')) and (`heecms_users`.delete_time IS NULL or `heecms_users`.delete_time <=0 or `heecms_users`.delete_time='')    
2021-01-04 08:39:50 [SQL] [root]select * from heecms_users   where ((`users_id`='1')) and (`heecms_users`.delete_time IS NULL or `heecms_users`.delete_time <=0 or `heecms_users`.delete_time='')    
2021-01-04 08:39:50 [SQL] [root]select * from heecms_category   where ( `parent_id` IS NULL or `parent_id`='' or `parent_id`=0 ) and (`heecms_category`.delete_time IS NULL or `heecms_category`.delete_time <=0 or `heecms_category`.delete_time='')    
2021-01-04 08:39:50 [SQL] [root]select * from heecms_category   where ((`parent_id`='1')) and (`heecms_category`.delete_time IS NULL or `heecms_category`.delete_time <=0 or `heecms_category`.delete_time='')   order by parent_id asc 
2021-01-04 08:39:50 [SQL] [root]select * from heecms_users   where ((`users_id`='1')) and (`heecms_users`.delete_time IS NULL or `heecms_users`.delete_time <=0 or `heecms_users`.delete_time='')    
2021-01-04 08:39:50 [SQL] [root]select * from heecms_article   where ( `article_id` = '3') and (`heecms_article`.delete_time IS NULL or `heecms_article`.delete_time <=0 or `heecms_article`.delete_time='')    
2021-01-04 08:39:50 [SQL] [root]select * from heecms_category   where ((category_id=2)) and (`heecms_category`.delete_time IS NULL or `heecms_category`.delete_time <=0 or `heecms_category`.delete_time='')    
2021-01-04 08:39:50 [SQL] [root]show full columns from `heecms_pages`
2021-01-04 08:39:50 [SQL] [root]select * from heecms_pages       
2021-01-04 08:39:50 [SQL] [root]show full columns from `heecms_pages`
2021-01-04 08:39:50 [SQL] [root]select * from heecms_pages       
2021-01-04 08:39:50 [SQL] [root]show full columns from `heecms_pages`
2021-01-04 08:39:50 [SQL] [root]select * from heecms_pages       
2021-01-04 08:39:50 [SQL] [root]show full columns from `heecms_pages`
2021-01-04 08:39:50 [SQL] [root]select * from heecms_pages       
2021-01-04 08:39:50 [SQL] [root]show full columns from `heecms_pages`
2021-01-04 08:39:50 [SQL] [root]select * from heecms_pages       
2021-01-04 08:39:50 [SQL] [root]show full columns from `heecms_pages`
2021-01-04 08:39:50 [SQL] [root]select * from heecms_pages       
2021-01-04 08:39:50 [SQL] [root]show full columns from `heecms_pages`
2021-01-04 08:39:50 [SQL] [root]select * from heecms_pages       
2021-01-04 08:39:50 [SQL] [root]show full columns from `heecms_pages`
2021-01-04 08:39:50 [SQL] [root]select * from heecms_pages       
2021-01-04 08:39:50 [SQL] [root]show full columns from `heecms_pages`
2021-01-04 08:39:50 [SQL] [root]select * from heecms_pages       
2021-01-04 08:39:50 [SQL] [root]show full columns from `heecms_pages`
2021-01-04 08:39:50 [SQL] [root]select * from heecms_pages       
2021-01-04 08:39:53 [SQL] [root]show full columns from `heecms_pages`
2021-01-04 08:39:53 [SQL] [root]select * from heecms_pages       
2021-01-04 08:39:53 [SQL] [root]show full columns from `heecms_users_group`
2021-01-04 08:39:53 [SQL] [root]select * from heecms_users_group   where ((`users_group_id`=1)) and (`heecms_users_group`.delete_time IS NULL or `heecms_users_group`.delete_time <=0 or `heecms_users_group`.delete_time='')    
2021-01-04 08:39:53 [SQL] [root]show full columns from `heecms_message`
2021-01-04 08:39:53 [SQL] [root]select * from heecms_message   where ((`isread`=0 and `receiver_users_id`='1')) and (`heecms_message`.delete_time IS NULL or `heecms_message`.delete_time <=0 or `heecms_message`.delete_time='')   order by create_time desc limit 5
2021-01-04 08:39:53 [SQL] [root]select * from heecms_users   where ((`users_id`='1')) and (`heecms_users`.delete_time IS NULL or `heecms_users`.delete_time <=0 or `heecms_users`.delete_time='')    
2021-01-04 08:39:53 [SQL] [root]select * from heecms_users   where ((`users_id`='1')) and (`heecms_users`.delete_time IS NULL or `heecms_users`.delete_time <=0 or `heecms_users`.delete_time='')    
2021-01-04 08:39:53 [SQL] [root]select * from heecms_users   where ((`users_id`='1')) and (`heecms_users`.delete_time IS NULL or `heecms_users`.delete_time <=0 or `heecms_users`.delete_time='')    
2021-01-04 08:39:53 [SQL] [root]select * from heecms_users   where ((`users_id`='1')) and (`heecms_users`.delete_time IS NULL or `heecms_users`.delete_time <=0 or `heecms_users`.delete_time='')    
2021-01-04 08:39:53 [SQL] [root]select * from heecms_users   where ((`users_id`='1')) and (`heecms_users`.delete_time IS NULL or `heecms_users`.delete_time <=0 or `heecms_users`.delete_time='')    
2021-01-04 08:39:53 [SQL] [root]select * from heecms_users   where ((`users_id`='1')) and (`heecms_users`.delete_time IS NULL or `heecms_users`.delete_time <=0 or `heecms_users`.delete_time='')    
2021-01-04 08:39:53 [SQL] [root]select * from heecms_users   where ((`users_id`='1')) and (`heecms_users`.delete_time IS NULL or `heecms_users`.delete_time <=0 or `heecms_users`.delete_time='')    
2021-01-04 08:39:53 [SQL] [root]select * from heecms_users   where ((`users_id`='1')) and (`heecms_users`.delete_time IS NULL or `heecms_users`.delete_time <=0 or `heecms_users`.delete_time='')    
2021-01-04 08:39:53 [SQL] [root]select * from heecms_users   where ((`users_id`='1')) and (`heecms_users`.delete_time IS NULL or `heecms_users`.delete_time <=0 or `heecms_users`.delete_time='')    
2021-01-04 08:39:53 [SQL] [root]select * from heecms_users   where ((`users_id`='1')) and (`heecms_users`.delete_time IS NULL or `heecms_users`.delete_time <=0 or `heecms_users`.delete_time='')    
2021-01-04 08:39:53 [SQL] [root]select * from heecms_users   where ((`users_id`='1')) and (`heecms_users`.delete_time IS NULL or `heecms_users`.delete_time <=0 or `heecms_users`.delete_time='')    
2021-01-04 08:39:53 [SQL] [root]select * from heecms_users   where ((`users_id`='1')) and (`heecms_users`.delete_time IS NULL or `heecms_users`.delete_time <=0 or `heecms_users`.delete_time='')    
2021-01-04 08:39:53 [SQL] [root]select * from heecms_config where 1=1  
2021-01-04 08:39:56 [SQL] [root]show full columns from `heecms_pages`
2021-01-04 08:39:56 [SQL] [root]select * from heecms_pages       
2021-01-04 08:39:56 [SQL] [root]show full columns from `heecms_users_group`
2021-01-04 08:39:56 [SQL] [root]select * from heecms_users_group   where ((`users_group_id`=1)) and (`heecms_users_group`.delete_time IS NULL or `heecms_users_group`.delete_time <=0 or `heecms_users_group`.delete_time='')    
2021-01-04 08:39:56 [SQL] [root]show full columns from `heecms_message`
2021-01-04 08:39:56 [SQL] [root]select * from heecms_message   where ((`isread`=0 and `receiver_users_id`='1')) and (`heecms_message`.delete_time IS NULL or `heecms_message`.delete_time <=0 or `heecms_message`.delete_time='')   order by create_time desc limit 5
2021-01-04 08:39:56 [SQL] [root]select * from heecms_users   where ((`users_id`='1')) and (`heecms_users`.delete_time IS NULL or `heecms_users`.delete_time <=0 or `heecms_users`.delete_time='')    
2021-01-04 08:39:56 [SQL] [root]select * from heecms_users   where ((`users_id`='1')) and (`heecms_users`.delete_time IS NULL or `heecms_users`.delete_time <=0 or `heecms_users`.delete_time='')    
2021-01-04 08:39:56 [SQL] [root]select * from heecms_users   where ((`users_id`='1')) and (`heecms_users`.delete_time IS NULL or `heecms_users`.delete_time <=0 or `heecms_users`.delete_time='')    
2021-01-04 08:39:56 [SQL] [root]select * from heecms_users   where ((`users_id`='1')) and (`heecms_users`.delete_time IS NULL or `heecms_users`.delete_time <=0 or `heecms_users`.delete_time='')    
2021-01-04 08:39:56 [SQL] [root]select * from heecms_users   where ((`users_id`='1')) and (`heecms_users`.delete_time IS NULL or `heecms_users`.delete_time <=0 or `heecms_users`.delete_time='')    
2021-01-04 08:39:57 [SQL] [root]select * from heecms_users   where ((`users_id`='1')) and (`heecms_users`.delete_time IS NULL or `heecms_users`.delete_time <=0 or `heecms_users`.delete_time='')    
2021-01-04 08:39:57 [SQL] [root]select * from heecms_users   where ((`users_id`='1')) and (`heecms_users`.delete_time IS NULL or `heecms_users`.delete_time <=0 or `heecms_users`.delete_time='')    
2021-01-04 08:39:57 [SQL] [root]select * from heecms_users   where ((`users_id`='1')) and (`heecms_users`.delete_time IS NULL or `heecms_users`.delete_time <=0 or `heecms_users`.delete_time='')    
2021-01-04 08:39:57 [SQL] [root]select * from heecms_users   where ((`users_id`='1')) and (`heecms_users`.delete_time IS NULL or `heecms_users`.delete_time <=0 or `heecms_users`.delete_time='')    
2021-01-04 08:39:57 [SQL] [root]select * from heecms_users   where ((`users_id`='1')) and (`heecms_users`.delete_time IS NULL or `heecms_users`.delete_time <=0 or `heecms_users`.delete_time='')    
2021-01-04 08:39:57 [SQL] [root]select * from heecms_users   where ((`users_id`='1')) and (`heecms_users`.delete_time IS NULL or `heecms_users`.delete_time <=0 or `heecms_users`.delete_time='')    
2021-01-04 08:39:57 [SQL] [root]select * from heecms_users   where ((`users_id`='1')) and (`heecms_users`.delete_time IS NULL or `heecms_users`.delete_time <=0 or `heecms_users`.delete_time='')    
2021-01-04 08:39:59 [SQL] [root]show full columns from `heecms_pages`
2021-01-04 08:39:59 [SQL] [root]select * from heecms_pages       
2021-01-04 08:39:59 [SQL] [root]show full columns from `heecms_users_group`
2021-01-04 08:39:59 [SQL] [root]select * from heecms_users_group   where ((`users_group_id`=1)) and (`heecms_users_group`.delete_time IS NULL or `heecms_users_group`.delete_time <=0 or `heecms_users_group`.delete_time='')    
2021-01-04 08:39:59 [SQL] [root]show full columns from `heecms_message`
2021-01-04 08:39:59 [SQL] [root]select * from heecms_message   where ((`isread`=0 and `receiver_users_id`='1')) and (`heecms_message`.delete_time IS NULL or `heecms_message`.delete_time <=0 or `heecms_message`.delete_time='')   order by create_time desc limit 5
2021-01-04 08:39:59 [SQL] [root]select * from heecms_users   where ((`users_id`='1')) and (`heecms_users`.delete_time IS NULL or `heecms_users`.delete_time <=0 or `heecms_users`.delete_time='')    
2021-01-04 08:39:59 [SQL] [root]select * from heecms_users   where ((`users_id`='1')) and (`heecms_users`.delete_time IS NULL or `heecms_users`.delete_time <=0 or `heecms_users`.delete_time='')    
2021-01-04 08:39:59 [SQL] [root]select * from heecms_users   where ((`users_id`='1')) and (`heecms_users`.delete_time IS NULL or `heecms_users`.delete_time <=0 or `heecms_users`.delete_time='')    
2021-01-04 08:39:59 [SQL] [root]select * from heecms_users   where ((`users_id`='1')) and (`heecms_users`.delete_time IS NULL or `heecms_users`.delete_time <=0 or `heecms_users`.delete_time='')    
2021-01-04 08:39:59 [SQL] [root]select * from heecms_users   where ((`users_id`='1')) and (`heecms_users`.delete_time IS NULL or `heecms_users`.delete_time <=0 or `heecms_users`.delete_time='')    
2021-01-04 08:39:59 [SQL] [root]select * from heecms_users   where ((`users_id`='1')) and (`heecms_users`.delete_time IS NULL or `heecms_users`.delete_time <=0 or `heecms_users`.delete_time='')    
2021-01-04 08:39:59 [SQL] [root]select * from heecms_users   where ((`users_id`='1')) and (`heecms_users`.delete_time IS NULL or `heecms_users`.delete_time <=0 or `heecms_users`.delete_time='')    
2021-01-04 08:39:59 [SQL] [root]select * from heecms_users   where ((`users_id`='1')) and (`heecms_users`.delete_time IS NULL or `heecms_users`.delete_time <=0 or `heecms_users`.delete_time='')    
2021-01-04 08:39:59 [SQL] [root]select * from heecms_users   where ((`users_id`='1')) and (`heecms_users`.delete_time IS NULL or `heecms_users`.delete_time <=0 or `heecms_users`.delete_time='')    
2021-01-04 08:39:59 [SQL] [root]select * from heecms_users   where ((`users_id`='1')) and (`heecms_users`.delete_time IS NULL or `heecms_users`.delete_time <=0 or `heecms_users`.delete_time='')    
2021-01-04 08:39:59 [SQL] [root]select * from heecms_users   where ((`users_id`='1')) and (`heecms_users`.delete_time IS NULL or `heecms_users`.delete_time <=0 or `heecms_users`.delete_time='')    
2021-01-04 08:39:59 [SQL] [root]select * from heecms_users   where ((`users_id`='1')) and (`heecms_users`.delete_time IS NULL or `heecms_users`.delete_time <=0 or `heecms_users`.delete_time='')    
2021-01-04 08:39:59 [SQL] [root]select count(*) c from heecms_comment   where  (`heecms_comment`.delete_time IS NULL or `heecms_comment`.delete_time <=0 or `heecms_comment`.delete_time='')    
2021-01-04 08:39:59 [SQL] [root]select  *  from heecms_comment   where ((1=1)) and (`heecms_comment`.delete_time IS NULL or `heecms_comment`.delete_time <=0 or `heecms_comment`.delete_time='')    limit 0,5
2021-01-04 08:39:59 [SQL] [root]show full columns from `heecms_pages`
2021-01-04 08:39:59 [SQL] [root]select * from heecms_pages       
2021-01-04 08:39:59 [SQL] [root]show full columns from `heecms_pages`
2021-01-04 08:39:59 [SQL] [root]select * from heecms_pages       
2021-01-04 08:40:00 [SQL] [root]show full columns from `heecms_pages`
2021-01-04 08:40:00 [SQL] [root]select * from heecms_pages       
2021-01-04 08:40:00 [SQL] [root]show full columns from `heecms_users_group`
2021-01-04 08:40:00 [SQL] [root]select * from heecms_users_group   where ((`users_group_id`=1)) and (`heecms_users_group`.delete_time IS NULL or `heecms_users_group`.delete_time <=0 or `heecms_users_group`.delete_time='')    
2021-01-04 08:40:00 [SQL] [root]show full columns from `heecms_message`
2021-01-04 08:40:00 [SQL] [root]select * from heecms_message   where ((`isread`=0 and `receiver_users_id`='1')) and (`heecms_message`.delete_time IS NULL or `heecms_message`.delete_time <=0 or `heecms_message`.delete_time='')   order by create_time desc limit 5
2021-01-04 08:40:00 [SQL] [root]select * from heecms_users   where ((`users_id`='1')) and (`heecms_users`.delete_time IS NULL or `heecms_users`.delete_time <=0 or `heecms_users`.delete_time='')    
2021-01-04 08:40:00 [SQL] [root]select * from heecms_users   where ((`users_id`='1')) and (`heecms_users`.delete_time IS NULL or `heecms_users`.delete_time <=0 or `heecms_users`.delete_time='')    
2021-01-04 08:40:00 [SQL] [root]select * from heecms_users   where ((`users_id`='1')) and (`heecms_users`.delete_time IS NULL or `heecms_users`.delete_time <=0 or `heecms_users`.delete_time='')    
2021-01-04 08:40:00 [SQL] [root]select * from heecms_users   where ((`users_id`='1')) and (`heecms_users`.delete_time IS NULL or `heecms_users`.delete_time <=0 or `heecms_users`.delete_time='')    
2021-01-04 08:40:00 [SQL] [root]select * from heecms_users   where ((`users_id`='1')) and (`heecms_users`.delete_time IS NULL or `heecms_users`.delete_time <=0 or `heecms_users`.delete_time='')    
2021-01-04 08:40:00 [SQL] [root]select * from heecms_users   where ((`users_id`='1')) and (`heecms_users`.delete_time IS NULL or `heecms_users`.delete_time <=0 or `heecms_users`.delete_time='')    
2021-01-04 08:40:00 [SQL] [root]select * from heecms_users   where ((`users_id`='1')) and (`heecms_users`.delete_time IS NULL or `heecms_users`.delete_time <=0 or `heecms_users`.delete_time='')    
2021-01-04 08:40:00 [SQL] [root]select * from heecms_users   where ((`users_id`='1')) and (`heecms_users`.delete_time IS NULL or `heecms_users`.delete_time <=0 or `heecms_users`.delete_time='')    
2021-01-04 08:40:00 [SQL] [root]select * from heecms_users   where ((`users_id`='1')) and (`heecms_users`.delete_time IS NULL or `heecms_users`.delete_time <=0 or `heecms_users`.delete_time='')    
2021-01-04 08:40:00 [SQL] [root]select * from heecms_users   where ((`users_id`='1')) and (`heecms_users`.delete_time IS NULL or `heecms_users`.delete_time <=0 or `heecms_users`.delete_time='')    
2021-01-04 08:40:00 [SQL] [root]select * from heecms_users   where ((`users_id`='1')) and (`heecms_users`.delete_time IS NULL or `heecms_users`.delete_time <=0 or `heecms_users`.delete_time='')    
2021-01-04 08:40:00 [SQL] [root]select * from heecms_users   where ((`users_id`='1')) and (`heecms_users`.delete_time IS NULL or `heecms_users`.delete_time <=0 or `heecms_users`.delete_time='')    
2021-01-04 08:40:00 [SQL] [root]select count(*) c from heecms_guestbook       
2021-01-04 08:40:00 [SQL] [root]select  *  from heecms_guestbook   where (1=1)    limit 0,5
2021-01-04 08:40:00 [SQL] [root]show full columns from `heecms_pages`
2021-01-04 08:40:00 [SQL] [root]select * from heecms_pages       
2021-01-04 08:40:01 [SQL] [root]show full columns from `heecms_pages`
2021-01-04 08:40:01 [SQL] [root]select * from heecms_pages       
2021-01-04 08:40:02 [SQL] [root]show full columns from `heecms_pages`
2021-01-04 08:40:02 [SQL] [root]select * from heecms_pages       
2021-01-04 08:40:02 [SQL] [root]show full columns from `heecms_users_group`
2021-01-04 08:40:02 [SQL] [root]select * from heecms_users_group   where ((`users_group_id`=1)) and (`heecms_users_group`.delete_time IS NULL or `heecms_users_group`.delete_time <=0 or `heecms_users_group`.delete_time='')    
2021-01-04 08:40:02 [SQL] [root]show full columns from `heecms_message`
2021-01-04 08:40:02 [SQL] [root]select * from heecms_message   where ((`isread`=0 and `receiver_users_id`='1')) and (`heecms_message`.delete_time IS NULL or `heecms_message`.delete_time <=0 or `heecms_message`.delete_time='')   order by create_time desc limit 5
2021-01-04 08:40:02 [SQL] [root]select * from heecms_users   where ((`users_id`='1')) and (`heecms_users`.delete_time IS NULL or `heecms_users`.delete_time <=0 or `heecms_users`.delete_time='')    
2021-01-04 08:40:02 [SQL] [root]select * from heecms_users   where ((`users_id`='1')) and (`heecms_users`.delete_time IS NULL or `heecms_users`.delete_time <=0 or `heecms_users`.delete_time='')    
2021-01-04 08:40:02 [SQL] [root]select * from heecms_users   where ((`users_id`='1')) and (`heecms_users`.delete_time IS NULL or `heecms_users`.delete_time <=0 or `heecms_users`.delete_time='')    
2021-01-04 08:40:02 [SQL] [root]select * from heecms_users   where ((`users_id`='1')) and (`heecms_users`.delete_time IS NULL or `heecms_users`.delete_time <=0 or `heecms_users`.delete_time='')    
2021-01-04 08:40:02 [SQL] [root]select * from heecms_users   where ((`users_id`='1')) and (`heecms_users`.delete_time IS NULL or `heecms_users`.delete_time <=0 or `heecms_users`.delete_time='')    
2021-01-04 08:40:02 [SQL] [root]select * from heecms_users   where ((`users_id`='1')) and (`heecms_users`.delete_time IS NULL or `heecms_users`.delete_time <=0 or `heecms_users`.delete_time='')    
2021-01-04 08:40:02 [SQL] [root]select * from heecms_users   where ((`users_id`='1')) and (`heecms_users`.delete_time IS NULL or `heecms_users`.delete_time <=0 or `heecms_users`.delete_time='')    
2021-01-04 08:40:02 [SQL] [root]select * from heecms_users   where ((`users_id`='1')) and (`heecms_users`.delete_time IS NULL or `heecms_users`.delete_time <=0 or `heecms_users`.delete_time='')    
2021-01-04 08:40:02 [SQL] [root]select * from heecms_users   where ((`users_id`='1')) and (`heecms_users`.delete_time IS NULL or `heecms_users`.delete_time <=0 or `heecms_users`.delete_time='')    
2021-01-04 08:40:02 [SQL] [root]select * from heecms_users   where ((`users_id`='1')) and (`heecms_users`.delete_time IS NULL or `heecms_users`.delete_time <=0 or `heecms_users`.delete_time='')    
2021-01-04 08:40:02 [SQL] [root]select * from heecms_users   where ((`users_id`='1')) and (`heecms_users`.delete_time IS NULL or `heecms_users`.delete_time <=0 or `heecms_users`.delete_time='')    
2021-01-04 08:40:02 [SQL] [root]select * from heecms_users   where ((`users_id`='1')) and (`heecms_users`.delete_time IS NULL or `heecms_users`.delete_time <=0 or `heecms_users`.delete_time='')    
2021-01-04 08:40:02 [SQL] [root]select count(*) c from heecms_link_group       
2021-01-04 08:40:02 [SQL] [root]select  *  from heecms_link_group   where (1=1)    limit 0,5
2021-01-04 08:40:02 [SQL] [root]select * from heecms_users   where ((`users_id`='1')) and (`heecms_users`.delete_time IS NULL or `heecms_users`.delete_time <=0 or `heecms_users`.delete_time='')    
2021-01-04 08:40:02 [SQL] [root]select * from heecms_users   where ((`users_id`='1')) and (`heecms_users`.delete_time IS NULL or `heecms_users`.delete_time <=0 or `heecms_users`.delete_time='')    
2021-01-04 08:40:02 [SQL] [root]select * from heecms_users   where ((`users_id`='1')) and (`heecms_users`.delete_time IS NULL or `heecms_users`.delete_time <=0 or `heecms_users`.delete_time='')    
2021-01-04 08:40:02 [SQL] [root]show full columns from `heecms_pages`
2021-01-04 08:40:02 [SQL] [root]select * from heecms_pages       
2021-01-04 08:40:02 [SQL] [root]show full columns from `heecms_pages`
2021-01-04 08:40:02 [SQL] [root]select * from heecms_pages       
2021-01-04 08:40:03 [SQL] [root]show full columns from `heecms_pages`
2021-01-04 08:40:03 [SQL] [root]select * from heecms_pages       
2021-01-04 08:40:03 [SQL] [root]show full columns from `heecms_users_group`
2021-01-04 08:40:03 [SQL] [root]select * from heecms_users_group   where ((`users_group_id`=1)) and (`heecms_users_group`.delete_time IS NULL or `heecms_users_group`.delete_time <=0 or `heecms_users_group`.delete_time='')    
2021-01-04 08:40:03 [SQL] [root]show full columns from `heecms_message`
2021-01-04 08:40:03 [SQL] [root]select * from heecms_message   where ((`isread`=0 and `receiver_users_id`='1')) and (`heecms_message`.delete_time IS NULL or `heecms_message`.delete_time <=0 or `heecms_message`.delete_time='')   order by create_time desc limit 5
2021-01-04 08:40:03 [SQL] [root]select * from heecms_users   where ((`users_id`='1')) and (`heecms_users`.delete_time IS NULL or `heecms_users`.delete_time <=0 or `heecms_users`.delete_time='')    
2021-01-04 08:40:03 [SQL] [root]select * from heecms_users   where ((`users_id`='1')) and (`heecms_users`.delete_time IS NULL or `heecms_users`.delete_time <=0 or `heecms_users`.delete_time='')    
2021-01-04 08:40:03 [SQL] [root]select * from heecms_users   where ((`users_id`='1')) and (`heecms_users`.delete_time IS NULL or `heecms_users`.delete_time <=0 or `heecms_users`.delete_time='')    
2021-01-04 08:40:03 [SQL] [root]select * from heecms_users   where ((`users_id`='1')) and (`heecms_users`.delete_time IS NULL or `heecms_users`.delete_time <=0 or `heecms_users`.delete_time='')    
2021-01-04 08:40:03 [SQL] [root]select * from heecms_users   where ((`users_id`='1')) and (`heecms_users`.delete_time IS NULL or `heecms_users`.delete_time <=0 or `heecms_users`.delete_time='')    
2021-01-04 08:40:03 [SQL] [root]select * from heecms_users   where ((`users_id`='1')) and (`heecms_users`.delete_time IS NULL or `heecms_users`.delete_time <=0 or `heecms_users`.delete_time='')    
2021-01-04 08:40:03 [SQL] [root]select * from heecms_users   where ((`users_id`='1')) and (`heecms_users`.delete_time IS NULL or `heecms_users`.delete_time <=0 or `heecms_users`.delete_time='')    
2021-01-04 08:40:03 [SQL] [root]select * from heecms_users   where ((`users_id`='1')) and (`heecms_users`.delete_time IS NULL or `heecms_users`.delete_time <=0 or `heecms_users`.delete_time='')    
2021-01-04 08:40:03 [SQL] [root]select * from heecms_users   where ((`users_id`='1')) and (`heecms_users`.delete_time IS NULL or `heecms_users`.delete_time <=0 or `heecms_users`.delete_time='')    
2021-01-04 08:40:03 [SQL] [root]select * from heecms_users   where ((`users_id`='1')) and (`heecms_users`.delete_time IS NULL or `heecms_users`.delete_time <=0 or `heecms_users`.delete_time='')    
2021-01-04 08:40:03 [SQL] [root]select * from heecms_users   where ((`users_id`='1')) and (`heecms_users`.delete_time IS NULL or `heecms_users`.delete_time <=0 or `heecms_users`.delete_time='')    
2021-01-04 08:40:03 [SQL] [root]select * from heecms_users   where ((`users_id`='1')) and (`heecms_users`.delete_time IS NULL or `heecms_users`.delete_time <=0 or `heecms_users`.delete_time='')    
2021-01-04 08:40:03 [SQL] [root]select * from heecms_link_group   where  `link_group_id` = '1'    
2021-01-04 08:40:03 [SQL] [root]show full columns from `heecms_pages`
2021-01-04 08:40:03 [SQL] [root]select * from heecms_pages       
2021-01-04 08:40:03 [SQL] [root]show full columns from `heecms_pages`
2021-01-04 08:40:03 [SQL] [root]select * from heecms_pages       
2021-01-04 08:40:06 [SQL] [root]show full columns from `heecms_pages`
2021-01-04 08:40:06 [SQL] [root]select * from heecms_pages       
2021-01-04 08:40:06 [SQL] [root]show full columns from `heecms_users_group`
2021-01-04 08:40:06 [SQL] [root]select * from heecms_users_group   where ((`users_group_id`=1)) and (`heecms_users_group`.delete_time IS NULL or `heecms_users_group`.delete_time <=0 or `heecms_users_group`.delete_time='')    
2021-01-04 08:40:06 [SQL] [root]show full columns from `heecms_message`
2021-01-04 08:40:06 [SQL] [root]select * from heecms_message   where ((`isread`=0 and `receiver_users_id`='1')) and (`heecms_message`.delete_time IS NULL or `heecms_message`.delete_time <=0 or `heecms_message`.delete_time='')   order by create_time desc limit 5
2021-01-04 08:40:06 [SQL] [root]select * from heecms_users   where ((`users_id`='1')) and (`heecms_users`.delete_time IS NULL or `heecms_users`.delete_time <=0 or `heecms_users`.delete_time='')    
2021-01-04 08:40:06 [SQL] [root]select * from heecms_users   where ((`users_id`='1')) and (`heecms_users`.delete_time IS NULL or `heecms_users`.delete_time <=0 or `heecms_users`.delete_time='')    
2021-01-04 08:40:06 [SQL] [root]select * from heecms_users   where ((`users_id`='1')) and (`heecms_users`.delete_time IS NULL or `heecms_users`.delete_time <=0 or `heecms_users`.delete_time='')    
2021-01-04 08:40:06 [SQL] [root]select * from heecms_users   where ((`users_id`='1')) and (`heecms_users`.delete_time IS NULL or `heecms_users`.delete_time <=0 or `heecms_users`.delete_time='')    
2021-01-04 08:40:06 [SQL] [root]select * from heecms_users   where ((`users_id`='1')) and (`heecms_users`.delete_time IS NULL or `heecms_users`.delete_time <=0 or `heecms_users`.delete_time='')    
2021-01-04 08:40:06 [SQL] [root]select * from heecms_users   where ((`users_id`='1')) and (`heecms_users`.delete_time IS NULL or `heecms_users`.delete_time <=0 or `heecms_users`.delete_time='')    
2021-01-04 08:40:06 [SQL] [root]select * from heecms_users   where ((`users_id`='1')) and (`heecms_users`.delete_time IS NULL or `heecms_users`.delete_time <=0 or `heecms_users`.delete_time='')    
2021-01-04 08:40:06 [SQL] [root]select * from heecms_users   where ((`users_id`='1')) and (`heecms_users`.delete_time IS NULL or `heecms_users`.delete_time <=0 or `heecms_users`.delete_time='')    
2021-01-04 08:40:06 [SQL] [root]select * from heecms_users   where ((`users_id`='1')) and (`heecms_users`.delete_time IS NULL or `heecms_users`.delete_time <=0 or `heecms_users`.delete_time='')    
2021-01-04 08:40:06 [SQL] [root]select * from heecms_users   where ((`users_id`='1')) and (`heecms_users`.delete_time IS NULL or `heecms_users`.delete_time <=0 or `heecms_users`.delete_time='')    
2021-01-04 08:40:06 [SQL] [root]select * from heecms_users   where ((`users_id`='1')) and (`heecms_users`.delete_time IS NULL or `heecms_users`.delete_time <=0 or `heecms_users`.delete_time='')    
2021-01-04 08:40:06 [SQL] [root]select * from heecms_users   where ((`users_id`='1')) and (`heecms_users`.delete_time IS NULL or `heecms_users`.delete_time <=0 or `heecms_users`.delete_time='')    
2021-01-04 08:40:06 [SQL] [root]show full columns from `heecms_pages`
2021-01-04 08:40:06 [SQL] [root]select * from heecms_pages       
2021-01-04 08:40:06 [SQL] [root]show full columns from `heecms_pages`
2021-01-04 08:40:06 [SQL] [root]select * from heecms_pages       
2021-01-04 08:40:10 [SQL] [root]show full columns from `heecms_pages`
2021-01-04 08:40:10 [SQL] [root]select * from heecms_pages       
2021-01-04 08:40:10 [SQL] [root]show full columns from `heecms_users_group`
2021-01-04 08:40:10 [SQL] [root]select * from heecms_users_group   where ((`users_group_id`=1)) and (`heecms_users_group`.delete_time IS NULL or `heecms_users_group`.delete_time <=0 or `heecms_users_group`.delete_time='')    
2021-01-04 08:40:10 [SQL] [root]show full columns from `heecms_message`
2021-01-04 08:40:10 [SQL] [root]select * from heecms_message   where ((`isread`=0 and `receiver_users_id`='1')) and (`heecms_message`.delete_time IS NULL or `heecms_message`.delete_time <=0 or `heecms_message`.delete_time='')   order by create_time desc limit 5
2021-01-04 08:40:10 [SQL] [root]select * from heecms_users   where ((`users_id`='1')) and (`heecms_users`.delete_time IS NULL or `heecms_users`.delete_time <=0 or `heecms_users`.delete_time='')    
2021-01-04 08:40:10 [SQL] [root]select * from heecms_users   where ((`users_id`='1')) and (`heecms_users`.delete_time IS NULL or `heecms_users`.delete_time <=0 or `heecms_users`.delete_time='')    
2021-01-04 08:40:10 [SQL] [root]select * from heecms_users   where ((`users_id`='1')) and (`heecms_users`.delete_time IS NULL or `heecms_users`.delete_time <=0 or `heecms_users`.delete_time='')    
2021-01-04 08:40:10 [SQL] [root]select * from heecms_users   where ((`users_id`='1')) and (`heecms_users`.delete_time IS NULL or `heecms_users`.delete_time <=0 or `heecms_users`.delete_time='')    
2021-01-04 08:40:10 [SQL] [root]select * from heecms_users   where ((`users_id`='1')) and (`heecms_users`.delete_time IS NULL or `heecms_users`.delete_time <=0 or `heecms_users`.delete_time='')    
2021-01-04 08:40:10 [SQL] [root]select * from heecms_users   where ((`users_id`='1')) and (`heecms_users`.delete_time IS NULL or `heecms_users`.delete_time <=0 or `heecms_users`.delete_time='')    
2021-01-04 08:40:10 [SQL] [root]select * from heecms_users   where ((`users_id`='1')) and (`heecms_users`.delete_time IS NULL or `heecms_users`.delete_time <=0 or `heecms_users`.delete_time='')    
2021-01-04 08:40:10 [SQL] [root]select * from heecms_users   where ((`users_id`='1')) and (`heecms_users`.delete_time IS NULL or `heecms_users`.delete_time <=0 or `heecms_users`.delete_time='')    
2021-01-04 08:40:10 [SQL] [root]select * from heecms_users   where ((`users_id`='1')) and (`heecms_users`.delete_time IS NULL or `heecms_users`.delete_time <=0 or `heecms_users`.delete_time='')    
2021-01-04 08:40:10 [SQL] [root]select * from heecms_users   where ((`users_id`='1')) and (`heecms_users`.delete_time IS NULL or `heecms_users`.delete_time <=0 or `heecms_users`.delete_time='')    
2021-01-04 08:40:10 [SQL] [root]select * from heecms_users   where ((`users_id`='1')) and (`heecms_users`.delete_time IS NULL or `heecms_users`.delete_time <=0 or `heecms_users`.delete_time='')    
2021-01-04 08:40:10 [SQL] [root]select * from heecms_users   where ((`users_id`='1')) and (`heecms_users`.delete_time IS NULL or `heecms_users`.delete_time <=0 or `heecms_users`.delete_time='')    
2021-01-04 08:40:10 [SQL] [root]select * from heecms_link_group   where  `link_group_id` = '1'    
2021-01-04 08:40:10 [SQL] [root]show full columns from `heecms_pages`
2021-01-04 08:40:10 [SQL] [root]select * from heecms_pages       
2021-01-04 08:40:10 [SQL] [root]show full columns from `heecms_pages`
2021-01-04 08:40:10 [SQL] [root]select * from heecms_pages       
