2020-04-25 16:37:57 [DEBUG] [root]自动加载类：app\admin\controller\adminBase
2020-04-25 16:37:57 [DEBUG] [root]自动加载类：heephp\database\mysqli
2020-04-25 16:37:57 [DEBUG] [root]自动加载类：heephp\database\databaseInterface
2020-04-25 16:37:57 [DEBUG] [root]SHOW COLUMNS FROM `heecms_users_group`
2020-04-25 16:37:57 [DEBUG] [root]select name from heecms_users_group where (`users_group_id`=) and (delete_time IS NULL or delete_time <=0 or delete_time='')  
2020-04-25 16:37:57 [DEBUG] [root]自动加载类：app\admin\controller\adminBase
2020-04-25 16:37:57 [DEBUG] [root]自动加载类：heephp\database\mysqli
2020-04-25 16:37:57 [DEBUG] [root]自动加载类：heephp\database\databaseInterface
2020-04-25 16:37:57 [DEBUG] [root]自动加载类：heephp\cache\file
2020-04-25 16:37:57 [DEBUG] [root]自动加载类：heephp\cache\cacheInterface
2020-04-25 16:37:57 [DEBUG] [root]select * from heecms_config where 1=1  
2020-04-25 16:37:58 [DEBUG] [root]自动加载类：app\admin\controller\adminBase
2020-04-25 16:37:58 [DEBUG] [root]自动加载类：heephp\database\mysqli
2020-04-25 16:37:58 [DEBUG] [root]自动加载类：heephp\database\databaseInterface
2020-04-25 16:37:58 [DEBUG] [root]自动加载类：heephp\cache\file
2020-04-25 16:37:58 [DEBUG] [root]自动加载类：heephp\cache\cacheInterface
2020-04-25 16:37:58 [DEBUG] [root]自动加载类：app\admin\controller\adminBase
2020-04-25 16:38:38 [DEBUG] [root]自动加载类：app\admin\controller\adminBase
2020-04-25 16:38:38 [DEBUG] [root]自动加载类：heephp\database\mysqli
2020-04-25 16:38:38 [DEBUG] [root]自动加载类：heephp\database\databaseInterface
2020-04-25 16:38:38 [DEBUG] [root]自动加载类：heephp\cache\file
2020-04-25 16:38:38 [DEBUG] [root]自动加载类：heephp\cache\cacheInterface
2020-04-25 16:38:38 [DEBUG] [root]自动加载类：app\admin\controller\adminBase
2020-04-25 16:38:38 [DEBUG] [root]自动加载类：heephp\database\mysqli
2020-04-25 16:38:38 [DEBUG] [root]自动加载类：heephp\database\databaseInterface
2020-04-25 16:38:38 [DEBUG] [root]自动加载类：heephp\cache\file
2020-04-25 16:38:38 [DEBUG] [root]自动加载类：heephp\cache\cacheInterface
2020-04-25 16:38:38 [DEBUG] [root]自动加载类：app\admin\controller\adminBase
2020-04-25 16:39:04 [DEBUG] [root]自动加载类：app\admin\controller\adminBase
2020-04-25 16:39:04 [DEBUG] [root]自动加载类：heephp\database\mysqli
2020-04-25 16:39:04 [DEBUG] [root]自动加载类：heephp\database\databaseInterface
2020-04-25 16:39:04 [DEBUG] [root]自动加载类：heephp\cache\file
2020-04-25 16:39:04 [DEBUG] [root]自动加载类：heephp\cache\cacheInterface
2020-04-25 16:39:04 [DEBUG] [root]自动加载类：app\admin\controller\adminBase
2020-04-25 16:39:04 [DEBUG] [root]自动加载类：heephp\database\mysqli
2020-04-25 16:39:04 [DEBUG] [root]自动加载类：heephp\database\databaseInterface
2020-04-25 16:39:04 [DEBUG] [root]自动加载类：heephp\cache\file
2020-04-25 16:39:04 [DEBUG] [root]自动加载类：heephp\cache\cacheInterface
2020-04-25 16:39:04 [DEBUG] [root]自动加载类：app\admin\controller\adminBase
2020-04-25 16:39:05 [DEBUG] [root]自动加载类：app\admin\controller\adminBase
2020-04-25 16:39:05 [DEBUG] [root]自动加载类：heephp\database\mysqli
2020-04-25 16:39:05 [DEBUG] [root]自动加载类：heephp\database\databaseInterface
2020-04-25 16:39:05 [DEBUG] [root]自动加载类：heephp\cache\file
2020-04-25 16:39:05 [DEBUG] [root]自动加载类：heephp\cache\cacheInterface
2020-04-25 16:39:05 [DEBUG] [root]自动加载类：app\admin\controller\adminBase
2020-04-25 16:39:05 [DEBUG] [root]自动加载类：heephp\database\mysqli
2020-04-25 16:39:05 [DEBUG] [root]自动加载类：heephp\database\databaseInterface
2020-04-25 16:39:05 [DEBUG] [root]自动加载类：heephp\cache\file
2020-04-25 16:39:05 [DEBUG] [root]自动加载类：heephp\cache\cacheInterface
2020-04-25 16:39:05 [DEBUG] [root]自动加载类：app\admin\controller\adminBase
2020-04-25 16:39:05 [DEBUG] [root]自动加载类：app\admin\controller\adminBase
2020-04-25 16:39:05 [DEBUG] [root]自动加载类：heephp\database\mysqli
2020-04-25 16:39:05 [DEBUG] [root]自动加载类：heephp\database\databaseInterface
2020-04-25 16:39:05 [DEBUG] [root]自动加载类：heephp\cache\file
2020-04-25 16:39:05 [DEBUG] [root]自动加载类：heephp\cache\cacheInterface
2020-04-25 16:39:05 [DEBUG] [root]自动加载类：app\admin\controller\adminBase
2020-04-25 16:39:05 [DEBUG] [root]自动加载类：heephp\database\mysqli
2020-04-25 16:39:05 [DEBUG] [root]自动加载类：heephp\database\databaseInterface
2020-04-25 16:39:05 [DEBUG] [root]自动加载类：heephp\cache\file
2020-04-25 16:39:05 [DEBUG] [root]自动加载类：heephp\cache\cacheInterface
2020-04-25 16:39:05 [DEBUG] [root]自动加载类：app\admin\controller\adminBase
2020-04-25 16:39:06 [DEBUG] [root]自动加载类：app\admin\controller\adminBase
2020-04-25 16:39:06 [DEBUG] [root]自动加载类：heephp\database\mysqli
2020-04-25 16:39:06 [DEBUG] [root]自动加载类：heephp\database\databaseInterface
2020-04-25 16:39:06 [DEBUG] [root]自动加载类：heephp\cache\file
2020-04-25 16:39:06 [DEBUG] [root]自动加载类：heephp\cache\cacheInterface
2020-04-25 16:39:06 [DEBUG] [root]自动加载类：app\admin\controller\adminBase
2020-04-25 16:39:06 [DEBUG] [root]自动加载类：heephp\database\mysqli
2020-04-25 16:39:06 [DEBUG] [root]自动加载类：heephp\database\databaseInterface
2020-04-25 16:39:06 [DEBUG] [root]自动加载类：heephp\cache\file
2020-04-25 16:39:06 [DEBUG] [root]自动加载类：heephp\cache\cacheInterface
2020-04-25 16:39:06 [DEBUG] [root]自动加载类：app\admin\controller\adminBase
2020-04-25 16:39:06 [DEBUG] [root]自动加载类：app\admin\controller\adminBase
2020-04-25 16:39:06 [DEBUG] [root]自动加载类：heephp\database\mysqli
2020-04-25 16:39:06 [DEBUG] [root]自动加载类：heephp\database\databaseInterface
2020-04-25 16:39:06 [DEBUG] [root]自动加载类：heephp\cache\file
2020-04-25 16:39:06 [DEBUG] [root]自动加载类：heephp\cache\cacheInterface
2020-04-25 16:39:06 [DEBUG] [root]自动加载类：app\admin\controller\adminBase
2020-04-25 16:39:06 [DEBUG] [root]自动加载类：heephp\database\mysqli
2020-04-25 16:39:06 [DEBUG] [root]自动加载类：heephp\database\databaseInterface
2020-04-25 16:39:06 [DEBUG] [root]自动加载类：heephp\cache\file
2020-04-25 16:39:06 [DEBUG] [root]自动加载类：heephp\cache\cacheInterface
2020-04-25 16:39:06 [DEBUG] [root]自动加载类：app\admin\controller\adminBase
2020-04-25 16:39:06 [DEBUG] [root]自动加载类：app\admin\controller\adminBase
2020-04-25 16:39:06 [DEBUG] [root]自动加载类：heephp\database\mysqli
2020-04-25 16:39:06 [DEBUG] [root]自动加载类：heephp\database\databaseInterface
2020-04-25 16:39:06 [DEBUG] [root]自动加载类：heephp\cache\file
2020-04-25 16:39:06 [DEBUG] [root]自动加载类：heephp\cache\cacheInterface
2020-04-25 16:39:07 [DEBUG] [root]自动加载类：app\admin\controller\adminBase
2020-04-25 16:39:07 [DEBUG] [root]自动加载类：app\admin\controller\adminBase
2020-04-25 16:39:07 [DEBUG] [root]自动加载类：heephp\database\mysqli
2020-04-25 16:39:07 [DEBUG] [root]自动加载类：heephp\database\databaseInterface
2020-04-25 16:39:07 [DEBUG] [root]自动加载类：heephp\cache\file
2020-04-25 16:39:07 [DEBUG] [root]自动加载类：heephp\cache\cacheInterface
2020-04-25 16:39:07 [DEBUG] [root]自动加载类：app\admin\controller\adminBase
2020-04-25 16:39:07 [DEBUG] [root]自动加载类：heephp\database\mysqli
2020-04-25 16:39:07 [DEBUG] [root]自动加载类：heephp\database\databaseInterface
2020-04-25 16:39:07 [DEBUG] [root]自动加载类：heephp\cache\file
2020-04-25 16:39:07 [DEBUG] [root]自动加载类：heephp\cache\cacheInterface
2020-04-25 16:39:07 [DEBUG] [root]自动加载类：app\admin\controller\adminBase
2020-04-25 16:39:07 [DEBUG] [root]自动加载类：app\admin\controller\adminBase
2020-04-25 16:39:07 [DEBUG] [root]自动加载类：heephp\database\mysqli
2020-04-25 16:39:07 [DEBUG] [root]自动加载类：heephp\database\databaseInterface
2020-04-25 16:39:07 [DEBUG] [root]自动加载类：heephp\cache\file
2020-04-25 16:39:07 [DEBUG] [root]自动加载类：heephp\cache\cacheInterface
2020-04-25 16:39:07 [DEBUG] [root]自动加载类：app\admin\controller\adminBase
2020-04-25 16:39:07 [DEBUG] [root]自动加载类：heephp\database\mysqli
2020-04-25 16:39:07 [DEBUG] [root]自动加载类：heephp\database\databaseInterface
2020-04-25 16:39:07 [DEBUG] [root]自动加载类：heephp\cache\file
2020-04-25 16:39:07 [DEBUG] [root]自动加载类：heephp\cache\cacheInterface
2020-04-25 16:39:08 [DEBUG] [root]自动加载类：app\admin\controller\adminBase
2020-04-25 16:39:08 [DEBUG] [root]自动加载类：heephp\database\mysqli
2020-04-25 16:39:08 [DEBUG] [root]自动加载类：heephp\database\databaseInterface
2020-04-25 16:39:08 [DEBUG] [root]自动加载类：heephp\cache\file
2020-04-25 16:39:08 [DEBUG] [root]自动加载类：heephp\cache\cacheInterface
2020-04-25 16:39:08 [DEBUG] [root]自动加载类：app\admin\controller\adminBase
2020-04-25 16:39:10 [DEBUG] [root]自动加载类：app\admin\controller\adminBase
2020-04-25 16:39:10 [DEBUG] [root]自动加载类：heephp\database\mysqli
2020-04-25 16:39:10 [DEBUG] [root]自动加载类：heephp\database\databaseInterface
2020-04-25 16:39:10 [DEBUG] [root]自动加载类：heephp\cache\file
2020-04-25 16:39:10 [DEBUG] [root]自动加载类：heephp\cache\cacheInterface
2020-04-25 16:39:10 [DEBUG] [root]自动加载类：app\admin\controller\adminBase
2020-04-25 16:39:10 [DEBUG] [root]自动加载类：heephp\database\mysqli
2020-04-25 16:39:10 [DEBUG] [root]自动加载类：heephp\database\databaseInterface
2020-04-25 16:39:10 [DEBUG] [root]自动加载类：heephp\cache\file
2020-04-25 16:39:10 [DEBUG] [root]自动加载类：heephp\cache\cacheInterface
2020-04-25 16:39:10 [DEBUG] [root]自动加载类：app\admin\controller\adminBase
2020-04-25 16:39:17 [DEBUG] [root]自动加载类：app\admin\controller\adminBase
2020-04-25 16:39:17 [DEBUG] [root]自动加载类：heephp\database\mysqli
2020-04-25 16:39:17 [DEBUG] [root]自动加载类：heephp\database\databaseInterface
2020-04-25 16:39:17 [DEBUG] [root]自动加载类：heephp\cache\file
2020-04-25 16:39:17 [DEBUG] [root]自动加载类：heephp\cache\cacheInterface
2020-04-25 16:39:17 [DEBUG] [root]select * from heecms_users where (`username`='admin' and `password`='e10adc3949ba59abbe56e057f20f883e') and (delete_time IS NULL or delete_time <=0 or delete_time='')
2020-04-25 16:39:17 [DEBUG] [root]SHOW COLUMNS FROM `heecms_users_group`
2020-04-25 16:39:17 [DEBUG] [root]select * from heecms_users_group where (`users_group_id`='1') and (delete_time IS NULL or delete_time <=0 or delete_time='')
2020-04-25 16:39:17 [DEBUG] [root]自动加载类：app\admin\controller\adminBase
2020-04-25 16:39:17 [DEBUG] [root]自动加载类：heephp\database\mysqli
2020-04-25 16:39:17 [DEBUG] [root]自动加载类：heephp\database\databaseInterface
2020-04-25 16:39:17 [DEBUG] [root]SHOW COLUMNS FROM `heecms_users_group`
2020-04-25 16:39:17 [DEBUG] [root]select name from heecms_users_group where (`users_group_id`=1) and (delete_time IS NULL or delete_time <=0 or delete_time='')  
2020-04-25 16:39:17 [DEBUG] [root]SHOW COLUMNS FROM `heecms_message`
2020-04-25 16:39:17 [DEBUG] [root]select * from heecms_message where (`isread`=0 and `receiver_users_id`='1') and (delete_time IS NULL or delete_time <=0 or delete_time='')  order by create_time desc limit 0,5
2020-04-25 16:39:17 [DEBUG] [root]SHOW COLUMNS FROM `heecms_menus`
2020-04-25 16:39:17 [DEBUG] [root]自动加载类：heephp\cache\file
2020-04-25 16:39:17 [DEBUG] [root]自动加载类：heephp\cache\cacheInterface
2020-04-25 16:39:17 [DEBUG] [root]select * from heecms_menus where (parent_id=0 or parent_id IS NULL or parent_id='') and (delete_time IS NULL or delete_time <=0 or delete_time='')  order by ord asc 
2020-04-25 16:39:17 [DEBUG] [root]SHOW COLUMNS FROM `heecms_menus`
2020-04-25 16:39:17 [DEBUG] [root]select * from heecms_menus where (`parent_id`='8') and (delete_time IS NULL or delete_time <=0 or delete_time='')  order by ord asc 
2020-04-25 16:39:17 [DEBUG] [root]select * from heecms_users where (`users_id`='1') and (delete_time IS NULL or delete_time <=0 or delete_time='')
2020-04-25 16:39:17 [DEBUG] [root]select * from heecms_menus where (`parent_id`='10') and (delete_time IS NULL or delete_time <=0 or delete_time='')  order by ord asc 
2020-04-25 16:39:17 [DEBUG] [root]select * from heecms_menus where (`parent_id`='5') and (delete_time IS NULL or delete_time <=0 or delete_time='')  order by ord asc 
2020-04-25 16:39:22 [DEBUG] [root]自动加载类：app\admin\controller\adminBase
2020-04-25 16:39:22 [DEBUG] [root]自动加载类：heephp\database\mysqli
2020-04-25 16:39:22 [DEBUG] [root]自动加载类：heephp\database\databaseInterface
2020-04-25 16:39:22 [DEBUG] [root]SHOW COLUMNS FROM `heecms_users_group`
2020-04-25 16:39:22 [DEBUG] [root]select name from heecms_users_group where (`users_group_id`=1) and (delete_time IS NULL or delete_time <=0 or delete_time='')  
2020-04-25 16:39:22 [DEBUG] [root]SHOW COLUMNS FROM `heecms_message`
2020-04-25 16:39:22 [DEBUG] [root]select * from heecms_message where (`isread`=0 and `receiver_users_id`='1') and (delete_time IS NULL or delete_time <=0 or delete_time='')  order by create_time desc limit 0,5
2020-04-25 16:39:22 [DEBUG] [root]SHOW COLUMNS FROM `heecms_menus`
2020-04-25 16:39:22 [DEBUG] [root]自动加载类：heephp\cache\file
2020-04-25 16:39:22 [DEBUG] [root]自动加载类：heephp\cache\cacheInterface
2020-04-25 16:39:23 [DEBUG] [root]SHOW COLUMNS FROM `heecms_menus`
2020-04-25 16:39:23 [DEBUG] [root]select count(*) c from `heecms_category` where (parent_id<1 or parent_id IS NULL or parent_id='') and (delete_time IS NULL or delete_time <=0 or delete_time='')
2020-04-25 16:39:23 [DEBUG] [root]select * from heecms_category where (parent_id<1 or parent_id IS NULL or parent_id='') and (delete_time IS NULL or delete_time <=0 or delete_time='')  limit 0,5
2020-04-25 16:39:23 [DEBUG] [root]select * from heecms_category where (`parent_id`='1') and (delete_time IS NULL or delete_time <=0 or delete_time='')  order by parent_id asc 
2020-04-25 16:39:24 [DEBUG] [root]自动加载类：app\admin\controller\adminBase
2020-04-25 16:39:24 [DEBUG] [root]自动加载类：heephp\database\mysqli
2020-04-25 16:39:24 [DEBUG] [root]自动加载类：heephp\database\databaseInterface
2020-04-25 16:39:24 [DEBUG] [root]SHOW COLUMNS FROM `heecms_users_group`
2020-04-25 16:39:24 [DEBUG] [root]select name from heecms_users_group where (`users_group_id`=1) and (delete_time IS NULL or delete_time <=0 or delete_time='')  
2020-04-25 16:39:24 [DEBUG] [root]SHOW COLUMNS FROM `heecms_message`
2020-04-25 16:39:24 [DEBUG] [root]select * from heecms_message where (`isread`=0 and `receiver_users_id`='1') and (delete_time IS NULL or delete_time <=0 or delete_time='')  order by create_time desc limit 0,5
2020-04-25 16:39:24 [DEBUG] [root]SHOW COLUMNS FROM `heecms_menus`
2020-04-25 16:39:24 [DEBUG] [root]自动加载类：heephp\cache\file
2020-04-25 16:39:24 [DEBUG] [root]自动加载类：heephp\cache\cacheInterface
2020-04-25 16:39:24 [DEBUG] [root]SHOW COLUMNS FROM `heecms_menus`
2020-04-25 16:39:24 [DEBUG] [root]select count(*) c from `heecms_category` where (parent_id<1 or parent_id IS NULL or parent_id='') and (delete_time IS NULL or delete_time <=0 or delete_time='')
2020-04-25 16:39:24 [DEBUG] [root]select * from heecms_category where (parent_id<1 or parent_id IS NULL or parent_id='') and (delete_time IS NULL or delete_time <=0 or delete_time='')  limit 0,5
2020-04-25 16:39:24 [DEBUG] [root]select * from heecms_category where (`parent_id`='1') and (delete_time IS NULL or delete_time <=0 or delete_time='')  order by parent_id asc 
2020-04-25 16:46:17 [DEBUG] [root]自动加载类：app\admin\controller\adminBase
2020-04-25 16:46:17 [DEBUG] [root]自动加载类：heephp\database\mysqli
2020-04-25 16:46:17 [DEBUG] [root]自动加载类：heephp\database\databaseInterface
2020-04-25 16:46:17 [DEBUG] [root]SHOW COLUMNS FROM `heecms_users_group`
2020-04-25 16:46:17 [DEBUG] [root]select name from heecms_users_group where (`users_group_id`=1) and (delete_time IS NULL or delete_time <=0 or delete_time='')  
2020-04-25 16:46:17 [DEBUG] [root]SHOW COLUMNS FROM `heecms_message`
2020-04-25 16:46:17 [DEBUG] [root]select * from heecms_message where (`isread`=0 and `receiver_users_id`='1') and (delete_time IS NULL or delete_time <=0 or delete_time='')  order by create_time desc limit 0,5
2020-04-25 16:46:17 [DEBUG] [root]SHOW COLUMNS FROM `heecms_menus`
2020-04-25 16:46:17 [DEBUG] [root]自动加载类：heephp\cache\file
2020-04-25 16:46:17 [DEBUG] [root]自动加载类：heephp\cache\cacheInterface
2020-04-25 16:46:17 [DEBUG] [root]SHOW COLUMNS FROM `heecms_menus`
2020-04-25 16:46:17 [DEBUG] [root]select count(*) c from `heecms_category` where (parent_id<1 or parent_id IS NULL or parent_id='') and (delete_time IS NULL or delete_time <=0 or delete_time='')
2020-04-25 16:46:17 [DEBUG] [root]select * from heecms_category where (parent_id<1 or parent_id IS NULL or parent_id='') and (delete_time IS NULL or delete_time <=0 or delete_time='')  limit 0,5
2020-04-25 16:46:17 [DEBUG] [root]select * from heecms_category where (`parent_id`='1') and (delete_time IS NULL or delete_time <=0 or delete_time='')  order by parent_id asc 
2020-04-25 16:46:21 [DEBUG] [root]自动加载类：app\admin\controller\adminBase
2020-04-25 16:46:21 [DEBUG] [root]自动加载类：heephp\database\mysqli
2020-04-25 16:46:21 [DEBUG] [root]自动加载类：heephp\database\databaseInterface
2020-04-25 16:46:21 [DEBUG] [root]SHOW COLUMNS FROM `heecms_users_group`
2020-04-25 16:46:21 [DEBUG] [root]select name from heecms_users_group where (`users_group_id`=1) and (delete_time IS NULL or delete_time <=0 or delete_time='')  
2020-04-25 16:46:21 [DEBUG] [root]SHOW COLUMNS FROM `heecms_message`
2020-04-25 16:46:21 [DEBUG] [root]select * from heecms_message where (`isread`=0 and `receiver_users_id`='1') and (delete_time IS NULL or delete_time <=0 or delete_time='')  order by create_time desc limit 0,5
2020-04-25 16:46:21 [DEBUG] [root]SHOW COLUMNS FROM `heecms_menus`
2020-04-25 16:46:21 [DEBUG] [root]自动加载类：heephp\cache\file
2020-04-25 16:46:21 [DEBUG] [root]自动加载类：heephp\cache\cacheInterface
2020-04-25 16:46:21 [DEBUG] [root]SHOW COLUMNS FROM `heecms_menus`
2020-04-25 16:46:21 [DEBUG] [root]select count(*) c from `heecms_category` where (parent_id<1 or parent_id IS NULL or parent_id='') and (delete_time IS NULL or delete_time <=0 or delete_time='')
2020-04-25 16:46:21 [DEBUG] [root]select * from heecms_category where (parent_id<1 or parent_id IS NULL or parent_id='') and (delete_time IS NULL or delete_time <=0 or delete_time='')  limit 0,5
2020-04-25 16:46:21 [DEBUG] [root]select * from heecms_category where (`parent_id`='1') and (delete_time IS NULL or delete_time <=0 or delete_time='')  order by parent_id asc 
2020-04-25 16:46:51 [DEBUG] [root]自动加载类：app\admin\controller\adminBase
2020-04-25 16:46:51 [DEBUG] [root]自动加载类：heephp\database\mysqli
2020-04-25 16:46:51 [DEBUG] [root]自动加载类：heephp\database\databaseInterface
2020-04-25 16:46:51 [DEBUG] [root]SHOW COLUMNS FROM `heecms_users_group`
2020-04-25 16:46:51 [DEBUG] [root]select name from heecms_users_group where (`users_group_id`=1) and (delete_time IS NULL or delete_time <=0 or delete_time='')  
2020-04-25 16:46:51 [DEBUG] [root]SHOW COLUMNS FROM `heecms_message`
2020-04-25 16:46:51 [DEBUG] [root]select * from heecms_message where (`isread`=0 and `receiver_users_id`='1') and (delete_time IS NULL or delete_time <=0 or delete_time='')  order by create_time desc limit 0,5
2020-04-25 16:46:51 [DEBUG] [root]SHOW COLUMNS FROM `heecms_menus`
2020-04-25 16:46:51 [DEBUG] [root]自动加载类：heephp\cache\file
2020-04-25 16:46:51 [DEBUG] [root]自动加载类：heephp\cache\cacheInterface
2020-04-25 16:46:51 [DEBUG] [root]SHOW COLUMNS FROM `heecms_menus`
2020-04-25 16:46:51 [DEBUG] [root]select count(*) c from `heecms_category` where (parent_id<1 or parent_id IS NULL or parent_id='') and (delete_time IS NULL or delete_time <=0 or delete_time='')
2020-04-25 16:46:51 [DEBUG] [root]select * from heecms_category where (parent_id<1 or parent_id IS NULL or parent_id='') and (delete_time IS NULL or delete_time <=0 or delete_time='')  limit 0,5
2020-04-25 16:46:51 [DEBUG] [root]select * from heecms_category where (`parent_id`='1') and (delete_time IS NULL or delete_time <=0 or delete_time='')  order by parent_id asc 
2020-04-25 16:49:03 [DEBUG] [root]自动加载类：app\admin\controller\adminBase
2020-04-25 16:49:03 [DEBUG] [root]自动加载类：heephp\database\mysqli
2020-04-25 16:49:03 [DEBUG] [root]自动加载类：heephp\database\databaseInterface
2020-04-25 16:49:03 [DEBUG] [root]SHOW COLUMNS FROM `heecms_users_group`
2020-04-25 16:49:03 [DEBUG] [root]select name from heecms_users_group where (`users_group_id`=1) and (delete_time IS NULL or delete_time <=0 or delete_time='')  
2020-04-25 16:49:03 [DEBUG] [root]SHOW COLUMNS FROM `heecms_message`
2020-04-25 16:49:03 [DEBUG] [root]select * from heecms_message where (`isread`=0 and `receiver_users_id`='1') and (delete_time IS NULL or delete_time <=0 or delete_time='')  order by create_time desc limit 0,5
2020-04-25 16:49:03 [DEBUG] [root]SHOW COLUMNS FROM `heecms_menus`
2020-04-25 16:49:03 [DEBUG] [root]自动加载类：heephp\cache\file
2020-04-25 16:49:03 [DEBUG] [root]自动加载类：heephp\cache\cacheInterface
2020-04-25 16:49:03 [DEBUG] [root]SHOW COLUMNS FROM `heecms_menus`
2020-04-25 16:49:03 [DEBUG] [root]select count(*) c from `heecms_category` where (parent_id<1 or parent_id IS NULL or parent_id='') and (delete_time IS NULL or delete_time <=0 or delete_time='')
2020-04-25 16:49:03 [DEBUG] [root]select * from heecms_category where (parent_id<1 or parent_id IS NULL or parent_id='') and (delete_time IS NULL or delete_time <=0 or delete_time='')  limit 0,5
2020-04-25 16:49:03 [DEBUG] [root]select * from heecms_category where (`parent_id`='1') and (delete_time IS NULL or delete_time <=0 or delete_time='')  order by parent_id asc 
2020-04-25 16:49:19 [DEBUG] [root]自动加载类：app\admin\controller\adminBase
2020-04-25 16:49:19 [DEBUG] [root]自动加载类：heephp\database\mysqli
2020-04-25 16:49:19 [DEBUG] [root]自动加载类：heephp\database\databaseInterface
2020-04-25 16:49:19 [DEBUG] [root]SHOW COLUMNS FROM `heecms_users_group`
2020-04-25 16:49:19 [DEBUG] [root]select name from heecms_users_group where (`users_group_id`=1) and (delete_time IS NULL or delete_time <=0 or delete_time='')  
2020-04-25 16:49:19 [DEBUG] [root]SHOW COLUMNS FROM `heecms_message`
2020-04-25 16:49:19 [DEBUG] [root]select * from heecms_message where (`isread`=0 and `receiver_users_id`='1') and (delete_time IS NULL or delete_time <=0 or delete_time='')  order by create_time desc limit 0,5
2020-04-25 16:49:19 [DEBUG] [root]SHOW COLUMNS FROM `heecms_menus`
2020-04-25 16:49:19 [DEBUG] [root]自动加载类：heephp\cache\file
2020-04-25 16:49:19 [DEBUG] [root]自动加载类：heephp\cache\cacheInterface
2020-04-25 16:49:19 [DEBUG] [root]SHOW COLUMNS FROM `heecms_menus`
2020-04-25 16:49:19 [DEBUG] [root]select count(*) c from `heecms_category` where (parent_id<1 or parent_id IS NULL or parent_id='') and (delete_time IS NULL or delete_time <=0 or delete_time='')
2020-04-25 16:49:19 [DEBUG] [root]select * from heecms_category where (parent_id<1 or parent_id IS NULL or parent_id='') and (delete_time IS NULL or delete_time <=0 or delete_time='')  limit 0,5
2020-04-25 16:49:19 [DEBUG] [root]select * from heecms_category where (`parent_id`='1') and (delete_time IS NULL or delete_time <=0 or delete_time='')  order by parent_id asc 
2020-04-25 16:49:20 [DEBUG] [root]自动加载类：app\admin\controller\adminBase
2020-04-25 16:49:20 [DEBUG] [root]自动加载类：heephp\database\mysqli
2020-04-25 16:49:20 [DEBUG] [root]自动加载类：heephp\database\databaseInterface
2020-04-25 16:49:20 [DEBUG] [root]SHOW COLUMNS FROM `heecms_users_group`
2020-04-25 16:49:20 [DEBUG] [root]select name from heecms_users_group where (`users_group_id`=1) and (delete_time IS NULL or delete_time <=0 or delete_time='')  
2020-04-25 16:49:20 [DEBUG] [root]SHOW COLUMNS FROM `heecms_message`
2020-04-25 16:49:20 [DEBUG] [root]select * from heecms_message where (`isread`=0 and `receiver_users_id`='1') and (delete_time IS NULL or delete_time <=0 or delete_time='')  order by create_time desc limit 0,5
2020-04-25 16:49:20 [DEBUG] [root]SHOW COLUMNS FROM `heecms_menus`
2020-04-25 16:49:20 [DEBUG] [root]自动加载类：heephp\cache\file
2020-04-25 16:49:20 [DEBUG] [root]自动加载类：heephp\cache\cacheInterface
2020-04-25 16:49:20 [DEBUG] [root]SHOW COLUMNS FROM `heecms_menus`
2020-04-25 16:49:20 [DEBUG] [root]select count(*) c from `heecms_category` where (parent_id<1 or parent_id IS NULL or parent_id='') and (delete_time IS NULL or delete_time <=0 or delete_time='')
2020-04-25 16:49:20 [DEBUG] [root]select * from heecms_category where (parent_id<1 or parent_id IS NULL or parent_id='') and (delete_time IS NULL or delete_time <=0 or delete_time='')  limit 0,5
2020-04-25 16:49:20 [DEBUG] [root]select * from heecms_category where (`parent_id`='1') and (delete_time IS NULL or delete_time <=0 or delete_time='')  order by parent_id asc 
2020-04-25 16:50:30 [DEBUG] [root]自动加载类：app\admin\controller\adminBase
2020-04-25 16:50:30 [DEBUG] [root]自动加载类：heephp\database\mysqli
2020-04-25 16:50:30 [DEBUG] [root]自动加载类：heephp\database\databaseInterface
2020-04-25 16:50:30 [DEBUG] [root]SHOW COLUMNS FROM `heecms_users_group`
2020-04-25 16:50:30 [DEBUG] [root]select name from heecms_users_group where (`users_group_id`=1) and (delete_time IS NULL or delete_time <=0 or delete_time='')  
2020-04-25 16:50:30 [DEBUG] [root]SHOW COLUMNS FROM `heecms_message`
2020-04-25 16:50:30 [DEBUG] [root]select * from heecms_message where (`isread`=0 and `receiver_users_id`='1') and (delete_time IS NULL or delete_time <=0 or delete_time='')  order by create_time desc limit 0,5
2020-04-25 16:50:30 [DEBUG] [root]SHOW COLUMNS FROM `heecms_menus`
2020-04-25 16:50:30 [DEBUG] [root]自动加载类：heephp\cache\file
2020-04-25 16:50:30 [DEBUG] [root]自动加载类：heephp\cache\cacheInterface
2020-04-25 16:50:30 [DEBUG] [root]SHOW COLUMNS FROM `heecms_menus`
2020-04-25 16:50:30 [DEBUG] [root]select count(*) c from `heecms_category` where (parent_id<1 or parent_id IS NULL or parent_id='') and (delete_time IS NULL or delete_time <=0 or delete_time='')
2020-04-25 16:50:30 [DEBUG] [root]select * from heecms_category where (parent_id<1 or parent_id IS NULL or parent_id='') and (delete_time IS NULL or delete_time <=0 or delete_time='')  limit 0,5
2020-04-25 16:50:30 [DEBUG] [root]select * from heecms_category where (`parent_id`='1') and (delete_time IS NULL or delete_time <=0 or delete_time='')  order by parent_id asc 
2020-04-25 16:50:31 [DEBUG] [root]自动加载类：app\admin\controller\adminBase
2020-04-25 16:50:31 [DEBUG] [root]自动加载类：heephp\database\mysqli
2020-04-25 16:50:31 [DEBUG] [root]自动加载类：heephp\database\databaseInterface
2020-04-25 16:50:31 [DEBUG] [root]SHOW COLUMNS FROM `heecms_users_group`
2020-04-25 16:50:31 [DEBUG] [root]select name from heecms_users_group where (`users_group_id`=1) and (delete_time IS NULL or delete_time <=0 or delete_time='')  
2020-04-25 16:50:31 [DEBUG] [root]SHOW COLUMNS FROM `heecms_message`
2020-04-25 16:50:31 [DEBUG] [root]select * from heecms_message where (`isread`=0 and `receiver_users_id`='1') and (delete_time IS NULL or delete_time <=0 or delete_time='')  order by create_time desc limit 0,5
2020-04-25 16:50:31 [DEBUG] [root]SHOW COLUMNS FROM `heecms_menus`
2020-04-25 16:50:31 [DEBUG] [root]自动加载类：heephp\cache\file
2020-04-25 16:50:31 [DEBUG] [root]自动加载类：heephp\cache\cacheInterface
2020-04-25 16:50:31 [DEBUG] [root]SHOW COLUMNS FROM `heecms_menus`
2020-04-25 16:50:31 [DEBUG] [root]select count(*) c from `heecms_category` where (parent_id<1 or parent_id IS NULL or parent_id='') and (delete_time IS NULL or delete_time <=0 or delete_time='')
2020-04-25 16:50:31 [DEBUG] [root]select * from heecms_category where (parent_id<1 or parent_id IS NULL or parent_id='') and (delete_time IS NULL or delete_time <=0 or delete_time='')  limit 0,5
2020-04-25 16:50:31 [DEBUG] [root]select * from heecms_category where (`parent_id`='1') and (delete_time IS NULL or delete_time <=0 or delete_time='')  order by parent_id asc 
2020-04-25 16:50:31 [DEBUG] [root]自动加载类：app\admin\controller\adminBase
2020-04-25 16:50:31 [DEBUG] [root]自动加载类：heephp\database\mysqli
2020-04-25 16:50:31 [DEBUG] [root]自动加载类：heephp\database\databaseInterface
2020-04-25 16:50:32 [DEBUG] [root]SHOW COLUMNS FROM `heecms_users_group`
2020-04-25 16:50:32 [DEBUG] [root]select name from heecms_users_group where (`users_group_id`=1) and (delete_time IS NULL or delete_time <=0 or delete_time='')  
2020-04-25 16:50:32 [DEBUG] [root]SHOW COLUMNS FROM `heecms_message`
2020-04-25 16:50:32 [DEBUG] [root]select * from heecms_message where (`isread`=0 and `receiver_users_id`='1') and (delete_time IS NULL or delete_time <=0 or delete_time='')  order by create_time desc limit 0,5
2020-04-25 16:50:32 [DEBUG] [root]SHOW COLUMNS FROM `heecms_menus`
2020-04-25 16:50:32 [DEBUG] [root]自动加载类：heephp\cache\file
2020-04-25 16:50:32 [DEBUG] [root]自动加载类：heephp\cache\cacheInterface
2020-04-25 16:50:32 [DEBUG] [root]SHOW COLUMNS FROM `heecms_menus`
2020-04-25 16:50:32 [DEBUG] [root]select count(*) c from `heecms_category` where (parent_id<1 or parent_id IS NULL or parent_id='') and (delete_time IS NULL or delete_time <=0 or delete_time='')
2020-04-25 16:50:32 [DEBUG] [root]select * from heecms_category where (parent_id<1 or parent_id IS NULL or parent_id='') and (delete_time IS NULL or delete_time <=0 or delete_time='')  limit 0,5
2020-04-25 16:50:32 [DEBUG] [root]select * from heecms_category where (`parent_id`='1') and (delete_time IS NULL or delete_time <=0 or delete_time='')  order by parent_id asc 
2020-04-25 16:50:59 [DEBUG] [root]自动加载类：app\admin\controller\adminBase
2020-04-25 16:50:59 [DEBUG] [root]自动加载类：heephp\database\mysqli
2020-04-25 16:50:59 [DEBUG] [root]自动加载类：heephp\database\databaseInterface
2020-04-25 16:50:59 [DEBUG] [root]SHOW COLUMNS FROM `heecms_users_group`
2020-04-25 16:50:59 [DEBUG] [root]select name from heecms_users_group where (`users_group_id`=1) and (delete_time IS NULL or delete_time <=0 or delete_time='')  
2020-04-25 16:50:59 [DEBUG] [root]SHOW COLUMNS FROM `heecms_message`
2020-04-25 16:50:59 [DEBUG] [root]select * from heecms_message where (`isread`=0 and `receiver_users_id`='1') and (delete_time IS NULL or delete_time <=0 or delete_time='')  order by create_time desc limit 0,5
2020-04-25 16:50:59 [DEBUG] [root]SHOW COLUMNS FROM `heecms_menus`
2020-04-25 16:50:59 [DEBUG] [root]自动加载类：heephp\cache\file
2020-04-25 16:50:59 [DEBUG] [root]自动加载类：heephp\cache\cacheInterface
2020-04-25 16:50:59 [DEBUG] [root]SHOW COLUMNS FROM `heecms_menus`
2020-04-25 16:50:59 [DEBUG] [root]select count(*) c from `heecms_category` where (parent_id<1 or parent_id IS NULL or parent_id='') and (delete_time IS NULL or delete_time <=0 or delete_time='')
2020-04-25 16:50:59 [DEBUG] [root]select * from heecms_category where (parent_id<1 or parent_id IS NULL or parent_id='') and (delete_time IS NULL or delete_time <=0 or delete_time='')  limit 0,5
2020-04-25 16:50:59 [DEBUG] [root]select * from heecms_category where (`parent_id`='1') and (delete_time IS NULL or delete_time <=0 or delete_time='')  order by parent_id asc 
2020-04-25 16:51:00 [DEBUG] [root]自动加载类：app\admin\controller\adminBase
2020-04-25 16:51:00 [DEBUG] [root]自动加载类：heephp\database\mysqli
2020-04-25 16:51:00 [DEBUG] [root]自动加载类：heephp\database\databaseInterface
2020-04-25 16:51:00 [DEBUG] [root]SHOW COLUMNS FROM `heecms_users_group`
2020-04-25 16:51:00 [DEBUG] [root]select name from heecms_users_group where (`users_group_id`=1) and (delete_time IS NULL or delete_time <=0 or delete_time='')  
2020-04-25 16:51:00 [DEBUG] [root]SHOW COLUMNS FROM `heecms_message`
2020-04-25 16:51:00 [DEBUG] [root]select * from heecms_message where (`isread`=0 and `receiver_users_id`='1') and (delete_time IS NULL or delete_time <=0 or delete_time='')  order by create_time desc limit 0,5
2020-04-25 16:51:00 [DEBUG] [root]SHOW COLUMNS FROM `heecms_menus`
2020-04-25 16:51:01 [DEBUG] [root]自动加载类：heephp\cache\file
2020-04-25 16:51:01 [DEBUG] [root]自动加载类：heephp\cache\cacheInterface
2020-04-25 16:51:01 [DEBUG] [root]SHOW COLUMNS FROM `heecms_menus`
2020-04-25 16:51:01 [DEBUG] [root]select count(*) c from `heecms_category` where (parent_id<1 or parent_id IS NULL or parent_id='') and (delete_time IS NULL or delete_time <=0 or delete_time='')
2020-04-25 16:51:01 [DEBUG] [root]select * from heecms_category where (parent_id<1 or parent_id IS NULL or parent_id='') and (delete_time IS NULL or delete_time <=0 or delete_time='')  limit 0,5
2020-04-25 16:51:01 [DEBUG] [root]select * from heecms_category where (`parent_id`='1') and (delete_time IS NULL or delete_time <=0 or delete_time='')  order by parent_id asc 
2020-04-25 16:55:25 [DEBUG] [root]自动加载类：app\admin\controller\adminBase
2020-04-25 16:55:25 [DEBUG] [root]自动加载类：heephp\database\mysqli
2020-04-25 16:55:25 [DEBUG] [root]自动加载类：heephp\database\databaseInterface
2020-04-25 16:55:25 [DEBUG] [root]SHOW COLUMNS FROM `heecms_users_group`
2020-04-25 16:55:25 [DEBUG] [root]select name from heecms_users_group where (`users_group_id`=1) and (delete_time IS NULL or delete_time <=0 or delete_time='')  
2020-04-25 16:55:25 [DEBUG] [root]SHOW COLUMNS FROM `heecms_message`
2020-04-25 16:55:25 [DEBUG] [root]select * from heecms_message where (`isread`=0 and `receiver_users_id`='1') and (delete_time IS NULL or delete_time <=0 or delete_time='')  order by create_time desc limit 0,5
2020-04-25 16:55:25 [DEBUG] [root]SHOW COLUMNS FROM `heecms_menus`
2020-04-25 16:55:25 [DEBUG] [root]自动加载类：heephp\cache\file
2020-04-25 16:55:25 [DEBUG] [root]自动加载类：heephp\cache\cacheInterface
2020-04-25 16:55:25 [DEBUG] [root]SHOW COLUMNS FROM `heecms_menus`
2020-04-25 16:55:25 [DEBUG] [root]select count(*) c from `heecms_category` where (parent_id<1 or parent_id IS NULL or parent_id='') and (delete_time IS NULL or delete_time <=0 or delete_time='')
2020-04-25 16:55:25 [DEBUG] [root]select * from heecms_category where (parent_id<1 or parent_id IS NULL or parent_id='') and (delete_time IS NULL or delete_time <=0 or delete_time='')  limit 0,5
2020-04-25 16:55:25 [DEBUG] [root]select * from heecms_category where (`parent_id`='1') and (delete_time IS NULL or delete_time <=0 or delete_time='')  order by parent_id asc 
2020-04-25 16:55:29 [DEBUG] [root]自动加载类：app\admin\controller\adminBase
2020-04-25 16:55:29 [DEBUG] [root]自动加载类：heephp\database\mysqli
2020-04-25 16:55:29 [DEBUG] [root]自动加载类：heephp\database\databaseInterface
2020-04-25 16:55:29 [DEBUG] [root]SHOW COLUMNS FROM `heecms_users_group`
2020-04-25 16:55:29 [DEBUG] [root]select name from heecms_users_group where (`users_group_id`=1) and (delete_time IS NULL or delete_time <=0 or delete_time='')  
2020-04-25 16:55:29 [DEBUG] [root]SHOW COLUMNS FROM `heecms_message`
2020-04-25 16:55:29 [DEBUG] [root]select * from heecms_message where (`isread`=0 and `receiver_users_id`='1') and (delete_time IS NULL or delete_time <=0 or delete_time='')  order by create_time desc limit 0,5
2020-04-25 16:55:29 [DEBUG] [root]SHOW COLUMNS FROM `heecms_menus`
2020-04-25 16:55:29 [DEBUG] [root]自动加载类：heephp\cache\file
2020-04-25 16:55:29 [DEBUG] [root]自动加载类：heephp\cache\cacheInterface
2020-04-25 16:55:29 [DEBUG] [root]SHOW COLUMNS FROM `heecms_menus`
2020-04-25 16:55:29 [DEBUG] [root]select count(*) c from `heecms_category` where (parent_id<1 or parent_id IS NULL or parent_id='') and (delete_time IS NULL or delete_time <=0 or delete_time='')
2020-04-25 16:55:29 [DEBUG] [root]select * from heecms_category where (parent_id<1 or parent_id IS NULL or parent_id='') and (delete_time IS NULL or delete_time <=0 or delete_time='')  limit 0,5
2020-04-25 16:55:29 [DEBUG] [root]select * from heecms_category where (`parent_id`='1') and (delete_time IS NULL or delete_time <=0 or delete_time='')  order by parent_id asc 
2020-04-25 16:55:31 [DEBUG] [root]自动加载类：app\admin\controller\adminBase
2020-04-25 16:55:31 [DEBUG] [root]自动加载类：heephp\database\mysqli
2020-04-25 16:55:31 [DEBUG] [root]自动加载类：heephp\database\databaseInterface
2020-04-25 16:55:31 [DEBUG] [root]SHOW COLUMNS FROM `heecms_users_group`
2020-04-25 16:55:31 [DEBUG] [root]select name from heecms_users_group where (`users_group_id`=1) and (delete_time IS NULL or delete_time <=0 or delete_time='')  
2020-04-25 16:55:31 [DEBUG] [root]SHOW COLUMNS FROM `heecms_message`
2020-04-25 16:55:31 [DEBUG] [root]select * from heecms_message where (`isread`=0 and `receiver_users_id`='1') and (delete_time IS NULL or delete_time <=0 or delete_time='')  order by create_time desc limit 0,5
2020-04-25 16:55:31 [DEBUG] [root]SHOW COLUMNS FROM `heecms_menus`
2020-04-25 16:55:31 [DEBUG] [root]自动加载类：heephp\cache\file
2020-04-25 16:55:31 [DEBUG] [root]自动加载类：heephp\cache\cacheInterface
2020-04-25 16:55:31 [DEBUG] [root]SHOW COLUMNS FROM `heecms_menus`
2020-04-25 16:55:31 [DEBUG] [root]select count(*) c from `heecms_article` where (1=1) and (delete_time IS NULL or delete_time <=0 or delete_time='')
2020-04-25 16:55:31 [DEBUG] [root]select * from heecms_article where (1=1) and (delete_time IS NULL or delete_time <=0 or delete_time='')  limit 0,5
2020-04-25 16:55:31 [DEBUG] [root]select * from heecms_category where (`category_id`='2') and (delete_time IS NULL or delete_time <=0 or delete_time='')
2020-04-25 16:55:31 [DEBUG] [root]select * from heecms_category where (`category_id`='2') and (delete_time IS NULL or delete_time <=0 or delete_time='')
2020-04-25 16:55:33 [DEBUG] [root]自动加载类：app\admin\controller\adminBase
2020-04-25 16:55:33 [DEBUG] [root]自动加载类：heephp\database\mysqli
2020-04-25 16:55:33 [DEBUG] [root]自动加载类：heephp\database\databaseInterface
2020-04-25 16:55:33 [DEBUG] [root]SHOW COLUMNS FROM `heecms_users_group`
2020-04-25 16:55:33 [DEBUG] [root]select name from heecms_users_group where (`users_group_id`=1) and (delete_time IS NULL or delete_time <=0 or delete_time='')  
2020-04-25 16:55:33 [DEBUG] [root]SHOW COLUMNS FROM `heecms_message`
2020-04-25 16:55:33 [DEBUG] [root]select * from heecms_message where (`isread`=0 and `receiver_users_id`='1') and (delete_time IS NULL or delete_time <=0 or delete_time='')  order by create_time desc limit 0,5
2020-04-25 16:55:33 [DEBUG] [root]SHOW COLUMNS FROM `heecms_menus`
2020-04-25 16:55:33 [DEBUG] [root]自动加载类：heephp\cache\file
2020-04-25 16:55:33 [DEBUG] [root]自动加载类：heephp\cache\cacheInterface
2020-04-25 16:55:33 [DEBUG] [root]SHOW COLUMNS FROM `heecms_menus`
2020-04-25 16:55:33 [DEBUG] [root]select count(*) c from `heecms_link_group` where 1=1
2020-04-25 16:55:33 [DEBUG] [root]select * from heecms_link_group where 1=1  limit 0,5
2020-04-25 16:55:44 [DEBUG] [root]自动加载类：app\home\controller\index
2020-04-25 16:56:43 [DEBUG] [root]自动加载类：app\home\controller\index
2020-04-25 16:56:44 [DEBUG] [root]自动加载类：app\home\controller\index
2020-04-25 16:56:44 [DEBUG] [root]自动加载类：app\home\controller\index
2020-04-25 16:56:45 [DEBUG] [root]自动加载类：app\home\controller\index
2020-04-25 16:57:19 [DEBUG] [root]自动加载类：heephp\database\mysqli
2020-04-25 16:57:19 [DEBUG] [root]自动加载类：heephp\database\databaseInterface
2020-04-25 16:57:19 [DEBUG] [root]SHOW COLUMNS FROM `heecms_config`
2020-04-25 16:57:19 [DEBUG] [root]自动加载类：heephp\cache\file
2020-04-25 16:57:19 [DEBUG] [root]自动加载类：heephp\cache\cacheInterface
2020-04-25 16:57:19 [DEBUG] [root]select `name`,`value` from heecms_config where 1=1  order by id asc 
2020-04-25 16:58:57 [DEBUG] [root]自动加载类：heephp\database\mysqli
2020-04-25 16:58:57 [DEBUG] [root]自动加载类：heephp\database\databaseInterface
2020-04-25 16:58:57 [DEBUG] [root]SHOW COLUMNS FROM `heecms_config`
2020-04-25 16:58:57 [DEBUG] [root]自动加载类：heephp\cache\file
2020-04-25 16:58:57 [DEBUG] [root]自动加载类：heephp\cache\cacheInterface
2020-04-25 16:58:57 [DEBUG] [root]自动加载类：heephp\database\mysqli
2020-04-25 16:58:57 [DEBUG] [root]自动加载类：heephp\database\databaseInterface
2020-04-25 16:58:57 [DEBUG] [root]SHOW COLUMNS FROM `heecms_config`
2020-04-25 16:58:57 [DEBUG] [root]自动加载类：heephp\cache\file
2020-04-25 16:58:57 [DEBUG] [root]自动加载类：heephp\cache\cacheInterface
2020-04-25 16:58:58 [DEBUG] [root]自动加载类：heephp\database\mysqli
2020-04-25 16:58:58 [DEBUG] [root]自动加载类：heephp\database\databaseInterface
2020-04-25 16:58:58 [DEBUG] [root]SHOW COLUMNS FROM `heecms_config`
2020-04-25 16:58:58 [DEBUG] [root]自动加载类：heephp\cache\file
2020-04-25 16:58:58 [DEBUG] [root]自动加载类：heephp\cache\cacheInterface
2020-04-25 16:58:58 [DEBUG] [root]自动加载类：heephp\database\mysqli
2020-04-25 16:58:58 [DEBUG] [root]自动加载类：heephp\database\databaseInterface
2020-04-25 16:58:58 [DEBUG] [root]SHOW COLUMNS FROM `heecms_config`
2020-04-25 16:58:58 [DEBUG] [root]自动加载类：heephp\cache\file
2020-04-25 16:58:58 [DEBUG] [root]自动加载类：heephp\cache\cacheInterface
2020-04-25 16:58:58 [DEBUG] [root]自动加载类：heephp\database\mysqli
2020-04-25 16:58:58 [DEBUG] [root]自动加载类：heephp\database\databaseInterface
2020-04-25 16:58:58 [DEBUG] [root]SHOW COLUMNS FROM `heecms_config`
2020-04-25 16:58:58 [DEBUG] [root]自动加载类：heephp\cache\file
2020-04-25 16:58:58 [DEBUG] [root]自动加载类：heephp\cache\cacheInterface
