2020-04-25 13:43:05 [DEBUG] [root]自动加载类：app\admin\controller\adminBase
2020-04-25 13:43:05 [DEBUG] [root]自动加载类：heephp\database\mysqli
2020-04-25 13:43:05 [DEBUG] [root]自动加载类：heephp\database\databaseInterface
2020-04-25 13:43:05 [DEBUG] [root]SHOW COLUMNS FROM `heecms_users_group`
2020-04-25 13:43:05 [DEBUG] [root]select name from heecms_users_group where (`users_group_id`=1) and (delete_time IS NULL or delete_time <=0 or delete_time='')  
2020-04-25 13:43:05 [DEBUG] [root]SHOW COLUMNS FROM `heecms_message`
2020-04-25 13:43:05 [DEBUG] [root]select * from heecms_message where (`isread`=0 and `receiver_users_id`='1') and (delete_time IS NULL or delete_time <=0 or delete_time='')  order by create_time desc limit 0,5
2020-04-25 13:43:05 [DEBUG] [root]SHOW COLUMNS FROM `heecms_menus`
2020-04-25 13:43:05 [DEBUG] [root]自动加载类：heephp\cache\file
2020-04-25 13:43:05 [DEBUG] [root]自动加载类：heephp\cache\cacheInterface
2020-04-25 13:43:05 [DEBUG] [root]select * from heecms_menus where (parent_id=0 or parent_id IS NULL or parent_id='') and (delete_time IS NULL or delete_time <=0 or delete_time='')  order by ord asc 
2020-04-25 13:43:05 [DEBUG] [root]SHOW COLUMNS FROM `heecms_menus`
2020-04-25 13:43:05 [DEBUG] [root]select * from heecms_menus where (`parent_id`='8') and (delete_time IS NULL or delete_time <=0 or delete_time='')  order by ord asc 
2020-04-25 13:43:05 [DEBUG] [root]select * from heecms_users where (`users_id`='1') and (delete_time IS NULL or delete_time <=0 or delete_time='')
2020-04-25 13:43:05 [DEBUG] [root]select * from heecms_menus where (`parent_id`='10') and (delete_time IS NULL or delete_time <=0 or delete_time='')  order by ord asc 
2020-04-25 13:43:05 [DEBUG] [root]select * from heecms_menus where (`parent_id`='5') and (delete_time IS NULL or delete_time <=0 or delete_time='')  order by ord asc 
2020-04-25 13:43:05 [DEBUG] [root]select * from heecms_link_group where link_group_id = '1'
2020-04-25 13:43:05 [DEBUG] [root]select count(*) c from `heecms_link` where link_group_id=1 and (parent_id<1 or parent_id is NULL or parent_id='')
2020-04-25 13:43:05 [DEBUG] [root]select * from heecms_link where link_group_id=1 and (parent_id<1 or parent_id is NULL or parent_id='')  limit 0,5
2020-04-25 13:43:05 [DEBUG] [root]select * from heecms_link where `parent_id`='1'  order by parent_id asc 
2020-04-25 13:43:12 [DEBUG] [root]自动加载类：app\admin\controller\adminBase
2020-04-25 13:43:12 [DEBUG] [root]自动加载类：heephp\database\mysqli
2020-04-25 13:43:12 [DEBUG] [root]自动加载类：heephp\database\databaseInterface
2020-04-25 13:43:12 [DEBUG] [root]SHOW COLUMNS FROM `heecms_users_group`
2020-04-25 13:43:12 [DEBUG] [root]select name from heecms_users_group where (`users_group_id`=1) and (delete_time IS NULL or delete_time <=0 or delete_time='')  
2020-04-25 13:43:12 [DEBUG] [root]SHOW COLUMNS FROM `heecms_message`
2020-04-25 13:43:12 [DEBUG] [root]select * from heecms_message where (`isread`=0 and `receiver_users_id`='1') and (delete_time IS NULL or delete_time <=0 or delete_time='')  order by create_time desc limit 0,5
2020-04-25 13:43:12 [DEBUG] [root]SHOW COLUMNS FROM `heecms_menus`
2020-04-25 13:43:12 [DEBUG] [root]自动加载类：heephp\cache\file
2020-04-25 13:43:12 [DEBUG] [root]自动加载类：heephp\cache\cacheInterface
2020-04-25 13:43:12 [DEBUG] [root]SHOW COLUMNS FROM `heecms_menus`
2020-04-25 13:43:12 [DEBUG] [root]select count(*) c from `heecms_category` where (parent_id<1 or parent_id IS NULL or parent_id='') and (delete_time IS NULL or delete_time <=0 or delete_time='')
2020-04-25 13:43:12 [DEBUG] [root]select * from heecms_category where (parent_id<1 or parent_id IS NULL or parent_id='') and (delete_time IS NULL or delete_time <=0 or delete_time='')  limit 0,5
2020-04-25 13:43:12 [DEBUG] [root]select * from heecms_category where (`parent_id`='1') and (delete_time IS NULL or delete_time <=0 or delete_time='')  order by parent_id asc 
2020-04-25 13:43:15 [DEBUG] [root]自动加载类：app\admin\controller\adminBase
2020-04-25 13:43:15 [DEBUG] [root]自动加载类：heephp\database\mysqli
2020-04-25 13:43:15 [DEBUG] [root]自动加载类：heephp\database\databaseInterface
2020-04-25 13:43:15 [DEBUG] [root]SHOW COLUMNS FROM `heecms_users_group`
2020-04-25 13:43:15 [DEBUG] [root]select name from heecms_users_group where (`users_group_id`=1) and (delete_time IS NULL or delete_time <=0 or delete_time='')  
2020-04-25 13:43:15 [DEBUG] [root]SHOW COLUMNS FROM `heecms_message`
2020-04-25 13:43:15 [DEBUG] [root]select * from heecms_message where (`isread`=0 and `receiver_users_id`='1') and (delete_time IS NULL or delete_time <=0 or delete_time='')  order by create_time desc limit 0,5
2020-04-25 13:43:15 [DEBUG] [root]SHOW COLUMNS FROM `heecms_menus`
2020-04-25 13:43:15 [DEBUG] [root]自动加载类：heephp\cache\file
2020-04-25 13:43:15 [DEBUG] [root]自动加载类：heephp\cache\cacheInterface
2020-04-25 13:43:15 [DEBUG] [root]SHOW COLUMNS FROM `heecms_menus`
2020-04-25 13:43:15 [DEBUG] [root]select count(*) c from `heecms_link_group` where 1=1
2020-04-25 13:43:15 [DEBUG] [root]select * from heecms_link_group where 1=1  limit 0,5
2020-04-25 13:43:17 [DEBUG] [root]自动加载类：app\admin\controller\adminBase
2020-04-25 13:43:17 [DEBUG] [root]自动加载类：heephp\database\mysqli
2020-04-25 13:43:17 [DEBUG] [root]自动加载类：heephp\database\databaseInterface
2020-04-25 13:43:17 [DEBUG] [root]SHOW COLUMNS FROM `heecms_users_group`
2020-04-25 13:43:17 [DEBUG] [root]select name from heecms_users_group where (`users_group_id`=1) and (delete_time IS NULL or delete_time <=0 or delete_time='')  
2020-04-25 13:43:17 [DEBUG] [root]SHOW COLUMNS FROM `heecms_message`
2020-04-25 13:43:17 [DEBUG] [root]select * from heecms_message where (`isread`=0 and `receiver_users_id`='1') and (delete_time IS NULL or delete_time <=0 or delete_time='')  order by create_time desc limit 0,5
2020-04-25 13:43:17 [DEBUG] [root]SHOW COLUMNS FROM `heecms_menus`
2020-04-25 13:43:17 [DEBUG] [root]自动加载类：heephp\cache\file
2020-04-25 13:43:17 [DEBUG] [root]自动加载类：heephp\cache\cacheInterface
2020-04-25 13:43:17 [DEBUG] [root]SHOW COLUMNS FROM `heecms_menus`
2020-04-25 13:43:17 [DEBUG] [root]select count(*) c from `heecms_link_group` where 1=1
2020-04-25 13:43:17 [DEBUG] [root]select * from heecms_link_group where 1=1  limit 0,5
2020-04-25 13:43:20 [DEBUG] [root]自动加载类：app\admin\controller\adminBase
2020-04-25 13:43:20 [DEBUG] [root]自动加载类：heephp\database\mysqli
2020-04-25 13:43:20 [DEBUG] [root]自动加载类：heephp\database\databaseInterface
2020-04-25 13:43:20 [DEBUG] [root]SHOW COLUMNS FROM `heecms_users_group`
2020-04-25 13:43:20 [DEBUG] [root]select name from heecms_users_group where (`users_group_id`=1) and (delete_time IS NULL or delete_time <=0 or delete_time='')  
2020-04-25 13:43:20 [DEBUG] [root]SHOW COLUMNS FROM `heecms_message`
2020-04-25 13:43:20 [DEBUG] [root]select * from heecms_message where (`isread`=0 and `receiver_users_id`='1') and (delete_time IS NULL or delete_time <=0 or delete_time='')  order by create_time desc limit 0,5
2020-04-25 13:43:20 [DEBUG] [root]SHOW COLUMNS FROM `heecms_menus`
2020-04-25 13:43:20 [DEBUG] [root]自动加载类：heephp\cache\file
2020-04-25 13:43:20 [DEBUG] [root]自动加载类：heephp\cache\cacheInterface
2020-04-25 13:43:20 [DEBUG] [root]SHOW COLUMNS FROM `heecms_menus`
2020-04-25 13:43:20 [DEBUG] [root]select count(*) c from `heecms_category` where (parent_id<1 or parent_id IS NULL or parent_id='') and (delete_time IS NULL or delete_time <=0 or delete_time='')
2020-04-25 13:43:20 [DEBUG] [root]select * from heecms_category where (parent_id<1 or parent_id IS NULL or parent_id='') and (delete_time IS NULL or delete_time <=0 or delete_time='')  limit 0,5
2020-04-25 13:43:20 [DEBUG] [root]select * from heecms_category where (`parent_id`='1') and (delete_time IS NULL or delete_time <=0 or delete_time='')  order by parent_id asc 
2020-04-25 13:49:36 [DEBUG] [root]自动加载类：app\admin\controller\adminBase
2020-04-25 13:49:36 [DEBUG] [root]自动加载类：heephp\database\mysqli
2020-04-25 13:49:36 [DEBUG] [root]自动加载类：heephp\database\databaseInterface
2020-04-25 13:49:36 [DEBUG] [root]SHOW COLUMNS FROM `heecms_users_group`
2020-04-25 13:49:36 [DEBUG] [root]select name from heecms_users_group where (`users_group_id`=1) and (delete_time IS NULL or delete_time <=0 or delete_time='')  
2020-04-25 13:49:36 [DEBUG] [root]SHOW COLUMNS FROM `heecms_message`
2020-04-25 13:49:36 [DEBUG] [root]select * from heecms_message where (`isread`=0 and `receiver_users_id`='1') and (delete_time IS NULL or delete_time <=0 or delete_time='')  order by create_time desc limit 0,5
2020-04-25 13:49:36 [DEBUG] [root]SHOW COLUMNS FROM `heecms_menus`
2020-04-25 13:49:36 [DEBUG] [root]自动加载类：heephp\cache\file
2020-04-25 13:49:36 [DEBUG] [root]自动加载类：heephp\cache\cacheInterface
2020-04-25 13:49:36 [DEBUG] [root]SHOW COLUMNS FROM `heecms_menus`
2020-04-25 13:49:36 [DEBUG] [root]select count(*) c from `heecms_category` where (parent_id<1 or parent_id IS NULL or parent_id='') and (delete_time IS NULL or delete_time <=0 or delete_time='')
2020-04-25 13:49:36 [DEBUG] [root]select * from heecms_category where (parent_id<1 or parent_id IS NULL or parent_id='') and (delete_time IS NULL or delete_time <=0 or delete_time='')  limit 0,5
2020-04-25 13:49:36 [DEBUG] [root]select * from heecms_category where (`parent_id`='1') and (delete_time IS NULL or delete_time <=0 or delete_time='')  order by parent_id asc 
2020-04-25 13:50:36 [DEBUG] [root]自动加载类：app\admin\controller\adminBase
2020-04-25 13:50:36 [DEBUG] [root]自动加载类：heephp\database\mysqli
2020-04-25 13:50:36 [DEBUG] [root]自动加载类：heephp\database\databaseInterface
2020-04-25 13:50:36 [DEBUG] [root]SHOW COLUMNS FROM `heecms_users_group`
2020-04-25 13:50:36 [DEBUG] [root]select name from heecms_users_group where (`users_group_id`=1) and (delete_time IS NULL or delete_time <=0 or delete_time='')  
2020-04-25 13:50:36 [DEBUG] [root]SHOW COLUMNS FROM `heecms_message`
2020-04-25 13:50:36 [DEBUG] [root]select * from heecms_message where (`isread`=0 and `receiver_users_id`='1') and (delete_time IS NULL or delete_time <=0 or delete_time='')  order by create_time desc limit 0,5
2020-04-25 13:50:36 [DEBUG] [root]SHOW COLUMNS FROM `heecms_menus`
2020-04-25 13:50:36 [DEBUG] [root]自动加载类：heephp\cache\file
2020-04-25 13:50:36 [DEBUG] [root]自动加载类：heephp\cache\cacheInterface
2020-04-25 13:50:36 [DEBUG] [root]SHOW COLUMNS FROM `heecms_menus`
2020-04-25 13:50:36 [DEBUG] [root]select count(*) c from `heecms_category` where (parent_id<1 or parent_id IS NULL or parent_id='') and (delete_time IS NULL or delete_time <=0 or delete_time='')
2020-04-25 13:50:36 [DEBUG] [root]select * from heecms_category where (parent_id<1 or parent_id IS NULL or parent_id='') and (delete_time IS NULL or delete_time <=0 or delete_time='')  limit 0,5
2020-04-25 13:50:36 [DEBUG] [root]select * from heecms_category where (`parent_id`='1') and (delete_time IS NULL or delete_time <=0 or delete_time='')  order by parent_id asc 
2020-04-25 13:50:37 [DEBUG] [root]自动加载类：app\admin\controller\adminBase
2020-04-25 13:50:37 [DEBUG] [root]自动加载类：heephp\database\mysqli
2020-04-25 13:50:37 [DEBUG] [root]自动加载类：heephp\database\databaseInterface
2020-04-25 13:50:37 [DEBUG] [root]SHOW COLUMNS FROM `heecms_users_group`
2020-04-25 13:50:37 [DEBUG] [root]select name from heecms_users_group where (`users_group_id`=1) and (delete_time IS NULL or delete_time <=0 or delete_time='')  
2020-04-25 13:50:37 [DEBUG] [root]SHOW COLUMNS FROM `heecms_message`
2020-04-25 13:50:37 [DEBUG] [root]select * from heecms_message where (`isread`=0 and `receiver_users_id`='1') and (delete_time IS NULL or delete_time <=0 or delete_time='')  order by create_time desc limit 0,5
2020-04-25 13:50:37 [DEBUG] [root]SHOW COLUMNS FROM `heecms_menus`
2020-04-25 13:50:37 [DEBUG] [root]自动加载类：heephp\cache\file
2020-04-25 13:50:37 [DEBUG] [root]自动加载类：heephp\cache\cacheInterface
2020-04-25 13:50:37 [DEBUG] [root]SHOW COLUMNS FROM `heecms_menus`
2020-04-25 13:50:37 [DEBUG] [root]select count(*) c from `heecms_category` where (parent_id<1 or parent_id IS NULL or parent_id='') and (delete_time IS NULL or delete_time <=0 or delete_time='')
2020-04-25 13:50:37 [DEBUG] [root]select * from heecms_category where (parent_id<1 or parent_id IS NULL or parent_id='') and (delete_time IS NULL or delete_time <=0 or delete_time='')  limit 0,5
2020-04-25 13:50:37 [DEBUG] [root]select * from heecms_category where (`parent_id`='1') and (delete_time IS NULL or delete_time <=0 or delete_time='')  order by parent_id asc 
2020-04-25 13:52:08 [DEBUG] [root]自动加载类：app\admin\controller\adminBase
2020-04-25 13:52:08 [DEBUG] [root]自动加载类：heephp\database\mysqli
2020-04-25 13:52:08 [DEBUG] [root]自动加载类：heephp\database\databaseInterface
2020-04-25 13:52:08 [DEBUG] [root]SHOW COLUMNS FROM `heecms_users_group`
2020-04-25 13:52:08 [DEBUG] [root]select name from heecms_users_group where (`users_group_id`=1) and (delete_time IS NULL or delete_time <=0 or delete_time='')  
2020-04-25 13:52:08 [DEBUG] [root]SHOW COLUMNS FROM `heecms_message`
2020-04-25 13:52:08 [DEBUG] [root]select * from heecms_message where (`isread`=0 and `receiver_users_id`='1') and (delete_time IS NULL or delete_time <=0 or delete_time='')  order by create_time desc limit 0,5
2020-04-25 13:52:08 [DEBUG] [root]SHOW COLUMNS FROM `heecms_menus`
2020-04-25 13:52:08 [DEBUG] [root]自动加载类：heephp\cache\file
2020-04-25 13:52:08 [DEBUG] [root]自动加载类：heephp\cache\cacheInterface
2020-04-25 13:52:08 [DEBUG] [root]SHOW COLUMNS FROM `heecms_menus`
2020-04-25 13:52:08 [DEBUG] [root]select count(*) c from `heecms_category` where (parent_id<1 or parent_id IS NULL or parent_id='') and (delete_time IS NULL or delete_time <=0 or delete_time='')
2020-04-25 13:52:08 [DEBUG] [root]select * from heecms_category where (parent_id<1 or parent_id IS NULL or parent_id='') and (delete_time IS NULL or delete_time <=0 or delete_time='')  limit 0,5
2020-04-25 13:52:08 [DEBUG] [root]select * from heecms_category where (`parent_id`='1') and (delete_time IS NULL or delete_time <=0 or delete_time='')  order by parent_id asc 
2020-04-25 13:52:08 [DEBUG] [root]自动加载类：app\admin\controller\adminBase
2020-04-25 13:52:08 [DEBUG] [root]自动加载类：heephp\database\mysqli
2020-04-25 13:52:08 [DEBUG] [root]自动加载类：heephp\database\databaseInterface
2020-04-25 13:52:08 [DEBUG] [root]SHOW COLUMNS FROM `heecms_users_group`
2020-04-25 13:52:08 [DEBUG] [root]select name from heecms_users_group where (`users_group_id`=1) and (delete_time IS NULL or delete_time <=0 or delete_time='')  
2020-04-25 13:52:08 [DEBUG] [root]SHOW COLUMNS FROM `heecms_message`
2020-04-25 13:52:08 [DEBUG] [root]select * from heecms_message where (`isread`=0 and `receiver_users_id`='1') and (delete_time IS NULL or delete_time <=0 or delete_time='')  order by create_time desc limit 0,5
2020-04-25 13:52:08 [DEBUG] [root]SHOW COLUMNS FROM `heecms_menus`
2020-04-25 13:52:08 [DEBUG] [root]自动加载类：heephp\cache\file
2020-04-25 13:52:08 [DEBUG] [root]自动加载类：heephp\cache\cacheInterface
2020-04-25 13:52:08 [DEBUG] [root]SHOW COLUMNS FROM `heecms_menus`
2020-04-25 13:52:08 [DEBUG] [root]select count(*) c from `heecms_category` where (parent_id<1 or parent_id IS NULL or parent_id='') and (delete_time IS NULL or delete_time <=0 or delete_time='')
2020-04-25 13:52:08 [DEBUG] [root]select * from heecms_category where (parent_id<1 or parent_id IS NULL or parent_id='') and (delete_time IS NULL or delete_time <=0 or delete_time='')  limit 0,5
2020-04-25 13:52:08 [DEBUG] [root]select * from heecms_category where (`parent_id`='1') and (delete_time IS NULL or delete_time <=0 or delete_time='')  order by parent_id asc 
2020-04-25 13:52:09 [DEBUG] [root]自动加载类：app\admin\controller\adminBase
2020-04-25 13:52:09 [DEBUG] [root]自动加载类：heephp\database\mysqli
2020-04-25 13:52:09 [DEBUG] [root]自动加载类：heephp\database\databaseInterface
2020-04-25 13:52:09 [DEBUG] [root]SHOW COLUMNS FROM `heecms_users_group`
2020-04-25 13:52:09 [DEBUG] [root]select name from heecms_users_group where (`users_group_id`=1) and (delete_time IS NULL or delete_time <=0 or delete_time='')  
2020-04-25 13:52:09 [DEBUG] [root]SHOW COLUMNS FROM `heecms_message`
2020-04-25 13:52:09 [DEBUG] [root]select * from heecms_message where (`isread`=0 and `receiver_users_id`='1') and (delete_time IS NULL or delete_time <=0 or delete_time='')  order by create_time desc limit 0,5
2020-04-25 13:52:09 [DEBUG] [root]SHOW COLUMNS FROM `heecms_menus`
2020-04-25 13:52:09 [DEBUG] [root]自动加载类：heephp\cache\file
2020-04-25 13:52:09 [DEBUG] [root]自动加载类：heephp\cache\cacheInterface
2020-04-25 13:52:09 [DEBUG] [root]SHOW COLUMNS FROM `heecms_menus`
2020-04-25 13:52:09 [DEBUG] [root]select count(*) c from `heecms_category` where (parent_id<1 or parent_id IS NULL or parent_id='') and (delete_time IS NULL or delete_time <=0 or delete_time='')
2020-04-25 13:52:09 [DEBUG] [root]select * from heecms_category where (parent_id<1 or parent_id IS NULL or parent_id='') and (delete_time IS NULL or delete_time <=0 or delete_time='')  limit 0,5
2020-04-25 13:52:09 [DEBUG] [root]select * from heecms_category where (`parent_id`='1') and (delete_time IS NULL or delete_time <=0 or delete_time='')  order by parent_id asc 
2020-04-25 13:52:59 [DEBUG] [root]自动加载类：app\admin\controller\adminBase
2020-04-25 13:52:59 [DEBUG] [root]自动加载类：heephp\database\mysqli
2020-04-25 13:52:59 [DEBUG] [root]自动加载类：heephp\database\databaseInterface
2020-04-25 13:52:59 [DEBUG] [root]SHOW COLUMNS FROM `heecms_users_group`
2020-04-25 13:52:59 [DEBUG] [root]select name from heecms_users_group where (`users_group_id`=1) and (delete_time IS NULL or delete_time <=0 or delete_time='')  
2020-04-25 13:52:59 [DEBUG] [root]SHOW COLUMNS FROM `heecms_message`
2020-04-25 13:52:59 [DEBUG] [root]select * from heecms_message where (`isread`=0 and `receiver_users_id`='1') and (delete_time IS NULL or delete_time <=0 or delete_time='')  order by create_time desc limit 0,5
2020-04-25 13:52:59 [DEBUG] [root]SHOW COLUMNS FROM `heecms_menus`
2020-04-25 13:52:59 [DEBUG] [root]自动加载类：heephp\cache\file
2020-04-25 13:52:59 [DEBUG] [root]自动加载类：heephp\cache\cacheInterface
2020-04-25 13:52:59 [DEBUG] [root]SHOW COLUMNS FROM `heecms_menus`
2020-04-25 13:52:59 [DEBUG] [root]select count(*) c from `heecms_category` where (parent_id<1 or parent_id IS NULL or parent_id='') and (delete_time IS NULL or delete_time <=0 or delete_time='')
2020-04-25 13:52:59 [DEBUG] [root]select * from heecms_category where (parent_id<1 or parent_id IS NULL or parent_id='') and (delete_time IS NULL or delete_time <=0 or delete_time='')  limit 0,5
2020-04-25 13:52:59 [DEBUG] [root]select * from heecms_category where (`parent_id`='1') and (delete_time IS NULL or delete_time <=0 or delete_time='')  order by parent_id asc 
2020-04-25 13:53:00 [DEBUG] [root]自动加载类：app\admin\controller\adminBase
2020-04-25 13:53:00 [DEBUG] [root]自动加载类：heephp\database\mysqli
2020-04-25 13:53:00 [DEBUG] [root]自动加载类：heephp\database\databaseInterface
2020-04-25 13:53:00 [DEBUG] [root]SHOW COLUMNS FROM `heecms_users_group`
2020-04-25 13:53:00 [DEBUG] [root]select name from heecms_users_group where (`users_group_id`=1) and (delete_time IS NULL or delete_time <=0 or delete_time='')  
2020-04-25 13:53:00 [DEBUG] [root]SHOW COLUMNS FROM `heecms_message`
2020-04-25 13:53:00 [DEBUG] [root]select * from heecms_message where (`isread`=0 and `receiver_users_id`='1') and (delete_time IS NULL or delete_time <=0 or delete_time='')  order by create_time desc limit 0,5
2020-04-25 13:53:00 [DEBUG] [root]SHOW COLUMNS FROM `heecms_menus`
2020-04-25 13:53:00 [DEBUG] [root]自动加载类：heephp\cache\file
2020-04-25 13:53:00 [DEBUG] [root]自动加载类：heephp\cache\cacheInterface
2020-04-25 13:53:00 [DEBUG] [root]SHOW COLUMNS FROM `heecms_menus`
2020-04-25 13:53:00 [DEBUG] [root]select count(*) c from `heecms_category` where (parent_id<1 or parent_id IS NULL or parent_id='') and (delete_time IS NULL or delete_time <=0 or delete_time='')
2020-04-25 13:53:00 [DEBUG] [root]select * from heecms_category where (parent_id<1 or parent_id IS NULL or parent_id='') and (delete_time IS NULL or delete_time <=0 or delete_time='')  limit 0,5
2020-04-25 13:53:00 [DEBUG] [root]select * from heecms_category where (`parent_id`='1') and (delete_time IS NULL or delete_time <=0 or delete_time='')  order by parent_id asc 
2020-04-25 13:53:00 [DEBUG] [root]自动加载类：app\admin\controller\adminBase
2020-04-25 13:53:00 [DEBUG] [root]自动加载类：heephp\database\mysqli
2020-04-25 13:53:00 [DEBUG] [root]自动加载类：heephp\database\databaseInterface
2020-04-25 13:53:00 [DEBUG] [root]SHOW COLUMNS FROM `heecms_users_group`
2020-04-25 13:53:00 [DEBUG] [root]select name from heecms_users_group where (`users_group_id`=1) and (delete_time IS NULL or delete_time <=0 or delete_time='')  
2020-04-25 13:53:00 [DEBUG] [root]SHOW COLUMNS FROM `heecms_message`
2020-04-25 13:53:00 [DEBUG] [root]select * from heecms_message where (`isread`=0 and `receiver_users_id`='1') and (delete_time IS NULL or delete_time <=0 or delete_time='')  order by create_time desc limit 0,5
2020-04-25 13:53:00 [DEBUG] [root]SHOW COLUMNS FROM `heecms_menus`
2020-04-25 13:53:00 [DEBUG] [root]自动加载类：heephp\cache\file
2020-04-25 13:53:00 [DEBUG] [root]自动加载类：heephp\cache\cacheInterface
2020-04-25 13:53:00 [DEBUG] [root]SHOW COLUMNS FROM `heecms_menus`
2020-04-25 13:53:00 [DEBUG] [root]select count(*) c from `heecms_category` where (parent_id<1 or parent_id IS NULL or parent_id='') and (delete_time IS NULL or delete_time <=0 or delete_time='')
2020-04-25 13:53:00 [DEBUG] [root]select * from heecms_category where (parent_id<1 or parent_id IS NULL or parent_id='') and (delete_time IS NULL or delete_time <=0 or delete_time='')  limit 0,5
2020-04-25 13:53:00 [DEBUG] [root]select * from heecms_category where (`parent_id`='1') and (delete_time IS NULL or delete_time <=0 or delete_time='')  order by parent_id asc 
2020-04-25 13:53:17 [DEBUG] [root]自动加载类：app\admin\controller\adminBase
2020-04-25 13:53:17 [DEBUG] [root]自动加载类：heephp\database\mysqli
2020-04-25 13:53:17 [DEBUG] [root]自动加载类：heephp\database\databaseInterface
2020-04-25 13:53:17 [DEBUG] [root]SHOW COLUMNS FROM `heecms_users_group`
2020-04-25 13:53:17 [DEBUG] [root]select name from heecms_users_group where (`users_group_id`=1) and (delete_time IS NULL or delete_time <=0 or delete_time='')  
2020-04-25 13:53:17 [DEBUG] [root]SHOW COLUMNS FROM `heecms_message`
2020-04-25 13:53:17 [DEBUG] [root]select * from heecms_message where (`isread`=0 and `receiver_users_id`='1') and (delete_time IS NULL or delete_time <=0 or delete_time='')  order by create_time desc limit 0,5
2020-04-25 13:53:17 [DEBUG] [root]SHOW COLUMNS FROM `heecms_menus`
2020-04-25 13:53:17 [DEBUG] [root]自动加载类：heephp\cache\file
2020-04-25 13:53:17 [DEBUG] [root]自动加载类：heephp\cache\cacheInterface
2020-04-25 13:53:17 [DEBUG] [root]SHOW COLUMNS FROM `heecms_menus`
2020-04-25 13:53:17 [DEBUG] [root]select count(*) c from `heecms_category` where (parent_id<1 or parent_id IS NULL or parent_id='') and (delete_time IS NULL or delete_time <=0 or delete_time='')
2020-04-25 13:53:17 [DEBUG] [root]select * from heecms_category where (parent_id<1 or parent_id IS NULL or parent_id='') and (delete_time IS NULL or delete_time <=0 or delete_time='')  limit 0,5
2020-04-25 13:53:17 [DEBUG] [root]select * from heecms_category where (`parent_id`='1') and (delete_time IS NULL or delete_time <=0 or delete_time='')  order by parent_id asc 
2020-04-25 13:53:17 [DEBUG] [root]自动加载类：app\admin\controller\adminBase
2020-04-25 13:53:17 [DEBUG] [root]自动加载类：heephp\database\mysqli
2020-04-25 13:53:17 [DEBUG] [root]自动加载类：heephp\database\databaseInterface
2020-04-25 13:53:17 [DEBUG] [root]SHOW COLUMNS FROM `heecms_users_group`
2020-04-25 13:53:17 [DEBUG] [root]select name from heecms_users_group where (`users_group_id`=1) and (delete_time IS NULL or delete_time <=0 or delete_time='')  
2020-04-25 13:53:17 [DEBUG] [root]SHOW COLUMNS FROM `heecms_message`
2020-04-25 13:53:17 [DEBUG] [root]select * from heecms_message where (`isread`=0 and `receiver_users_id`='1') and (delete_time IS NULL or delete_time <=0 or delete_time='')  order by create_time desc limit 0,5
2020-04-25 13:53:17 [DEBUG] [root]SHOW COLUMNS FROM `heecms_menus`
2020-04-25 13:53:17 [DEBUG] [root]自动加载类：heephp\cache\file
2020-04-25 13:53:17 [DEBUG] [root]自动加载类：heephp\cache\cacheInterface
2020-04-25 13:53:17 [DEBUG] [root]SHOW COLUMNS FROM `heecms_menus`
2020-04-25 13:53:17 [DEBUG] [root]select count(*) c from `heecms_category` where (parent_id<1 or parent_id IS NULL or parent_id='') and (delete_time IS NULL or delete_time <=0 or delete_time='')
2020-04-25 13:53:17 [DEBUG] [root]select * from heecms_category where (parent_id<1 or parent_id IS NULL or parent_id='') and (delete_time IS NULL or delete_time <=0 or delete_time='')  limit 0,5
2020-04-25 13:53:17 [DEBUG] [root]select * from heecms_category where (`parent_id`='1') and (delete_time IS NULL or delete_time <=0 or delete_time='')  order by parent_id asc 
2020-04-25 13:53:38 [DEBUG] [root]自动加载类：app\admin\controller\adminBase
2020-04-25 13:53:38 [DEBUG] [root]自动加载类：heephp\database\mysqli
2020-04-25 13:53:38 [DEBUG] [root]自动加载类：heephp\database\databaseInterface
2020-04-25 13:53:38 [DEBUG] [root]SHOW COLUMNS FROM `heecms_users_group`
2020-04-25 13:53:38 [DEBUG] [root]select name from heecms_users_group where (`users_group_id`=1) and (delete_time IS NULL or delete_time <=0 or delete_time='')  
2020-04-25 13:53:38 [DEBUG] [root]SHOW COLUMNS FROM `heecms_message`
2020-04-25 13:53:38 [DEBUG] [root]select * from heecms_message where (`isread`=0 and `receiver_users_id`='1') and (delete_time IS NULL or delete_time <=0 or delete_time='')  order by create_time desc limit 0,5
2020-04-25 13:53:38 [DEBUG] [root]SHOW COLUMNS FROM `heecms_menus`
2020-04-25 13:53:38 [DEBUG] [root]自动加载类：heephp\cache\file
2020-04-25 13:53:38 [DEBUG] [root]自动加载类：heephp\cache\cacheInterface
2020-04-25 13:53:38 [DEBUG] [root]SHOW COLUMNS FROM `heecms_menus`
2020-04-25 13:53:38 [DEBUG] [root]select count(*) c from `heecms_category` where (parent_id<1 or parent_id IS NULL or parent_id='') and (delete_time IS NULL or delete_time <=0 or delete_time='')
2020-04-25 13:53:38 [DEBUG] [root]select * from heecms_category where (parent_id<1 or parent_id IS NULL or parent_id='') and (delete_time IS NULL or delete_time <=0 or delete_time='')  limit 0,5
2020-04-25 13:53:38 [DEBUG] [root]select * from heecms_category where (`parent_id`='1') and (delete_time IS NULL or delete_time <=0 or delete_time='')  order by parent_id asc 
2020-04-25 13:53:39 [DEBUG] [root]自动加载类：app\admin\controller\adminBase
2020-04-25 13:53:39 [DEBUG] [root]自动加载类：heephp\database\mysqli
2020-04-25 13:53:39 [DEBUG] [root]自动加载类：heephp\database\databaseInterface
2020-04-25 13:53:39 [DEBUG] [root]SHOW COLUMNS FROM `heecms_users_group`
2020-04-25 13:53:39 [DEBUG] [root]select name from heecms_users_group where (`users_group_id`=1) and (delete_time IS NULL or delete_time <=0 or delete_time='')  
2020-04-25 13:53:39 [DEBUG] [root]SHOW COLUMNS FROM `heecms_message`
2020-04-25 13:53:39 [DEBUG] [root]select * from heecms_message where (`isread`=0 and `receiver_users_id`='1') and (delete_time IS NULL or delete_time <=0 or delete_time='')  order by create_time desc limit 0,5
2020-04-25 13:53:39 [DEBUG] [root]SHOW COLUMNS FROM `heecms_menus`
2020-04-25 13:53:39 [DEBUG] [root]自动加载类：heephp\cache\file
2020-04-25 13:53:39 [DEBUG] [root]自动加载类：heephp\cache\cacheInterface
2020-04-25 13:53:39 [DEBUG] [root]SHOW COLUMNS FROM `heecms_menus`
2020-04-25 13:53:40 [DEBUG] [root]select count(*) c from `heecms_category` where (parent_id<1 or parent_id IS NULL or parent_id='') and (delete_time IS NULL or delete_time <=0 or delete_time='')
2020-04-25 13:53:40 [DEBUG] [root]select * from heecms_category where (parent_id<1 or parent_id IS NULL or parent_id='') and (delete_time IS NULL or delete_time <=0 or delete_time='')  limit 0,5
2020-04-25 13:53:40 [DEBUG] [root]select * from heecms_category where (`parent_id`='1') and (delete_time IS NULL or delete_time <=0 or delete_time='')  order by parent_id asc 
2020-04-25 13:53:40 [DEBUG] [root]自动加载类：app\admin\controller\adminBase
2020-04-25 13:53:40 [DEBUG] [root]自动加载类：heephp\database\mysqli
2020-04-25 13:53:40 [DEBUG] [root]自动加载类：heephp\database\databaseInterface
2020-04-25 13:53:40 [DEBUG] [root]SHOW COLUMNS FROM `heecms_users_group`
2020-04-25 13:53:40 [DEBUG] [root]select name from heecms_users_group where (`users_group_id`=1) and (delete_time IS NULL or delete_time <=0 or delete_time='')  
2020-04-25 13:53:40 [DEBUG] [root]SHOW COLUMNS FROM `heecms_message`
2020-04-25 13:53:40 [DEBUG] [root]select * from heecms_message where (`isread`=0 and `receiver_users_id`='1') and (delete_time IS NULL or delete_time <=0 or delete_time='')  order by create_time desc limit 0,5
2020-04-25 13:53:40 [DEBUG] [root]SHOW COLUMNS FROM `heecms_menus`
2020-04-25 13:53:40 [DEBUG] [root]自动加载类：heephp\cache\file
2020-04-25 13:53:40 [DEBUG] [root]自动加载类：heephp\cache\cacheInterface
2020-04-25 13:53:40 [DEBUG] [root]SHOW COLUMNS FROM `heecms_menus`
2020-04-25 13:53:40 [DEBUG] [root]select count(*) c from `heecms_category` where (parent_id<1 or parent_id IS NULL or parent_id='') and (delete_time IS NULL or delete_time <=0 or delete_time='')
2020-04-25 13:53:40 [DEBUG] [root]select * from heecms_category where (parent_id<1 or parent_id IS NULL or parent_id='') and (delete_time IS NULL or delete_time <=0 or delete_time='')  limit 0,5
2020-04-25 13:53:40 [DEBUG] [root]select * from heecms_category where (`parent_id`='1') and (delete_time IS NULL or delete_time <=0 or delete_time='')  order by parent_id asc 
2020-04-25 13:53:40 [DEBUG] [root]自动加载类：app\admin\controller\adminBase
2020-04-25 13:53:40 [DEBUG] [root]自动加载类：heephp\database\mysqli
2020-04-25 13:53:40 [DEBUG] [root]自动加载类：heephp\database\databaseInterface
2020-04-25 13:53:40 [DEBUG] [root]SHOW COLUMNS FROM `heecms_users_group`
2020-04-25 13:53:40 [DEBUG] [root]select name from heecms_users_group where (`users_group_id`=1) and (delete_time IS NULL or delete_time <=0 or delete_time='')  
2020-04-25 13:53:40 [DEBUG] [root]SHOW COLUMNS FROM `heecms_message`
2020-04-25 13:53:40 [DEBUG] [root]select * from heecms_message where (`isread`=0 and `receiver_users_id`='1') and (delete_time IS NULL or delete_time <=0 or delete_time='')  order by create_time desc limit 0,5
2020-04-25 13:53:40 [DEBUG] [root]SHOW COLUMNS FROM `heecms_menus`
2020-04-25 13:53:40 [DEBUG] [root]自动加载类：heephp\cache\file
2020-04-25 13:53:40 [DEBUG] [root]自动加载类：heephp\cache\cacheInterface
2020-04-25 13:53:40 [DEBUG] [root]SHOW COLUMNS FROM `heecms_menus`
2020-04-25 13:53:40 [DEBUG] [root]select count(*) c from `heecms_category` where (parent_id<1 or parent_id IS NULL or parent_id='') and (delete_time IS NULL or delete_time <=0 or delete_time='')
2020-04-25 13:53:40 [DEBUG] [root]select * from heecms_category where (parent_id<1 or parent_id IS NULL or parent_id='') and (delete_time IS NULL or delete_time <=0 or delete_time='')  limit 0,5
2020-04-25 13:53:40 [DEBUG] [root]select * from heecms_category where (`parent_id`='1') and (delete_time IS NULL or delete_time <=0 or delete_time='')  order by parent_id asc 
2020-04-25 13:57:38 [DEBUG] [root]自动加载类：app\admin\controller\adminBase
2020-04-25 13:57:38 [DEBUG] [root]自动加载类：heephp\database\mysqli
2020-04-25 13:57:38 [DEBUG] [root]自动加载类：heephp\database\databaseInterface
2020-04-25 13:57:38 [DEBUG] [root]SHOW COLUMNS FROM `heecms_users_group`
2020-04-25 13:57:38 [DEBUG] [root]select name from heecms_users_group where (`users_group_id`=1) and (delete_time IS NULL or delete_time <=0 or delete_time='')  
2020-04-25 13:57:38 [DEBUG] [root]SHOW COLUMNS FROM `heecms_message`
2020-04-25 13:57:38 [DEBUG] [root]select * from heecms_message where (`isread`=0 and `receiver_users_id`='1') and (delete_time IS NULL or delete_time <=0 or delete_time='')  order by create_time desc limit 0,5
2020-04-25 13:57:38 [DEBUG] [root]SHOW COLUMNS FROM `heecms_menus`
2020-04-25 13:57:38 [DEBUG] [root]自动加载类：heephp\cache\file
2020-04-25 13:57:38 [DEBUG] [root]自动加载类：heephp\cache\cacheInterface
2020-04-25 13:57:38 [DEBUG] [root]SHOW COLUMNS FROM `heecms_menus`
2020-04-25 13:57:38 [DEBUG] [root]select count(*) c from `heecms_category` where (parent_id<1 or parent_id IS NULL or parent_id='') and (delete_time IS NULL or delete_time <=0 or delete_time='')
2020-04-25 13:57:38 [DEBUG] [root]select * from heecms_category where (parent_id<1 or parent_id IS NULL or parent_id='') and (delete_time IS NULL or delete_time <=0 or delete_time='')  limit 0,5
2020-04-25 13:57:38 [DEBUG] [root]select * from heecms_category where (`parent_id`='1') and (delete_time IS NULL or delete_time <=0 or delete_time='')  order by parent_id asc 
2020-04-25 13:59:38 [DEBUG] [root]自动加载类：app\admin\controller\adminBase
2020-04-25 13:59:38 [DEBUG] [root]自动加载类：heephp\database\mysqli
2020-04-25 13:59:38 [DEBUG] [root]自动加载类：heephp\database\databaseInterface
2020-04-25 13:59:38 [DEBUG] [root]SHOW COLUMNS FROM `heecms_users_group`
2020-04-25 13:59:38 [DEBUG] [root]select name from heecms_users_group where (`users_group_id`=1) and (delete_time IS NULL or delete_time <=0 or delete_time='')  
2020-04-25 13:59:38 [DEBUG] [root]SHOW COLUMNS FROM `heecms_message`
2020-04-25 13:59:38 [DEBUG] [root]select * from heecms_message where (`isread`=0 and `receiver_users_id`='1') and (delete_time IS NULL or delete_time <=0 or delete_time='')  order by create_time desc limit 0,5
2020-04-25 13:59:38 [DEBUG] [root]SHOW COLUMNS FROM `heecms_menus`
2020-04-25 13:59:38 [DEBUG] [root]自动加载类：heephp\cache\file
2020-04-25 13:59:38 [DEBUG] [root]自动加载类：heephp\cache\cacheInterface
2020-04-25 13:59:38 [DEBUG] [root]SHOW COLUMNS FROM `heecms_menus`
2020-04-25 13:59:38 [DEBUG] [root]select count(*) c from `heecms_category` where (parent_id<1 or parent_id IS NULL or parent_id='') and (delete_time IS NULL or delete_time <=0 or delete_time='')
2020-04-25 13:59:38 [DEBUG] [root]select * from heecms_category where (parent_id<1 or parent_id IS NULL or parent_id='') and (delete_time IS NULL or delete_time <=0 or delete_time='')  limit 0,5
2020-04-25 13:59:38 [DEBUG] [root]select * from heecms_category where (`parent_id`='1') and (delete_time IS NULL or delete_time <=0 or delete_time='')  order by parent_id asc 
2020-04-25 13:59:40 [DEBUG] [root]自动加载类：app\admin\controller\adminBase
2020-04-25 13:59:40 [DEBUG] [root]自动加载类：heephp\database\mysqli
2020-04-25 13:59:40 [DEBUG] [root]自动加载类：heephp\database\databaseInterface
2020-04-25 13:59:40 [DEBUG] [root]SHOW COLUMNS FROM `heecms_users_group`
2020-04-25 13:59:40 [DEBUG] [root]select name from heecms_users_group where (`users_group_id`=1) and (delete_time IS NULL or delete_time <=0 or delete_time='')  
2020-04-25 13:59:40 [DEBUG] [root]SHOW COLUMNS FROM `heecms_message`
2020-04-25 13:59:40 [DEBUG] [root]select * from heecms_message where (`isread`=0 and `receiver_users_id`='1') and (delete_time IS NULL or delete_time <=0 or delete_time='')  order by create_time desc limit 0,5
2020-04-25 13:59:40 [DEBUG] [root]SHOW COLUMNS FROM `heecms_menus`
2020-04-25 13:59:40 [DEBUG] [root]自动加载类：heephp\cache\file
2020-04-25 13:59:40 [DEBUG] [root]自动加载类：heephp\cache\cacheInterface
2020-04-25 13:59:40 [DEBUG] [root]SHOW COLUMNS FROM `heecms_menus`
2020-04-25 13:59:40 [DEBUG] [root]select count(*) c from `heecms_article` where (1=1) and (delete_time IS NULL or delete_time <=0 or delete_time='')
2020-04-25 13:59:40 [DEBUG] [root]select * from heecms_article where (1=1) and (delete_time IS NULL or delete_time <=0 or delete_time='')  limit 0,5
2020-04-25 13:59:40 [DEBUG] [root]select * from heecms_category where (`category_id`='2') and (delete_time IS NULL or delete_time <=0 or delete_time='')
2020-04-25 13:59:40 [DEBUG] [root]select * from heecms_category where (`category_id`='2') and (delete_time IS NULL or delete_time <=0 or delete_time='')
2020-04-25 13:59:42 [DEBUG] [root]自动加载类：app\admin\controller\adminBase
2020-04-25 13:59:42 [DEBUG] [root]自动加载类：heephp\database\mysqli
2020-04-25 13:59:42 [DEBUG] [root]自动加载类：heephp\database\databaseInterface
2020-04-25 13:59:42 [DEBUG] [root]SHOW COLUMNS FROM `heecms_users_group`
2020-04-25 13:59:42 [DEBUG] [root]select name from heecms_users_group where (`users_group_id`=1) and (delete_time IS NULL or delete_time <=0 or delete_time='')  
2020-04-25 13:59:42 [DEBUG] [root]SHOW COLUMNS FROM `heecms_message`
2020-04-25 13:59:42 [DEBUG] [root]select * from heecms_message where (`isread`=0 and `receiver_users_id`='1') and (delete_time IS NULL or delete_time <=0 or delete_time='')  order by create_time desc limit 0,5
2020-04-25 13:59:42 [DEBUG] [root]SHOW COLUMNS FROM `heecms_menus`
2020-04-25 13:59:42 [DEBUG] [root]自动加载类：heephp\cache\file
2020-04-25 13:59:42 [DEBUG] [root]自动加载类：heephp\cache\cacheInterface
2020-04-25 13:59:42 [DEBUG] [root]SHOW COLUMNS FROM `heecms_menus`
2020-04-25 13:59:42 [DEBUG] [root]select count(*) c from `heecms_link_group` where 1=1
2020-04-25 13:59:42 [DEBUG] [root]select * from heecms_link_group where 1=1  limit 0,5
