2020-05-11 17:42:15 [DEBUG] [root]自动加载类：app\admin\controller\adminBase
2020-05-11 17:42:15 [DEBUG] [root]自动加载类：app\admin\model\users_group
2020-05-11 17:42:15 [DEBUG] [root]自动加载类：heephp\model
2020-05-11 17:42:15 [DEBUG] [root]自动加载类：heephp\orm\orm
2020-05-11 17:42:15 [DEBUG] [root]自动加载类：heephp\database\mysqli
2020-05-11 17:42:15 [DEBUG] [root]自动加载类：heephp\database\databaseInterface
2020-05-11 17:42:15 [DEBUG] [root]show full columns from `heecms_users_group`
2020-05-11 17:42:15 [DEBUG] [root]select * from heecms_users_group   where ((`users_group_id`=1)) and (`heecms_users_group`.delete_time IS NULL or `heecms_users_group`.delete_time <=0 or `heecms_users_group`.delete_time='')    
2020-05-11 17:42:15 [DEBUG] [root]自动加载类：app\admin\model\message
2020-05-11 17:42:15 [DEBUG] [root]show full columns from `heecms_message`
2020-05-11 17:42:15 [DEBUG] [root]select * from heecms_message   where ((`isread`=0 and `receiver_users_id`='1')) and (`heecms_message`.delete_time IS NULL or `heecms_message`.delete_time <=0 or `heecms_message`.delete_time='')  order by create_time desc  limit 5
2020-05-11 17:42:15 [DEBUG] [root]自动加载类：app\admin\model\menus
2020-05-11 17:42:15 [DEBUG] [root]show full columns from `heecms_menus`
2020-05-11 17:42:15 [DEBUG] [root]自动加载类：heephp\cache\file
2020-05-11 17:42:15 [DEBUG] [root]自动加载类：heephp\cache\cacheInterface
2020-05-11 17:42:15 [DEBUG] [root]select * from heecms_menus   where ( `parent_id` IS NULL or `parent_id`='' or `parent_id`=0 ) and (`heecms_menus`.delete_time IS NULL or `heecms_menus`.delete_time <=0 or `heecms_menus`.delete_time='')  order by ord asc  
2020-05-11 17:42:15 [DEBUG] [root]show full columns from `heecms_menus`
2020-05-11 17:42:15 [DEBUG] [root]select * from heecms_menus   where ((`parent_id`='8')) and (`heecms_menus`.delete_time IS NULL or `heecms_menus`.delete_time <=0 or `heecms_menus`.delete_time='')  order by ord asc  
2020-05-11 17:42:15 [DEBUG] [root]自动加载类：app\admin\model\users
2020-05-11 17:42:15 [DEBUG] [root]select * from heecms_users   where ((`users_id`='1')) and (`heecms_users`.delete_time IS NULL or `heecms_users`.delete_time <=0 or `heecms_users`.delete_time='')    
2020-05-11 17:42:15 [DEBUG] [root]select * from heecms_menus   where ((`parent_id`='10')) and (`heecms_menus`.delete_time IS NULL or `heecms_menus`.delete_time <=0 or `heecms_menus`.delete_time='')  order by ord asc  
2020-05-11 17:42:15 [DEBUG] [root]select * from heecms_menus   where ((`parent_id`='5')) and (`heecms_menus`.delete_time IS NULL or `heecms_menus`.delete_time <=0 or `heecms_menus`.delete_time='')  order by ord asc  
2020-05-11 17:42:15 [DEBUG] [root]select * from heecms_menus   where ((`parent_id`='15')) and (`heecms_menus`.delete_time IS NULL or `heecms_menus`.delete_time <=0 or `heecms_menus`.delete_time='')  order by ord asc  
2020-05-11 17:42:15 [DEBUG] [root]select * from heecms_users   where ((`users_id`='1') and (`users_id`='1')) and (`heecms_users`.delete_time IS NULL or `heecms_users`.delete_time <=0 or `heecms_users`.delete_time='')    
2020-05-11 17:42:15 [DEBUG] [root]select * from heecms_menus   where ((`parent_id`='12')) and (`heecms_menus`.delete_time IS NULL or `heecms_menus`.delete_time <=0 or `heecms_menus`.delete_time='')  order by ord asc  
2020-05-11 17:42:19 [DEBUG] [root]自动加载类：app\admin\controller\adminBase
2020-05-11 17:42:19 [DEBUG] [root]自动加载类：app\admin\model\users_group
2020-05-11 17:42:19 [DEBUG] [root]自动加载类：heephp\model
2020-05-11 17:42:19 [DEBUG] [root]自动加载类：heephp\orm\orm
2020-05-11 17:42:19 [DEBUG] [root]自动加载类：heephp\database\mysqli
2020-05-11 17:42:19 [DEBUG] [root]自动加载类：heephp\database\databaseInterface
2020-05-11 17:42:19 [DEBUG] [root]show full columns from `heecms_users_group`
2020-05-11 17:42:19 [DEBUG] [root]select * from heecms_users_group   where ((`users_group_id`=1)) and (`heecms_users_group`.delete_time IS NULL or `heecms_users_group`.delete_time <=0 or `heecms_users_group`.delete_time='')    
2020-05-11 17:42:19 [DEBUG] [root]自动加载类：app\admin\model\message
2020-05-11 17:42:19 [DEBUG] [root]show full columns from `heecms_message`
2020-05-11 17:42:19 [DEBUG] [root]select * from heecms_message   where ((`isread`=0 and `receiver_users_id`='1')) and (`heecms_message`.delete_time IS NULL or `heecms_message`.delete_time <=0 or `heecms_message`.delete_time='')  order by create_time desc  limit 5
2020-05-11 17:42:19 [DEBUG] [root]自动加载类：app\admin\model\menus
2020-05-11 17:42:19 [DEBUG] [root]show full columns from `heecms_menus`
2020-05-11 17:42:19 [DEBUG] [root]自动加载类：heephp\cache\file
2020-05-11 17:42:19 [DEBUG] [root]自动加载类：heephp\cache\cacheInterface
2020-05-11 17:42:19 [DEBUG] [root]show full columns from `heecms_menus`
2020-05-11 17:42:19 [DEBUG] [root]自动加载类：app\admin\model\users
2020-05-11 17:42:19 [DEBUG] [root]自动加载类：app\admin\model\shop_cart
2020-05-11 17:42:19 [DEBUG] [root]select *,sum(num) pcount,sum(price) pricecount,count(*) c from heecms_shop_cart    group by create_users_id order by create_time desc  
2020-05-11 17:42:19 [DEBUG] [root]select *,sum(num) pcount,sum(price) pricecount from heecms_shop_cart    group by create_users_id order by create_time desc  
2020-05-11 17:42:19 [DEBUG] [root]自动加载类：heephp\bulider\pager
2020-05-11 17:42:19 [DEBUG] [root]自动加载类：app\admin\model\shop_product
2020-05-11 17:42:19 [DEBUG] [root]select * from heecms_shop_product   where ((`shop_product_id`='1')) and (`heecms_shop_product`.delete_time IS NULL or `heecms_shop_product`.delete_time <=0 or `heecms_shop_product`.delete_time='')    
2020-05-11 17:42:23 [DEBUG] [root]自动加载类：app\admin\controller\adminBase
2020-05-11 17:42:23 [DEBUG] [root]自动加载类：app\admin\model\users_group
2020-05-11 17:42:23 [DEBUG] [root]自动加载类：heephp\model
2020-05-11 17:42:23 [DEBUG] [root]自动加载类：heephp\orm\orm
2020-05-11 17:42:23 [DEBUG] [root]自动加载类：heephp\database\mysqli
2020-05-11 17:42:23 [DEBUG] [root]自动加载类：heephp\database\databaseInterface
2020-05-11 17:42:23 [DEBUG] [root]show full columns from `heecms_users_group`
2020-05-11 17:42:23 [DEBUG] [root]select * from heecms_users_group   where ((`users_group_id`=1)) and (`heecms_users_group`.delete_time IS NULL or `heecms_users_group`.delete_time <=0 or `heecms_users_group`.delete_time='')    
2020-05-11 17:42:23 [DEBUG] [root]自动加载类：app\admin\model\message
2020-05-11 17:42:23 [DEBUG] [root]show full columns from `heecms_message`
2020-05-11 17:42:23 [DEBUG] [root]select * from heecms_message   where ((`isread`=0 and `receiver_users_id`='1')) and (`heecms_message`.delete_time IS NULL or `heecms_message`.delete_time <=0 or `heecms_message`.delete_time='')  order by create_time desc  limit 5
2020-05-11 17:42:23 [DEBUG] [root]自动加载类：app\admin\model\menus
2020-05-11 17:42:23 [DEBUG] [root]show full columns from `heecms_menus`
2020-05-11 17:42:23 [DEBUG] [root]自动加载类：heephp\cache\file
2020-05-11 17:42:23 [DEBUG] [root]自动加载类：heephp\cache\cacheInterface
2020-05-11 17:42:23 [DEBUG] [root]show full columns from `heecms_menus`
2020-05-11 17:42:23 [DEBUG] [root]自动加载类：app\admin\model\users
2020-05-11 17:42:23 [DEBUG] [root]自动加载类：app\admin\model\shop_cart
2020-05-11 17:42:23 [DEBUG] [root]select *,sum(num) pcount,sum(price) pricecount,count(*) c from heecms_shop_cart    group by create_users_id order by create_time desc  
2020-05-11 17:42:23 [DEBUG] [root]select *,sum(num) pcount,sum(price) pricecount from heecms_shop_cart    group by create_users_id order by create_time desc  
2020-05-11 17:42:23 [DEBUG] [root]自动加载类：heephp\bulider\pager
2020-05-11 17:42:23 [DEBUG] [root]自动加载类：app\admin\model\shop_product
2020-05-11 17:42:23 [DEBUG] [root]select * from heecms_shop_product   where ((`shop_product_id`='1')) and (`heecms_shop_product`.delete_time IS NULL or `heecms_shop_product`.delete_time <=0 or `heecms_shop_product`.delete_time='')    
2020-05-11 17:45:22 [DEBUG] [root]自动加载类：app\admin\controller\adminBase
2020-05-11 17:45:22 [DEBUG] [root]自动加载类：app\admin\model\users_group
2020-05-11 17:45:22 [DEBUG] [root]自动加载类：heephp\model
2020-05-11 17:45:22 [DEBUG] [root]自动加载类：heephp\orm\orm
2020-05-11 17:45:22 [DEBUG] [root]自动加载类：heephp\database\mysqli
2020-05-11 17:45:22 [DEBUG] [root]自动加载类：heephp\database\databaseInterface
2020-05-11 17:45:22 [DEBUG] [root]show full columns from `heecms_users_group`
2020-05-11 17:45:22 [DEBUG] [root]select * from heecms_users_group   where ((`users_group_id`=1)) and (`heecms_users_group`.delete_time IS NULL or `heecms_users_group`.delete_time <=0 or `heecms_users_group`.delete_time='')    
2020-05-11 17:45:22 [DEBUG] [root]自动加载类：app\admin\model\message
2020-05-11 17:45:22 [DEBUG] [root]show full columns from `heecms_message`
2020-05-11 17:45:22 [DEBUG] [root]select * from heecms_message   where ((`isread`=0 and `receiver_users_id`='1')) and (`heecms_message`.delete_time IS NULL or `heecms_message`.delete_time <=0 or `heecms_message`.delete_time='')  order by create_time desc  limit 5
2020-05-11 17:45:22 [DEBUG] [root]自动加载类：app\admin\model\menus
2020-05-11 17:45:22 [DEBUG] [root]show full columns from `heecms_menus`
2020-05-11 17:45:22 [DEBUG] [root]自动加载类：heephp\cache\file
2020-05-11 17:45:22 [DEBUG] [root]自动加载类：heephp\cache\cacheInterface
2020-05-11 17:45:22 [DEBUG] [root]show full columns from `heecms_menus`
2020-05-11 17:45:22 [DEBUG] [root]自动加载类：app\admin\model\users
2020-05-11 17:45:22 [DEBUG] [root]自动加载类：app\admin\model\shop_cart
2020-05-11 17:45:22 [DEBUG] [root]select *,sum(num) pcount,sum(price) pricecount,count(*) c from heecms_shop_cart    group by create_users_id order by create_time desc  
2020-05-11 17:45:22 [DEBUG] [root]select *,sum(num) pcount,sum(price) pricecount from heecms_shop_cart    group by create_users_id order by create_time desc  
2020-05-11 17:45:22 [DEBUG] [root]自动加载类：heephp\bulider\pager
2020-05-11 17:45:22 [DEBUG] [root]自动加载类：app\admin\model\shop_product
2020-05-11 17:45:22 [DEBUG] [root]select * from heecms_shop_product   where ((`shop_product_id`='1')) and (`heecms_shop_product`.delete_time IS NULL or `heecms_shop_product`.delete_time <=0 or `heecms_shop_product`.delete_time='')    
2020-05-11 17:45:24 [DEBUG] [root]自动加载类：app\admin\controller\adminBase
2020-05-11 17:45:24 [DEBUG] [root]自动加载类：app\admin\model\users_group
2020-05-11 17:45:24 [DEBUG] [root]自动加载类：heephp\model
2020-05-11 17:45:24 [DEBUG] [root]自动加载类：heephp\orm\orm
2020-05-11 17:45:24 [DEBUG] [root]自动加载类：heephp\database\mysqli
2020-05-11 17:45:24 [DEBUG] [root]自动加载类：heephp\database\databaseInterface
2020-05-11 17:45:24 [DEBUG] [root]show full columns from `heecms_users_group`
2020-05-11 17:45:24 [DEBUG] [root]select * from heecms_users_group   where ((`users_group_id`=1)) and (`heecms_users_group`.delete_time IS NULL or `heecms_users_group`.delete_time <=0 or `heecms_users_group`.delete_time='')    
2020-05-11 17:45:24 [DEBUG] [root]自动加载类：app\admin\model\message
2020-05-11 17:45:24 [DEBUG] [root]show full columns from `heecms_message`
2020-05-11 17:45:24 [DEBUG] [root]select * from heecms_message   where ((`isread`=0 and `receiver_users_id`='1')) and (`heecms_message`.delete_time IS NULL or `heecms_message`.delete_time <=0 or `heecms_message`.delete_time='')  order by create_time desc  limit 5
2020-05-11 17:45:24 [DEBUG] [root]自动加载类：app\admin\model\menus
2020-05-11 17:45:24 [DEBUG] [root]show full columns from `heecms_menus`
2020-05-11 17:45:24 [DEBUG] [root]自动加载类：heephp\cache\file
2020-05-11 17:45:24 [DEBUG] [root]自动加载类：heephp\cache\cacheInterface
2020-05-11 17:45:24 [DEBUG] [root]show full columns from `heecms_menus`
2020-05-11 17:45:24 [DEBUG] [root]自动加载类：app\admin\model\users
2020-05-11 17:45:24 [DEBUG] [root]自动加载类：app\admin\model\shop_cart
2020-05-11 17:45:24 [DEBUG] [root]select *,sum(num) pcount,sum(price) pricecount,count(*) c from heecms_shop_cart    group by create_users_id order by create_time desc  
2020-05-11 17:45:24 [DEBUG] [root]select *,sum(num) pcount,sum(price) pricecount from heecms_shop_cart    group by create_users_id order by create_time desc  
2020-05-11 17:45:24 [DEBUG] [root]自动加载类：heephp\bulider\pager
2020-05-11 17:45:24 [DEBUG] [root]自动加载类：app\admin\model\shop_product
2020-05-11 17:45:24 [DEBUG] [root]select * from heecms_shop_product   where ((`shop_product_id`='1')) and (`heecms_shop_product`.delete_time IS NULL or `heecms_shop_product`.delete_time <=0 or `heecms_shop_product`.delete_time='')    
2020-05-11 17:45:26 [DEBUG] [root]自动加载类：app\admin\controller\adminBase
2020-05-11 17:45:26 [DEBUG] [root]自动加载类：app\admin\model\users_group
2020-05-11 17:45:26 [DEBUG] [root]自动加载类：heephp\model
2020-05-11 17:45:26 [DEBUG] [root]自动加载类：heephp\orm\orm
2020-05-11 17:45:26 [DEBUG] [root]自动加载类：heephp\database\mysqli
2020-05-11 17:45:26 [DEBUG] [root]自动加载类：heephp\database\databaseInterface
2020-05-11 17:45:26 [DEBUG] [root]show full columns from `heecms_users_group`
2020-05-11 17:45:26 [DEBUG] [root]select * from heecms_users_group   where ((`users_group_id`=1)) and (`heecms_users_group`.delete_time IS NULL or `heecms_users_group`.delete_time <=0 or `heecms_users_group`.delete_time='')    
2020-05-11 17:45:26 [DEBUG] [root]自动加载类：app\admin\model\message
2020-05-11 17:45:26 [DEBUG] [root]show full columns from `heecms_message`
2020-05-11 17:45:26 [DEBUG] [root]select * from heecms_message   where ((`isread`=0 and `receiver_users_id`='1')) and (`heecms_message`.delete_time IS NULL or `heecms_message`.delete_time <=0 or `heecms_message`.delete_time='')  order by create_time desc  limit 5
2020-05-11 17:45:26 [DEBUG] [root]自动加载类：app\admin\model\menus
2020-05-11 17:45:26 [DEBUG] [root]show full columns from `heecms_menus`
2020-05-11 17:45:26 [DEBUG] [root]自动加载类：heephp\cache\file
2020-05-11 17:45:26 [DEBUG] [root]自动加载类：heephp\cache\cacheInterface
2020-05-11 17:45:26 [DEBUG] [root]show full columns from `heecms_menus`
2020-05-11 17:45:26 [DEBUG] [root]自动加载类：app\admin\model\users
2020-05-11 17:45:59 [DEBUG] [root]自动加载类：app\admin\controller\adminBase
2020-05-11 17:45:59 [DEBUG] [root]自动加载类：app\admin\model\users_group
2020-05-11 17:45:59 [DEBUG] [root]自动加载类：heephp\model
2020-05-11 17:45:59 [DEBUG] [root]自动加载类：heephp\orm\orm
2020-05-11 17:45:59 [DEBUG] [root]自动加载类：heephp\database\mysqli
2020-05-11 17:45:59 [DEBUG] [root]自动加载类：heephp\database\databaseInterface
2020-05-11 17:45:59 [DEBUG] [root]show full columns from `heecms_users_group`
2020-05-11 17:45:59 [DEBUG] [root]select * from heecms_users_group   where ((`users_group_id`=1)) and (`heecms_users_group`.delete_time IS NULL or `heecms_users_group`.delete_time <=0 or `heecms_users_group`.delete_time='')    
2020-05-11 17:45:59 [DEBUG] [root]自动加载类：app\admin\model\message
2020-05-11 17:45:59 [DEBUG] [root]show full columns from `heecms_message`
2020-05-11 17:45:59 [DEBUG] [root]select * from heecms_message   where ((`isread`=0 and `receiver_users_id`='1')) and (`heecms_message`.delete_time IS NULL or `heecms_message`.delete_time <=0 or `heecms_message`.delete_time='')  order by create_time desc  limit 5
2020-05-11 17:45:59 [DEBUG] [root]自动加载类：app\admin\model\menus
2020-05-11 17:45:59 [DEBUG] [root]show full columns from `heecms_menus`
2020-05-11 17:45:59 [DEBUG] [root]自动加载类：heephp\cache\file
2020-05-11 17:45:59 [DEBUG] [root]自动加载类：heephp\cache\cacheInterface
2020-05-11 17:45:59 [DEBUG] [root]show full columns from `heecms_menus`
2020-05-11 17:45:59 [DEBUG] [root]自动加载类：app\admin\model\users
2020-05-11 17:45:59 [DEBUG] [root]自动加载类：app\admin\model\shop_cart
2020-05-11 17:45:59 [DEBUG] [root]select *,sum(num) pcount,sum(price) pricecount,count(*) c from heecms_shop_cart    group by create_users_id order by create_time desc  
2020-05-11 17:45:59 [DEBUG] [root]select *,sum(num) pcount,sum(price) pricecount from heecms_shop_cart    group by create_users_id order by create_time desc  
2020-05-11 17:45:59 [DEBUG] [root]自动加载类：heephp\bulider\pager
2020-05-11 17:45:59 [DEBUG] [root]自动加载类：app\admin\model\shop_product
2020-05-11 17:45:59 [DEBUG] [root]select * from heecms_shop_product   where ((`shop_product_id`='1')) and (`heecms_shop_product`.delete_time IS NULL or `heecms_shop_product`.delete_time <=0 or `heecms_shop_product`.delete_time='')    
2020-05-11 17:46:03 [DEBUG] [root]自动加载类：app\admin\controller\adminBase
2020-05-11 17:46:03 [DEBUG] [root]自动加载类：app\admin\model\users_group
2020-05-11 17:46:03 [DEBUG] [root]自动加载类：heephp\model
2020-05-11 17:46:03 [DEBUG] [root]自动加载类：heephp\orm\orm
2020-05-11 17:46:03 [DEBUG] [root]自动加载类：heephp\database\mysqli
2020-05-11 17:46:03 [DEBUG] [root]自动加载类：heephp\database\databaseInterface
2020-05-11 17:46:03 [DEBUG] [root]show full columns from `heecms_users_group`
2020-05-11 17:46:03 [DEBUG] [root]select * from heecms_users_group   where ((`users_group_id`=1)) and (`heecms_users_group`.delete_time IS NULL or `heecms_users_group`.delete_time <=0 or `heecms_users_group`.delete_time='')    
2020-05-11 17:46:03 [DEBUG] [root]自动加载类：app\admin\model\message
2020-05-11 17:46:03 [DEBUG] [root]show full columns from `heecms_message`
2020-05-11 17:46:03 [DEBUG] [root]select * from heecms_message   where ((`isread`=0 and `receiver_users_id`='1')) and (`heecms_message`.delete_time IS NULL or `heecms_message`.delete_time <=0 or `heecms_message`.delete_time='')  order by create_time desc  limit 5
2020-05-11 17:46:03 [DEBUG] [root]自动加载类：app\admin\model\menus
2020-05-11 17:46:03 [DEBUG] [root]show full columns from `heecms_menus`
2020-05-11 17:46:03 [DEBUG] [root]自动加载类：heephp\cache\file
2020-05-11 17:46:03 [DEBUG] [root]自动加载类：heephp\cache\cacheInterface
2020-05-11 17:46:03 [DEBUG] [root]show full columns from `heecms_menus`
2020-05-11 17:46:03 [DEBUG] [root]自动加载类：app\admin\model\users
2020-05-11 17:46:03 [DEBUG] [root]自动加载类：app\admin\model\shop_cart
2020-05-11 17:46:26 [DEBUG] [root]自动加载类：app\admin\controller\adminBase
2020-05-11 17:46:26 [DEBUG] [root]自动加载类：app\admin\model\users_group
2020-05-11 17:46:26 [DEBUG] [root]自动加载类：heephp\model
2020-05-11 17:46:26 [DEBUG] [root]自动加载类：heephp\orm\orm
2020-05-11 17:46:26 [DEBUG] [root]自动加载类：heephp\database\mysqli
2020-05-11 17:46:26 [DEBUG] [root]自动加载类：heephp\database\databaseInterface
2020-05-11 17:46:26 [DEBUG] [root]show full columns from `heecms_users_group`
2020-05-11 17:46:26 [DEBUG] [root]select * from heecms_users_group   where ((`users_group_id`=1)) and (`heecms_users_group`.delete_time IS NULL or `heecms_users_group`.delete_time <=0 or `heecms_users_group`.delete_time='')    
2020-05-11 17:46:26 [DEBUG] [root]自动加载类：app\admin\model\message
2020-05-11 17:46:26 [DEBUG] [root]show full columns from `heecms_message`
2020-05-11 17:46:26 [DEBUG] [root]select * from heecms_message   where ((`isread`=0 and `receiver_users_id`='1')) and (`heecms_message`.delete_time IS NULL or `heecms_message`.delete_time <=0 or `heecms_message`.delete_time='')  order by create_time desc  limit 5
2020-05-11 17:46:26 [DEBUG] [root]自动加载类：app\admin\model\menus
2020-05-11 17:46:26 [DEBUG] [root]show full columns from `heecms_menus`
2020-05-11 17:46:26 [DEBUG] [root]自动加载类：heephp\cache\file
2020-05-11 17:46:26 [DEBUG] [root]自动加载类：heephp\cache\cacheInterface
2020-05-11 17:46:26 [DEBUG] [root]show full columns from `heecms_menus`
2020-05-11 17:46:26 [DEBUG] [root]自动加载类：app\admin\model\users
2020-05-11 17:46:26 [DEBUG] [root]自动加载类：app\admin\model\shop_cart
2020-05-11 17:46:26 [DEBUG] [root]select count(*) c from heecms_shop_cart   where (create_users_id=1)    
2020-05-11 17:46:26 [DEBUG] [root]select  *  from heecms_shop_cart       
2020-05-11 17:46:26 [DEBUG] [root]自动加载类：heephp\bulider\pager
2020-05-11 17:46:56 [DEBUG] [root]自动加载类：app\admin\controller\adminBase
2020-05-11 17:46:56 [DEBUG] [root]自动加载类：app\admin\model\users_group
2020-05-11 17:46:56 [DEBUG] [root]自动加载类：heephp\model
2020-05-11 17:46:56 [DEBUG] [root]自动加载类：heephp\orm\orm
2020-05-11 17:46:56 [DEBUG] [root]自动加载类：heephp\database\mysqli
2020-05-11 17:46:56 [DEBUG] [root]自动加载类：heephp\database\databaseInterface
2020-05-11 17:46:56 [DEBUG] [root]show full columns from `heecms_users_group`
2020-05-11 17:46:56 [DEBUG] [root]select * from heecms_users_group   where ((`users_group_id`=1)) and (`heecms_users_group`.delete_time IS NULL or `heecms_users_group`.delete_time <=0 or `heecms_users_group`.delete_time='')    
2020-05-11 17:46:56 [DEBUG] [root]自动加载类：app\admin\model\message
2020-05-11 17:46:56 [DEBUG] [root]show full columns from `heecms_message`
2020-05-11 17:46:56 [DEBUG] [root]select * from heecms_message   where ((`isread`=0 and `receiver_users_id`='1')) and (`heecms_message`.delete_time IS NULL or `heecms_message`.delete_time <=0 or `heecms_message`.delete_time='')  order by create_time desc  limit 5
2020-05-11 17:46:56 [DEBUG] [root]自动加载类：app\admin\model\menus
2020-05-11 17:46:56 [DEBUG] [root]show full columns from `heecms_menus`
2020-05-11 17:46:56 [DEBUG] [root]自动加载类：heephp\cache\file
2020-05-11 17:46:56 [DEBUG] [root]自动加载类：heephp\cache\cacheInterface
2020-05-11 17:46:56 [DEBUG] [root]show full columns from `heecms_menus`
2020-05-11 17:46:56 [DEBUG] [root]自动加载类：app\admin\model\users
2020-05-11 17:46:56 [DEBUG] [root]自动加载类：app\admin\model\shop_cart
2020-05-11 17:46:57 [DEBUG] [root]select count(*) c from heecms_shop_cart   where (create_users_id=1)    
2020-05-11 17:46:57 [DEBUG] [root]select  *  from heecms_shop_cart       
2020-05-11 17:46:57 [DEBUG] [root]自动加载类：heephp\bulider\pager
2020-05-11 17:46:57 [DEBUG] [root]自动加载类：app\admin\model\shop_product
2020-05-11 17:46:57 [DEBUG] [root]select * from heecms_shop_product   where ((`shop_product_id`='1')) and (`heecms_shop_product`.delete_time IS NULL or `heecms_shop_product`.delete_time <=0 or `heecms_shop_product`.delete_time='')    
2020-05-11 17:46:57 [DEBUG] [root]select * from heecms_shop_product   where ((`shop_product_id`='1')) and (`heecms_shop_product`.delete_time IS NULL or `heecms_shop_product`.delete_time <=0 or `heecms_shop_product`.delete_time='')    
2020-05-11 17:51:13 [DEBUG] [root]自动加载类：app\admin\controller\adminBase
2020-05-11 17:51:13 [DEBUG] [root]自动加载类：app\admin\model\users_group
2020-05-11 17:51:13 [DEBUG] [root]自动加载类：heephp\model
2020-05-11 17:51:13 [DEBUG] [root]自动加载类：heephp\orm\orm
2020-05-11 17:51:13 [DEBUG] [root]自动加载类：heephp\database\mysqli
2020-05-11 17:51:13 [DEBUG] [root]自动加载类：heephp\database\databaseInterface
2020-05-11 17:51:13 [DEBUG] [root]show full columns from `heecms_users_group`
2020-05-11 17:51:13 [DEBUG] [root]select * from heecms_users_group   where ((`users_group_id`=1)) and (`heecms_users_group`.delete_time IS NULL or `heecms_users_group`.delete_time <=0 or `heecms_users_group`.delete_time='')    
2020-05-11 17:51:13 [DEBUG] [root]自动加载类：app\admin\model\message
2020-05-11 17:51:13 [DEBUG] [root]show full columns from `heecms_message`
2020-05-11 17:51:13 [DEBUG] [root]select * from heecms_message   where ((`isread`=0 and `receiver_users_id`='1')) and (`heecms_message`.delete_time IS NULL or `heecms_message`.delete_time <=0 or `heecms_message`.delete_time='')  order by create_time desc  limit 5
2020-05-11 17:51:13 [DEBUG] [root]自动加载类：app\admin\model\menus
2020-05-11 17:51:13 [DEBUG] [root]show full columns from `heecms_menus`
2020-05-11 17:51:13 [DEBUG] [root]自动加载类：heephp\cache\file
2020-05-11 17:51:13 [DEBUG] [root]自动加载类：heephp\cache\cacheInterface
2020-05-11 17:51:13 [DEBUG] [root]show full columns from `heecms_menus`
2020-05-11 17:51:13 [DEBUG] [root]自动加载类：app\admin\model\users
2020-05-11 17:51:13 [DEBUG] [root]自动加载类：app\admin\model\shop_cart
2020-05-11 17:51:13 [DEBUG] [root]select count(*) c from heecms_shop_cart   where (create_users_id=1)    
2020-05-11 17:51:13 [DEBUG] [root]select  *  from heecms_shop_cart       
2020-05-11 17:51:13 [DEBUG] [root]自动加载类：heephp\bulider\pager
2020-05-11 17:51:13 [DEBUG] [root]自动加载类：app\admin\model\shop_product
2020-05-11 17:51:13 [DEBUG] [root]select * from heecms_shop_product   where ((`shop_product_id`='1')) and (`heecms_shop_product`.delete_time IS NULL or `heecms_shop_product`.delete_time <=0 or `heecms_shop_product`.delete_time='')    
2020-05-11 17:51:13 [DEBUG] [root]select * from heecms_shop_product   where ((`shop_product_id`='1')) and (`heecms_shop_product`.delete_time IS NULL or `heecms_shop_product`.delete_time <=0 or `heecms_shop_product`.delete_time='')    
2020-05-11 17:51:15 [DEBUG] [root]自动加载类：app\admin\controller\adminBase
2020-05-11 17:51:15 [DEBUG] [root]自动加载类：app\admin\model\users_group
2020-05-11 17:51:15 [DEBUG] [root]自动加载类：heephp\model
2020-05-11 17:51:15 [DEBUG] [root]自动加载类：heephp\orm\orm
2020-05-11 17:51:15 [DEBUG] [root]自动加载类：heephp\database\mysqli
2020-05-11 17:51:15 [DEBUG] [root]自动加载类：heephp\database\databaseInterface
2020-05-11 17:51:15 [DEBUG] [root]show full columns from `heecms_users_group`
2020-05-11 17:51:15 [DEBUG] [root]select * from heecms_users_group   where ((`users_group_id`=1)) and (`heecms_users_group`.delete_time IS NULL or `heecms_users_group`.delete_time <=0 or `heecms_users_group`.delete_time='')    
2020-05-11 17:51:15 [DEBUG] [root]自动加载类：app\admin\model\message
2020-05-11 17:51:15 [DEBUG] [root]show full columns from `heecms_message`
2020-05-11 17:51:15 [DEBUG] [root]select * from heecms_message   where ((`isread`=0 and `receiver_users_id`='1')) and (`heecms_message`.delete_time IS NULL or `heecms_message`.delete_time <=0 or `heecms_message`.delete_time='')  order by create_time desc  limit 5
2020-05-11 17:51:15 [DEBUG] [root]自动加载类：app\admin\model\menus
2020-05-11 17:51:15 [DEBUG] [root]show full columns from `heecms_menus`
2020-05-11 17:51:15 [DEBUG] [root]自动加载类：heephp\cache\file
2020-05-11 17:51:15 [DEBUG] [root]自动加载类：heephp\cache\cacheInterface
2020-05-11 17:51:15 [DEBUG] [root]show full columns from `heecms_menus`
2020-05-11 17:51:15 [DEBUG] [root]自动加载类：app\admin\model\users
2020-05-11 17:51:17 [DEBUG] [root]自动加载类：app\admin\controller\adminBase
2020-05-11 17:51:17 [DEBUG] [root]自动加载类：app\admin\model\users_group
2020-05-11 17:51:17 [DEBUG] [root]自动加载类：heephp\model
2020-05-11 17:51:17 [DEBUG] [root]自动加载类：heephp\orm\orm
2020-05-11 17:51:17 [DEBUG] [root]自动加载类：heephp\database\mysqli
2020-05-11 17:51:17 [DEBUG] [root]自动加载类：heephp\database\databaseInterface
2020-05-11 17:51:17 [DEBUG] [root]show full columns from `heecms_users_group`
2020-05-11 17:51:17 [DEBUG] [root]select * from heecms_users_group   where ((`users_group_id`=1)) and (`heecms_users_group`.delete_time IS NULL or `heecms_users_group`.delete_time <=0 or `heecms_users_group`.delete_time='')    
2020-05-11 17:51:17 [DEBUG] [root]自动加载类：app\admin\model\message
2020-05-11 17:51:17 [DEBUG] [root]show full columns from `heecms_message`
2020-05-11 17:51:17 [DEBUG] [root]select * from heecms_message   where ((`isread`=0 and `receiver_users_id`='1')) and (`heecms_message`.delete_time IS NULL or `heecms_message`.delete_time <=0 or `heecms_message`.delete_time='')  order by create_time desc  limit 5
2020-05-11 17:51:17 [DEBUG] [root]自动加载类：app\admin\model\menus
2020-05-11 17:51:17 [DEBUG] [root]show full columns from `heecms_menus`
2020-05-11 17:51:17 [DEBUG] [root]自动加载类：heephp\cache\file
2020-05-11 17:51:17 [DEBUG] [root]自动加载类：heephp\cache\cacheInterface
2020-05-11 17:51:17 [DEBUG] [root]show full columns from `heecms_menus`
2020-05-11 17:51:17 [DEBUG] [root]自动加载类：app\admin\model\users
2020-05-11 17:51:17 [DEBUG] [root]自动加载类：app\admin\model\shop_cart
2020-05-11 17:51:17 [DEBUG] [root]select count(*) c from heecms_shop_cart   where (create_users_id=1)    
2020-05-11 17:51:17 [DEBUG] [root]select  *  from heecms_shop_cart       
2020-05-11 17:51:17 [DEBUG] [root]自动加载类：heephp\bulider\pager
2020-05-11 17:51:17 [DEBUG] [root]自动加载类：app\admin\model\shop_product
2020-05-11 17:51:17 [DEBUG] [root]select * from heecms_shop_product   where ((`shop_product_id`='1')) and (`heecms_shop_product`.delete_time IS NULL or `heecms_shop_product`.delete_time <=0 or `heecms_shop_product`.delete_time='')    
2020-05-11 17:51:17 [DEBUG] [root]select * from heecms_shop_product   where ((`shop_product_id`='1')) and (`heecms_shop_product`.delete_time IS NULL or `heecms_shop_product`.delete_time <=0 or `heecms_shop_product`.delete_time='')    
2020-05-11 17:52:15 [DEBUG] [root]自动加载类：app\admin\controller\adminBase
2020-05-11 17:52:15 [DEBUG] [root]自动加载类：app\admin\model\users_group
2020-05-11 17:52:15 [DEBUG] [root]自动加载类：heephp\model
2020-05-11 17:52:15 [DEBUG] [root]自动加载类：heephp\orm\orm
2020-05-11 17:52:15 [DEBUG] [root]自动加载类：heephp\database\mysqli
2020-05-11 17:52:15 [DEBUG] [root]自动加载类：heephp\database\databaseInterface
2020-05-11 17:52:15 [DEBUG] [root]show full columns from `heecms_users_group`
2020-05-11 17:52:15 [DEBUG] [root]select * from heecms_users_group   where ((`users_group_id`=1)) and (`heecms_users_group`.delete_time IS NULL or `heecms_users_group`.delete_time <=0 or `heecms_users_group`.delete_time='')    
2020-05-11 17:52:15 [DEBUG] [root]自动加载类：app\admin\model\message
2020-05-11 17:52:15 [DEBUG] [root]show full columns from `heecms_message`
2020-05-11 17:52:15 [DEBUG] [root]select * from heecms_message   where ((`isread`=0 and `receiver_users_id`='1')) and (`heecms_message`.delete_time IS NULL or `heecms_message`.delete_time <=0 or `heecms_message`.delete_time='')  order by create_time desc  limit 5
2020-05-11 17:52:15 [DEBUG] [root]自动加载类：app\admin\model\menus
2020-05-11 17:52:15 [DEBUG] [root]show full columns from `heecms_menus`
2020-05-11 17:52:15 [DEBUG] [root]自动加载类：heephp\cache\file
2020-05-11 17:52:15 [DEBUG] [root]自动加载类：heephp\cache\cacheInterface
2020-05-11 17:52:15 [DEBUG] [root]show full columns from `heecms_menus`
2020-05-11 17:52:15 [DEBUG] [root]自动加载类：app\admin\model\users
2020-05-11 17:52:15 [DEBUG] [root]自动加载类：app\admin\model\shop_cart
2020-05-11 17:52:15 [DEBUG] [root]select count(*) c from heecms_shop_cart   where (create_users_id=1)    
2020-05-11 17:52:15 [DEBUG] [root]select  *  from heecms_shop_cart       
2020-05-11 17:52:15 [DEBUG] [root]自动加载类：heephp\bulider\pager
2020-05-11 17:52:15 [DEBUG] [root]自动加载类：app\admin\model\shop_product
2020-05-11 17:52:15 [DEBUG] [root]select * from heecms_shop_product   where ((`shop_product_id`='1')) and (`heecms_shop_product`.delete_time IS NULL or `heecms_shop_product`.delete_time <=0 or `heecms_shop_product`.delete_time='')    
2020-05-11 17:52:15 [DEBUG] [root]select * from heecms_shop_product   where ((`shop_product_id`='1')) and (`heecms_shop_product`.delete_time IS NULL or `heecms_shop_product`.delete_time <=0 or `heecms_shop_product`.delete_time='')    
2020-05-11 17:52:27 [DEBUG] [root]自动加载类：app\admin\controller\adminBase
2020-05-11 17:52:27 [DEBUG] [root]自动加载类：app\admin\model\users_group
2020-05-11 17:52:27 [DEBUG] [root]自动加载类：heephp\model
2020-05-11 17:52:27 [DEBUG] [root]自动加载类：heephp\orm\orm
2020-05-11 17:52:27 [DEBUG] [root]自动加载类：heephp\database\mysqli
2020-05-11 17:52:27 [DEBUG] [root]自动加载类：heephp\database\databaseInterface
2020-05-11 17:52:27 [DEBUG] [root]show full columns from `heecms_users_group`
2020-05-11 17:52:27 [DEBUG] [root]select * from heecms_users_group   where ((`users_group_id`=1)) and (`heecms_users_group`.delete_time IS NULL or `heecms_users_group`.delete_time <=0 or `heecms_users_group`.delete_time='')    
2020-05-11 17:52:27 [DEBUG] [root]自动加载类：app\admin\model\message
2020-05-11 17:52:27 [DEBUG] [root]show full columns from `heecms_message`
2020-05-11 17:52:27 [DEBUG] [root]select * from heecms_message   where ((`isread`=0 and `receiver_users_id`='1')) and (`heecms_message`.delete_time IS NULL or `heecms_message`.delete_time <=0 or `heecms_message`.delete_time='')  order by create_time desc  limit 5
2020-05-11 17:52:27 [DEBUG] [root]自动加载类：app\admin\model\menus
2020-05-11 17:52:27 [DEBUG] [root]show full columns from `heecms_menus`
2020-05-11 17:52:27 [DEBUG] [root]自动加载类：heephp\cache\file
2020-05-11 17:52:27 [DEBUG] [root]自动加载类：heephp\cache\cacheInterface
2020-05-11 17:52:27 [DEBUG] [root]show full columns from `heecms_menus`
2020-05-11 17:52:27 [DEBUG] [root]自动加载类：app\admin\model\users
2020-05-11 17:52:27 [DEBUG] [root]自动加载类：app\admin\model\shop_cart
2020-05-11 17:52:27 [DEBUG] [root]select count(*) c from heecms_shop_cart   where (create_users_id=1)    
2020-05-11 17:52:27 [DEBUG] [root]select  *  from heecms_shop_cart       
2020-05-11 17:52:27 [DEBUG] [root]自动加载类：heephp\bulider\pager
2020-05-11 17:52:27 [DEBUG] [root]自动加载类：app\admin\model\shop_product
2020-05-11 17:52:27 [DEBUG] [root]select * from heecms_shop_product   where ((`shop_product_id`='1')) and (`heecms_shop_product`.delete_time IS NULL or `heecms_shop_product`.delete_time <=0 or `heecms_shop_product`.delete_time='')    
2020-05-11 17:52:27 [DEBUG] [root]select * from heecms_shop_product   where ((`shop_product_id`='1')) and (`heecms_shop_product`.delete_time IS NULL or `heecms_shop_product`.delete_time <=0 or `heecms_shop_product`.delete_time='')    
2020-05-11 17:52:45 [DEBUG] [root]自动加载类：app\admin\controller\adminBase
2020-05-11 17:52:45 [DEBUG] [root]自动加载类：app\admin\model\users_group
2020-05-11 17:52:45 [DEBUG] [root]自动加载类：heephp\model
2020-05-11 17:52:45 [DEBUG] [root]自动加载类：heephp\orm\orm
2020-05-11 17:52:45 [DEBUG] [root]自动加载类：heephp\database\mysqli
2020-05-11 17:52:45 [DEBUG] [root]自动加载类：heephp\database\databaseInterface
2020-05-11 17:52:45 [DEBUG] [root]show full columns from `heecms_users_group`
2020-05-11 17:52:45 [DEBUG] [root]select * from heecms_users_group   where ((`users_group_id`=1)) and (`heecms_users_group`.delete_time IS NULL or `heecms_users_group`.delete_time <=0 or `heecms_users_group`.delete_time='')    
2020-05-11 17:52:45 [DEBUG] [root]自动加载类：app\admin\model\message
2020-05-11 17:52:45 [DEBUG] [root]show full columns from `heecms_message`
2020-05-11 17:52:45 [DEBUG] [root]select * from heecms_message   where ((`isread`=0 and `receiver_users_id`='1')) and (`heecms_message`.delete_time IS NULL or `heecms_message`.delete_time <=0 or `heecms_message`.delete_time='')  order by create_time desc  limit 5
2020-05-11 17:52:45 [DEBUG] [root]自动加载类：app\admin\model\menus
2020-05-11 17:52:45 [DEBUG] [root]show full columns from `heecms_menus`
2020-05-11 17:52:45 [DEBUG] [root]自动加载类：heephp\cache\file
2020-05-11 17:52:45 [DEBUG] [root]自动加载类：heephp\cache\cacheInterface
2020-05-11 17:52:45 [DEBUG] [root]show full columns from `heecms_menus`
2020-05-11 17:52:45 [DEBUG] [root]自动加载类：app\admin\model\users
2020-05-11 17:52:45 [DEBUG] [root]自动加载类：app\admin\model\shop_cart
2020-05-11 17:52:45 [DEBUG] [root]select count(*) c from heecms_shop_cart   where (create_users_id=1)    
2020-05-11 17:52:46 [DEBUG] [root]select  *  from heecms_shop_cart       
2020-05-11 17:52:46 [DEBUG] [root]自动加载类：heephp\bulider\pager
2020-05-11 17:52:46 [DEBUG] [root]自动加载类：app\admin\model\shop_product
2020-05-11 17:52:46 [DEBUG] [root]select * from heecms_shop_product   where ((`shop_product_id`='1')) and (`heecms_shop_product`.delete_time IS NULL or `heecms_shop_product`.delete_time <=0 or `heecms_shop_product`.delete_time='')    
2020-05-11 17:52:46 [DEBUG] [root]select * from heecms_shop_product   where ((`shop_product_id`='1')) and (`heecms_shop_product`.delete_time IS NULL or `heecms_shop_product`.delete_time <=0 or `heecms_shop_product`.delete_time='')    
2020-05-11 17:53:17 [DEBUG] [root]自动加载类：app\admin\controller\adminBase
2020-05-11 17:53:17 [DEBUG] [root]自动加载类：app\admin\model\users_group
2020-05-11 17:53:17 [DEBUG] [root]自动加载类：heephp\model
2020-05-11 17:53:17 [DEBUG] [root]自动加载类：heephp\orm\orm
2020-05-11 17:53:17 [DEBUG] [root]自动加载类：heephp\database\mysqli
2020-05-11 17:53:17 [DEBUG] [root]自动加载类：heephp\database\databaseInterface
2020-05-11 17:53:17 [DEBUG] [root]show full columns from `heecms_users_group`
2020-05-11 17:53:17 [DEBUG] [root]select * from heecms_users_group   where ((`users_group_id`=1)) and (`heecms_users_group`.delete_time IS NULL or `heecms_users_group`.delete_time <=0 or `heecms_users_group`.delete_time='')    
2020-05-11 17:53:17 [DEBUG] [root]自动加载类：app\admin\model\message
2020-05-11 17:53:17 [DEBUG] [root]show full columns from `heecms_message`
2020-05-11 17:53:17 [DEBUG] [root]select * from heecms_message   where ((`isread`=0 and `receiver_users_id`='1')) and (`heecms_message`.delete_time IS NULL or `heecms_message`.delete_time <=0 or `heecms_message`.delete_time='')  order by create_time desc  limit 5
2020-05-11 17:53:17 [DEBUG] [root]自动加载类：app\admin\model\menus
2020-05-11 17:53:17 [DEBUG] [root]show full columns from `heecms_menus`
2020-05-11 17:53:17 [DEBUG] [root]自动加载类：heephp\cache\file
2020-05-11 17:53:17 [DEBUG] [root]自动加载类：heephp\cache\cacheInterface
2020-05-11 17:53:17 [DEBUG] [root]show full columns from `heecms_menus`
2020-05-11 17:53:17 [DEBUG] [root]自动加载类：app\admin\model\users
2020-05-11 17:53:18 [DEBUG] [root]自动加载类：app\admin\model\shop_cart
2020-05-11 17:53:18 [DEBUG] [root]select count(*) c from heecms_shop_cart   where (create_users_id=1)    
2020-05-11 17:53:18 [DEBUG] [root]select  *  from heecms_shop_cart       
2020-05-11 17:53:18 [DEBUG] [root]自动加载类：heephp\bulider\pager
2020-05-11 17:53:18 [DEBUG] [root]自动加载类：app\admin\model\shop_product
2020-05-11 17:53:18 [DEBUG] [root]select * from heecms_shop_product   where ((`shop_product_id`='1')) and (`heecms_shop_product`.delete_time IS NULL or `heecms_shop_product`.delete_time <=0 or `heecms_shop_product`.delete_time='')    
2020-05-11 17:53:18 [DEBUG] [root]select * from heecms_shop_product   where ((`shop_product_id`='1')) and (`heecms_shop_product`.delete_time IS NULL or `heecms_shop_product`.delete_time <=0 or `heecms_shop_product`.delete_time='')    
2020-05-11 17:53:25 [DEBUG] [root]自动加载类：app\admin\controller\adminBase
2020-05-11 17:53:25 [DEBUG] [root]自动加载类：app\admin\model\users_group
2020-05-11 17:53:25 [DEBUG] [root]自动加载类：heephp\model
2020-05-11 17:53:25 [DEBUG] [root]自动加载类：heephp\orm\orm
2020-05-11 17:53:25 [DEBUG] [root]自动加载类：heephp\database\mysqli
2020-05-11 17:53:25 [DEBUG] [root]自动加载类：heephp\database\databaseInterface
2020-05-11 17:53:25 [DEBUG] [root]show full columns from `heecms_users_group`
2020-05-11 17:53:25 [DEBUG] [root]select * from heecms_users_group   where ((`users_group_id`=1)) and (`heecms_users_group`.delete_time IS NULL or `heecms_users_group`.delete_time <=0 or `heecms_users_group`.delete_time='')    
2020-05-11 17:53:25 [DEBUG] [root]自动加载类：app\admin\model\message
2020-05-11 17:53:25 [DEBUG] [root]show full columns from `heecms_message`
2020-05-11 17:53:25 [DEBUG] [root]select * from heecms_message   where ((`isread`=0 and `receiver_users_id`='1')) and (`heecms_message`.delete_time IS NULL or `heecms_message`.delete_time <=0 or `heecms_message`.delete_time='')  order by create_time desc  limit 5
2020-05-11 17:53:25 [DEBUG] [root]自动加载类：app\admin\model\menus
2020-05-11 17:53:25 [DEBUG] [root]show full columns from `heecms_menus`
2020-05-11 17:53:25 [DEBUG] [root]自动加载类：heephp\cache\file
2020-05-11 17:53:25 [DEBUG] [root]自动加载类：heephp\cache\cacheInterface
2020-05-11 17:53:25 [DEBUG] [root]show full columns from `heecms_menus`
2020-05-11 17:53:25 [DEBUG] [root]自动加载类：app\admin\model\users
2020-05-11 17:53:25 [DEBUG] [root]自动加载类：app\admin\model\shop_cart
2020-05-11 17:53:25 [DEBUG] [root]select *,sum(num) pcount,sum(price) pricecount,count(*) c from heecms_shop_cart    group by create_users_id order by create_time desc  
2020-05-11 17:53:25 [DEBUG] [root]select *,sum(num) pcount,sum(price) pricecount from heecms_shop_cart    group by create_users_id order by create_time desc  
2020-05-11 17:53:25 [DEBUG] [root]自动加载类：heephp\bulider\pager
2020-05-11 17:53:25 [DEBUG] [root]自动加载类：app\admin\model\shop_product
2020-05-11 17:53:25 [DEBUG] [root]select * from heecms_shop_product   where ((`shop_product_id`='1')) and (`heecms_shop_product`.delete_time IS NULL or `heecms_shop_product`.delete_time <=0 or `heecms_shop_product`.delete_time='')    
2020-05-11 17:53:27 [DEBUG] [root]自动加载类：app\admin\controller\adminBase
2020-05-11 17:53:27 [DEBUG] [root]自动加载类：app\admin\model\users_group
2020-05-11 17:53:27 [DEBUG] [root]自动加载类：heephp\model
2020-05-11 17:53:27 [DEBUG] [root]自动加载类：heephp\orm\orm
2020-05-11 17:53:27 [DEBUG] [root]自动加载类：heephp\database\mysqli
2020-05-11 17:53:27 [DEBUG] [root]自动加载类：heephp\database\databaseInterface
2020-05-11 17:53:27 [DEBUG] [root]show full columns from `heecms_users_group`
2020-05-11 17:53:27 [DEBUG] [root]select * from heecms_users_group   where ((`users_group_id`=1)) and (`heecms_users_group`.delete_time IS NULL or `heecms_users_group`.delete_time <=0 or `heecms_users_group`.delete_time='')    
2020-05-11 17:53:27 [DEBUG] [root]自动加载类：app\admin\model\message
2020-05-11 17:53:27 [DEBUG] [root]show full columns from `heecms_message`
2020-05-11 17:53:27 [DEBUG] [root]select * from heecms_message   where ((`isread`=0 and `receiver_users_id`='1')) and (`heecms_message`.delete_time IS NULL or `heecms_message`.delete_time <=0 or `heecms_message`.delete_time='')  order by create_time desc  limit 5
2020-05-11 17:53:27 [DEBUG] [root]自动加载类：app\admin\model\menus
2020-05-11 17:53:27 [DEBUG] [root]show full columns from `heecms_menus`
2020-05-11 17:53:27 [DEBUG] [root]自动加载类：heephp\cache\file
2020-05-11 17:53:27 [DEBUG] [root]自动加载类：heephp\cache\cacheInterface
2020-05-11 17:53:27 [DEBUG] [root]show full columns from `heecms_menus`
2020-05-11 17:53:27 [DEBUG] [root]自动加载类：app\admin\model\users
2020-05-11 17:53:27 [DEBUG] [root]自动加载类：app\admin\model\shop_cart
2020-05-11 17:53:27 [DEBUG] [root]select count(*) c from heecms_shop_cart   where (create_users_id=1)    
2020-05-11 17:53:27 [DEBUG] [root]select  *  from heecms_shop_cart       
2020-05-11 17:53:27 [DEBUG] [root]自动加载类：heephp\bulider\pager
2020-05-11 17:53:27 [DEBUG] [root]自动加载类：app\admin\model\shop_product
2020-05-11 17:53:27 [DEBUG] [root]select * from heecms_shop_product   where ((`shop_product_id`='1')) and (`heecms_shop_product`.delete_time IS NULL or `heecms_shop_product`.delete_time <=0 or `heecms_shop_product`.delete_time='')    
2020-05-11 17:53:27 [DEBUG] [root]select * from heecms_shop_product   where ((`shop_product_id`='1')) and (`heecms_shop_product`.delete_time IS NULL or `heecms_shop_product`.delete_time <=0 or `heecms_shop_product`.delete_time='')    
2020-05-11 17:53:28 [DEBUG] [root]自动加载类：app\admin\controller\adminBase
2020-05-11 17:53:28 [DEBUG] [root]自动加载类：app\admin\model\users_group
2020-05-11 17:53:28 [DEBUG] [root]自动加载类：heephp\model
2020-05-11 17:53:28 [DEBUG] [root]自动加载类：heephp\orm\orm
2020-05-11 17:53:28 [DEBUG] [root]自动加载类：heephp\database\mysqli
2020-05-11 17:53:28 [DEBUG] [root]自动加载类：heephp\database\databaseInterface
2020-05-11 17:53:28 [DEBUG] [root]show full columns from `heecms_users_group`
2020-05-11 17:53:28 [DEBUG] [root]select * from heecms_users_group   where ((`users_group_id`=1)) and (`heecms_users_group`.delete_time IS NULL or `heecms_users_group`.delete_time <=0 or `heecms_users_group`.delete_time='')    
2020-05-11 17:53:28 [DEBUG] [root]自动加载类：app\admin\model\message
2020-05-11 17:53:28 [DEBUG] [root]show full columns from `heecms_message`
2020-05-11 17:53:28 [DEBUG] [root]select * from heecms_message   where ((`isread`=0 and `receiver_users_id`='1')) and (`heecms_message`.delete_time IS NULL or `heecms_message`.delete_time <=0 or `heecms_message`.delete_time='')  order by create_time desc  limit 5
2020-05-11 17:53:28 [DEBUG] [root]自动加载类：app\admin\model\menus
2020-05-11 17:53:28 [DEBUG] [root]show full columns from `heecms_menus`
2020-05-11 17:53:28 [DEBUG] [root]自动加载类：heephp\cache\file
2020-05-11 17:53:28 [DEBUG] [root]自动加载类：heephp\cache\cacheInterface
2020-05-11 17:53:28 [DEBUG] [root]show full columns from `heecms_menus`
2020-05-11 17:53:28 [DEBUG] [root]自动加载类：app\admin\model\users
2020-05-11 17:53:28 [DEBUG] [root]自动加载类：app\admin\model\shop_cart
2020-05-11 17:53:28 [DEBUG] [root]select count(*) c from heecms_shop_cart   where (create_users_id=1)    
2020-05-11 17:53:28 [DEBUG] [root]select  *  from heecms_shop_cart       
2020-05-11 17:53:28 [DEBUG] [root]自动加载类：heephp\bulider\pager
2020-05-11 17:53:28 [DEBUG] [root]自动加载类：app\admin\model\shop_product
2020-05-11 17:53:28 [DEBUG] [root]select * from heecms_shop_product   where ((`shop_product_id`='1')) and (`heecms_shop_product`.delete_time IS NULL or `heecms_shop_product`.delete_time <=0 or `heecms_shop_product`.delete_time='')    
2020-05-11 17:53:28 [DEBUG] [root]select * from heecms_shop_product   where ((`shop_product_id`='1')) and (`heecms_shop_product`.delete_time IS NULL or `heecms_shop_product`.delete_time <=0 or `heecms_shop_product`.delete_time='')    
