2020-05-11 15:54:32 [DEBUG] [root]自动加载类：app\admin\controller\adminBase
2020-05-11 15:54:32 [DEBUG] [root]自动加载类：app\admin\model\users_group
2020-05-11 15:54:32 [DEBUG] [root]自动加载类：heephp\model
2020-05-11 15:54:32 [DEBUG] [root]自动加载类：heephp\orm\orm
2020-05-11 15:54:32 [DEBUG] [root]自动加载类：heephp\database\mysqli
2020-05-11 15:54:32 [DEBUG] [root]自动加载类：heephp\database\databaseInterface
2020-05-11 15:54:32 [DEBUG] [root]show full columns from `heecms_users_group`
2020-05-11 15:54:32 [DEBUG] [root]select * from heecms_users_group   where ((`users_group_id`=1)) and (`heecms_users_group`.delete_time IS NULL or `heecms_users_group`.delete_time <=0 or `heecms_users_group`.delete_time='')    
2020-05-11 15:54:32 [DEBUG] [root]自动加载类：app\admin\model\message
2020-05-11 15:54:32 [DEBUG] [root]show full columns from `heecms_message`
2020-05-11 15:54:32 [DEBUG] [root]select * from heecms_message   where ((`isread`=0 and `receiver_users_id`='1')) and (`heecms_message`.delete_time IS NULL or `heecms_message`.delete_time <=0 or `heecms_message`.delete_time='')  order by create_time desc  limit 5
2020-05-11 15:54:32 [DEBUG] [root]自动加载类：app\admin\model\menus
2020-05-11 15:54:32 [DEBUG] [root]show full columns from `heecms_menus`
2020-05-11 15:54:32 [DEBUG] [root]自动加载类：heephp\cache\file
2020-05-11 15:54:32 [DEBUG] [root]自动加载类：heephp\cache\cacheInterface
2020-05-11 15:54:32 [DEBUG] [root]select * from heecms_menus   where ( `parent_id` IS NULL or `parent_id`='' or `parent_id`=0 ) and (`heecms_menus`.delete_time IS NULL or `heecms_menus`.delete_time <=0 or `heecms_menus`.delete_time='')  order by ord asc  
2020-05-11 15:54:32 [DEBUG] [root]show full columns from `heecms_menus`
2020-05-11 15:54:32 [DEBUG] [root]select * from heecms_menus   where ((`parent_id`='8')) and (`heecms_menus`.delete_time IS NULL or `heecms_menus`.delete_time <=0 or `heecms_menus`.delete_time='')  order by ord asc  
2020-05-11 15:54:32 [DEBUG] [root]自动加载类：app\admin\model\users
2020-05-11 15:54:32 [DEBUG] [root]select * from heecms_users   where ((`users_id`='1')) and (`heecms_users`.delete_time IS NULL or `heecms_users`.delete_time <=0 or `heecms_users`.delete_time='')    
2020-05-11 15:54:32 [DEBUG] [root]select * from heecms_menus   where ((`parent_id`='10')) and (`heecms_menus`.delete_time IS NULL or `heecms_menus`.delete_time <=0 or `heecms_menus`.delete_time='')  order by ord asc  
2020-05-11 15:54:32 [DEBUG] [root]select * from heecms_menus   where ((`parent_id`='5')) and (`heecms_menus`.delete_time IS NULL or `heecms_menus`.delete_time <=0 or `heecms_menus`.delete_time='')  order by ord asc  
2020-05-11 15:54:32 [DEBUG] [root]select * from heecms_menus   where ((`parent_id`='15')) and (`heecms_menus`.delete_time IS NULL or `heecms_menus`.delete_time <=0 or `heecms_menus`.delete_time='')  order by ord asc  
2020-05-11 15:54:32 [DEBUG] [root]select * from heecms_users   where ((`users_id`='1') and (`users_id`='1')) and (`heecms_users`.delete_time IS NULL or `heecms_users`.delete_time <=0 or `heecms_users`.delete_time='')    
2020-05-11 15:54:32 [DEBUG] [root]select * from heecms_menus   where ((`parent_id`='12')) and (`heecms_menus`.delete_time IS NULL or `heecms_menus`.delete_time <=0 or `heecms_menus`.delete_time='')  order by ord asc  
2020-05-11 15:54:32 [DEBUG] [root]自动加载类：app\admin\model\shop_cart
2020-05-11 15:54:32 [DEBUG] [root]select *,sum(num) pcount,count(*) c from heecms_shop_cart    group by create_users_id order by create_time desc  
2020-05-11 15:54:32 [DEBUG] [root]select *,sum(num) pcount from heecms_shop_cart    group by create_users_id order by create_time desc  
2020-05-11 15:54:32 [DEBUG] [root]自动加载类：app\admin\model\shop_product
2020-05-11 15:54:32 [DEBUG] [root]select * from heecms_shop_product   where ((`shop_product_id`='1')) and (`heecms_shop_product`.delete_time IS NULL or `heecms_shop_product`.delete_time <=0 or `heecms_shop_product`.delete_time='')    
2020-05-11 15:54:35 [DEBUG] [root]自动加载类：app\admin\controller\adminBase
2020-05-11 15:54:35 [DEBUG] [root]自动加载类：app\admin\model\users_group
2020-05-11 15:54:35 [DEBUG] [root]自动加载类：heephp\model
2020-05-11 15:54:35 [DEBUG] [root]自动加载类：heephp\orm\orm
2020-05-11 15:54:35 [DEBUG] [root]自动加载类：heephp\database\mysqli
2020-05-11 15:54:35 [DEBUG] [root]自动加载类：heephp\database\databaseInterface
2020-05-11 15:54:35 [DEBUG] [root]show full columns from `heecms_users_group`
2020-05-11 15:54:35 [DEBUG] [root]select * from heecms_users_group   where ((`users_group_id`=1)) and (`heecms_users_group`.delete_time IS NULL or `heecms_users_group`.delete_time <=0 or `heecms_users_group`.delete_time='')    
2020-05-11 15:54:35 [DEBUG] [root]自动加载类：app\admin\model\message
2020-05-11 15:54:35 [DEBUG] [root]show full columns from `heecms_message`
2020-05-11 15:54:35 [DEBUG] [root]select * from heecms_message   where ((`isread`=0 and `receiver_users_id`='1')) and (`heecms_message`.delete_time IS NULL or `heecms_message`.delete_time <=0 or `heecms_message`.delete_time='')  order by create_time desc  limit 5
2020-05-11 15:54:35 [DEBUG] [root]自动加载类：app\admin\model\menus
2020-05-11 15:54:35 [DEBUG] [root]show full columns from `heecms_menus`
2020-05-11 15:54:35 [DEBUG] [root]自动加载类：heephp\cache\file
2020-05-11 15:54:35 [DEBUG] [root]自动加载类：heephp\cache\cacheInterface
2020-05-11 15:54:35 [DEBUG] [root]show full columns from `heecms_menus`
2020-05-11 15:54:35 [DEBUG] [root]自动加载类：app\admin\model\users
2020-05-11 15:54:35 [DEBUG] [root]自动加载类：app\admin\model\shop_cart
2020-05-11 15:54:35 [DEBUG] [root]select *,sum(num) pcount,count(*) c from heecms_shop_cart    group by create_users_id order by create_time desc  
2020-05-11 15:54:35 [DEBUG] [root]select *,sum(num) pcount from heecms_shop_cart    group by create_users_id order by create_time desc  
2020-05-11 15:54:35 [DEBUG] [root]自动加载类：app\admin\model\shop_product
2020-05-11 15:54:35 [DEBUG] [root]select * from heecms_shop_product   where ((`shop_product_id`='1')) and (`heecms_shop_product`.delete_time IS NULL or `heecms_shop_product`.delete_time <=0 or `heecms_shop_product`.delete_time='')    
2020-05-11 15:57:56 [DEBUG] [root]自动加载类：app\admin\controller\adminBase
2020-05-11 15:57:56 [DEBUG] [root]自动加载类：app\admin\model\users_group
2020-05-11 15:57:56 [DEBUG] [root]自动加载类：heephp\model
2020-05-11 15:57:56 [DEBUG] [root]自动加载类：heephp\orm\orm
2020-05-11 15:57:56 [DEBUG] [root]自动加载类：heephp\database\mysqli
2020-05-11 15:57:56 [DEBUG] [root]自动加载类：heephp\database\databaseInterface
2020-05-11 15:57:56 [DEBUG] [root]show full columns from `heecms_users_group`
2020-05-11 15:57:56 [DEBUG] [root]select * from heecms_users_group   where ((`users_group_id`=1)) and (`heecms_users_group`.delete_time IS NULL or `heecms_users_group`.delete_time <=0 or `heecms_users_group`.delete_time='')    
2020-05-11 15:57:56 [DEBUG] [root]自动加载类：app\admin\model\message
2020-05-11 15:57:56 [DEBUG] [root]show full columns from `heecms_message`
2020-05-11 15:57:56 [DEBUG] [root]select * from heecms_message   where ((`isread`=0 and `receiver_users_id`='1')) and (`heecms_message`.delete_time IS NULL or `heecms_message`.delete_time <=0 or `heecms_message`.delete_time='')  order by create_time desc  limit 5
2020-05-11 15:57:56 [DEBUG] [root]自动加载类：app\admin\model\menus
2020-05-11 15:57:56 [DEBUG] [root]show full columns from `heecms_menus`
2020-05-11 15:57:56 [DEBUG] [root]自动加载类：heephp\cache\file
2020-05-11 15:57:56 [DEBUG] [root]自动加载类：heephp\cache\cacheInterface
2020-05-11 15:57:56 [DEBUG] [root]show full columns from `heecms_menus`
2020-05-11 15:57:56 [DEBUG] [root]自动加载类：app\admin\model\users
2020-05-11 15:57:56 [DEBUG] [root]自动加载类：app\admin\model\shop_cart
2020-05-11 15:57:56 [DEBUG] [root]select *,sum(num) pcount,sum(price) pricecount,count(*) c from heecms_shop_cart    group by create_users_id order by create_time desc  
2020-05-11 15:57:56 [DEBUG] [root]select *,sum(num) pcount,sum(price) pricecount from heecms_shop_cart    group by create_users_id order by create_time desc  
2020-05-11 15:57:56 [DEBUG] [root]自动加载类：app\admin\model\shop_product
2020-05-11 15:57:56 [DEBUG] [root]select * from heecms_shop_product   where ((`shop_product_id`='1')) and (`heecms_shop_product`.delete_time IS NULL or `heecms_shop_product`.delete_time <=0 or `heecms_shop_product`.delete_time='')    
2020-05-11 15:59:42 [DEBUG] [root]自动加载类：app\admin\controller\adminBase
2020-05-11 15:59:42 [DEBUG] [root]自动加载类：app\admin\model\users_group
2020-05-11 15:59:42 [DEBUG] [root]自动加载类：heephp\model
2020-05-11 15:59:42 [DEBUG] [root]自动加载类：heephp\orm\orm
2020-05-11 15:59:42 [DEBUG] [root]自动加载类：heephp\database\mysqli
2020-05-11 15:59:42 [DEBUG] [root]自动加载类：heephp\database\databaseInterface
2020-05-11 15:59:42 [DEBUG] [root]show full columns from `heecms_users_group`
2020-05-11 15:59:42 [DEBUG] [root]select * from heecms_users_group   where ((`users_group_id`=1)) and (`heecms_users_group`.delete_time IS NULL or `heecms_users_group`.delete_time <=0 or `heecms_users_group`.delete_time='')    
2020-05-11 15:59:42 [DEBUG] [root]自动加载类：app\admin\model\message
2020-05-11 15:59:42 [DEBUG] [root]show full columns from `heecms_message`
2020-05-11 15:59:42 [DEBUG] [root]select * from heecms_message   where ((`isread`=0 and `receiver_users_id`='1')) and (`heecms_message`.delete_time IS NULL or `heecms_message`.delete_time <=0 or `heecms_message`.delete_time='')  order by create_time desc  limit 5
2020-05-11 15:59:42 [DEBUG] [root]自动加载类：app\admin\model\menus
2020-05-11 15:59:42 [DEBUG] [root]show full columns from `heecms_menus`
2020-05-11 15:59:42 [DEBUG] [root]自动加载类：heephp\cache\file
2020-05-11 15:59:42 [DEBUG] [root]自动加载类：heephp\cache\cacheInterface
2020-05-11 15:59:42 [DEBUG] [root]show full columns from `heecms_menus`
2020-05-11 15:59:42 [DEBUG] [root]自动加载类：app\admin\model\users
