2020-05-11 07:00:01 [DEBUG] [root]自动加载类：app\admin\controller\adminBase
2020-05-11 07:00:01 [DEBUG] [root]自动加载类：app\admin\model\users_group
2020-05-11 07:00:01 [DEBUG] [root]自动加载类：heephp\model
2020-05-11 07:00:01 [DEBUG] [root]自动加载类：heephp\orm\orm
2020-05-11 07:00:01 [DEBUG] [root]自动加载类：heephp\database\mysqli
2020-05-11 07:00:01 [DEBUG] [root]自动加载类：heephp\database\databaseInterface
2020-05-11 07:00:01 [DEBUG] [root]show full columns from `heecms_users_group`
2020-05-11 07:00:01 [DEBUG] [root]select * from heecms_users_group   where ((`users_group_id`=1)) and (`heecms_users_group`.delete_time IS NULL or `heecms_users_group`.delete_time <=0 or `heecms_users_group`.delete_time='')    
2020-05-11 07:00:01 [DEBUG] [root]自动加载类：app\admin\model\message
2020-05-11 07:00:01 [DEBUG] [root]show full columns from `heecms_message`
2020-05-11 07:00:01 [DEBUG] [root]select * from heecms_message   where ((`isread`=0 and `receiver_users_id`='1')) and (`heecms_message`.delete_time IS NULL or `heecms_message`.delete_time <=0 or `heecms_message`.delete_time='') order by create_time desc   limit 5
2020-05-11 07:00:01 [DEBUG] [root]自动加载类：app\admin\model\menus
2020-05-11 07:00:01 [DEBUG] [root]show full columns from `heecms_menus`
2020-05-11 07:00:01 [DEBUG] [root]自动加载类：heephp\cache\file
2020-05-11 07:00:01 [DEBUG] [root]自动加载类：heephp\cache\cacheInterface
2020-05-11 07:00:01 [DEBUG] [root]select * from heecms_menus   where ( `parent_id` IS NULL or `parent_id`='' or `parent_id`=0 ) and (`heecms_menus`.delete_time IS NULL or `heecms_menus`.delete_time <=0 or `heecms_menus`.delete_time='') order by ord asc   
2020-05-11 07:00:01 [DEBUG] [root]show full columns from `heecms_menus`
2020-05-11 07:00:01 [DEBUG] [root]select * from heecms_menus   where ((`parent_id`='8')) and (`heecms_menus`.delete_time IS NULL or `heecms_menus`.delete_time <=0 or `heecms_menus`.delete_time='') order by ord asc   
2020-05-11 07:00:01 [DEBUG] [root]自动加载类：app\admin\model\users
2020-05-11 07:00:01 [DEBUG] [root]select * from heecms_users   where ((`users_id`='1')) and (`heecms_users`.delete_time IS NULL or `heecms_users`.delete_time <=0 or `heecms_users`.delete_time='')    
2020-05-11 07:00:01 [DEBUG] [root]select * from heecms_menus   where ((`parent_id`='10')) and (`heecms_menus`.delete_time IS NULL or `heecms_menus`.delete_time <=0 or `heecms_menus`.delete_time='') order by ord asc   
2020-05-11 07:00:01 [DEBUG] [root]select * from heecms_menus   where ((`parent_id`='5')) and (`heecms_menus`.delete_time IS NULL or `heecms_menus`.delete_time <=0 or `heecms_menus`.delete_time='') order by ord asc   
2020-05-11 07:00:01 [DEBUG] [root]select * from heecms_menus   where ((`parent_id`='15')) and (`heecms_menus`.delete_time IS NULL or `heecms_menus`.delete_time <=0 or `heecms_menus`.delete_time='') order by ord asc   
2020-05-11 07:00:01 [DEBUG] [root]select * from heecms_users   where ((`users_id`='1') and (`users_id`='1')) and (`heecms_users`.delete_time IS NULL or `heecms_users`.delete_time <=0 or `heecms_users`.delete_time='')    
2020-05-11 07:00:01 [DEBUG] [root]select * from heecms_menus   where ((`parent_id`='12')) and (`heecms_menus`.delete_time IS NULL or `heecms_menus`.delete_time <=0 or `heecms_menus`.delete_time='') order by ord asc   
2020-05-11 07:00:01 [DEBUG] [root]自动加载类：app\admin\model\link_group
2020-05-11 07:00:01 [DEBUG] [root]select * from heecms_link_group   where  `link_group_id` = '2'    
2020-05-11 07:00:01 [DEBUG] [root]自动加载类：app\admin\model\link
2020-05-11 07:00:01 [DEBUG] [root]select count(*) c from `heecms_link` where (link_group_id=2 and (parent_id<1 or parent_id is NULL or parent_id=''))
2020-05-11 07:00:01 [DEBUG] [root]select  *  from heecms_link where (link_group_id=2 and (parent_id<1 or parent_id is NULL or parent_id=''))  limit 0,5
2020-05-11 07:00:01 [DEBUG] [root]select * from heecms_link   where (`parent_id`='8') order by parent_id asc   
2020-05-11 07:00:01 [DEBUG] [root]select * from heecms_link   where (`parent_id`='9') order by parent_id asc   
2020-05-11 07:00:01 [DEBUG] [root]select * from heecms_link   where (`parent_id`='10') order by parent_id asc   
2020-05-11 07:00:01 [DEBUG] [root]select * from heecms_link   where (`parent_id`='11') order by parent_id asc   
2020-05-11 07:00:01 [DEBUG] [root]select * from heecms_link   where (`parent_id`='12') order by parent_id asc   
2020-05-11 07:01:20 [DEBUG] [root]自动加载类：app\admin\controller\adminBase
2020-05-11 07:01:20 [DEBUG] [root]自动加载类：app\admin\model\users_group
2020-05-11 07:01:20 [DEBUG] [root]自动加载类：heephp\model
2020-05-11 07:01:20 [DEBUG] [root]自动加载类：heephp\orm\orm
2020-05-11 07:01:20 [DEBUG] [root]自动加载类：heephp\database\mysqli
2020-05-11 07:01:20 [DEBUG] [root]自动加载类：heephp\database\databaseInterface
2020-05-11 07:01:20 [DEBUG] [root]show full columns from `heecms_users_group`
2020-05-11 07:01:20 [DEBUG] [root]select * from heecms_users_group   where ((`users_group_id`=1)) and (`heecms_users_group`.delete_time IS NULL or `heecms_users_group`.delete_time <=0 or `heecms_users_group`.delete_time='')    
2020-05-11 07:01:20 [DEBUG] [root]自动加载类：app\admin\model\message
2020-05-11 07:01:20 [DEBUG] [root]show full columns from `heecms_message`
2020-05-11 07:01:20 [DEBUG] [root]select * from heecms_message   where ((`isread`=0 and `receiver_users_id`='1')) and (`heecms_message`.delete_time IS NULL or `heecms_message`.delete_time <=0 or `heecms_message`.delete_time='') order by create_time desc   limit 5
2020-05-11 07:01:20 [DEBUG] [root]自动加载类：app\admin\model\menus
2020-05-11 07:01:20 [DEBUG] [root]show full columns from `heecms_menus`
2020-05-11 07:01:20 [DEBUG] [root]自动加载类：heephp\cache\file
2020-05-11 07:01:20 [DEBUG] [root]自动加载类：heephp\cache\cacheInterface
2020-05-11 07:01:20 [DEBUG] [root]select * from heecms_menus   where ( `parent_id` IS NULL or `parent_id`='' or `parent_id`=0 ) and (`heecms_menus`.delete_time IS NULL or `heecms_menus`.delete_time <=0 or `heecms_menus`.delete_time='') order by ord asc   
2020-05-11 07:01:20 [DEBUG] [root]show full columns from `heecms_menus`
2020-05-11 07:01:20 [DEBUG] [root]select * from heecms_menus   where ((`parent_id`='8')) and (`heecms_menus`.delete_time IS NULL or `heecms_menus`.delete_time <=0 or `heecms_menus`.delete_time='') order by ord asc   
2020-05-11 07:01:20 [DEBUG] [root]自动加载类：app\admin\model\users
2020-05-11 07:01:20 [DEBUG] [root]select * from heecms_users   where ((`users_id`='1')) and (`heecms_users`.delete_time IS NULL or `heecms_users`.delete_time <=0 or `heecms_users`.delete_time='')    
2020-05-11 07:01:20 [DEBUG] [root]select * from heecms_menus   where ((`parent_id`='10')) and (`heecms_menus`.delete_time IS NULL or `heecms_menus`.delete_time <=0 or `heecms_menus`.delete_time='') order by ord asc   
2020-05-11 07:01:20 [DEBUG] [root]select * from heecms_menus   where ((`parent_id`='5')) and (`heecms_menus`.delete_time IS NULL or `heecms_menus`.delete_time <=0 or `heecms_menus`.delete_time='') order by ord asc   
2020-05-11 07:01:20 [DEBUG] [root]select * from heecms_menus   where ((`parent_id`='15')) and (`heecms_menus`.delete_time IS NULL or `heecms_menus`.delete_time <=0 or `heecms_menus`.delete_time='') order by ord asc   
2020-05-11 07:01:20 [DEBUG] [root]select * from heecms_users   where ((`users_id`='1') and (`users_id`='1')) and (`heecms_users`.delete_time IS NULL or `heecms_users`.delete_time <=0 or `heecms_users`.delete_time='')    
2020-05-11 07:01:20 [DEBUG] [root]select * from heecms_menus   where ((`parent_id`='12')) and (`heecms_menus`.delete_time IS NULL or `heecms_menus`.delete_time <=0 or `heecms_menus`.delete_time='') order by ord asc   
2020-05-11 07:01:20 [DEBUG] [root]自动加载类：app\admin\model\link_group
2020-05-11 07:01:20 [DEBUG] [root]select * from heecms_link_group   where  `link_group_id` = '2'    
2020-05-11 07:01:20 [DEBUG] [root]自动加载类：app\admin\model\link
2020-05-11 07:01:20 [DEBUG] [root]select count(*) c from `heecms_link` where (link_group_id=2 and (parent_id<1 or parent_id is NULL or parent_id=''))
2020-05-11 07:01:20 [DEBUG] [root]select  *  from heecms_link where (link_group_id=2 and (parent_id<1 or parent_id is NULL or parent_id=''))  limit 0,5
2020-05-11 07:01:20 [DEBUG] [root]select * from heecms_link   where (`parent_id`='8') order by parent_id asc   
2020-05-11 07:01:20 [DEBUG] [root]select * from heecms_link   where (`parent_id`='9') order by parent_id asc   
2020-05-11 07:01:20 [DEBUG] [root]select * from heecms_link   where (`parent_id`='10') order by parent_id asc   
2020-05-11 07:01:20 [DEBUG] [root]select * from heecms_link   where (`parent_id`='11') order by parent_id asc   
2020-05-11 07:01:20 [DEBUG] [root]select * from heecms_link   where (`parent_id`='12') order by parent_id asc   
2020-05-11 07:01:22 [DEBUG] [root]自动加载类：app\admin\controller\adminBase
2020-05-11 07:01:22 [DEBUG] [root]自动加载类：app\admin\model\users_group
2020-05-11 07:01:22 [DEBUG] [root]自动加载类：heephp\model
2020-05-11 07:01:22 [DEBUG] [root]自动加载类：heephp\orm\orm
2020-05-11 07:01:22 [DEBUG] [root]自动加载类：heephp\database\mysqli
2020-05-11 07:01:22 [DEBUG] [root]自动加载类：heephp\database\databaseInterface
2020-05-11 07:01:22 [DEBUG] [root]show full columns from `heecms_users_group`
2020-05-11 07:01:22 [DEBUG] [root]select * from heecms_users_group   where ((`users_group_id`=1)) and (`heecms_users_group`.delete_time IS NULL or `heecms_users_group`.delete_time <=0 or `heecms_users_group`.delete_time='')    
2020-05-11 07:01:22 [DEBUG] [root]自动加载类：app\admin\model\message
2020-05-11 07:01:22 [DEBUG] [root]show full columns from `heecms_message`
2020-05-11 07:01:22 [DEBUG] [root]select * from heecms_message   where ((`isread`=0 and `receiver_users_id`='1')) and (`heecms_message`.delete_time IS NULL or `heecms_message`.delete_time <=0 or `heecms_message`.delete_time='') order by create_time desc   limit 5
2020-05-11 07:01:22 [DEBUG] [root]自动加载类：app\admin\model\menus
2020-05-11 07:01:22 [DEBUG] [root]show full columns from `heecms_menus`
2020-05-11 07:01:22 [DEBUG] [root]自动加载类：heephp\cache\file
2020-05-11 07:01:22 [DEBUG] [root]自动加载类：heephp\cache\cacheInterface
2020-05-11 07:01:22 [DEBUG] [root]select * from heecms_menus   where ( `parent_id` IS NULL or `parent_id`='' or `parent_id`=0 ) and (`heecms_menus`.delete_time IS NULL or `heecms_menus`.delete_time <=0 or `heecms_menus`.delete_time='') order by ord asc   
2020-05-11 07:01:22 [DEBUG] [root]show full columns from `heecms_menus`
2020-05-11 07:01:22 [DEBUG] [root]select * from heecms_menus   where ((`parent_id`='8')) and (`heecms_menus`.delete_time IS NULL or `heecms_menus`.delete_time <=0 or `heecms_menus`.delete_time='') order by ord asc   
2020-05-11 07:01:22 [DEBUG] [root]自动加载类：app\admin\model\users
2020-05-11 07:01:22 [DEBUG] [root]select * from heecms_users   where ((`users_id`='1')) and (`heecms_users`.delete_time IS NULL or `heecms_users`.delete_time <=0 or `heecms_users`.delete_time='')    
2020-05-11 07:01:22 [DEBUG] [root]select * from heecms_menus   where ((`parent_id`='10')) and (`heecms_menus`.delete_time IS NULL or `heecms_menus`.delete_time <=0 or `heecms_menus`.delete_time='') order by ord asc   
2020-05-11 07:01:22 [DEBUG] [root]select * from heecms_menus   where ((`parent_id`='5')) and (`heecms_menus`.delete_time IS NULL or `heecms_menus`.delete_time <=0 or `heecms_menus`.delete_time='') order by ord asc   
2020-05-11 07:01:22 [DEBUG] [root]select * from heecms_menus   where ((`parent_id`='15')) and (`heecms_menus`.delete_time IS NULL or `heecms_menus`.delete_time <=0 or `heecms_menus`.delete_time='') order by ord asc   
2020-05-11 07:01:22 [DEBUG] [root]select * from heecms_users   where ((`users_id`='1') and (`users_id`='1')) and (`heecms_users`.delete_time IS NULL or `heecms_users`.delete_time <=0 or `heecms_users`.delete_time='')    
2020-05-11 07:01:22 [DEBUG] [root]select * from heecms_menus   where ((`parent_id`='12')) and (`heecms_menus`.delete_time IS NULL or `heecms_menus`.delete_time <=0 or `heecms_menus`.delete_time='') order by ord asc   
2020-05-11 07:01:22 [DEBUG] [root]自动加载类：app\admin\model\link_group
2020-05-11 07:01:22 [DEBUG] [root]select * from heecms_link_group   where  `link_group_id` = '2'    
2020-05-11 07:01:22 [DEBUG] [root]自动加载类：app\admin\model\link
2020-05-11 07:01:22 [DEBUG] [root]select count(*) c from `heecms_link` where (link_group_id=2 and (parent_id<1 or parent_id is NULL or parent_id=''))
2020-05-11 07:01:22 [DEBUG] [root]select  *  from heecms_link where (link_group_id=2 and (parent_id<1 or parent_id is NULL or parent_id=''))  limit 5,5
2020-05-11 07:01:22 [DEBUG] [root]select * from heecms_link   where (`parent_id`='13') order by parent_id asc   
2020-05-11 07:01:22 [DEBUG] [root]select * from heecms_link   where (`parent_id`='14') order by parent_id asc   
2020-05-11 07:01:22 [DEBUG] [root]select * from heecms_link   where (`parent_id`='15') order by parent_id asc   
2020-05-11 07:01:22 [DEBUG] [root]select * from heecms_link   where (`parent_id`='16') order by parent_id asc   
2020-05-11 07:01:22 [DEBUG] [root]select * from heecms_link   where (`parent_id`='17') order by parent_id asc   
2020-05-11 07:01:23 [DEBUG] [root]自动加载类：app\admin\controller\adminBase
2020-05-11 07:01:23 [DEBUG] [root]自动加载类：app\admin\model\users_group
2020-05-11 07:01:23 [DEBUG] [root]自动加载类：heephp\model
2020-05-11 07:01:23 [DEBUG] [root]自动加载类：heephp\orm\orm
2020-05-11 07:01:23 [DEBUG] [root]自动加载类：heephp\database\mysqli
2020-05-11 07:01:23 [DEBUG] [root]自动加载类：heephp\database\databaseInterface
2020-05-11 07:01:23 [DEBUG] [root]show full columns from `heecms_users_group`
2020-05-11 07:01:23 [DEBUG] [root]select * from heecms_users_group   where ((`users_group_id`=1)) and (`heecms_users_group`.delete_time IS NULL or `heecms_users_group`.delete_time <=0 or `heecms_users_group`.delete_time='')    
2020-05-11 07:01:23 [DEBUG] [root]自动加载类：app\admin\model\message
2020-05-11 07:01:23 [DEBUG] [root]show full columns from `heecms_message`
2020-05-11 07:01:23 [DEBUG] [root]select * from heecms_message   where ((`isread`=0 and `receiver_users_id`='1')) and (`heecms_message`.delete_time IS NULL or `heecms_message`.delete_time <=0 or `heecms_message`.delete_time='') order by create_time desc   limit 5
2020-05-11 07:01:23 [DEBUG] [root]自动加载类：app\admin\model\menus
2020-05-11 07:01:23 [DEBUG] [root]show full columns from `heecms_menus`
2020-05-11 07:01:23 [DEBUG] [root]自动加载类：heephp\cache\file
2020-05-11 07:01:23 [DEBUG] [root]自动加载类：heephp\cache\cacheInterface
2020-05-11 07:01:24 [DEBUG] [root]select * from heecms_menus   where ( `parent_id` IS NULL or `parent_id`='' or `parent_id`=0 ) and (`heecms_menus`.delete_time IS NULL or `heecms_menus`.delete_time <=0 or `heecms_menus`.delete_time='') order by ord asc   
2020-05-11 07:01:24 [DEBUG] [root]show full columns from `heecms_menus`
2020-05-11 07:01:24 [DEBUG] [root]select * from heecms_menus   where ((`parent_id`='8')) and (`heecms_menus`.delete_time IS NULL or `heecms_menus`.delete_time <=0 or `heecms_menus`.delete_time='') order by ord asc   
2020-05-11 07:01:24 [DEBUG] [root]自动加载类：app\admin\model\users
2020-05-11 07:01:24 [DEBUG] [root]select * from heecms_users   where ((`users_id`='1')) and (`heecms_users`.delete_time IS NULL or `heecms_users`.delete_time <=0 or `heecms_users`.delete_time='')    
2020-05-11 07:01:24 [DEBUG] [root]select * from heecms_menus   where ((`parent_id`='10')) and (`heecms_menus`.delete_time IS NULL or `heecms_menus`.delete_time <=0 or `heecms_menus`.delete_time='') order by ord asc   
2020-05-11 07:01:24 [DEBUG] [root]select * from heecms_menus   where ((`parent_id`='5')) and (`heecms_menus`.delete_time IS NULL or `heecms_menus`.delete_time <=0 or `heecms_menus`.delete_time='') order by ord asc   
2020-05-11 07:01:24 [DEBUG] [root]select * from heecms_menus   where ((`parent_id`='15')) and (`heecms_menus`.delete_time IS NULL or `heecms_menus`.delete_time <=0 or `heecms_menus`.delete_time='') order by ord asc   
2020-05-11 07:01:24 [DEBUG] [root]select * from heecms_users   where ((`users_id`='1') and (`users_id`='1')) and (`heecms_users`.delete_time IS NULL or `heecms_users`.delete_time <=0 or `heecms_users`.delete_time='')    
2020-05-11 07:01:24 [DEBUG] [root]select * from heecms_menus   where ((`parent_id`='12')) and (`heecms_menus`.delete_time IS NULL or `heecms_menus`.delete_time <=0 or `heecms_menus`.delete_time='') order by ord asc   
2020-05-11 07:01:24 [DEBUG] [root]自动加载类：app\admin\model\link_group
2020-05-11 07:01:24 [DEBUG] [root]select * from heecms_link_group   where  `link_group_id` = '2'    
2020-05-11 07:01:24 [DEBUG] [root]自动加载类：app\admin\model\link
2020-05-11 07:01:24 [DEBUG] [root]select count(*) c from `heecms_link` where (link_group_id=2 and (parent_id<1 or parent_id is NULL or parent_id=''))
2020-05-11 07:01:24 [DEBUG] [root]select  *  from heecms_link where (link_group_id=2 and (parent_id<1 or parent_id is NULL or parent_id=''))  limit 0,5
2020-05-11 07:01:24 [DEBUG] [root]select * from heecms_link   where (`parent_id`='8') order by parent_id asc   
2020-05-11 07:01:24 [DEBUG] [root]select * from heecms_link   where (`parent_id`='9') order by parent_id asc   
2020-05-11 07:01:24 [DEBUG] [root]select * from heecms_link   where (`parent_id`='10') order by parent_id asc   
2020-05-11 07:01:24 [DEBUG] [root]select * from heecms_link   where (`parent_id`='11') order by parent_id asc   
2020-05-11 07:01:24 [DEBUG] [root]select * from heecms_link   where (`parent_id`='12') order by parent_id asc   
2020-05-11 07:01:25 [DEBUG] [root]自动加载类：app\admin\controller\adminBase
2020-05-11 07:01:25 [DEBUG] [root]自动加载类：app\admin\model\users_group
2020-05-11 07:01:25 [DEBUG] [root]自动加载类：heephp\model
2020-05-11 07:01:25 [DEBUG] [root]自动加载类：heephp\orm\orm
2020-05-11 07:01:25 [DEBUG] [root]自动加载类：heephp\database\mysqli
2020-05-11 07:01:25 [DEBUG] [root]自动加载类：heephp\database\databaseInterface
2020-05-11 07:01:25 [DEBUG] [root]show full columns from `heecms_users_group`
2020-05-11 07:01:25 [DEBUG] [root]select * from heecms_users_group   where ((`users_group_id`=1)) and (`heecms_users_group`.delete_time IS NULL or `heecms_users_group`.delete_time <=0 or `heecms_users_group`.delete_time='')    
2020-05-11 07:01:25 [DEBUG] [root]自动加载类：app\admin\model\message
2020-05-11 07:01:25 [DEBUG] [root]show full columns from `heecms_message`
2020-05-11 07:01:25 [DEBUG] [root]select * from heecms_message   where ((`isread`=0 and `receiver_users_id`='1')) and (`heecms_message`.delete_time IS NULL or `heecms_message`.delete_time <=0 or `heecms_message`.delete_time='') order by create_time desc   limit 5
2020-05-11 07:01:25 [DEBUG] [root]自动加载类：app\admin\model\menus
2020-05-11 07:01:25 [DEBUG] [root]show full columns from `heecms_menus`
2020-05-11 07:01:25 [DEBUG] [root]自动加载类：heephp\cache\file
2020-05-11 07:01:25 [DEBUG] [root]自动加载类：heephp\cache\cacheInterface
2020-05-11 07:01:25 [DEBUG] [root]select * from heecms_menus   where ( `parent_id` IS NULL or `parent_id`='' or `parent_id`=0 ) and (`heecms_menus`.delete_time IS NULL or `heecms_menus`.delete_time <=0 or `heecms_menus`.delete_time='') order by ord asc   
2020-05-11 07:01:25 [DEBUG] [root]show full columns from `heecms_menus`
2020-05-11 07:01:25 [DEBUG] [root]select * from heecms_menus   where ((`parent_id`='8')) and (`heecms_menus`.delete_time IS NULL or `heecms_menus`.delete_time <=0 or `heecms_menus`.delete_time='') order by ord asc   
2020-05-11 07:01:25 [DEBUG] [root]自动加载类：app\admin\model\users
2020-05-11 07:01:25 [DEBUG] [root]select * from heecms_users   where ((`users_id`='1')) and (`heecms_users`.delete_time IS NULL or `heecms_users`.delete_time <=0 or `heecms_users`.delete_time='')    
2020-05-11 07:01:25 [DEBUG] [root]select * from heecms_menus   where ((`parent_id`='10')) and (`heecms_menus`.delete_time IS NULL or `heecms_menus`.delete_time <=0 or `heecms_menus`.delete_time='') order by ord asc   
2020-05-11 07:01:25 [DEBUG] [root]select * from heecms_menus   where ((`parent_id`='5')) and (`heecms_menus`.delete_time IS NULL or `heecms_menus`.delete_time <=0 or `heecms_menus`.delete_time='') order by ord asc   
2020-05-11 07:01:25 [DEBUG] [root]select * from heecms_menus   where ((`parent_id`='15')) and (`heecms_menus`.delete_time IS NULL or `heecms_menus`.delete_time <=0 or `heecms_menus`.delete_time='') order by ord asc   
2020-05-11 07:01:25 [DEBUG] [root]select * from heecms_users   where ((`users_id`='1') and (`users_id`='1')) and (`heecms_users`.delete_time IS NULL or `heecms_users`.delete_time <=0 or `heecms_users`.delete_time='')    
2020-05-11 07:01:25 [DEBUG] [root]select * from heecms_menus   where ((`parent_id`='12')) and (`heecms_menus`.delete_time IS NULL or `heecms_menus`.delete_time <=0 or `heecms_menus`.delete_time='') order by ord asc   
2020-05-11 07:01:25 [DEBUG] [root]自动加载类：app\admin\model\link_group
2020-05-11 07:01:25 [DEBUG] [root]select * from heecms_link_group   where  `link_group_id` = '2'    
2020-05-11 07:01:25 [DEBUG] [root]自动加载类：app\admin\model\link
2020-05-11 07:01:25 [DEBUG] [root]select count(*) c from `heecms_link` where (link_group_id=2 and (parent_id<1 or parent_id is NULL or parent_id=''))
2020-05-11 07:01:25 [DEBUG] [root]select  *  from heecms_link where (link_group_id=2 and (parent_id<1 or parent_id is NULL or parent_id=''))  limit 10,5
2020-05-11 07:01:25 [DEBUG] [root]select * from heecms_link   where (`parent_id`='18') order by parent_id asc   
2020-05-11 07:01:27 [DEBUG] [root]自动加载类：app\admin\controller\adminBase
2020-05-11 07:01:27 [DEBUG] [root]自动加载类：app\admin\model\users_group
2020-05-11 07:01:27 [DEBUG] [root]自动加载类：heephp\model
2020-05-11 07:01:27 [DEBUG] [root]自动加载类：heephp\orm\orm
2020-05-11 07:01:27 [DEBUG] [root]自动加载类：heephp\database\mysqli
2020-05-11 07:01:27 [DEBUG] [root]自动加载类：heephp\database\databaseInterface
2020-05-11 07:01:27 [DEBUG] [root]show full columns from `heecms_users_group`
2020-05-11 07:01:27 [DEBUG] [root]select * from heecms_users_group   where ((`users_group_id`=1)) and (`heecms_users_group`.delete_time IS NULL or `heecms_users_group`.delete_time <=0 or `heecms_users_group`.delete_time='')    
2020-05-11 07:01:27 [DEBUG] [root]自动加载类：app\admin\model\message
2020-05-11 07:01:27 [DEBUG] [root]show full columns from `heecms_message`
2020-05-11 07:01:27 [DEBUG] [root]select * from heecms_message   where ((`isread`=0 and `receiver_users_id`='1')) and (`heecms_message`.delete_time IS NULL or `heecms_message`.delete_time <=0 or `heecms_message`.delete_time='') order by create_time desc   limit 5
2020-05-11 07:01:27 [DEBUG] [root]自动加载类：app\admin\model\menus
2020-05-11 07:01:27 [DEBUG] [root]show full columns from `heecms_menus`
2020-05-11 07:01:27 [DEBUG] [root]自动加载类：heephp\cache\file
2020-05-11 07:01:27 [DEBUG] [root]自动加载类：heephp\cache\cacheInterface
2020-05-11 07:01:27 [DEBUG] [root]select * from heecms_menus   where ( `parent_id` IS NULL or `parent_id`='' or `parent_id`=0 ) and (`heecms_menus`.delete_time IS NULL or `heecms_menus`.delete_time <=0 or `heecms_menus`.delete_time='') order by ord asc   
2020-05-11 07:01:27 [DEBUG] [root]show full columns from `heecms_menus`
2020-05-11 07:01:27 [DEBUG] [root]select * from heecms_menus   where ((`parent_id`='8')) and (`heecms_menus`.delete_time IS NULL or `heecms_menus`.delete_time <=0 or `heecms_menus`.delete_time='') order by ord asc   
2020-05-11 07:01:27 [DEBUG] [root]自动加载类：app\admin\model\users
2020-05-11 07:01:27 [DEBUG] [root]select * from heecms_users   where ((`users_id`='1')) and (`heecms_users`.delete_time IS NULL or `heecms_users`.delete_time <=0 or `heecms_users`.delete_time='')    
2020-05-11 07:01:27 [DEBUG] [root]select * from heecms_menus   where ((`parent_id`='10')) and (`heecms_menus`.delete_time IS NULL or `heecms_menus`.delete_time <=0 or `heecms_menus`.delete_time='') order by ord asc   
2020-05-11 07:01:27 [DEBUG] [root]select * from heecms_menus   where ((`parent_id`='5')) and (`heecms_menus`.delete_time IS NULL or `heecms_menus`.delete_time <=0 or `heecms_menus`.delete_time='') order by ord asc   
2020-05-11 07:01:27 [DEBUG] [root]select * from heecms_menus   where ((`parent_id`='15')) and (`heecms_menus`.delete_time IS NULL or `heecms_menus`.delete_time <=0 or `heecms_menus`.delete_time='') order by ord asc   
2020-05-11 07:01:27 [DEBUG] [root]select * from heecms_users   where ((`users_id`='1') and (`users_id`='1')) and (`heecms_users`.delete_time IS NULL or `heecms_users`.delete_time <=0 or `heecms_users`.delete_time='')    
2020-05-11 07:01:27 [DEBUG] [root]select * from heecms_menus   where ((`parent_id`='12')) and (`heecms_menus`.delete_time IS NULL or `heecms_menus`.delete_time <=0 or `heecms_menus`.delete_time='') order by ord asc   
2020-05-11 07:01:27 [DEBUG] [root]自动加载类：app\admin\model\link_group
2020-05-11 07:01:27 [DEBUG] [root]select * from heecms_link_group   where  `link_group_id` = '2'    
2020-05-11 07:01:27 [DEBUG] [root]自动加载类：app\admin\model\link
2020-05-11 07:01:27 [DEBUG] [root]select count(*) c from `heecms_link` where (link_group_id=2 and (parent_id<1 or parent_id is NULL or parent_id=''))
2020-05-11 07:01:27 [DEBUG] [root]select  *  from heecms_link where (link_group_id=2 and (parent_id<1 or parent_id is NULL or parent_id=''))  limit 0,5
2020-05-11 07:01:27 [DEBUG] [root]select * from heecms_link   where (`parent_id`='8') order by parent_id asc   
2020-05-11 07:01:27 [DEBUG] [root]select * from heecms_link   where (`parent_id`='9') order by parent_id asc   
2020-05-11 07:01:27 [DEBUG] [root]select * from heecms_link   where (`parent_id`='10') order by parent_id asc   
2020-05-11 07:01:27 [DEBUG] [root]select * from heecms_link   where (`parent_id`='11') order by parent_id asc   
2020-05-11 07:01:27 [DEBUG] [root]select * from heecms_link   where (`parent_id`='12') order by parent_id asc   
2020-05-11 07:01:38 [DEBUG] [root]自动加载类：app\admin\controller\adminBase
2020-05-11 07:01:38 [DEBUG] [root]自动加载类：app\admin\model\users_group
2020-05-11 07:01:38 [DEBUG] [root]自动加载类：heephp\model
2020-05-11 07:01:38 [DEBUG] [root]自动加载类：heephp\orm\orm
2020-05-11 07:01:38 [DEBUG] [root]自动加载类：heephp\database\mysqli
2020-05-11 07:01:38 [DEBUG] [root]自动加载类：heephp\database\databaseInterface
2020-05-11 07:01:38 [DEBUG] [root]show full columns from `heecms_users_group`
2020-05-11 07:01:38 [DEBUG] [root]select * from heecms_users_group   where ((`users_group_id`=1)) and (`heecms_users_group`.delete_time IS NULL or `heecms_users_group`.delete_time <=0 or `heecms_users_group`.delete_time='')    
2020-05-11 07:01:38 [DEBUG] [root]自动加载类：app\admin\model\message
2020-05-11 07:01:38 [DEBUG] [root]show full columns from `heecms_message`
2020-05-11 07:01:38 [DEBUG] [root]select * from heecms_message   where ((`isread`=0 and `receiver_users_id`='1')) and (`heecms_message`.delete_time IS NULL or `heecms_message`.delete_time <=0 or `heecms_message`.delete_time='') order by create_time desc   limit 5
2020-05-11 07:01:38 [DEBUG] [root]自动加载类：app\admin\model\menus
2020-05-11 07:01:38 [DEBUG] [root]show full columns from `heecms_menus`
2020-05-11 07:01:38 [DEBUG] [root]自动加载类：heephp\cache\file
2020-05-11 07:01:38 [DEBUG] [root]自动加载类：heephp\cache\cacheInterface
2020-05-11 07:01:38 [DEBUG] [root]select * from heecms_menus   where ( `parent_id` IS NULL or `parent_id`='' or `parent_id`=0 ) and (`heecms_menus`.delete_time IS NULL or `heecms_menus`.delete_time <=0 or `heecms_menus`.delete_time='') order by ord asc   
2020-05-11 07:01:38 [DEBUG] [root]show full columns from `heecms_menus`
2020-05-11 07:01:38 [DEBUG] [root]select * from heecms_menus   where ((`parent_id`='8')) and (`heecms_menus`.delete_time IS NULL or `heecms_menus`.delete_time <=0 or `heecms_menus`.delete_time='') order by ord asc   
2020-05-11 07:01:38 [DEBUG] [root]自动加载类：app\admin\model\users
2020-05-11 07:01:38 [DEBUG] [root]select * from heecms_users   where ((`users_id`='1')) and (`heecms_users`.delete_time IS NULL or `heecms_users`.delete_time <=0 or `heecms_users`.delete_time='')    
2020-05-11 07:01:38 [DEBUG] [root]select * from heecms_menus   where ((`parent_id`='10')) and (`heecms_menus`.delete_time IS NULL or `heecms_menus`.delete_time <=0 or `heecms_menus`.delete_time='') order by ord asc   
2020-05-11 07:01:38 [DEBUG] [root]select * from heecms_menus   where ((`parent_id`='5')) and (`heecms_menus`.delete_time IS NULL or `heecms_menus`.delete_time <=0 or `heecms_menus`.delete_time='') order by ord asc   
2020-05-11 07:01:38 [DEBUG] [root]select * from heecms_menus   where ((`parent_id`='15')) and (`heecms_menus`.delete_time IS NULL or `heecms_menus`.delete_time <=0 or `heecms_menus`.delete_time='') order by ord asc   
2020-05-11 07:01:38 [DEBUG] [root]select * from heecms_users   where ((`users_id`='1') and (`users_id`='1')) and (`heecms_users`.delete_time IS NULL or `heecms_users`.delete_time <=0 or `heecms_users`.delete_time='')    
2020-05-11 07:01:38 [DEBUG] [root]select * from heecms_menus   where ((`parent_id`='12')) and (`heecms_menus`.delete_time IS NULL or `heecms_menus`.delete_time <=0 or `heecms_menus`.delete_time='') order by ord asc   
2020-05-11 07:01:38 [DEBUG] [root]自动加载类：app\admin\model\link_group
2020-05-11 07:01:38 [DEBUG] [root]select * from heecms_link_group   where  `link_group_id` = '2'    
2020-05-11 07:01:38 [DEBUG] [root]自动加载类：app\admin\model\link
2020-05-11 07:01:38 [DEBUG] [root]select count(*) c from `heecms_link` where (link_group_id=2 and (parent_id<1 or parent_id is NULL or parent_id=''))
2020-05-11 07:01:38 [DEBUG] [root]select  *  from heecms_link where (link_group_id=2 and (parent_id<1 or parent_id is NULL or parent_id=''))  limit 10,5
2020-05-11 07:01:38 [DEBUG] [root]select * from heecms_link   where (`parent_id`='18') order by parent_id asc   
2020-05-11 07:12:39 [DEBUG] [root]自动加载类：app\admin\controller\adminBase
2020-05-11 07:12:39 [DEBUG] [root]自动加载类：app\admin\model\users_group
2020-05-11 07:12:39 [DEBUG] [root]自动加载类：heephp\model
2020-05-11 07:12:39 [DEBUG] [root]自动加载类：heephp\orm\orm
2020-05-11 07:12:39 [DEBUG] [root]自动加载类：heephp\database\mysqli
2020-05-11 07:12:39 [DEBUG] [root]自动加载类：heephp\database\databaseInterface
2020-05-11 07:12:39 [DEBUG] [root]show full columns from `heecms_users_group`
2020-05-11 07:12:39 [DEBUG] [root]select * from heecms_users_group   where ((`users_group_id`=1)) and (`heecms_users_group`.delete_time IS NULL or `heecms_users_group`.delete_time <=0 or `heecms_users_group`.delete_time='')    
2020-05-11 07:12:39 [DEBUG] [root]自动加载类：app\admin\model\message
2020-05-11 07:12:39 [DEBUG] [root]show full columns from `heecms_message`
2020-05-11 07:12:39 [DEBUG] [root]select * from heecms_message   where ((`isread`=0 and `receiver_users_id`='1')) and (`heecms_message`.delete_time IS NULL or `heecms_message`.delete_time <=0 or `heecms_message`.delete_time='') order by create_time desc   limit 5
2020-05-11 07:12:39 [DEBUG] [root]自动加载类：app\admin\model\menus
2020-05-11 07:12:39 [DEBUG] [root]show full columns from `heecms_menus`
2020-05-11 07:12:39 [DEBUG] [root]自动加载类：heephp\cache\file
2020-05-11 07:12:39 [DEBUG] [root]自动加载类：heephp\cache\cacheInterface
2020-05-11 07:12:39 [DEBUG] [root]select * from heecms_menus   where ( `parent_id` IS NULL or `parent_id`='' or `parent_id`=0 ) and (`heecms_menus`.delete_time IS NULL or `heecms_menus`.delete_time <=0 or `heecms_menus`.delete_time='') order by ord asc   
2020-05-11 07:12:39 [DEBUG] [root]show full columns from `heecms_menus`
2020-05-11 07:12:39 [DEBUG] [root]select * from heecms_menus   where ((`parent_id`='8')) and (`heecms_menus`.delete_time IS NULL or `heecms_menus`.delete_time <=0 or `heecms_menus`.delete_time='') order by ord asc   
2020-05-11 07:12:39 [DEBUG] [root]自动加载类：app\admin\model\users
2020-05-11 07:12:39 [DEBUG] [root]select * from heecms_users   where ((`users_id`='1')) and (`heecms_users`.delete_time IS NULL or `heecms_users`.delete_time <=0 or `heecms_users`.delete_time='')    
2020-05-11 07:12:39 [DEBUG] [root]select * from heecms_menus   where ((`parent_id`='10')) and (`heecms_menus`.delete_time IS NULL or `heecms_menus`.delete_time <=0 or `heecms_menus`.delete_time='') order by ord asc   
2020-05-11 07:12:39 [DEBUG] [root]select * from heecms_menus   where ((`parent_id`='5')) and (`heecms_menus`.delete_time IS NULL or `heecms_menus`.delete_time <=0 or `heecms_menus`.delete_time='') order by ord asc   
2020-05-11 07:12:39 [DEBUG] [root]select * from heecms_menus   where ((`parent_id`='15')) and (`heecms_menus`.delete_time IS NULL or `heecms_menus`.delete_time <=0 or `heecms_menus`.delete_time='') order by ord asc   
2020-05-11 07:12:39 [DEBUG] [root]select * from heecms_users   where ((`users_id`='1') and (`users_id`='1')) and (`heecms_users`.delete_time IS NULL or `heecms_users`.delete_time <=0 or `heecms_users`.delete_time='')    
2020-05-11 07:12:39 [DEBUG] [root]select * from heecms_menus   where ((`parent_id`='12')) and (`heecms_menus`.delete_time IS NULL or `heecms_menus`.delete_time <=0 or `heecms_menus`.delete_time='') order by ord asc   
2020-05-11 07:12:39 [DEBUG] [root]自动加载类：app\admin\model\link_group
2020-05-11 07:12:39 [DEBUG] [root]select * from heecms_link_group   where  `link_group_id` = '2'    
2020-05-11 07:12:39 [DEBUG] [root]自动加载类：app\admin\model\link
2020-05-11 07:12:39 [DEBUG] [root]select count(*) c from `heecms_link` where (link_group_id=2 and (parent_id<1 or parent_id is NULL or parent_id=''))
2020-05-11 07:12:39 [DEBUG] [root]select  *  from heecms_link where (link_group_id=2 and (parent_id<1 or parent_id is NULL or parent_id=''))  limit 5,5
2020-05-11 07:12:39 [DEBUG] [root]select * from heecms_link   where (`parent_id`='13') order by parent_id asc   
2020-05-11 07:12:39 [DEBUG] [root]select * from heecms_link   where (`parent_id`='14') order by parent_id asc   
2020-05-11 07:12:39 [DEBUG] [root]select * from heecms_link   where (`parent_id`='15') order by parent_id asc   
2020-05-11 07:12:39 [DEBUG] [root]select * from heecms_link   where (`parent_id`='16') order by parent_id asc   
2020-05-11 07:12:39 [DEBUG] [root]select * from heecms_link   where (`parent_id`='17') order by parent_id asc   
2020-05-11 07:12:41 [DEBUG] [root]自动加载类：app\admin\controller\adminBase
2020-05-11 07:12:41 [DEBUG] [root]自动加载类：app\admin\model\users_group
2020-05-11 07:12:41 [DEBUG] [root]自动加载类：heephp\model
2020-05-11 07:12:41 [DEBUG] [root]自动加载类：heephp\orm\orm
2020-05-11 07:12:41 [DEBUG] [root]自动加载类：heephp\database\mysqli
2020-05-11 07:12:41 [DEBUG] [root]自动加载类：heephp\database\databaseInterface
2020-05-11 07:12:41 [DEBUG] [root]show full columns from `heecms_users_group`
2020-05-11 07:12:41 [DEBUG] [root]select * from heecms_users_group   where ((`users_group_id`=1)) and (`heecms_users_group`.delete_time IS NULL or `heecms_users_group`.delete_time <=0 or `heecms_users_group`.delete_time='')    
2020-05-11 07:12:41 [DEBUG] [root]自动加载类：app\admin\model\message
2020-05-11 07:12:41 [DEBUG] [root]show full columns from `heecms_message`
2020-05-11 07:12:41 [DEBUG] [root]select * from heecms_message   where ((`isread`=0 and `receiver_users_id`='1')) and (`heecms_message`.delete_time IS NULL or `heecms_message`.delete_time <=0 or `heecms_message`.delete_time='') order by create_time desc   limit 5
2020-05-11 07:12:41 [DEBUG] [root]自动加载类：app\admin\model\menus
2020-05-11 07:12:41 [DEBUG] [root]show full columns from `heecms_menus`
2020-05-11 07:12:41 [DEBUG] [root]自动加载类：heephp\cache\file
2020-05-11 07:12:41 [DEBUG] [root]自动加载类：heephp\cache\cacheInterface
2020-05-11 07:12:41 [DEBUG] [root]select * from heecms_menus   where ( `parent_id` IS NULL or `parent_id`='' or `parent_id`=0 ) and (`heecms_menus`.delete_time IS NULL or `heecms_menus`.delete_time <=0 or `heecms_menus`.delete_time='') order by ord asc   
2020-05-11 07:12:41 [DEBUG] [root]show full columns from `heecms_menus`
2020-05-11 07:12:41 [DEBUG] [root]select * from heecms_menus   where ((`parent_id`='8')) and (`heecms_menus`.delete_time IS NULL or `heecms_menus`.delete_time <=0 or `heecms_menus`.delete_time='') order by ord asc   
2020-05-11 07:12:41 [DEBUG] [root]自动加载类：app\admin\model\users
2020-05-11 07:12:41 [DEBUG] [root]select * from heecms_users   where ((`users_id`='1')) and (`heecms_users`.delete_time IS NULL or `heecms_users`.delete_time <=0 or `heecms_users`.delete_time='')    
2020-05-11 07:12:41 [DEBUG] [root]select * from heecms_menus   where ((`parent_id`='10')) and (`heecms_menus`.delete_time IS NULL or `heecms_menus`.delete_time <=0 or `heecms_menus`.delete_time='') order by ord asc   
2020-05-11 07:12:41 [DEBUG] [root]select * from heecms_menus   where ((`parent_id`='5')) and (`heecms_menus`.delete_time IS NULL or `heecms_menus`.delete_time <=0 or `heecms_menus`.delete_time='') order by ord asc   
2020-05-11 07:12:41 [DEBUG] [root]select * from heecms_menus   where ((`parent_id`='15')) and (`heecms_menus`.delete_time IS NULL or `heecms_menus`.delete_time <=0 or `heecms_menus`.delete_time='') order by ord asc   
2020-05-11 07:12:41 [DEBUG] [root]select * from heecms_users   where ((`users_id`='1') and (`users_id`='1')) and (`heecms_users`.delete_time IS NULL or `heecms_users`.delete_time <=0 or `heecms_users`.delete_time='')    
2020-05-11 07:12:41 [DEBUG] [root]select * from heecms_menus   where ((`parent_id`='12')) and (`heecms_menus`.delete_time IS NULL or `heecms_menus`.delete_time <=0 or `heecms_menus`.delete_time='') order by ord asc   
2020-05-11 07:12:41 [DEBUG] [root]自动加载类：app\admin\model\link_group
2020-05-11 07:12:41 [DEBUG] [root]select * from heecms_link_group   where  `link_group_id` = '2'    
2020-05-11 07:12:41 [DEBUG] [root]自动加载类：app\admin\model\link
2020-05-11 07:12:41 [DEBUG] [root]select count(*) c from `heecms_link` where (link_group_id=2 and (parent_id<1 or parent_id is NULL or parent_id=''))
2020-05-11 07:12:41 [DEBUG] [root]select  *  from heecms_link where (link_group_id=2 and (parent_id<1 or parent_id is NULL or parent_id=''))  limit 0,5
2020-05-11 07:12:41 [DEBUG] [root]select * from heecms_link   where (`parent_id`='8') order by parent_id asc   
2020-05-11 07:12:41 [DEBUG] [root]select * from heecms_link   where (`parent_id`='9') order by parent_id asc   
2020-05-11 07:12:41 [DEBUG] [root]select * from heecms_link   where (`parent_id`='10') order by parent_id asc   
2020-05-11 07:12:41 [DEBUG] [root]select * from heecms_link   where (`parent_id`='11') order by parent_id asc   
2020-05-11 07:12:41 [DEBUG] [root]select * from heecms_link   where (`parent_id`='12') order by parent_id asc   
2020-05-11 07:12:43 [DEBUG] [root]自动加载类：app\admin\controller\adminBase
2020-05-11 07:12:43 [DEBUG] [root]自动加载类：app\admin\model\users_group
2020-05-11 07:12:43 [DEBUG] [root]自动加载类：heephp\model
2020-05-11 07:12:43 [DEBUG] [root]自动加载类：heephp\orm\orm
2020-05-11 07:12:43 [DEBUG] [root]自动加载类：heephp\database\mysqli
2020-05-11 07:12:43 [DEBUG] [root]自动加载类：heephp\database\databaseInterface
2020-05-11 07:12:43 [DEBUG] [root]show full columns from `heecms_users_group`
2020-05-11 07:12:43 [DEBUG] [root]select * from heecms_users_group   where ((`users_group_id`=1)) and (`heecms_users_group`.delete_time IS NULL or `heecms_users_group`.delete_time <=0 or `heecms_users_group`.delete_time='')    
2020-05-11 07:12:43 [DEBUG] [root]自动加载类：app\admin\model\message
2020-05-11 07:12:43 [DEBUG] [root]show full columns from `heecms_message`
2020-05-11 07:12:43 [DEBUG] [root]select * from heecms_message   where ((`isread`=0 and `receiver_users_id`='1')) and (`heecms_message`.delete_time IS NULL or `heecms_message`.delete_time <=0 or `heecms_message`.delete_time='') order by create_time desc   limit 5
2020-05-11 07:12:43 [DEBUG] [root]自动加载类：app\admin\model\menus
2020-05-11 07:12:43 [DEBUG] [root]show full columns from `heecms_menus`
2020-05-11 07:12:43 [DEBUG] [root]自动加载类：heephp\cache\file
2020-05-11 07:12:43 [DEBUG] [root]自动加载类：heephp\cache\cacheInterface
2020-05-11 07:12:43 [DEBUG] [root]select * from heecms_menus   where ( `parent_id` IS NULL or `parent_id`='' or `parent_id`=0 ) and (`heecms_menus`.delete_time IS NULL or `heecms_menus`.delete_time <=0 or `heecms_menus`.delete_time='') order by ord asc   
2020-05-11 07:12:43 [DEBUG] [root]show full columns from `heecms_menus`
2020-05-11 07:12:43 [DEBUG] [root]select * from heecms_menus   where ((`parent_id`='8')) and (`heecms_menus`.delete_time IS NULL or `heecms_menus`.delete_time <=0 or `heecms_menus`.delete_time='') order by ord asc   
2020-05-11 07:12:43 [DEBUG] [root]自动加载类：app\admin\model\users
2020-05-11 07:12:43 [DEBUG] [root]select * from heecms_users   where ((`users_id`='1')) and (`heecms_users`.delete_time IS NULL or `heecms_users`.delete_time <=0 or `heecms_users`.delete_time='')    
2020-05-11 07:12:43 [DEBUG] [root]select * from heecms_menus   where ((`parent_id`='10')) and (`heecms_menus`.delete_time IS NULL or `heecms_menus`.delete_time <=0 or `heecms_menus`.delete_time='') order by ord asc   
2020-05-11 07:12:43 [DEBUG] [root]select * from heecms_menus   where ((`parent_id`='5')) and (`heecms_menus`.delete_time IS NULL or `heecms_menus`.delete_time <=0 or `heecms_menus`.delete_time='') order by ord asc   
2020-05-11 07:12:43 [DEBUG] [root]select * from heecms_menus   where ((`parent_id`='15')) and (`heecms_menus`.delete_time IS NULL or `heecms_menus`.delete_time <=0 or `heecms_menus`.delete_time='') order by ord asc   
2020-05-11 07:12:43 [DEBUG] [root]select * from heecms_users   where ((`users_id`='1') and (`users_id`='1')) and (`heecms_users`.delete_time IS NULL or `heecms_users`.delete_time <=0 or `heecms_users`.delete_time='')    
2020-05-11 07:12:43 [DEBUG] [root]select * from heecms_menus   where ((`parent_id`='12')) and (`heecms_menus`.delete_time IS NULL or `heecms_menus`.delete_time <=0 or `heecms_menus`.delete_time='') order by ord asc   
2020-05-11 07:12:43 [DEBUG] [root]自动加载类：app\admin\model\link_group
2020-05-11 07:12:43 [DEBUG] [root]select * from heecms_link_group   where  `link_group_id` = '2'    
2020-05-11 07:12:43 [DEBUG] [root]自动加载类：app\admin\model\link
2020-05-11 07:12:43 [DEBUG] [root]select count(*) c from `heecms_link` where (link_group_id=2 and (parent_id<1 or parent_id is NULL or parent_id=''))
2020-05-11 07:12:43 [DEBUG] [root]select  *  from heecms_link where (link_group_id=2 and (parent_id<1 or parent_id is NULL or parent_id=''))  limit 10,5
2020-05-11 07:12:43 [DEBUG] [root]select * from heecms_link   where (`parent_id`='18') order by parent_id asc   
2020-05-11 07:12:44 [DEBUG] [root]自动加载类：app\admin\controller\adminBase
2020-05-11 07:12:44 [DEBUG] [root]自动加载类：app\admin\model\users_group
2020-05-11 07:12:44 [DEBUG] [root]自动加载类：heephp\model
2020-05-11 07:12:44 [DEBUG] [root]自动加载类：heephp\orm\orm
2020-05-11 07:12:44 [DEBUG] [root]自动加载类：heephp\database\mysqli
2020-05-11 07:12:44 [DEBUG] [root]自动加载类：heephp\database\databaseInterface
2020-05-11 07:12:44 [DEBUG] [root]show full columns from `heecms_users_group`
2020-05-11 07:12:44 [DEBUG] [root]select * from heecms_users_group   where ((`users_group_id`=1)) and (`heecms_users_group`.delete_time IS NULL or `heecms_users_group`.delete_time <=0 or `heecms_users_group`.delete_time='')    
2020-05-11 07:12:44 [DEBUG] [root]自动加载类：app\admin\model\message
2020-05-11 07:12:44 [DEBUG] [root]show full columns from `heecms_message`
2020-05-11 07:12:44 [DEBUG] [root]select * from heecms_message   where ((`isread`=0 and `receiver_users_id`='1')) and (`heecms_message`.delete_time IS NULL or `heecms_message`.delete_time <=0 or `heecms_message`.delete_time='') order by create_time desc   limit 5
2020-05-11 07:12:44 [DEBUG] [root]自动加载类：app\admin\model\menus
2020-05-11 07:12:44 [DEBUG] [root]show full columns from `heecms_menus`
2020-05-11 07:12:44 [DEBUG] [root]自动加载类：heephp\cache\file
2020-05-11 07:12:44 [DEBUG] [root]自动加载类：heephp\cache\cacheInterface
2020-05-11 07:12:44 [DEBUG] [root]select * from heecms_menus   where ( `parent_id` IS NULL or `parent_id`='' or `parent_id`=0 ) and (`heecms_menus`.delete_time IS NULL or `heecms_menus`.delete_time <=0 or `heecms_menus`.delete_time='') order by ord asc   
2020-05-11 07:12:44 [DEBUG] [root]show full columns from `heecms_menus`
2020-05-11 07:12:44 [DEBUG] [root]select * from heecms_menus   where ((`parent_id`='8')) and (`heecms_menus`.delete_time IS NULL or `heecms_menus`.delete_time <=0 or `heecms_menus`.delete_time='') order by ord asc   
2020-05-11 07:12:44 [DEBUG] [root]自动加载类：app\admin\model\users
2020-05-11 07:12:44 [DEBUG] [root]select * from heecms_users   where ((`users_id`='1')) and (`heecms_users`.delete_time IS NULL or `heecms_users`.delete_time <=0 or `heecms_users`.delete_time='')    
2020-05-11 07:12:44 [DEBUG] [root]select * from heecms_menus   where ((`parent_id`='10')) and (`heecms_menus`.delete_time IS NULL or `heecms_menus`.delete_time <=0 or `heecms_menus`.delete_time='') order by ord asc   
2020-05-11 07:12:44 [DEBUG] [root]select * from heecms_menus   where ((`parent_id`='5')) and (`heecms_menus`.delete_time IS NULL or `heecms_menus`.delete_time <=0 or `heecms_menus`.delete_time='') order by ord asc   
2020-05-11 07:12:44 [DEBUG] [root]select * from heecms_menus   where ((`parent_id`='15')) and (`heecms_menus`.delete_time IS NULL or `heecms_menus`.delete_time <=0 or `heecms_menus`.delete_time='') order by ord asc   
2020-05-11 07:12:44 [DEBUG] [root]select * from heecms_users   where ((`users_id`='1') and (`users_id`='1')) and (`heecms_users`.delete_time IS NULL or `heecms_users`.delete_time <=0 or `heecms_users`.delete_time='')    
2020-05-11 07:12:44 [DEBUG] [root]select * from heecms_menus   where ((`parent_id`='12')) and (`heecms_menus`.delete_time IS NULL or `heecms_menus`.delete_time <=0 or `heecms_menus`.delete_time='') order by ord asc   
2020-05-11 07:12:45 [DEBUG] [root]select * from heecms_users   where ((`users_id`='1')) and (`heecms_users`.delete_time IS NULL or `heecms_users`.delete_time <=0 or `heecms_users`.delete_time='')    
2020-05-11 07:12:45 [DEBUG] [root]自动加载类：app\admin\model\link_group
2020-05-11 07:12:45 [DEBUG] [root]select * from heecms_link_group   where  `link_group_id` = '2'    
2020-05-11 07:12:45 [DEBUG] [root]自动加载类：app\admin\model\link
2020-05-11 07:12:45 [DEBUG] [root]select count(*) c from `heecms_link` where (link_group_id=2 and (parent_id<1 or parent_id is NULL or parent_id=''))
2020-05-11 07:12:45 [DEBUG] [root]select  *  from heecms_link where (link_group_id=2 and (parent_id<1 or parent_id is NULL or parent_id=''))  limit 5,5
2020-05-11 07:12:45 [DEBUG] [root]select * from heecms_link   where (`parent_id`='13') order by parent_id asc   
2020-05-11 07:12:45 [DEBUG] [root]select * from heecms_link   where (`parent_id`='14') order by parent_id asc   
2020-05-11 07:12:45 [DEBUG] [root]select * from heecms_link   where (`parent_id`='15') order by parent_id asc   
2020-05-11 07:12:45 [DEBUG] [root]select * from heecms_link   where (`parent_id`='16') order by parent_id asc   
2020-05-11 07:12:45 [DEBUG] [root]select * from heecms_link   where (`parent_id`='17') order by parent_id asc   
2020-05-11 07:12:51 [DEBUG] [root]自动加载类：app\admin\controller\adminBase
2020-05-11 07:12:51 [DEBUG] [root]自动加载类：app\admin\model\users_group
2020-05-11 07:12:51 [DEBUG] [root]自动加载类：heephp\model
2020-05-11 07:12:51 [DEBUG] [root]自动加载类：heephp\orm\orm
2020-05-11 07:12:51 [DEBUG] [root]自动加载类：heephp\database\mysqli
2020-05-11 07:12:51 [DEBUG] [root]自动加载类：heephp\database\databaseInterface
2020-05-11 07:12:51 [DEBUG] [root]show full columns from `heecms_users_group`
2020-05-11 07:12:51 [DEBUG] [root]select * from heecms_users_group   where ((`users_group_id`=1)) and (`heecms_users_group`.delete_time IS NULL or `heecms_users_group`.delete_time <=0 or `heecms_users_group`.delete_time='')    
2020-05-11 07:12:51 [DEBUG] [root]自动加载类：app\admin\model\message
2020-05-11 07:12:51 [DEBUG] [root]show full columns from `heecms_message`
2020-05-11 07:12:51 [DEBUG] [root]select * from heecms_message   where ((`isread`=0 and `receiver_users_id`='1')) and (`heecms_message`.delete_time IS NULL or `heecms_message`.delete_time <=0 or `heecms_message`.delete_time='') order by create_time desc   limit 5
2020-05-11 07:12:51 [DEBUG] [root]自动加载类：app\admin\model\menus
2020-05-11 07:12:51 [DEBUG] [root]show full columns from `heecms_menus`
2020-05-11 07:12:51 [DEBUG] [root]自动加载类：heephp\cache\file
2020-05-11 07:12:51 [DEBUG] [root]自动加载类：heephp\cache\cacheInterface
2020-05-11 07:12:51 [DEBUG] [root]select * from heecms_menus   where ( `parent_id` IS NULL or `parent_id`='' or `parent_id`=0 ) and (`heecms_menus`.delete_time IS NULL or `heecms_menus`.delete_time <=0 or `heecms_menus`.delete_time='') order by ord asc   
2020-05-11 07:12:51 [DEBUG] [root]show full columns from `heecms_menus`
2020-05-11 07:12:51 [DEBUG] [root]select * from heecms_menus   where ((`parent_id`='8')) and (`heecms_menus`.delete_time IS NULL or `heecms_menus`.delete_time <=0 or `heecms_menus`.delete_time='') order by ord asc   
2020-05-11 07:12:51 [DEBUG] [root]自动加载类：app\admin\model\users
2020-05-11 07:12:51 [DEBUG] [root]select * from heecms_users   where ((`users_id`='1')) and (`heecms_users`.delete_time IS NULL or `heecms_users`.delete_time <=0 or `heecms_users`.delete_time='')    
2020-05-11 07:12:51 [DEBUG] [root]select * from heecms_menus   where ((`parent_id`='10')) and (`heecms_menus`.delete_time IS NULL or `heecms_menus`.delete_time <=0 or `heecms_menus`.delete_time='') order by ord asc   
2020-05-11 07:12:51 [DEBUG] [root]select * from heecms_menus   where ((`parent_id`='5')) and (`heecms_menus`.delete_time IS NULL or `heecms_menus`.delete_time <=0 or `heecms_menus`.delete_time='') order by ord asc   
2020-05-11 07:12:51 [DEBUG] [root]select * from heecms_menus   where ((`parent_id`='15')) and (`heecms_menus`.delete_time IS NULL or `heecms_menus`.delete_time <=0 or `heecms_menus`.delete_time='') order by ord asc   
2020-05-11 07:12:51 [DEBUG] [root]select * from heecms_users   where ((`users_id`='1') and (`users_id`='1')) and (`heecms_users`.delete_time IS NULL or `heecms_users`.delete_time <=0 or `heecms_users`.delete_time='')    
2020-05-11 07:12:51 [DEBUG] [root]select * from heecms_menus   where ((`parent_id`='12')) and (`heecms_menus`.delete_time IS NULL or `heecms_menus`.delete_time <=0 or `heecms_menus`.delete_time='') order by ord asc   
2020-05-11 07:12:51 [DEBUG] [root]自动加载类：app\admin\model\category
2020-05-11 07:12:51 [DEBUG] [root]select count(*) c from `heecms_category` where 1=1
2020-05-11 07:12:51 [DEBUG] [root]select  *  from heecms_category where 1=1  limit 0,5
2020-05-11 07:12:51 [DEBUG] [root]select * from heecms_category   where ((`parent_id`='1')) and (`heecms_category`.delete_time IS NULL or `heecms_category`.delete_time <=0 or `heecms_category`.delete_time='') order by parent_id asc   
2020-05-11 07:12:51 [DEBUG] [root]select * from heecms_category   where ((`parent_id`='2')) and (`heecms_category`.delete_time IS NULL or `heecms_category`.delete_time <=0 or `heecms_category`.delete_time='') order by parent_id asc   
2020-05-11 07:12:51 [DEBUG] [root]select * from heecms_category   where ((`parent_id`='3')) and (`heecms_category`.delete_time IS NULL or `heecms_category`.delete_time <=0 or `heecms_category`.delete_time='') order by parent_id asc   
2020-05-11 07:12:51 [DEBUG] [root]select * from heecms_category   where ((`parent_id`='4')) and (`heecms_category`.delete_time IS NULL or `heecms_category`.delete_time <=0 or `heecms_category`.delete_time='') order by parent_id asc   
2020-05-11 07:12:51 [DEBUG] [root]select * from heecms_category   where ((`parent_id`='5')) and (`heecms_category`.delete_time IS NULL or `heecms_category`.delete_time <=0 or `heecms_category`.delete_time='') order by parent_id asc   
2020-05-11 07:12:51 [DEBUG] [root]select * from heecms_users   where ((`users_id`='1') and (`users_id`='1') and (`users_id`='1')) and (`heecms_users`.delete_time IS NULL or `heecms_users`.delete_time <=0 or `heecms_users`.delete_time='')    
2020-05-11 07:12:52 [DEBUG] [root]select * from heecms_users   where ((`users_id`='1') and (`users_id`='1')) and (`heecms_users`.delete_time IS NULL or `heecms_users`.delete_time <=0 or `heecms_users`.delete_time='')    
2020-05-11 07:55:25 [DEBUG] [root]自动加载类：app\admin\controller\adminBase
2020-05-11 07:55:25 [DEBUG] [root]自动加载类：app\admin\model\users_group
2020-05-11 07:55:25 [DEBUG] [root]自动加载类：heephp\model
2020-05-11 07:55:25 [DEBUG] [root]自动加载类：heephp\orm\orm
2020-05-11 07:55:25 [DEBUG] [root]自动加载类：heephp\database\mysqli
2020-05-11 07:55:25 [DEBUG] [root]自动加载类：heephp\database\databaseInterface
2020-05-11 07:55:25 [DEBUG] [root]show full columns from `heecms_users_group`
2020-05-11 07:55:25 [DEBUG] [root]select * from heecms_users_group   where ((`users_group_id`=1)) and (`heecms_users_group`.delete_time IS NULL or `heecms_users_group`.delete_time <=0 or `heecms_users_group`.delete_time='')    
2020-05-11 07:55:25 [DEBUG] [root]自动加载类：app\admin\model\message
2020-05-11 07:55:25 [DEBUG] [root]show full columns from `heecms_message`
2020-05-11 07:55:25 [DEBUG] [root]select * from heecms_message   where ((`isread`=0 and `receiver_users_id`='1')) and (`heecms_message`.delete_time IS NULL or `heecms_message`.delete_time <=0 or `heecms_message`.delete_time='') order by create_time desc   limit 5
2020-05-11 07:55:25 [DEBUG] [root]自动加载类：app\admin\model\menus
2020-05-11 07:55:25 [DEBUG] [root]show full columns from `heecms_menus`
2020-05-11 07:55:25 [DEBUG] [root]自动加载类：heephp\cache\file
2020-05-11 07:55:25 [DEBUG] [root]自动加载类：heephp\cache\cacheInterface
2020-05-11 07:55:25 [DEBUG] [root]select * from heecms_menus   where ( `parent_id` IS NULL or `parent_id`='' or `parent_id`=0 ) and (`heecms_menus`.delete_time IS NULL or `heecms_menus`.delete_time <=0 or `heecms_menus`.delete_time='') order by ord asc   
2020-05-11 07:55:25 [DEBUG] [root]show full columns from `heecms_menus`
2020-05-11 07:55:25 [DEBUG] [root]select * from heecms_menus   where ((`parent_id`='8')) and (`heecms_menus`.delete_time IS NULL or `heecms_menus`.delete_time <=0 or `heecms_menus`.delete_time='') order by ord asc   
2020-05-11 07:55:25 [DEBUG] [root]自动加载类：app\admin\model\users
2020-05-11 07:55:25 [DEBUG] [root]select * from heecms_users   where ((`users_id`='1')) and (`heecms_users`.delete_time IS NULL or `heecms_users`.delete_time <=0 or `heecms_users`.delete_time='')    
2020-05-11 07:55:25 [DEBUG] [root]select * from heecms_menus   where ((`parent_id`='10')) and (`heecms_menus`.delete_time IS NULL or `heecms_menus`.delete_time <=0 or `heecms_menus`.delete_time='') order by ord asc   
2020-05-11 07:55:25 [DEBUG] [root]select * from heecms_menus   where ((`parent_id`='5')) and (`heecms_menus`.delete_time IS NULL or `heecms_menus`.delete_time <=0 or `heecms_menus`.delete_time='') order by ord asc   
2020-05-11 07:55:25 [DEBUG] [root]select * from heecms_menus   where ((`parent_id`='15')) and (`heecms_menus`.delete_time IS NULL or `heecms_menus`.delete_time <=0 or `heecms_menus`.delete_time='') order by ord asc   
2020-05-11 07:55:25 [DEBUG] [root]select * from heecms_users   where ((`users_id`='1') and (`users_id`='1')) and (`heecms_users`.delete_time IS NULL or `heecms_users`.delete_time <=0 or `heecms_users`.delete_time='')    
2020-05-11 07:55:25 [DEBUG] [root]select * from heecms_menus   where ((`parent_id`='12')) and (`heecms_menus`.delete_time IS NULL or `heecms_menus`.delete_time <=0 or `heecms_menus`.delete_time='') order by ord asc   
2020-05-11 07:55:25 [DEBUG] [root]自动加载类：app\admin\model\category
2020-05-11 07:55:25 [DEBUG] [root]select count(*) c from `heecms_category` where 1=1
2020-05-11 07:55:25 [DEBUG] [root]select  *  from heecms_category where 1=1  limit 0,5
2020-05-11 07:55:25 [DEBUG] [root]select * from heecms_category   where ((`parent_id`='1')) and (`heecms_category`.delete_time IS NULL or `heecms_category`.delete_time <=0 or `heecms_category`.delete_time='') order by parent_id asc   
2020-05-11 07:55:25 [DEBUG] [root]select * from heecms_category   where ((`parent_id`='2')) and (`heecms_category`.delete_time IS NULL or `heecms_category`.delete_time <=0 or `heecms_category`.delete_time='') order by parent_id asc   
2020-05-11 07:55:25 [DEBUG] [root]select * from heecms_category   where ((`parent_id`='3')) and (`heecms_category`.delete_time IS NULL or `heecms_category`.delete_time <=0 or `heecms_category`.delete_time='') order by parent_id asc   
2020-05-11 07:55:25 [DEBUG] [root]select * from heecms_category   where ((`parent_id`='4')) and (`heecms_category`.delete_time IS NULL or `heecms_category`.delete_time <=0 or `heecms_category`.delete_time='') order by parent_id asc   
2020-05-11 07:55:25 [DEBUG] [root]select * from heecms_category   where ((`parent_id`='5')) and (`heecms_category`.delete_time IS NULL or `heecms_category`.delete_time <=0 or `heecms_category`.delete_time='') order by parent_id asc   
2020-05-11 07:55:25 [DEBUG] [root]select * from heecms_users   where ((`users_id`='1') and (`users_id`='1') and (`users_id`='1')) and (`heecms_users`.delete_time IS NULL or `heecms_users`.delete_time <=0 or `heecms_users`.delete_time='')    
2020-05-11 07:55:29 [DEBUG] [root]自动加载类：app\admin\controller\adminBase
2020-05-11 07:55:29 [DEBUG] [root]自动加载类：app\admin\model\users_group
2020-05-11 07:55:29 [DEBUG] [root]自动加载类：heephp\model
2020-05-11 07:55:29 [DEBUG] [root]自动加载类：heephp\orm\orm
2020-05-11 07:55:29 [DEBUG] [root]自动加载类：heephp\database\mysqli
2020-05-11 07:55:29 [DEBUG] [root]自动加载类：heephp\database\databaseInterface
2020-05-11 07:55:29 [DEBUG] [root]show full columns from `heecms_users_group`
2020-05-11 07:55:29 [DEBUG] [root]select * from heecms_users_group   where ((`users_group_id`=1)) and (`heecms_users_group`.delete_time IS NULL or `heecms_users_group`.delete_time <=0 or `heecms_users_group`.delete_time='')    
2020-05-11 07:55:29 [DEBUG] [root]自动加载类：app\admin\model\message
2020-05-11 07:55:29 [DEBUG] [root]show full columns from `heecms_message`
2020-05-11 07:55:29 [DEBUG] [root]select * from heecms_message   where ((`isread`=0 and `receiver_users_id`='1')) and (`heecms_message`.delete_time IS NULL or `heecms_message`.delete_time <=0 or `heecms_message`.delete_time='') order by create_time desc   limit 5
2020-05-11 07:55:29 [DEBUG] [root]自动加载类：app\admin\model\menus
2020-05-11 07:55:29 [DEBUG] [root]show full columns from `heecms_menus`
2020-05-11 07:55:29 [DEBUG] [root]自动加载类：heephp\cache\file
2020-05-11 07:55:29 [DEBUG] [root]自动加载类：heephp\cache\cacheInterface
2020-05-11 07:55:29 [DEBUG] [root]select * from heecms_menus   where ( `parent_id` IS NULL or `parent_id`='' or `parent_id`=0 ) and (`heecms_menus`.delete_time IS NULL or `heecms_menus`.delete_time <=0 or `heecms_menus`.delete_time='') order by ord asc   
2020-05-11 07:55:29 [DEBUG] [root]show full columns from `heecms_menus`
2020-05-11 07:55:29 [DEBUG] [root]select * from heecms_menus   where ((`parent_id`='8')) and (`heecms_menus`.delete_time IS NULL or `heecms_menus`.delete_time <=0 or `heecms_menus`.delete_time='') order by ord asc   
2020-05-11 07:55:29 [DEBUG] [root]自动加载类：app\admin\model\users
2020-05-11 07:55:29 [DEBUG] [root]select * from heecms_users   where ((`users_id`='1')) and (`heecms_users`.delete_time IS NULL or `heecms_users`.delete_time <=0 or `heecms_users`.delete_time='')    
2020-05-11 07:55:29 [DEBUG] [root]select * from heecms_menus   where ((`parent_id`='10')) and (`heecms_menus`.delete_time IS NULL or `heecms_menus`.delete_time <=0 or `heecms_menus`.delete_time='') order by ord asc   
2020-05-11 07:55:29 [DEBUG] [root]select * from heecms_menus   where ((`parent_id`='5')) and (`heecms_menus`.delete_time IS NULL or `heecms_menus`.delete_time <=0 or `heecms_menus`.delete_time='') order by ord asc   
2020-05-11 07:55:29 [DEBUG] [root]select * from heecms_menus   where ((`parent_id`='15')) and (`heecms_menus`.delete_time IS NULL or `heecms_menus`.delete_time <=0 or `heecms_menus`.delete_time='') order by ord asc   
2020-05-11 07:55:29 [DEBUG] [root]select * from heecms_users   where ((`users_id`='1') and (`users_id`='1')) and (`heecms_users`.delete_time IS NULL or `heecms_users`.delete_time <=0 or `heecms_users`.delete_time='')    
2020-05-11 07:55:29 [DEBUG] [root]select * from heecms_menus   where ((`parent_id`='12')) and (`heecms_menus`.delete_time IS NULL or `heecms_menus`.delete_time <=0 or `heecms_menus`.delete_time='') order by ord asc   
2020-05-11 07:55:29 [DEBUG] [root]自动加载类：app\admin\model\category
2020-05-11 07:55:29 [DEBUG] [root]select * from heecms_category   where ( `category_id` = '2') and (`heecms_category`.delete_time IS NULL or `heecms_category`.delete_time <=0 or `heecms_category`.delete_time='')    
2020-05-11 07:55:29 [DEBUG] [root]show full columns from `heecms_model`
2020-05-11 07:55:29 [DEBUG] [root]select * from heecms_model   where (`model_id`='5')    
2020-05-11 07:55:29 [DEBUG] [root]自动加载类：app\admin\model\model_table
2020-05-11 07:55:30 [DEBUG] [root]show full columns from `heecms_model_table`
2020-05-11 07:55:30 [DEBUG] [root]select * from heecms_model_table   where  `model_table_id` = '18'    
2020-05-11 07:55:30 [DEBUG] [root]show full columns from `heecms_model_table`
2020-05-11 07:55:30 [DEBUG] [root]select * from heecms_model_table       
2020-05-11 07:55:30 [DEBUG] [root]show full columns from `heecms_user_model_news`
2020-05-11 07:55:30 [DEBUG] [root]select count(*) c from `heecms_user_model_news` where 1=1
2020-05-11 07:55:30 [DEBUG] [root]select  *  from heecms_user_model_news where 1=1  limit 0,5
2020-05-11 07:55:30 [DEBUG] [root]show full columns from `heecms_model_table_field`
2020-05-11 07:55:30 [DEBUG] [root]select * from heecms_model_table_field       
2020-05-11 07:55:30 [DEBUG] [root]自动加载类：heephp\bulider\table
2020-05-11 07:55:37 [DEBUG] [root]自动加载类：app\admin\controller\adminBase
2020-05-11 07:55:37 [DEBUG] [root]自动加载类：app\admin\model\users_group
2020-05-11 07:55:37 [DEBUG] [root]自动加载类：heephp\model
2020-05-11 07:55:37 [DEBUG] [root]自动加载类：heephp\orm\orm
2020-05-11 07:55:37 [DEBUG] [root]自动加载类：heephp\database\mysqli
2020-05-11 07:55:37 [DEBUG] [root]自动加载类：heephp\database\databaseInterface
2020-05-11 07:55:37 [DEBUG] [root]show full columns from `heecms_users_group`
2020-05-11 07:55:37 [DEBUG] [root]select * from heecms_users_group   where ((`users_group_id`=1)) and (`heecms_users_group`.delete_time IS NULL or `heecms_users_group`.delete_time <=0 or `heecms_users_group`.delete_time='')    
2020-05-11 07:55:37 [DEBUG] [root]自动加载类：app\admin\model\message
2020-05-11 07:55:37 [DEBUG] [root]show full columns from `heecms_message`
2020-05-11 07:55:37 [DEBUG] [root]select * from heecms_message   where ((`isread`=0 and `receiver_users_id`='1')) and (`heecms_message`.delete_time IS NULL or `heecms_message`.delete_time <=0 or `heecms_message`.delete_time='') order by create_time desc   limit 5
2020-05-11 07:55:37 [DEBUG] [root]自动加载类：app\admin\model\menus
2020-05-11 07:55:37 [DEBUG] [root]show full columns from `heecms_menus`
2020-05-11 07:55:37 [DEBUG] [root]自动加载类：heephp\cache\file
2020-05-11 07:55:37 [DEBUG] [root]自动加载类：heephp\cache\cacheInterface
2020-05-11 07:55:37 [DEBUG] [root]select * from heecms_menus   where ( `parent_id` IS NULL or `parent_id`='' or `parent_id`=0 ) and (`heecms_menus`.delete_time IS NULL or `heecms_menus`.delete_time <=0 or `heecms_menus`.delete_time='') order by ord asc   
2020-05-11 07:55:37 [DEBUG] [root]show full columns from `heecms_menus`
2020-05-11 07:55:37 [DEBUG] [root]select * from heecms_menus   where ((`parent_id`='8')) and (`heecms_menus`.delete_time IS NULL or `heecms_menus`.delete_time <=0 or `heecms_menus`.delete_time='') order by ord asc   
2020-05-11 07:55:37 [DEBUG] [root]自动加载类：app\admin\model\users
2020-05-11 07:55:37 [DEBUG] [root]select * from heecms_users   where ((`users_id`='1')) and (`heecms_users`.delete_time IS NULL or `heecms_users`.delete_time <=0 or `heecms_users`.delete_time='')    
2020-05-11 07:55:37 [DEBUG] [root]select * from heecms_menus   where ((`parent_id`='10')) and (`heecms_menus`.delete_time IS NULL or `heecms_menus`.delete_time <=0 or `heecms_menus`.delete_time='') order by ord asc   
2020-05-11 07:55:37 [DEBUG] [root]select * from heecms_menus   where ((`parent_id`='5')) and (`heecms_menus`.delete_time IS NULL or `heecms_menus`.delete_time <=0 or `heecms_menus`.delete_time='') order by ord asc   
2020-05-11 07:55:37 [DEBUG] [root]select * from heecms_menus   where ((`parent_id`='15')) and (`heecms_menus`.delete_time IS NULL or `heecms_menus`.delete_time <=0 or `heecms_menus`.delete_time='') order by ord asc   
2020-05-11 07:55:37 [DEBUG] [root]select * from heecms_users   where ((`users_id`='1') and (`users_id`='1')) and (`heecms_users`.delete_time IS NULL or `heecms_users`.delete_time <=0 or `heecms_users`.delete_time='')    
2020-05-11 07:55:37 [DEBUG] [root]select * from heecms_menus   where ((`parent_id`='12')) and (`heecms_menus`.delete_time IS NULL or `heecms_menus`.delete_time <=0 or `heecms_menus`.delete_time='') order by ord asc   
2020-05-11 07:55:37 [DEBUG] [root]自动加载类：app\admin\model\article
2020-05-11 07:55:37 [DEBUG] [root]select count(*) c from `heecms_article` where 1=1
2020-05-11 07:55:37 [DEBUG] [root]select  *  from heecms_article where 1=1  limit 0,5
2020-05-11 07:55:37 [DEBUG] [root]自动加载类：app\admin\model\category
2020-05-11 07:55:37 [DEBUG] [root]select * from heecms_category   where ((`category_id`='2')) and (`heecms_category`.delete_time IS NULL or `heecms_category`.delete_time <=0 or `heecms_category`.delete_time='')    
2020-05-11 07:55:37 [DEBUG] [root]select * from heecms_category   where ((`category_id`='2')) and (`heecms_category`.delete_time IS NULL or `heecms_category`.delete_time <=0 or `heecms_category`.delete_time='')    
2020-05-11 07:55:37 [DEBUG] [root]select * from heecms_category   where ((`category_id`='2')) and (`heecms_category`.delete_time IS NULL or `heecms_category`.delete_time <=0 or `heecms_category`.delete_time='')    
2020-05-11 07:55:42 [DEBUG] [root]自动加载类：app\admin\controller\adminBase
2020-05-11 07:55:42 [DEBUG] [root]自动加载类：app\admin\model\users_group
2020-05-11 07:55:42 [DEBUG] [root]自动加载类：heephp\model
2020-05-11 07:55:42 [DEBUG] [root]自动加载类：heephp\orm\orm
2020-05-11 07:55:42 [DEBUG] [root]自动加载类：heephp\database\mysqli
2020-05-11 07:55:42 [DEBUG] [root]自动加载类：heephp\database\databaseInterface
2020-05-11 07:55:42 [DEBUG] [root]show full columns from `heecms_users_group`
2020-05-11 07:55:42 [DEBUG] [root]select * from heecms_users_group   where ((`users_group_id`=1)) and (`heecms_users_group`.delete_time IS NULL or `heecms_users_group`.delete_time <=0 or `heecms_users_group`.delete_time='')    
2020-05-11 07:55:42 [DEBUG] [root]自动加载类：app\admin\model\message
2020-05-11 07:55:42 [DEBUG] [root]show full columns from `heecms_message`
2020-05-11 07:55:42 [DEBUG] [root]select * from heecms_message   where ((`isread`=0 and `receiver_users_id`='1')) and (`heecms_message`.delete_time IS NULL or `heecms_message`.delete_time <=0 or `heecms_message`.delete_time='') order by create_time desc   limit 5
2020-05-11 07:55:42 [DEBUG] [root]自动加载类：app\admin\model\menus
2020-05-11 07:55:42 [DEBUG] [root]show full columns from `heecms_menus`
2020-05-11 07:55:42 [DEBUG] [root]自动加载类：heephp\cache\file
2020-05-11 07:55:42 [DEBUG] [root]自动加载类：heephp\cache\cacheInterface
2020-05-11 07:55:42 [DEBUG] [root]select * from heecms_menus   where ( `parent_id` IS NULL or `parent_id`='' or `parent_id`=0 ) and (`heecms_menus`.delete_time IS NULL or `heecms_menus`.delete_time <=0 or `heecms_menus`.delete_time='') order by ord asc   
2020-05-11 07:55:42 [DEBUG] [root]show full columns from `heecms_menus`
2020-05-11 07:55:42 [DEBUG] [root]select * from heecms_menus   where ((`parent_id`='8')) and (`heecms_menus`.delete_time IS NULL or `heecms_menus`.delete_time <=0 or `heecms_menus`.delete_time='') order by ord asc   
2020-05-11 07:55:42 [DEBUG] [root]自动加载类：app\admin\model\users
2020-05-11 07:55:42 [DEBUG] [root]select * from heecms_users   where ((`users_id`='1')) and (`heecms_users`.delete_time IS NULL or `heecms_users`.delete_time <=0 or `heecms_users`.delete_time='')    
2020-05-11 07:55:42 [DEBUG] [root]select * from heecms_menus   where ((`parent_id`='10')) and (`heecms_menus`.delete_time IS NULL or `heecms_menus`.delete_time <=0 or `heecms_menus`.delete_time='') order by ord asc   
2020-05-11 07:55:43 [DEBUG] [root]select * from heecms_users   where ((`users_id`='1')) and (`heecms_users`.delete_time IS NULL or `heecms_users`.delete_time <=0 or `heecms_users`.delete_time='')    
2020-05-11 07:55:43 [DEBUG] [root]select * from heecms_menus   where ((`parent_id`='5')) and (`heecms_menus`.delete_time IS NULL or `heecms_menus`.delete_time <=0 or `heecms_menus`.delete_time='') order by ord asc   
2020-05-11 07:55:43 [DEBUG] [root]select * from heecms_menus   where ((`parent_id`='15')) and (`heecms_menus`.delete_time IS NULL or `heecms_menus`.delete_time <=0 or `heecms_menus`.delete_time='') order by ord asc   
2020-05-11 07:55:43 [DEBUG] [root]select * from heecms_users   where ((`users_id`='1') and (`users_id`='1')) and (`heecms_users`.delete_time IS NULL or `heecms_users`.delete_time <=0 or `heecms_users`.delete_time='')    
2020-05-11 07:55:43 [DEBUG] [root]select * from heecms_menus   where ((`parent_id`='12')) and (`heecms_menus`.delete_time IS NULL or `heecms_menus`.delete_time <=0 or `heecms_menus`.delete_time='') order by ord asc   
2020-05-11 07:55:43 [DEBUG] [root]自动加载类：app\admin\model\article
2020-05-11 07:55:43 [DEBUG] [root]select count(*) c from `heecms_article` where 1=1
2020-05-11 07:55:43 [DEBUG] [root]select  *  from heecms_article where 1=1  limit 0,5
2020-05-11 07:55:43 [DEBUG] [root]自动加载类：app\admin\model\category
2020-05-11 07:55:43 [DEBUG] [root]select * from heecms_category   where ((`category_id`='2')) and (`heecms_category`.delete_time IS NULL or `heecms_category`.delete_time <=0 or `heecms_category`.delete_time='')    
2020-05-11 07:55:43 [DEBUG] [root]select * from heecms_category   where ((`category_id`='2')) and (`heecms_category`.delete_time IS NULL or `heecms_category`.delete_time <=0 or `heecms_category`.delete_time='')    
2020-05-11 07:55:43 [DEBUG] [root]select * from heecms_category   where ((`category_id`='2')) and (`heecms_category`.delete_time IS NULL or `heecms_category`.delete_time <=0 or `heecms_category`.delete_time='')    
2020-05-11 07:56:23 [DEBUG] [root]自动加载类：app\admin\controller\adminBase
2020-05-11 07:56:23 [DEBUG] [root]自动加载类：app\admin\model\users_group
2020-05-11 07:56:23 [DEBUG] [root]自动加载类：heephp\model
2020-05-11 07:56:23 [DEBUG] [root]自动加载类：heephp\orm\orm
2020-05-11 07:56:23 [DEBUG] [root]自动加载类：heephp\database\mysqli
2020-05-11 07:56:23 [DEBUG] [root]自动加载类：heephp\database\databaseInterface
2020-05-11 07:56:23 [DEBUG] [root]show full columns from `heecms_users_group`
2020-05-11 07:56:23 [DEBUG] [root]select * from heecms_users_group   where ((`users_group_id`=1)) and (`heecms_users_group`.delete_time IS NULL or `heecms_users_group`.delete_time <=0 or `heecms_users_group`.delete_time='')    
2020-05-11 07:56:23 [DEBUG] [root]自动加载类：app\admin\model\message
2020-05-11 07:56:23 [DEBUG] [root]show full columns from `heecms_message`
2020-05-11 07:56:23 [DEBUG] [root]select * from heecms_message   where ((`isread`=0 and `receiver_users_id`='1')) and (`heecms_message`.delete_time IS NULL or `heecms_message`.delete_time <=0 or `heecms_message`.delete_time='') order by create_time desc   limit 5
2020-05-11 07:56:23 [DEBUG] [root]自动加载类：app\admin\model\menus
2020-05-11 07:56:23 [DEBUG] [root]show full columns from `heecms_menus`
2020-05-11 07:56:23 [DEBUG] [root]自动加载类：heephp\cache\file
2020-05-11 07:56:23 [DEBUG] [root]自动加载类：heephp\cache\cacheInterface
2020-05-11 07:56:23 [DEBUG] [root]select * from heecms_menus   where ( `parent_id` IS NULL or `parent_id`='' or `parent_id`=0 ) and (`heecms_menus`.delete_time IS NULL or `heecms_menus`.delete_time <=0 or `heecms_menus`.delete_time='') order by ord asc   
2020-05-11 07:56:23 [DEBUG] [root]show full columns from `heecms_menus`
2020-05-11 07:56:23 [DEBUG] [root]select * from heecms_menus   where ((`parent_id`='8')) and (`heecms_menus`.delete_time IS NULL or `heecms_menus`.delete_time <=0 or `heecms_menus`.delete_time='') order by ord asc   
2020-05-11 07:56:23 [DEBUG] [root]自动加载类：app\admin\model\users
2020-05-11 07:56:23 [DEBUG] [root]select * from heecms_users   where ((`users_id`='1')) and (`heecms_users`.delete_time IS NULL or `heecms_users`.delete_time <=0 or `heecms_users`.delete_time='')    
2020-05-11 07:56:23 [DEBUG] [root]select * from heecms_menus   where ((`parent_id`='10')) and (`heecms_menus`.delete_time IS NULL or `heecms_menus`.delete_time <=0 or `heecms_menus`.delete_time='') order by ord asc   
2020-05-11 07:56:23 [DEBUG] [root]select * from heecms_menus   where ((`parent_id`='5')) and (`heecms_menus`.delete_time IS NULL or `heecms_menus`.delete_time <=0 or `heecms_menus`.delete_time='') order by ord asc   
2020-05-11 07:56:23 [DEBUG] [root]select * from heecms_menus   where ((`parent_id`='15')) and (`heecms_menus`.delete_time IS NULL or `heecms_menus`.delete_time <=0 or `heecms_menus`.delete_time='') order by ord asc   
2020-05-11 07:56:23 [DEBUG] [root]select * from heecms_users   where ((`users_id`='1') and (`users_id`='1')) and (`heecms_users`.delete_time IS NULL or `heecms_users`.delete_time <=0 or `heecms_users`.delete_time='')    
2020-05-11 07:56:23 [DEBUG] [root]select * from heecms_menus   where ((`parent_id`='12')) and (`heecms_menus`.delete_time IS NULL or `heecms_menus`.delete_time <=0 or `heecms_menus`.delete_time='') order by ord asc   
2020-05-11 07:56:23 [DEBUG] [root]自动加载类：app\admin\model\category
2020-05-11 07:56:23 [DEBUG] [root]select * from heecms_category   where ( `parent_id` IS NULL or `parent_id`='' or `parent_id`=0 ) and (`heecms_category`.delete_time IS NULL or `heecms_category`.delete_time <=0 or `heecms_category`.delete_time='')    
2020-05-11 07:56:23 [DEBUG] [root]select * from heecms_category   where ((`parent_id`='1')) and (`heecms_category`.delete_time IS NULL or `heecms_category`.delete_time <=0 or `heecms_category`.delete_time='') order by parent_id asc   
