2020-05-11 12:00:26 [DEBUG] [root]自动加载类：app\admin\controller\adminBase
2020-05-11 12:00:26 [DEBUG] [root]自动加载类：app\admin\model\users_group
2020-05-11 12:00:26 [DEBUG] [root]自动加载类：heephp\model
2020-05-11 12:00:26 [DEBUG] [root]自动加载类：heephp\orm\orm
2020-05-11 12:00:26 [DEBUG] [root]自动加载类：heephp\database\mysqli
2020-05-11 12:00:26 [DEBUG] [root]自动加载类：heephp\database\databaseInterface
2020-05-11 12:00:26 [DEBUG] [root]show full columns from `heecms_users_group`
2020-05-11 12:00:26 [DEBUG] [root]select * from heecms_users_group   where ((`users_group_id`=1)) and (`heecms_users_group`.delete_time IS NULL or `heecms_users_group`.delete_time <=0 or `heecms_users_group`.delete_time='')    
2020-05-11 12:00:26 [DEBUG] [root]自动加载类：app\admin\model\message
2020-05-11 12:00:26 [DEBUG] [root]show full columns from `heecms_message`
2020-05-11 12:00:26 [DEBUG] [root]select * from heecms_message   where ((`isread`=0 and `receiver_users_id`='1')) and (`heecms_message`.delete_time IS NULL or `heecms_message`.delete_time <=0 or `heecms_message`.delete_time='')  order by create_time desc  limit 5
2020-05-11 12:00:26 [DEBUG] [root]自动加载类：app\admin\model\menus
2020-05-11 12:00:26 [DEBUG] [root]show full columns from `heecms_menus`
2020-05-11 12:00:26 [DEBUG] [root]自动加载类：heephp\cache\file
2020-05-11 12:00:26 [DEBUG] [root]自动加载类：heephp\cache\cacheInterface
2020-05-11 12:00:26 [DEBUG] [root]show full columns from `heecms_menus`
2020-05-11 12:00:26 [DEBUG] [root]自动加载类：app\admin\model\users
2020-05-11 12:00:26 [DEBUG] [root]自动加载类：app\admin\model\shop_cart
2020-05-11 12:00:26 [DEBUG] [root]select count(*) c from `heecms_shop_cart` where 1=1
2020-05-11 12:00:26 [DEBUG] [root]select *,sum(num) pcount from heecms_shop_cart    group by create_users_id order by create_time desc  
2020-05-11 12:00:26 [DEBUG] [root]自动加载类：app\admin\model\shop_product
2020-05-11 12:00:26 [DEBUG] [root]select * from heecms_shop_product   where ((`shop_product_id`='1')) and (`heecms_shop_product`.delete_time IS NULL or `heecms_shop_product`.delete_time <=0 or `heecms_shop_product`.delete_time='')    
2020-05-11 12:00:39 [DEBUG] [root]自动加载类：app\admin\controller\adminBase
2020-05-11 12:00:39 [DEBUG] [root]自动加载类：app\admin\model\users_group
2020-05-11 12:00:39 [DEBUG] [root]自动加载类：heephp\model
2020-05-11 12:00:39 [DEBUG] [root]自动加载类：heephp\orm\orm
2020-05-11 12:00:39 [DEBUG] [root]自动加载类：heephp\database\mysqli
2020-05-11 12:00:39 [DEBUG] [root]自动加载类：heephp\database\databaseInterface
2020-05-11 12:00:39 [DEBUG] [root]show full columns from `heecms_users_group`
2020-05-11 12:00:39 [DEBUG] [root]select * from heecms_users_group   where ((`users_group_id`=1)) and (`heecms_users_group`.delete_time IS NULL or `heecms_users_group`.delete_time <=0 or `heecms_users_group`.delete_time='')    
2020-05-11 12:00:39 [DEBUG] [root]自动加载类：app\admin\model\message
2020-05-11 12:00:39 [DEBUG] [root]show full columns from `heecms_message`
2020-05-11 12:00:39 [DEBUG] [root]select * from heecms_message   where ((`isread`=0 and `receiver_users_id`='1')) and (`heecms_message`.delete_time IS NULL or `heecms_message`.delete_time <=0 or `heecms_message`.delete_time='')  order by create_time desc  limit 5
2020-05-11 12:00:39 [DEBUG] [root]自动加载类：app\admin\model\menus
2020-05-11 12:00:39 [DEBUG] [root]show full columns from `heecms_menus`
2020-05-11 12:00:39 [DEBUG] [root]自动加载类：heephp\cache\file
2020-05-11 12:00:39 [DEBUG] [root]自动加载类：heephp\cache\cacheInterface
2020-05-11 12:00:39 [DEBUG] [root]show full columns from `heecms_menus`
2020-05-11 12:00:39 [DEBUG] [root]自动加载类：app\admin\model\users
2020-05-11 12:00:40 [DEBUG] [root]自动加载类：app\admin\model\shop_cart
2020-05-11 12:00:40 [DEBUG] [root]select count(*) c from `heecms_shop_cart` where 1=1
2020-05-11 12:00:40 [DEBUG] [root]select *,sum(num) pcount from heecms_shop_cart    group by create_users_id order by create_time desc  
2020-05-11 12:00:40 [DEBUG] [root]自动加载类：app\admin\model\shop_product
2020-05-11 12:00:40 [DEBUG] [root]select * from heecms_shop_product   where ((`shop_product_id`='1')) and (`heecms_shop_product`.delete_time IS NULL or `heecms_shop_product`.delete_time <=0 or `heecms_shop_product`.delete_time='')    
2020-05-11 12:00:43 [DEBUG] [root]自动加载类：app\admin\controller\adminBase
2020-05-11 12:00:43 [DEBUG] [root]自动加载类：app\admin\model\users_group
2020-05-11 12:00:43 [DEBUG] [root]自动加载类：heephp\model
2020-05-11 12:00:43 [DEBUG] [root]自动加载类：heephp\orm\orm
2020-05-11 12:00:43 [DEBUG] [root]自动加载类：heephp\database\mysqli
2020-05-11 12:00:43 [DEBUG] [root]自动加载类：heephp\database\databaseInterface
2020-05-11 12:00:43 [DEBUG] [root]show full columns from `heecms_users_group`
2020-05-11 12:00:43 [DEBUG] [root]select * from heecms_users_group   where ((`users_group_id`=1)) and (`heecms_users_group`.delete_time IS NULL or `heecms_users_group`.delete_time <=0 or `heecms_users_group`.delete_time='')    
2020-05-11 12:00:43 [DEBUG] [root]自动加载类：app\admin\model\message
2020-05-11 12:00:43 [DEBUG] [root]show full columns from `heecms_message`
2020-05-11 12:00:43 [DEBUG] [root]select * from heecms_message   where ((`isread`=0 and `receiver_users_id`='1')) and (`heecms_message`.delete_time IS NULL or `heecms_message`.delete_time <=0 or `heecms_message`.delete_time='')  order by create_time desc  limit 5
2020-05-11 12:00:43 [DEBUG] [root]自动加载类：app\admin\model\menus
2020-05-11 12:00:43 [DEBUG] [root]show full columns from `heecms_menus`
2020-05-11 12:00:43 [DEBUG] [root]自动加载类：heephp\cache\file
2020-05-11 12:00:43 [DEBUG] [root]自动加载类：heephp\cache\cacheInterface
2020-05-11 12:00:43 [DEBUG] [root]show full columns from `heecms_menus`
2020-05-11 12:00:43 [DEBUG] [root]自动加载类：app\admin\model\users
2020-05-11 12:00:43 [DEBUG] [root]自动加载类：app\admin\model\shop_cart
2020-05-11 12:00:43 [DEBUG] [root]select count(*) c from `heecms_shop_cart` where 1=1
2020-05-11 12:00:43 [DEBUG] [root]select *,sum(num) pcount from heecms_shop_cart    group by create_users_id order by create_time desc  
2020-05-11 12:00:43 [DEBUG] [root]自动加载类：app\admin\model\shop_product
2020-05-11 12:00:43 [DEBUG] [root]select * from heecms_shop_product   where ((`shop_product_id`='1')) and (`heecms_shop_product`.delete_time IS NULL or `heecms_shop_product`.delete_time <=0 or `heecms_shop_product`.delete_time='')    
2020-05-11 12:02:12 [DEBUG] [root]自动加载类：app\admin\controller\adminBase
2020-05-11 12:02:12 [DEBUG] [root]自动加载类：app\admin\model\users_group
2020-05-11 12:02:12 [DEBUG] [root]自动加载类：heephp\model
2020-05-11 12:02:12 [DEBUG] [root]自动加载类：heephp\orm\orm
2020-05-11 12:02:12 [DEBUG] [root]自动加载类：heephp\database\mysqli
2020-05-11 12:02:12 [DEBUG] [root]自动加载类：heephp\database\databaseInterface
2020-05-11 12:02:12 [DEBUG] [root]show full columns from `heecms_users_group`
2020-05-11 12:02:12 [DEBUG] [root]select * from heecms_users_group   where ((`users_group_id`=1)) and (`heecms_users_group`.delete_time IS NULL or `heecms_users_group`.delete_time <=0 or `heecms_users_group`.delete_time='')    
2020-05-11 12:02:12 [DEBUG] [root]自动加载类：app\admin\model\message
2020-05-11 12:02:12 [DEBUG] [root]show full columns from `heecms_message`
2020-05-11 12:02:12 [DEBUG] [root]select * from heecms_message   where ((`isread`=0 and `receiver_users_id`='1')) and (`heecms_message`.delete_time IS NULL or `heecms_message`.delete_time <=0 or `heecms_message`.delete_time='')  order by create_time desc  limit 5
2020-05-11 12:02:12 [DEBUG] [root]自动加载类：app\admin\model\menus
2020-05-11 12:02:12 [DEBUG] [root]show full columns from `heecms_menus`
2020-05-11 12:02:12 [DEBUG] [root]自动加载类：heephp\cache\file
2020-05-11 12:02:12 [DEBUG] [root]自动加载类：heephp\cache\cacheInterface
2020-05-11 12:02:12 [DEBUG] [root]show full columns from `heecms_menus`
2020-05-11 12:02:12 [DEBUG] [root]自动加载类：app\admin\model\users
2020-05-11 12:02:12 [DEBUG] [root]自动加载类：app\admin\model\shop_cart
2020-05-11 12:02:12 [DEBUG] [root]select count(*) c from `heecms_shop_cart` where 1=1
2020-05-11 12:02:12 [DEBUG] [root]select *,sum(num) pcount from heecms_shop_cart    group by create_users_id order by create_time desc  
2020-05-11 12:02:12 [DEBUG] [root]自动加载类：app\admin\model\shop_product
2020-05-11 12:02:12 [DEBUG] [root]select * from heecms_shop_product   where ((`shop_product_id`='1')) and (`heecms_shop_product`.delete_time IS NULL or `heecms_shop_product`.delete_time <=0 or `heecms_shop_product`.delete_time='')    
2020-05-11 12:02:16 [DEBUG] [root]自动加载类：app\admin\controller\adminBase
2020-05-11 12:02:16 [DEBUG] [root]自动加载类：app\admin\model\users_group
2020-05-11 12:02:16 [DEBUG] [root]自动加载类：heephp\model
2020-05-11 12:02:16 [DEBUG] [root]自动加载类：heephp\orm\orm
2020-05-11 12:02:16 [DEBUG] [root]自动加载类：heephp\database\mysqli
2020-05-11 12:02:16 [DEBUG] [root]自动加载类：heephp\database\databaseInterface
2020-05-11 12:02:16 [DEBUG] [root]show full columns from `heecms_users_group`
2020-05-11 12:02:16 [DEBUG] [root]select * from heecms_users_group   where ((`users_group_id`=1)) and (`heecms_users_group`.delete_time IS NULL or `heecms_users_group`.delete_time <=0 or `heecms_users_group`.delete_time='')    
2020-05-11 12:02:16 [DEBUG] [root]自动加载类：app\admin\model\message
2020-05-11 12:02:16 [DEBUG] [root]show full columns from `heecms_message`
2020-05-11 12:02:16 [DEBUG] [root]select * from heecms_message   where ((`isread`=0 and `receiver_users_id`='1')) and (`heecms_message`.delete_time IS NULL or `heecms_message`.delete_time <=0 or `heecms_message`.delete_time='')  order by create_time desc  limit 5
2020-05-11 12:02:16 [DEBUG] [root]自动加载类：app\admin\model\menus
2020-05-11 12:02:16 [DEBUG] [root]show full columns from `heecms_menus`
2020-05-11 12:02:16 [DEBUG] [root]自动加载类：heephp\cache\file
2020-05-11 12:02:16 [DEBUG] [root]自动加载类：heephp\cache\cacheInterface
2020-05-11 12:02:16 [DEBUG] [root]show full columns from `heecms_menus`
2020-05-11 12:02:16 [DEBUG] [root]自动加载类：app\admin\model\users
2020-05-11 12:02:16 [DEBUG] [root]自动加载类：app\admin\model\shop_cart
2020-05-11 12:02:16 [DEBUG] [root]select count(*) c from `heecms_shop_cart` where 1=1
2020-05-11 12:02:16 [DEBUG] [root]select *,sum(num) pcount from heecms_shop_cart    group by create_users_id order by create_time desc  
2020-05-11 12:02:16 [DEBUG] [root]自动加载类：app\admin\model\shop_product
2020-05-11 12:02:16 [DEBUG] [root]select * from heecms_shop_product   where ((`shop_product_id`='1')) and (`heecms_shop_product`.delete_time IS NULL or `heecms_shop_product`.delete_time <=0 or `heecms_shop_product`.delete_time='')    
2020-05-11 12:03:35 [DEBUG] [root]自动加载类：app\admin\controller\adminBase
2020-05-11 12:03:35 [DEBUG] [root]自动加载类：app\admin\model\users_group
2020-05-11 12:03:35 [DEBUG] [root]自动加载类：heephp\model
2020-05-11 12:03:35 [DEBUG] [root]自动加载类：heephp\orm\orm
2020-05-11 12:03:35 [DEBUG] [root]自动加载类：heephp\database\mysqli
2020-05-11 12:03:35 [DEBUG] [root]自动加载类：heephp\database\databaseInterface
2020-05-11 12:03:35 [DEBUG] [root]show full columns from `heecms_users_group`
2020-05-11 12:03:35 [DEBUG] [root]select * from heecms_users_group   where ((`users_group_id`=1)) and (`heecms_users_group`.delete_time IS NULL or `heecms_users_group`.delete_time <=0 or `heecms_users_group`.delete_time='')    
2020-05-11 12:03:35 [DEBUG] [root]自动加载类：app\admin\model\message
2020-05-11 12:03:35 [DEBUG] [root]show full columns from `heecms_message`
2020-05-11 12:03:35 [DEBUG] [root]select * from heecms_message   where ((`isread`=0 and `receiver_users_id`='1')) and (`heecms_message`.delete_time IS NULL or `heecms_message`.delete_time <=0 or `heecms_message`.delete_time='')  order by create_time desc  limit 5
2020-05-11 12:03:35 [DEBUG] [root]自动加载类：app\admin\model\menus
2020-05-11 12:03:35 [DEBUG] [root]show full columns from `heecms_menus`
2020-05-11 12:03:35 [DEBUG] [root]自动加载类：heephp\cache\file
2020-05-11 12:03:35 [DEBUG] [root]自动加载类：heephp\cache\cacheInterface
2020-05-11 12:03:35 [DEBUG] [root]show full columns from `heecms_menus`
2020-05-11 12:03:35 [DEBUG] [root]自动加载类：app\admin\model\users
2020-05-11 12:03:35 [DEBUG] [root]自动加载类：app\admin\model\shop_cart
2020-05-11 12:03:35 [DEBUG] [root]select count(*) c from `heecms_shop_cart` where 1=1
2020-05-11 12:03:35 [DEBUG] [root]select *,sum(num) pcount from heecms_shop_cart    group by create_users_id order by create_time desc  
2020-05-11 12:03:35 [DEBUG] [root]自动加载类：app\admin\model\shop_product
2020-05-11 12:03:35 [DEBUG] [root]select * from heecms_shop_product   where ((`shop_product_id`='1')) and (`heecms_shop_product`.delete_time IS NULL or `heecms_shop_product`.delete_time <=0 or `heecms_shop_product`.delete_time='')    
2020-05-11 12:04:35 [DEBUG] [root]自动加载类：app\admin\controller\adminBase
2020-05-11 12:04:35 [DEBUG] [root]自动加载类：app\admin\model\users_group
2020-05-11 12:04:35 [DEBUG] [root]自动加载类：heephp\model
2020-05-11 12:04:35 [DEBUG] [root]自动加载类：heephp\orm\orm
2020-05-11 12:04:35 [DEBUG] [root]自动加载类：heephp\database\mysqli
2020-05-11 12:04:35 [DEBUG] [root]自动加载类：heephp\database\databaseInterface
2020-05-11 12:04:35 [DEBUG] [root]show full columns from `heecms_users_group`
2020-05-11 12:04:35 [DEBUG] [root]select * from heecms_users_group   where ((`users_group_id`=1)) and (`heecms_users_group`.delete_time IS NULL or `heecms_users_group`.delete_time <=0 or `heecms_users_group`.delete_time='')    
2020-05-11 12:04:35 [DEBUG] [root]自动加载类：app\admin\model\message
2020-05-11 12:04:35 [DEBUG] [root]show full columns from `heecms_message`
2020-05-11 12:04:35 [DEBUG] [root]select * from heecms_message   where ((`isread`=0 and `receiver_users_id`='1')) and (`heecms_message`.delete_time IS NULL or `heecms_message`.delete_time <=0 or `heecms_message`.delete_time='')  order by create_time desc  limit 5
2020-05-11 12:04:35 [DEBUG] [root]自动加载类：app\admin\model\menus
2020-05-11 12:04:35 [DEBUG] [root]show full columns from `heecms_menus`
2020-05-11 12:04:35 [DEBUG] [root]自动加载类：heephp\cache\file
2020-05-11 12:04:35 [DEBUG] [root]自动加载类：heephp\cache\cacheInterface
2020-05-11 12:04:35 [DEBUG] [root]show full columns from `heecms_menus`
2020-05-11 12:04:35 [DEBUG] [root]自动加载类：app\admin\model\users
2020-05-11 12:04:35 [DEBUG] [root]自动加载类：app\admin\model\shop_cart
2020-05-11 12:04:35 [DEBUG] [root]select count(*) c from `heecms_shop_cart` where 1=1
2020-05-11 12:04:35 [DEBUG] [root]select *,sum(num) pcount from heecms_shop_cart    group by create_users_id order by create_time desc  
2020-05-11 12:04:35 [DEBUG] [root]自动加载类：app\admin\model\shop_product
2020-05-11 12:04:35 [DEBUG] [root]select * from heecms_shop_product   where ((`shop_product_id`='1')) and (`heecms_shop_product`.delete_time IS NULL or `heecms_shop_product`.delete_time <=0 or `heecms_shop_product`.delete_time='')    
2020-05-11 12:04:36 [DEBUG] [root]自动加载类：app\admin\controller\adminBase
2020-05-11 12:04:36 [DEBUG] [root]自动加载类：app\admin\model\users_group
2020-05-11 12:04:36 [DEBUG] [root]自动加载类：heephp\model
2020-05-11 12:04:36 [DEBUG] [root]自动加载类：heephp\orm\orm
2020-05-11 12:04:36 [DEBUG] [root]自动加载类：heephp\database\mysqli
2020-05-11 12:04:36 [DEBUG] [root]自动加载类：heephp\database\databaseInterface
2020-05-11 12:04:36 [DEBUG] [root]show full columns from `heecms_users_group`
2020-05-11 12:04:36 [DEBUG] [root]select * from heecms_users_group   where ((`users_group_id`=1)) and (`heecms_users_group`.delete_time IS NULL or `heecms_users_group`.delete_time <=0 or `heecms_users_group`.delete_time='')    
2020-05-11 12:04:36 [DEBUG] [root]自动加载类：app\admin\model\message
2020-05-11 12:04:36 [DEBUG] [root]show full columns from `heecms_message`
2020-05-11 12:04:36 [DEBUG] [root]select * from heecms_message   where ((`isread`=0 and `receiver_users_id`='1')) and (`heecms_message`.delete_time IS NULL or `heecms_message`.delete_time <=0 or `heecms_message`.delete_time='')  order by create_time desc  limit 5
2020-05-11 12:04:36 [DEBUG] [root]自动加载类：app\admin\model\menus
2020-05-11 12:04:36 [DEBUG] [root]show full columns from `heecms_menus`
2020-05-11 12:04:36 [DEBUG] [root]自动加载类：heephp\cache\file
2020-05-11 12:04:36 [DEBUG] [root]自动加载类：heephp\cache\cacheInterface
2020-05-11 12:04:36 [DEBUG] [root]show full columns from `heecms_menus`
2020-05-11 12:04:36 [DEBUG] [root]自动加载类：app\admin\model\users
2020-05-11 12:04:36 [DEBUG] [root]自动加载类：app\admin\model\shop_cart
2020-05-11 12:04:36 [DEBUG] [root]select count(*) c from `heecms_shop_cart` where 1=1
2020-05-11 12:04:36 [DEBUG] [root]select *,sum(num) pcount from heecms_shop_cart    group by create_users_id order by create_time desc  
2020-05-11 12:04:36 [DEBUG] [root]自动加载类：app\admin\model\shop_product
2020-05-11 12:04:36 [DEBUG] [root]select * from heecms_shop_product   where ((`shop_product_id`='1')) and (`heecms_shop_product`.delete_time IS NULL or `heecms_shop_product`.delete_time <=0 or `heecms_shop_product`.delete_time='')    
2020-05-11 12:04:37 [DEBUG] [root]自动加载类：app\admin\controller\adminBase
2020-05-11 12:04:37 [DEBUG] [root]自动加载类：app\admin\model\users_group
2020-05-11 12:04:37 [DEBUG] [root]自动加载类：heephp\model
2020-05-11 12:04:37 [DEBUG] [root]自动加载类：heephp\orm\orm
2020-05-11 12:04:37 [DEBUG] [root]自动加载类：heephp\database\mysqli
2020-05-11 12:04:37 [DEBUG] [root]自动加载类：heephp\database\databaseInterface
2020-05-11 12:04:37 [DEBUG] [root]show full columns from `heecms_users_group`
2020-05-11 12:04:37 [DEBUG] [root]select * from heecms_users_group   where ((`users_group_id`=1)) and (`heecms_users_group`.delete_time IS NULL or `heecms_users_group`.delete_time <=0 or `heecms_users_group`.delete_time='')    
2020-05-11 12:04:37 [DEBUG] [root]自动加载类：app\admin\model\message
2020-05-11 12:04:37 [DEBUG] [root]show full columns from `heecms_message`
2020-05-11 12:04:37 [DEBUG] [root]select * from heecms_message   where ((`isread`=0 and `receiver_users_id`='1')) and (`heecms_message`.delete_time IS NULL or `heecms_message`.delete_time <=0 or `heecms_message`.delete_time='')  order by create_time desc  limit 5
2020-05-11 12:04:37 [DEBUG] [root]自动加载类：app\admin\model\menus
2020-05-11 12:04:37 [DEBUG] [root]show full columns from `heecms_menus`
2020-05-11 12:04:37 [DEBUG] [root]自动加载类：heephp\cache\file
2020-05-11 12:04:37 [DEBUG] [root]自动加载类：heephp\cache\cacheInterface
2020-05-11 12:04:37 [DEBUG] [root]show full columns from `heecms_menus`
2020-05-11 12:04:37 [DEBUG] [root]自动加载类：app\admin\model\users
2020-05-11 12:04:37 [DEBUG] [root]自动加载类：app\admin\model\shop_cart
2020-05-11 12:04:37 [DEBUG] [root]select count(*) c from `heecms_shop_cart` where 1=1
2020-05-11 12:04:37 [DEBUG] [root]select *,sum(num) pcount from heecms_shop_cart    group by create_users_id order by create_time desc  
2020-05-11 12:04:37 [DEBUG] [root]自动加载类：app\admin\model\shop_product
2020-05-11 12:04:37 [DEBUG] [root]select * from heecms_shop_product   where ((`shop_product_id`='1')) and (`heecms_shop_product`.delete_time IS NULL or `heecms_shop_product`.delete_time <=0 or `heecms_shop_product`.delete_time='')    
2020-05-11 12:05:57 [DEBUG] [root]自动加载类：app\admin\controller\adminBase
2020-05-11 12:05:57 [DEBUG] [root]自动加载类：app\admin\model\users_group
2020-05-11 12:05:57 [DEBUG] [root]自动加载类：heephp\model
2020-05-11 12:05:57 [DEBUG] [root]自动加载类：heephp\orm\orm
2020-05-11 12:05:57 [DEBUG] [root]自动加载类：heephp\database\mysqli
2020-05-11 12:05:57 [DEBUG] [root]自动加载类：heephp\database\databaseInterface
2020-05-11 12:05:57 [DEBUG] [root]show full columns from `heecms_users_group`
2020-05-11 12:05:57 [DEBUG] [root]select * from heecms_users_group   where ((`users_group_id`=1)) and (`heecms_users_group`.delete_time IS NULL or `heecms_users_group`.delete_time <=0 or `heecms_users_group`.delete_time='')    
2020-05-11 12:05:57 [DEBUG] [root]自动加载类：app\admin\model\message
2020-05-11 12:05:57 [DEBUG] [root]show full columns from `heecms_message`
2020-05-11 12:05:57 [DEBUG] [root]select * from heecms_message   where ((`isread`=0 and `receiver_users_id`='1')) and (`heecms_message`.delete_time IS NULL or `heecms_message`.delete_time <=0 or `heecms_message`.delete_time='')  order by create_time desc  limit 5
2020-05-11 12:05:57 [DEBUG] [root]自动加载类：app\admin\model\menus
2020-05-11 12:05:57 [DEBUG] [root]show full columns from `heecms_menus`
2020-05-11 12:05:57 [DEBUG] [root]自动加载类：heephp\cache\file
2020-05-11 12:05:57 [DEBUG] [root]自动加载类：heephp\cache\cacheInterface
2020-05-11 12:05:57 [DEBUG] [root]show full columns from `heecms_menus`
2020-05-11 12:05:57 [DEBUG] [root]自动加载类：app\admin\model\users
2020-05-11 12:05:57 [DEBUG] [root]自动加载类：app\admin\model\shop_cart
2020-05-11 12:05:57 [DEBUG] [root]select count(*) c from `heecms_shop_cart` where 1=1
2020-05-11 12:05:57 [DEBUG] [root]select *,sum(num) pcount from heecms_shop_cart    group by create_users_id order by create_time desc  
2020-05-11 12:05:57 [DEBUG] [root]自动加载类：app\admin\model\shop_product
2020-05-11 12:05:57 [DEBUG] [root]select * from heecms_shop_product   where ((`shop_product_id`='1')) and (`heecms_shop_product`.delete_time IS NULL or `heecms_shop_product`.delete_time <=0 or `heecms_shop_product`.delete_time='')    
2020-05-11 12:07:33 [DEBUG] [root]自动加载类：app\admin\controller\adminBase
2020-05-11 12:07:33 [DEBUG] [root]自动加载类：app\admin\model\users_group
2020-05-11 12:07:33 [DEBUG] [root]自动加载类：heephp\model
2020-05-11 12:07:33 [DEBUG] [root]自动加载类：heephp\orm\orm
2020-05-11 12:07:33 [DEBUG] [root]自动加载类：heephp\database\mysqli
2020-05-11 12:07:33 [DEBUG] [root]自动加载类：heephp\database\databaseInterface
2020-05-11 12:07:33 [DEBUG] [root]show full columns from `heecms_users_group`
2020-05-11 12:07:33 [DEBUG] [root]select * from heecms_users_group   where ((`users_group_id`=1)) and (`heecms_users_group`.delete_time IS NULL or `heecms_users_group`.delete_time <=0 or `heecms_users_group`.delete_time='')    
2020-05-11 12:07:33 [DEBUG] [root]自动加载类：app\admin\model\message
2020-05-11 12:07:33 [DEBUG] [root]show full columns from `heecms_message`
2020-05-11 12:07:33 [DEBUG] [root]select * from heecms_message   where ((`isread`=0 and `receiver_users_id`='1')) and (`heecms_message`.delete_time IS NULL or `heecms_message`.delete_time <=0 or `heecms_message`.delete_time='')  order by create_time desc  limit 5
2020-05-11 12:07:33 [DEBUG] [root]自动加载类：app\admin\model\menus
2020-05-11 12:07:33 [DEBUG] [root]show full columns from `heecms_menus`
2020-05-11 12:07:33 [DEBUG] [root]自动加载类：heephp\cache\file
2020-05-11 12:07:33 [DEBUG] [root]自动加载类：heephp\cache\cacheInterface
2020-05-11 12:07:33 [DEBUG] [root]show full columns from `heecms_menus`
2020-05-11 12:07:33 [DEBUG] [root]自动加载类：app\admin\model\users
2020-05-11 12:07:33 [DEBUG] [root]自动加载类：app\admin\model\shop_cart
2020-05-11 12:07:33 [DEBUG] [root]select count(*) c from `heecms_shop_cart` where 1=1
2020-05-11 12:07:33 [DEBUG] [root]select *,sum(num) pcount from heecms_shop_cart    group by create_users_id order by create_time desc  
2020-05-11 12:07:33 [DEBUG] [root]自动加载类：app\admin\model\shop_product
2020-05-11 12:07:33 [DEBUG] [root]select * from heecms_shop_product   where ((`shop_product_id`='1')) and (`heecms_shop_product`.delete_time IS NULL or `heecms_shop_product`.delete_time <=0 or `heecms_shop_product`.delete_time='')    
2020-05-11 12:07:50 [DEBUG] [root]自动加载类：app\admin\controller\adminBase
2020-05-11 12:07:50 [DEBUG] [root]自动加载类：app\admin\model\users_group
2020-05-11 12:07:50 [DEBUG] [root]自动加载类：heephp\model
2020-05-11 12:07:50 [DEBUG] [root]自动加载类：heephp\orm\orm
2020-05-11 12:07:50 [DEBUG] [root]自动加载类：heephp\database\mysqli
2020-05-11 12:07:50 [DEBUG] [root]自动加载类：heephp\database\databaseInterface
2020-05-11 12:07:50 [DEBUG] [root]show full columns from `heecms_users_group`
2020-05-11 12:07:50 [DEBUG] [root]select * from heecms_users_group   where ((`users_group_id`=1)) and (`heecms_users_group`.delete_time IS NULL or `heecms_users_group`.delete_time <=0 or `heecms_users_group`.delete_time='')    
2020-05-11 12:07:50 [DEBUG] [root]自动加载类：app\admin\model\message
2020-05-11 12:07:50 [DEBUG] [root]show full columns from `heecms_message`
2020-05-11 12:07:50 [DEBUG] [root]select * from heecms_message   where ((`isread`=0 and `receiver_users_id`='1')) and (`heecms_message`.delete_time IS NULL or `heecms_message`.delete_time <=0 or `heecms_message`.delete_time='')  order by create_time desc  limit 5
2020-05-11 12:07:50 [DEBUG] [root]自动加载类：app\admin\model\menus
2020-05-11 12:07:50 [DEBUG] [root]show full columns from `heecms_menus`
2020-05-11 12:07:50 [DEBUG] [root]自动加载类：heephp\cache\file
2020-05-11 12:07:50 [DEBUG] [root]自动加载类：heephp\cache\cacheInterface
2020-05-11 12:07:50 [DEBUG] [root]show full columns from `heecms_menus`
2020-05-11 12:07:50 [DEBUG] [root]自动加载类：app\admin\model\users
2020-05-11 12:07:50 [DEBUG] [root]自动加载类：app\admin\model\shop_cart
2020-05-11 12:07:50 [DEBUG] [root]select count(*) c from `heecms_shop_cart` where 1=1
2020-05-11 12:07:50 [DEBUG] [root]select *,sum(num) pcount from heecms_shop_cart    group by create_users_id order by create_time desc  
2020-05-11 12:07:50 [DEBUG] [root]自动加载类：app\admin\model\shop_product
2020-05-11 12:07:50 [DEBUG] [root]select * from heecms_shop_product   where ((`shop_product_id`='1')) and (`heecms_shop_product`.delete_time IS NULL or `heecms_shop_product`.delete_time <=0 or `heecms_shop_product`.delete_time='')    
2020-05-11 12:07:58 [DEBUG] [root]自动加载类：app\admin\controller\adminBase
2020-05-11 12:07:58 [DEBUG] [root]自动加载类：app\admin\model\users_group
2020-05-11 12:07:58 [DEBUG] [root]自动加载类：heephp\model
2020-05-11 12:07:58 [DEBUG] [root]自动加载类：heephp\orm\orm
2020-05-11 12:07:58 [DEBUG] [root]自动加载类：heephp\database\mysqli
2020-05-11 12:07:58 [DEBUG] [root]自动加载类：heephp\database\databaseInterface
2020-05-11 12:07:58 [DEBUG] [root]show full columns from `heecms_users_group`
2020-05-11 12:07:58 [DEBUG] [root]select * from heecms_users_group   where ((`users_group_id`=1)) and (`heecms_users_group`.delete_time IS NULL or `heecms_users_group`.delete_time <=0 or `heecms_users_group`.delete_time='')    
2020-05-11 12:07:58 [DEBUG] [root]自动加载类：app\admin\model\message
2020-05-11 12:07:58 [DEBUG] [root]show full columns from `heecms_message`
2020-05-11 12:07:58 [DEBUG] [root]select * from heecms_message   where ((`isread`=0 and `receiver_users_id`='1')) and (`heecms_message`.delete_time IS NULL or `heecms_message`.delete_time <=0 or `heecms_message`.delete_time='')  order by create_time desc  limit 5
2020-05-11 12:07:58 [DEBUG] [root]自动加载类：app\admin\model\menus
2020-05-11 12:07:58 [DEBUG] [root]show full columns from `heecms_menus`
2020-05-11 12:07:58 [DEBUG] [root]自动加载类：heephp\cache\file
2020-05-11 12:07:58 [DEBUG] [root]自动加载类：heephp\cache\cacheInterface
2020-05-11 12:07:58 [DEBUG] [root]show full columns from `heecms_menus`
2020-05-11 12:07:58 [DEBUG] [root]自动加载类：app\admin\model\users
2020-05-11 12:07:58 [DEBUG] [root]自动加载类：app\admin\model\shop_cart
2020-05-11 12:07:58 [DEBUG] [root]select count(*) c from `heecms_shop_cart` where 1=1
2020-05-11 12:07:58 [DEBUG] [root]select *,sum(num) pcount from heecms_shop_cart    group by create_users_id order by create_time desc  
2020-05-11 12:07:58 [DEBUG] [root]自动加载类：app\admin\model\shop_product
2020-05-11 12:07:58 [DEBUG] [root]select * from heecms_shop_product   where ((`shop_product_id`='1')) and (`heecms_shop_product`.delete_time IS NULL or `heecms_shop_product`.delete_time <=0 or `heecms_shop_product`.delete_time='')    
2020-05-11 12:10:06 [DEBUG] [root]自动加载类：app\admin\controller\adminBase
2020-05-11 12:10:06 [DEBUG] [root]自动加载类：app\admin\model\users_group
2020-05-11 12:10:06 [DEBUG] [root]自动加载类：heephp\model
2020-05-11 12:10:06 [DEBUG] [root]自动加载类：heephp\orm\orm
2020-05-11 12:10:06 [DEBUG] [root]自动加载类：heephp\database\mysqli
2020-05-11 12:10:06 [DEBUG] [root]自动加载类：heephp\database\databaseInterface
2020-05-11 12:10:06 [DEBUG] [root]show full columns from `heecms_users_group`
2020-05-11 12:10:06 [DEBUG] [root]select * from heecms_users_group   where ((`users_group_id`=1)) and (`heecms_users_group`.delete_time IS NULL or `heecms_users_group`.delete_time <=0 or `heecms_users_group`.delete_time='')    
2020-05-11 12:10:06 [DEBUG] [root]自动加载类：app\admin\model\message
2020-05-11 12:10:06 [DEBUG] [root]show full columns from `heecms_message`
2020-05-11 12:10:06 [DEBUG] [root]select * from heecms_message   where ((`isread`=0 and `receiver_users_id`='1')) and (`heecms_message`.delete_time IS NULL or `heecms_message`.delete_time <=0 or `heecms_message`.delete_time='')  order by create_time desc  limit 5
2020-05-11 12:10:06 [DEBUG] [root]自动加载类：app\admin\model\menus
2020-05-11 12:10:06 [DEBUG] [root]show full columns from `heecms_menus`
2020-05-11 12:10:06 [DEBUG] [root]自动加载类：heephp\cache\file
2020-05-11 12:10:06 [DEBUG] [root]自动加载类：heephp\cache\cacheInterface
2020-05-11 12:10:06 [DEBUG] [root]show full columns from `heecms_menus`
2020-05-11 12:10:06 [DEBUG] [root]自动加载类：app\admin\model\users
2020-05-11 12:10:07 [DEBUG] [root]自动加载类：app\admin\model\shop_cart
2020-05-11 12:10:07 [DEBUG] [root]select count(*) c from `heecms_shop_cart` where 1=1
2020-05-11 12:10:07 [DEBUG] [root]select *,sum(num) pcount from heecms_shop_cart    group by create_users_id order by create_time desc  
2020-05-11 12:10:07 [DEBUG] [root]自动加载类：app\admin\model\shop_product
2020-05-11 12:10:07 [DEBUG] [root]select * from heecms_shop_product   where ((`shop_product_id`='1')) and (`heecms_shop_product`.delete_time IS NULL or `heecms_shop_product`.delete_time <=0 or `heecms_shop_product`.delete_time='')    
2020-05-11 12:10:08 [DEBUG] [root]自动加载类：app\admin\controller\adminBase
2020-05-11 12:10:08 [DEBUG] [root]自动加载类：app\admin\model\users_group
2020-05-11 12:10:08 [DEBUG] [root]自动加载类：heephp\model
2020-05-11 12:10:08 [DEBUG] [root]自动加载类：heephp\orm\orm
2020-05-11 12:10:08 [DEBUG] [root]自动加载类：heephp\database\mysqli
2020-05-11 12:10:08 [DEBUG] [root]自动加载类：heephp\database\databaseInterface
2020-05-11 12:10:08 [DEBUG] [root]show full columns from `heecms_users_group`
2020-05-11 12:10:08 [DEBUG] [root]select * from heecms_users_group   where ((`users_group_id`=1)) and (`heecms_users_group`.delete_time IS NULL or `heecms_users_group`.delete_time <=0 or `heecms_users_group`.delete_time='')    
2020-05-11 12:10:08 [DEBUG] [root]自动加载类：app\admin\model\message
2020-05-11 12:10:08 [DEBUG] [root]show full columns from `heecms_message`
2020-05-11 12:10:08 [DEBUG] [root]select * from heecms_message   where ((`isread`=0 and `receiver_users_id`='1')) and (`heecms_message`.delete_time IS NULL or `heecms_message`.delete_time <=0 or `heecms_message`.delete_time='')  order by create_time desc  limit 5
2020-05-11 12:10:08 [DEBUG] [root]自动加载类：app\admin\model\menus
2020-05-11 12:10:08 [DEBUG] [root]show full columns from `heecms_menus`
2020-05-11 12:10:08 [DEBUG] [root]自动加载类：heephp\cache\file
2020-05-11 12:10:08 [DEBUG] [root]自动加载类：heephp\cache\cacheInterface
2020-05-11 12:10:09 [DEBUG] [root]show full columns from `heecms_menus`
2020-05-11 12:10:09 [DEBUG] [root]自动加载类：app\admin\model\users
2020-05-11 12:10:09 [DEBUG] [root]自动加载类：app\admin\model\shop_cart
2020-05-11 12:10:09 [DEBUG] [root]select count(*) c from `heecms_shop_cart` where 1=1
2020-05-11 12:10:09 [DEBUG] [root]select *,sum(num) pcount from heecms_shop_cart    group by create_users_id order by create_time desc  
2020-05-11 12:10:09 [DEBUG] [root]自动加载类：app\admin\model\shop_product
2020-05-11 12:10:09 [DEBUG] [root]select * from heecms_shop_product   where ((`shop_product_id`='1')) and (`heecms_shop_product`.delete_time IS NULL or `heecms_shop_product`.delete_time <=0 or `heecms_shop_product`.delete_time='')    
2020-05-11 12:10:31 [DEBUG] [root]自动加载类：app\admin\controller\adminBase
2020-05-11 12:10:31 [DEBUG] [root]自动加载类：app\admin\model\users_group
2020-05-11 12:10:31 [DEBUG] [root]自动加载类：heephp\model
2020-05-11 12:10:31 [DEBUG] [root]自动加载类：heephp\orm\orm
2020-05-11 12:10:31 [DEBUG] [root]自动加载类：heephp\database\mysqli
2020-05-11 12:10:31 [DEBUG] [root]自动加载类：heephp\database\databaseInterface
2020-05-11 12:10:31 [DEBUG] [root]show full columns from `heecms_users_group`
2020-05-11 12:10:31 [DEBUG] [root]select * from heecms_users_group   where ((`users_group_id`=1)) and (`heecms_users_group`.delete_time IS NULL or `heecms_users_group`.delete_time <=0 or `heecms_users_group`.delete_time='')    
2020-05-11 12:10:31 [DEBUG] [root]自动加载类：app\admin\model\message
2020-05-11 12:10:31 [DEBUG] [root]show full columns from `heecms_message`
2020-05-11 12:10:31 [DEBUG] [root]select * from heecms_message   where ((`isread`=0 and `receiver_users_id`='1')) and (`heecms_message`.delete_time IS NULL or `heecms_message`.delete_time <=0 or `heecms_message`.delete_time='')  order by create_time desc  limit 5
2020-05-11 12:10:31 [DEBUG] [root]自动加载类：app\admin\model\menus
2020-05-11 12:10:31 [DEBUG] [root]show full columns from `heecms_menus`
2020-05-11 12:10:31 [DEBUG] [root]自动加载类：heephp\cache\file
2020-05-11 12:10:31 [DEBUG] [root]自动加载类：heephp\cache\cacheInterface
2020-05-11 12:10:31 [DEBUG] [root]show full columns from `heecms_menus`
2020-05-11 12:10:31 [DEBUG] [root]自动加载类：app\admin\model\users
2020-05-11 12:10:31 [DEBUG] [root]自动加载类：app\admin\model\shop_cart
2020-05-11 12:10:31 [DEBUG] [root]select count(*) c from `heecms_shop_cart` where 1=1
2020-05-11 12:10:31 [DEBUG] [root]select *,sum(num) pcount from heecms_shop_cart    group by create_users_id order by create_time desc  
2020-05-11 12:10:31 [DEBUG] [root]自动加载类：app\admin\model\shop_product
2020-05-11 12:10:31 [DEBUG] [root]select * from heecms_shop_product   where ((`shop_product_id`='1')) and (`heecms_shop_product`.delete_time IS NULL or `heecms_shop_product`.delete_time <=0 or `heecms_shop_product`.delete_time='')    
2020-05-11 12:11:13 [DEBUG] [root]自动加载类：app\admin\controller\adminBase
2020-05-11 12:11:13 [DEBUG] [root]自动加载类：app\admin\model\users_group
2020-05-11 12:11:13 [DEBUG] [root]自动加载类：heephp\model
2020-05-11 12:11:13 [DEBUG] [root]自动加载类：heephp\orm\orm
2020-05-11 12:11:13 [DEBUG] [root]自动加载类：heephp\database\mysqli
2020-05-11 12:11:13 [DEBUG] [root]自动加载类：heephp\database\databaseInterface
2020-05-11 12:11:13 [DEBUG] [root]show full columns from `heecms_users_group`
2020-05-11 12:11:13 [DEBUG] [root]select * from heecms_users_group   where ((`users_group_id`=1)) and (`heecms_users_group`.delete_time IS NULL or `heecms_users_group`.delete_time <=0 or `heecms_users_group`.delete_time='')    
2020-05-11 12:11:13 [DEBUG] [root]自动加载类：app\admin\model\message
2020-05-11 12:11:13 [DEBUG] [root]show full columns from `heecms_message`
2020-05-11 12:11:13 [DEBUG] [root]select * from heecms_message   where ((`isread`=0 and `receiver_users_id`='1')) and (`heecms_message`.delete_time IS NULL or `heecms_message`.delete_time <=0 or `heecms_message`.delete_time='')  order by create_time desc  limit 5
2020-05-11 12:11:13 [DEBUG] [root]自动加载类：app\admin\model\menus
2020-05-11 12:11:13 [DEBUG] [root]show full columns from `heecms_menus`
2020-05-11 12:11:13 [DEBUG] [root]自动加载类：heephp\cache\file
2020-05-11 12:11:13 [DEBUG] [root]自动加载类：heephp\cache\cacheInterface
2020-05-11 12:11:13 [DEBUG] [root]show full columns from `heecms_menus`
2020-05-11 12:11:13 [DEBUG] [root]自动加载类：app\admin\model\users
2020-05-11 12:11:13 [DEBUG] [root]自动加载类：app\admin\model\shop_cart
2020-05-11 12:11:13 [DEBUG] [root]select count(*) c from `heecms_shop_cart` where 1=1
2020-05-11 12:11:13 [DEBUG] [root]select *,sum(num) pcount from heecms_shop_cart    group by create_users_id order by create_time desc  
2020-05-11 12:11:13 [DEBUG] [root]自动加载类：app\admin\model\shop_product
2020-05-11 12:11:13 [DEBUG] [root]select * from heecms_shop_product   where ((`shop_product_id`='1')) and (`heecms_shop_product`.delete_time IS NULL or `heecms_shop_product`.delete_time <=0 or `heecms_shop_product`.delete_time='')    
2020-05-11 12:11:41 [DEBUG] [root]自动加载类：app\admin\controller\adminBase
2020-05-11 12:11:41 [DEBUG] [root]自动加载类：app\admin\model\users_group
2020-05-11 12:11:41 [DEBUG] [root]自动加载类：heephp\model
2020-05-11 12:11:41 [DEBUG] [root]自动加载类：heephp\orm\orm
2020-05-11 12:11:41 [DEBUG] [root]自动加载类：heephp\database\mysqli
2020-05-11 12:11:41 [DEBUG] [root]自动加载类：heephp\database\databaseInterface
2020-05-11 12:11:42 [DEBUG] [root]show full columns from `heecms_users_group`
2020-05-11 12:11:42 [DEBUG] [root]select * from heecms_users_group   where ((`users_group_id`=1)) and (`heecms_users_group`.delete_time IS NULL or `heecms_users_group`.delete_time <=0 or `heecms_users_group`.delete_time='')    
2020-05-11 12:11:42 [DEBUG] [root]自动加载类：app\admin\model\message
2020-05-11 12:11:42 [DEBUG] [root]show full columns from `heecms_message`
2020-05-11 12:11:42 [DEBUG] [root]select * from heecms_message   where ((`isread`=0 and `receiver_users_id`='1')) and (`heecms_message`.delete_time IS NULL or `heecms_message`.delete_time <=0 or `heecms_message`.delete_time='')  order by create_time desc  limit 5
2020-05-11 12:11:42 [DEBUG] [root]自动加载类：app\admin\model\menus
2020-05-11 12:11:42 [DEBUG] [root]show full columns from `heecms_menus`
2020-05-11 12:11:42 [DEBUG] [root]自动加载类：heephp\cache\file
2020-05-11 12:11:42 [DEBUG] [root]自动加载类：heephp\cache\cacheInterface
2020-05-11 12:11:42 [DEBUG] [root]show full columns from `heecms_menus`
2020-05-11 12:11:42 [DEBUG] [root]自动加载类：app\admin\model\users
2020-05-11 12:11:42 [DEBUG] [root]自动加载类：app\admin\model\shop_cart
2020-05-11 12:11:42 [DEBUG] [root]select count(*) c from `heecms_shop_cart` where 1=1
2020-05-11 12:11:42 [DEBUG] [root]select *,sum(num) pcount from heecms_shop_cart    group by create_users_id order by create_time desc  
2020-05-11 12:11:42 [DEBUG] [root]自动加载类：app\admin\model\shop_product
2020-05-11 12:11:42 [DEBUG] [root]select * from heecms_shop_product   where ((`shop_product_id`='1')) and (`heecms_shop_product`.delete_time IS NULL or `heecms_shop_product`.delete_time <=0 or `heecms_shop_product`.delete_time='')    
2020-05-11 12:12:16 [DEBUG] [root]自动加载类：app\admin\controller\adminBase
2020-05-11 12:12:16 [DEBUG] [root]自动加载类：app\admin\model\users_group
2020-05-11 12:12:16 [DEBUG] [root]自动加载类：heephp\model
2020-05-11 12:12:16 [DEBUG] [root]自动加载类：heephp\orm\orm
2020-05-11 12:12:16 [DEBUG] [root]自动加载类：heephp\database\mysqli
2020-05-11 12:12:16 [DEBUG] [root]自动加载类：heephp\database\databaseInterface
2020-05-11 12:12:16 [DEBUG] [root]show full columns from `heecms_users_group`
2020-05-11 12:12:16 [DEBUG] [root]select * from heecms_users_group   where ((`users_group_id`=1)) and (`heecms_users_group`.delete_time IS NULL or `heecms_users_group`.delete_time <=0 or `heecms_users_group`.delete_time='')    
2020-05-11 12:12:16 [DEBUG] [root]自动加载类：app\admin\model\message
2020-05-11 12:12:16 [DEBUG] [root]show full columns from `heecms_message`
2020-05-11 12:12:16 [DEBUG] [root]select * from heecms_message   where ((`isread`=0 and `receiver_users_id`='1')) and (`heecms_message`.delete_time IS NULL or `heecms_message`.delete_time <=0 or `heecms_message`.delete_time='')  order by create_time desc  limit 5
2020-05-11 12:12:16 [DEBUG] [root]自动加载类：app\admin\model\menus
2020-05-11 12:12:17 [DEBUG] [root]show full columns from `heecms_menus`
2020-05-11 12:12:17 [DEBUG] [root]自动加载类：heephp\cache\file
2020-05-11 12:12:17 [DEBUG] [root]自动加载类：heephp\cache\cacheInterface
2020-05-11 12:12:17 [DEBUG] [root]show full columns from `heecms_menus`
2020-05-11 12:12:17 [DEBUG] [root]自动加载类：app\admin\model\users
2020-05-11 12:12:17 [DEBUG] [root]自动加载类：app\admin\model\shop_cart
2020-05-11 12:12:17 [DEBUG] [root]select count(*) c from `heecms_shop_cart` where 1=1
2020-05-11 12:12:17 [DEBUG] [root]select *,sum(num) pcount from heecms_shop_cart    group by create_users_id order by create_time desc  
2020-05-11 12:12:17 [DEBUG] [root]自动加载类：app\admin\model\shop_product
2020-05-11 12:12:17 [DEBUG] [root]select * from heecms_shop_product   where ((`shop_product_id`='1')) and (`heecms_shop_product`.delete_time IS NULL or `heecms_shop_product`.delete_time <=0 or `heecms_shop_product`.delete_time='')    
2020-05-11 12:12:57 [DEBUG] [root]自动加载类：app\admin\controller\adminBase
2020-05-11 12:12:57 [DEBUG] [root]自动加载类：app\admin\model\users_group
2020-05-11 12:12:57 [DEBUG] [root]自动加载类：heephp\model
2020-05-11 12:12:57 [DEBUG] [root]自动加载类：heephp\orm\orm
2020-05-11 12:12:57 [DEBUG] [root]自动加载类：heephp\database\mysqli
2020-05-11 12:12:57 [DEBUG] [root]自动加载类：heephp\database\databaseInterface
2020-05-11 12:12:57 [DEBUG] [root]show full columns from `heecms_users_group`
2020-05-11 12:12:57 [DEBUG] [root]select * from heecms_users_group   where ((`users_group_id`=1)) and (`heecms_users_group`.delete_time IS NULL or `heecms_users_group`.delete_time <=0 or `heecms_users_group`.delete_time='')    
2020-05-11 12:12:57 [DEBUG] [root]自动加载类：app\admin\model\message
2020-05-11 12:12:57 [DEBUG] [root]show full columns from `heecms_message`
2020-05-11 12:12:57 [DEBUG] [root]select * from heecms_message   where ((`isread`=0 and `receiver_users_id`='1')) and (`heecms_message`.delete_time IS NULL or `heecms_message`.delete_time <=0 or `heecms_message`.delete_time='')  order by create_time desc  limit 5
2020-05-11 12:12:57 [DEBUG] [root]自动加载类：app\admin\model\menus
2020-05-11 12:12:57 [DEBUG] [root]show full columns from `heecms_menus`
2020-05-11 12:12:57 [DEBUG] [root]自动加载类：heephp\cache\file
2020-05-11 12:12:57 [DEBUG] [root]自动加载类：heephp\cache\cacheInterface
2020-05-11 12:12:57 [DEBUG] [root]show full columns from `heecms_menus`
2020-05-11 12:12:57 [DEBUG] [root]自动加载类：app\admin\model\users
2020-05-11 12:12:57 [DEBUG] [root]自动加载类：app\admin\model\shop_cart
2020-05-11 12:12:57 [DEBUG] [root]select count(*) c from `heecms_shop_cart` where 1=1
2020-05-11 12:12:57 [DEBUG] [root]select *,sum(num) pcount from heecms_shop_cart    group by create_users_id order by create_time desc  
2020-05-11 12:12:57 [DEBUG] [root]自动加载类：app\admin\model\shop_product
2020-05-11 12:12:57 [DEBUG] [root]select * from heecms_shop_product   where ((`shop_product_id`='1')) and (`heecms_shop_product`.delete_time IS NULL or `heecms_shop_product`.delete_time <=0 or `heecms_shop_product`.delete_time='')    
2020-05-11 12:13:45 [DEBUG] [root]自动加载类：app\admin\controller\adminBase
2020-05-11 12:13:45 [DEBUG] [root]自动加载类：app\admin\model\users_group
2020-05-11 12:13:45 [DEBUG] [root]自动加载类：heephp\model
2020-05-11 12:13:45 [DEBUG] [root]自动加载类：heephp\orm\orm
2020-05-11 12:13:45 [DEBUG] [root]自动加载类：heephp\database\mysqli
2020-05-11 12:13:45 [DEBUG] [root]自动加载类：heephp\database\databaseInterface
2020-05-11 12:13:45 [DEBUG] [root]show full columns from `heecms_users_group`
2020-05-11 12:13:45 [DEBUG] [root]select * from heecms_users_group   where ((`users_group_id`=1)) and (`heecms_users_group`.delete_time IS NULL or `heecms_users_group`.delete_time <=0 or `heecms_users_group`.delete_time='')    
2020-05-11 12:13:45 [DEBUG] [root]自动加载类：app\admin\model\message
2020-05-11 12:13:45 [DEBUG] [root]show full columns from `heecms_message`
2020-05-11 12:13:45 [DEBUG] [root]select * from heecms_message   where ((`isread`=0 and `receiver_users_id`='1')) and (`heecms_message`.delete_time IS NULL or `heecms_message`.delete_time <=0 or `heecms_message`.delete_time='')  order by create_time desc  limit 5
2020-05-11 12:13:45 [DEBUG] [root]自动加载类：app\admin\model\menus
2020-05-11 12:13:45 [DEBUG] [root]show full columns from `heecms_menus`
2020-05-11 12:13:45 [DEBUG] [root]自动加载类：heephp\cache\file
2020-05-11 12:13:45 [DEBUG] [root]自动加载类：heephp\cache\cacheInterface
2020-05-11 12:13:45 [DEBUG] [root]show full columns from `heecms_menus`
2020-05-11 12:13:45 [DEBUG] [root]自动加载类：app\admin\model\users
2020-05-11 12:13:45 [DEBUG] [root]自动加载类：app\admin\model\shop_cart
2020-05-11 12:13:45 [DEBUG] [root]select count(*) c from `heecms_shop_cart` where 1=1
2020-05-11 12:13:45 [DEBUG] [root]select *,sum(num) pcount from heecms_shop_cart    group by create_users_id order by create_time desc  
2020-05-11 12:13:45 [DEBUG] [root]自动加载类：app\admin\model\shop_product
2020-05-11 12:13:45 [DEBUG] [root]select * from heecms_shop_product   where ((`shop_product_id`='1')) and (`heecms_shop_product`.delete_time IS NULL or `heecms_shop_product`.delete_time <=0 or `heecms_shop_product`.delete_time='')    
2020-05-11 12:13:59 [DEBUG] [root]自动加载类：app\admin\controller\adminBase
2020-05-11 12:13:59 [DEBUG] [root]自动加载类：app\admin\model\users_group
2020-05-11 12:13:59 [DEBUG] [root]自动加载类：heephp\model
2020-05-11 12:13:59 [DEBUG] [root]自动加载类：heephp\orm\orm
2020-05-11 12:13:59 [DEBUG] [root]自动加载类：heephp\database\mysqli
2020-05-11 12:13:59 [DEBUG] [root]自动加载类：heephp\database\databaseInterface
2020-05-11 12:13:59 [DEBUG] [root]show full columns from `heecms_users_group`
2020-05-11 12:13:59 [DEBUG] [root]select * from heecms_users_group   where ((`users_group_id`=1)) and (`heecms_users_group`.delete_time IS NULL or `heecms_users_group`.delete_time <=0 or `heecms_users_group`.delete_time='')    
2020-05-11 12:13:59 [DEBUG] [root]自动加载类：app\admin\model\message
2020-05-11 12:13:59 [DEBUG] [root]show full columns from `heecms_message`
2020-05-11 12:13:59 [DEBUG] [root]select * from heecms_message   where ((`isread`=0 and `receiver_users_id`='1')) and (`heecms_message`.delete_time IS NULL or `heecms_message`.delete_time <=0 or `heecms_message`.delete_time='')  order by create_time desc  limit 5
2020-05-11 12:13:59 [DEBUG] [root]自动加载类：app\admin\model\menus
2020-05-11 12:13:59 [DEBUG] [root]show full columns from `heecms_menus`
2020-05-11 12:13:59 [DEBUG] [root]自动加载类：heephp\cache\file
2020-05-11 12:13:59 [DEBUG] [root]自动加载类：heephp\cache\cacheInterface
2020-05-11 12:13:59 [DEBUG] [root]show full columns from `heecms_menus`
2020-05-11 12:13:59 [DEBUG] [root]自动加载类：app\admin\model\users
2020-05-11 12:13:59 [DEBUG] [root]自动加载类：app\admin\model\shop_cart
2020-05-11 12:13:59 [DEBUG] [root]select count(*) c from `heecms_shop_cart` where 1=1
2020-05-11 12:13:59 [DEBUG] [root]select *,sum(num) pcount from heecms_shop_cart    group by create_users_id order by create_time desc  
2020-05-11 12:13:59 [DEBUG] [root]自动加载类：app\admin\model\shop_product
2020-05-11 12:13:59 [DEBUG] [root]select * from heecms_shop_product   where ((`shop_product_id`='1')) and (`heecms_shop_product`.delete_time IS NULL or `heecms_shop_product`.delete_time <=0 or `heecms_shop_product`.delete_time='')    
2020-05-11 12:14:31 [DEBUG] [root]自动加载类：app\admin\controller\adminBase
2020-05-11 12:14:31 [DEBUG] [root]自动加载类：app\admin\model\users_group
2020-05-11 12:14:31 [DEBUG] [root]自动加载类：heephp\model
2020-05-11 12:14:31 [DEBUG] [root]自动加载类：heephp\orm\orm
2020-05-11 12:14:31 [DEBUG] [root]自动加载类：heephp\database\mysqli
2020-05-11 12:14:31 [DEBUG] [root]自动加载类：heephp\database\databaseInterface
2020-05-11 12:14:31 [DEBUG] [root]show full columns from `heecms_users_group`
2020-05-11 12:14:31 [DEBUG] [root]select * from heecms_users_group   where ((`users_group_id`=1)) and (`heecms_users_group`.delete_time IS NULL or `heecms_users_group`.delete_time <=0 or `heecms_users_group`.delete_time='')    
2020-05-11 12:14:31 [DEBUG] [root]自动加载类：app\admin\model\message
2020-05-11 12:14:31 [DEBUG] [root]show full columns from `heecms_message`
2020-05-11 12:14:31 [DEBUG] [root]select * from heecms_message   where ((`isread`=0 and `receiver_users_id`='1')) and (`heecms_message`.delete_time IS NULL or `heecms_message`.delete_time <=0 or `heecms_message`.delete_time='')  order by create_time desc  limit 5
2020-05-11 12:14:31 [DEBUG] [root]自动加载类：app\admin\model\menus
2020-05-11 12:14:31 [DEBUG] [root]show full columns from `heecms_menus`
2020-05-11 12:14:31 [DEBUG] [root]自动加载类：heephp\cache\file
2020-05-11 12:14:31 [DEBUG] [root]自动加载类：heephp\cache\cacheInterface
2020-05-11 12:14:31 [DEBUG] [root]show full columns from `heecms_menus`
2020-05-11 12:14:31 [DEBUG] [root]自动加载类：app\admin\model\users
2020-05-11 12:14:31 [DEBUG] [root]自动加载类：app\admin\model\shop_cart
2020-05-11 12:14:31 [DEBUG] [root]select count(*) c from `heecms_shop_cart` where 1=1
2020-05-11 12:14:31 [DEBUG] [root]select *,sum(num) pcount from heecms_shop_cart    group by create_users_id order by create_time desc  
2020-05-11 12:14:31 [DEBUG] [root]自动加载类：app\admin\model\shop_product
2020-05-11 12:14:31 [DEBUG] [root]select * from heecms_shop_product   where ((`shop_product_id`='1')) and (`heecms_shop_product`.delete_time IS NULL or `heecms_shop_product`.delete_time <=0 or `heecms_shop_product`.delete_time='')    
2020-05-11 12:15:10 [DEBUG] [root]自动加载类：app\admin\controller\adminBase
2020-05-11 12:15:10 [DEBUG] [root]自动加载类：app\admin\model\users_group
2020-05-11 12:15:10 [DEBUG] [root]自动加载类：heephp\model
2020-05-11 12:15:10 [DEBUG] [root]自动加载类：heephp\orm\orm
2020-05-11 12:15:10 [DEBUG] [root]自动加载类：heephp\database\mysqli
2020-05-11 12:15:10 [DEBUG] [root]自动加载类：heephp\database\databaseInterface
2020-05-11 12:15:10 [DEBUG] [root]show full columns from `heecms_users_group`
2020-05-11 12:15:10 [DEBUG] [root]select * from heecms_users_group   where ((`users_group_id`=1)) and (`heecms_users_group`.delete_time IS NULL or `heecms_users_group`.delete_time <=0 or `heecms_users_group`.delete_time='')    
2020-05-11 12:15:10 [DEBUG] [root]自动加载类：app\admin\model\message
2020-05-11 12:15:10 [DEBUG] [root]show full columns from `heecms_message`
2020-05-11 12:15:10 [DEBUG] [root]select * from heecms_message   where ((`isread`=0 and `receiver_users_id`='1')) and (`heecms_message`.delete_time IS NULL or `heecms_message`.delete_time <=0 or `heecms_message`.delete_time='')  order by create_time desc  limit 5
2020-05-11 12:15:10 [DEBUG] [root]自动加载类：app\admin\model\menus
2020-05-11 12:15:10 [DEBUG] [root]show full columns from `heecms_menus`
2020-05-11 12:15:10 [DEBUG] [root]自动加载类：heephp\cache\file
2020-05-11 12:15:10 [DEBUG] [root]自动加载类：heephp\cache\cacheInterface
2020-05-11 12:15:10 [DEBUG] [root]show full columns from `heecms_menus`
2020-05-11 12:15:10 [DEBUG] [root]自动加载类：app\admin\model\users
2020-05-11 12:15:10 [DEBUG] [root]自动加载类：app\admin\model\shop_cart
2020-05-11 12:15:10 [DEBUG] [root]select count(*) c from `heecms_shop_cart` where 1=1
2020-05-11 12:15:10 [DEBUG] [root]select *,sum(num) pcount from heecms_shop_cart    group by create_users_id order by create_time desc  
2020-05-11 12:15:10 [DEBUG] [root]自动加载类：app\admin\model\shop_product
2020-05-11 12:15:10 [DEBUG] [root]select * from heecms_shop_product   where ((`shop_product_id`='1')) and (`heecms_shop_product`.delete_time IS NULL or `heecms_shop_product`.delete_time <=0 or `heecms_shop_product`.delete_time='')    
2020-05-11 12:15:27 [DEBUG] [root]自动加载类：app\admin\controller\adminBase
2020-05-11 12:15:27 [DEBUG] [root]自动加载类：app\admin\model\users_group
2020-05-11 12:15:27 [DEBUG] [root]自动加载类：heephp\model
2020-05-11 12:15:27 [DEBUG] [root]自动加载类：heephp\orm\orm
2020-05-11 12:15:27 [DEBUG] [root]自动加载类：heephp\database\mysqli
2020-05-11 12:15:27 [DEBUG] [root]自动加载类：heephp\database\databaseInterface
2020-05-11 12:15:27 [DEBUG] [root]show full columns from `heecms_users_group`
2020-05-11 12:15:27 [DEBUG] [root]select * from heecms_users_group   where ((`users_group_id`=1)) and (`heecms_users_group`.delete_time IS NULL or `heecms_users_group`.delete_time <=0 or `heecms_users_group`.delete_time='')    
2020-05-11 12:15:27 [DEBUG] [root]自动加载类：app\admin\model\message
2020-05-11 12:15:27 [DEBUG] [root]show full columns from `heecms_message`
2020-05-11 12:15:27 [DEBUG] [root]select * from heecms_message   where ((`isread`=0 and `receiver_users_id`='1')) and (`heecms_message`.delete_time IS NULL or `heecms_message`.delete_time <=0 or `heecms_message`.delete_time='')  order by create_time desc  limit 5
2020-05-11 12:15:27 [DEBUG] [root]自动加载类：app\admin\model\menus
2020-05-11 12:15:27 [DEBUG] [root]show full columns from `heecms_menus`
2020-05-11 12:15:27 [DEBUG] [root]自动加载类：heephp\cache\file
2020-05-11 12:15:27 [DEBUG] [root]自动加载类：heephp\cache\cacheInterface
2020-05-11 12:15:27 [DEBUG] [root]show full columns from `heecms_menus`
2020-05-11 12:15:27 [DEBUG] [root]自动加载类：app\admin\model\users
2020-05-11 12:15:27 [DEBUG] [root]自动加载类：app\admin\model\shop_cart
2020-05-11 12:15:27 [DEBUG] [root]select count(*) c from `heecms_shop_cart` where 1=1
2020-05-11 12:15:27 [DEBUG] [root]select *,sum(num) pcount from heecms_shop_cart    group by create_users_id order by create_time desc  
2020-05-11 12:15:27 [DEBUG] [root]自动加载类：app\admin\model\shop_product
2020-05-11 12:15:27 [DEBUG] [root]select * from heecms_shop_product   where ((`shop_product_id`='1')) and (`heecms_shop_product`.delete_time IS NULL or `heecms_shop_product`.delete_time <=0 or `heecms_shop_product`.delete_time='')    
2020-05-11 12:15:27 [DEBUG] [root]select * from heecms_shop_product   where ((`shop_product_id`='1')) and (`heecms_shop_product`.delete_time IS NULL or `heecms_shop_product`.delete_time <=0 or `heecms_shop_product`.delete_time='')    
2020-05-11 12:15:58 [DEBUG] [root]自动加载类：app\admin\controller\adminBase
2020-05-11 12:15:58 [DEBUG] [root]自动加载类：app\admin\model\users_group
2020-05-11 12:15:58 [DEBUG] [root]自动加载类：heephp\model
2020-05-11 12:15:58 [DEBUG] [root]自动加载类：heephp\orm\orm
2020-05-11 12:15:58 [DEBUG] [root]自动加载类：heephp\database\mysqli
2020-05-11 12:15:58 [DEBUG] [root]自动加载类：heephp\database\databaseInterface
2020-05-11 12:15:58 [DEBUG] [root]show full columns from `heecms_users_group`
2020-05-11 12:15:58 [DEBUG] [root]select * from heecms_users_group   where ((`users_group_id`=1)) and (`heecms_users_group`.delete_time IS NULL or `heecms_users_group`.delete_time <=0 or `heecms_users_group`.delete_time='')    
2020-05-11 12:15:58 [DEBUG] [root]自动加载类：app\admin\model\message
2020-05-11 12:15:58 [DEBUG] [root]show full columns from `heecms_message`
2020-05-11 12:15:58 [DEBUG] [root]select * from heecms_message   where ((`isread`=0 and `receiver_users_id`='1')) and (`heecms_message`.delete_time IS NULL or `heecms_message`.delete_time <=0 or `heecms_message`.delete_time='')  order by create_time desc  limit 5
2020-05-11 12:15:58 [DEBUG] [root]自动加载类：app\admin\model\menus
2020-05-11 12:15:58 [DEBUG] [root]show full columns from `heecms_menus`
2020-05-11 12:15:58 [DEBUG] [root]自动加载类：heephp\cache\file
2020-05-11 12:15:58 [DEBUG] [root]自动加载类：heephp\cache\cacheInterface
2020-05-11 12:15:58 [DEBUG] [root]show full columns from `heecms_menus`
2020-05-11 12:15:58 [DEBUG] [root]自动加载类：app\admin\model\users
2020-05-11 12:15:58 [DEBUG] [root]自动加载类：app\admin\model\shop_cart
2020-05-11 12:15:58 [DEBUG] [root]select count(*) c from `heecms_shop_cart` where 1=1
2020-05-11 12:15:58 [DEBUG] [root]select *,sum(num) pcount from heecms_shop_cart    group by create_users_id order by create_time desc  
2020-05-11 12:15:58 [DEBUG] [root]自动加载类：app\admin\model\shop_product
2020-05-11 12:15:58 [DEBUG] [root]select * from heecms_shop_product   where ((`shop_product_id`='1')) and (`heecms_shop_product`.delete_time IS NULL or `heecms_shop_product`.delete_time <=0 or `heecms_shop_product`.delete_time='')    
2020-05-11 12:16:30 [DEBUG] [root]自动加载类：app\admin\controller\adminBase
2020-05-11 12:16:30 [DEBUG] [root]自动加载类：app\admin\model\users_group
2020-05-11 12:16:30 [DEBUG] [root]自动加载类：heephp\model
2020-05-11 12:16:30 [DEBUG] [root]自动加载类：heephp\orm\orm
2020-05-11 12:16:30 [DEBUG] [root]自动加载类：heephp\database\mysqli
2020-05-11 12:16:30 [DEBUG] [root]自动加载类：heephp\database\databaseInterface
2020-05-11 12:16:30 [DEBUG] [root]show full columns from `heecms_users_group`
2020-05-11 12:16:30 [DEBUG] [root]select * from heecms_users_group   where ((`users_group_id`=1)) and (`heecms_users_group`.delete_time IS NULL or `heecms_users_group`.delete_time <=0 or `heecms_users_group`.delete_time='')    
2020-05-11 12:16:30 [DEBUG] [root]自动加载类：app\admin\model\message
2020-05-11 12:16:30 [DEBUG] [root]show full columns from `heecms_message`
2020-05-11 12:16:30 [DEBUG] [root]select * from heecms_message   where ((`isread`=0 and `receiver_users_id`='1')) and (`heecms_message`.delete_time IS NULL or `heecms_message`.delete_time <=0 or `heecms_message`.delete_time='')  order by create_time desc  limit 5
2020-05-11 12:16:30 [DEBUG] [root]自动加载类：app\admin\model\menus
2020-05-11 12:16:30 [DEBUG] [root]show full columns from `heecms_menus`
2020-05-11 12:16:30 [DEBUG] [root]自动加载类：heephp\cache\file
2020-05-11 12:16:30 [DEBUG] [root]自动加载类：heephp\cache\cacheInterface
2020-05-11 12:16:30 [DEBUG] [root]show full columns from `heecms_menus`
2020-05-11 12:16:30 [DEBUG] [root]自动加载类：app\admin\model\users
2020-05-11 12:16:30 [DEBUG] [root]自动加载类：app\admin\model\shop_cart
2020-05-11 12:16:31 [DEBUG] [root]select count(*) c from `heecms_shop_cart` where 1=1
2020-05-11 12:16:31 [DEBUG] [root]select *,sum(num) pcount from heecms_shop_cart    group by create_users_id order by create_time desc  
2020-05-11 12:16:31 [DEBUG] [root]自动加载类：app\admin\model\shop_product
2020-05-11 12:16:31 [DEBUG] [root]select * from heecms_shop_product   where ((`shop_product_id`='1')) and (`heecms_shop_product`.delete_time IS NULL or `heecms_shop_product`.delete_time <=0 or `heecms_shop_product`.delete_time='')    
2020-05-11 12:18:46 [DEBUG] [root]自动加载类：app\admin\controller\adminBase
2020-05-11 12:18:46 [DEBUG] [root]自动加载类：app\admin\model\users_group
2020-05-11 12:18:46 [DEBUG] [root]自动加载类：heephp\model
2020-05-11 12:18:46 [DEBUG] [root]自动加载类：heephp\orm\orm
2020-05-11 12:18:46 [DEBUG] [root]自动加载类：heephp\database\mysqli
2020-05-11 12:18:46 [DEBUG] [root]自动加载类：heephp\database\databaseInterface
2020-05-11 12:18:46 [DEBUG] [root]show full columns from `heecms_users_group`
2020-05-11 12:18:46 [DEBUG] [root]select * from heecms_users_group   where ((`users_group_id`=1)) and (`heecms_users_group`.delete_time IS NULL or `heecms_users_group`.delete_time <=0 or `heecms_users_group`.delete_time='')    
2020-05-11 12:18:46 [DEBUG] [root]自动加载类：app\admin\model\message
2020-05-11 12:18:46 [DEBUG] [root]show full columns from `heecms_message`
2020-05-11 12:18:46 [DEBUG] [root]select * from heecms_message   where ((`isread`=0 and `receiver_users_id`='1')) and (`heecms_message`.delete_time IS NULL or `heecms_message`.delete_time <=0 or `heecms_message`.delete_time='')  order by create_time desc  limit 5
2020-05-11 12:18:46 [DEBUG] [root]自动加载类：app\admin\model\menus
2020-05-11 12:18:46 [DEBUG] [root]show full columns from `heecms_menus`
2020-05-11 12:18:46 [DEBUG] [root]自动加载类：heephp\cache\file
2020-05-11 12:18:46 [DEBUG] [root]自动加载类：heephp\cache\cacheInterface
2020-05-11 12:18:46 [DEBUG] [root]show full columns from `heecms_menus`
2020-05-11 12:18:46 [DEBUG] [root]自动加载类：app\admin\model\users
2020-05-11 12:18:46 [DEBUG] [root]自动加载类：app\admin\model\shop_product
2020-05-11 12:18:46 [DEBUG] [root]select count(*) c from `heecms_shop_product` where 1=1
2020-05-11 12:18:46 [DEBUG] [root]select  *  from heecms_shop_product   where  (`heecms_shop_product`.delete_time IS NULL or `heecms_shop_product`.delete_time <=0 or `heecms_shop_product`.delete_time='')    
2020-05-11 12:18:47 [DEBUG] [root]自动加载类：app\admin\model\shop_category
2020-05-11 12:18:47 [DEBUG] [root]select * from heecms_shop_category   where ((`shop_category_id`='2')) and (`heecms_shop_category`.delete_time IS NULL or `heecms_shop_category`.delete_time <=0 or `heecms_shop_category`.delete_time='')    
2020-05-11 12:18:49 [DEBUG] [root]自动加载类：app\admin\controller\adminBase
2020-05-11 12:18:49 [DEBUG] [root]自动加载类：app\admin\model\users_group
2020-05-11 12:18:49 [DEBUG] [root]自动加载类：heephp\model
2020-05-11 12:18:49 [DEBUG] [root]自动加载类：heephp\orm\orm
2020-05-11 12:18:49 [DEBUG] [root]自动加载类：heephp\database\mysqli
2020-05-11 12:18:49 [DEBUG] [root]自动加载类：heephp\database\databaseInterface
2020-05-11 12:18:49 [DEBUG] [root]show full columns from `heecms_users_group`
2020-05-11 12:18:49 [DEBUG] [root]select * from heecms_users_group   where ((`users_group_id`=1)) and (`heecms_users_group`.delete_time IS NULL or `heecms_users_group`.delete_time <=0 or `heecms_users_group`.delete_time='')    
2020-05-11 12:18:49 [DEBUG] [root]自动加载类：app\admin\model\message
2020-05-11 12:18:49 [DEBUG] [root]show full columns from `heecms_message`
2020-05-11 12:18:49 [DEBUG] [root]select * from heecms_message   where ((`isread`=0 and `receiver_users_id`='1')) and (`heecms_message`.delete_time IS NULL or `heecms_message`.delete_time <=0 or `heecms_message`.delete_time='')  order by create_time desc  limit 5
2020-05-11 12:18:49 [DEBUG] [root]自动加载类：app\admin\model\menus
2020-05-11 12:18:49 [DEBUG] [root]show full columns from `heecms_menus`
2020-05-11 12:18:49 [DEBUG] [root]自动加载类：heephp\cache\file
2020-05-11 12:18:49 [DEBUG] [root]自动加载类：heephp\cache\cacheInterface
2020-05-11 12:18:49 [DEBUG] [root]show full columns from `heecms_menus`
2020-05-11 12:18:49 [DEBUG] [root]自动加载类：app\admin\model\users
2020-05-11 12:18:49 [DEBUG] [root]自动加载类：app\admin\model\shop_product
2020-05-11 12:18:49 [DEBUG] [root]select count(*) c from `heecms_shop_product` where 1=1
2020-05-11 12:18:49 [DEBUG] [root]select  *  from heecms_shop_product   where  (`heecms_shop_product`.delete_time IS NULL or `heecms_shop_product`.delete_time <=0 or `heecms_shop_product`.delete_time='')    limit 5,5
2020-05-11 12:18:49 [DEBUG] [root]自动加载类：app\admin\model\shop_category
2020-05-11 12:18:51 [DEBUG] [root]自动加载类：app\admin\controller\adminBase
2020-05-11 12:18:51 [DEBUG] [root]自动加载类：app\admin\model\users_group
2020-05-11 12:18:51 [DEBUG] [root]自动加载类：heephp\model
2020-05-11 12:18:51 [DEBUG] [root]自动加载类：heephp\orm\orm
2020-05-11 12:18:51 [DEBUG] [root]自动加载类：heephp\database\mysqli
2020-05-11 12:18:51 [DEBUG] [root]自动加载类：heephp\database\databaseInterface
2020-05-11 12:18:51 [DEBUG] [root]show full columns from `heecms_users_group`
2020-05-11 12:18:51 [DEBUG] [root]select * from heecms_users_group   where ((`users_group_id`=1)) and (`heecms_users_group`.delete_time IS NULL or `heecms_users_group`.delete_time <=0 or `heecms_users_group`.delete_time='')    
2020-05-11 12:18:51 [DEBUG] [root]自动加载类：app\admin\model\message
2020-05-11 12:18:51 [DEBUG] [root]show full columns from `heecms_message`
2020-05-11 12:18:51 [DEBUG] [root]select * from heecms_message   where ((`isread`=0 and `receiver_users_id`='1')) and (`heecms_message`.delete_time IS NULL or `heecms_message`.delete_time <=0 or `heecms_message`.delete_time='')  order by create_time desc  limit 5
2020-05-11 12:18:51 [DEBUG] [root]自动加载类：app\admin\model\menus
2020-05-11 12:18:51 [DEBUG] [root]show full columns from `heecms_menus`
2020-05-11 12:18:51 [DEBUG] [root]自动加载类：heephp\cache\file
2020-05-11 12:18:51 [DEBUG] [root]自动加载类：heephp\cache\cacheInterface
2020-05-11 12:18:51 [DEBUG] [root]show full columns from `heecms_menus`
2020-05-11 12:18:51 [DEBUG] [root]自动加载类：app\admin\model\users
2020-05-11 12:18:51 [DEBUG] [root]自动加载类：app\admin\model\shop_product
2020-05-11 12:18:51 [DEBUG] [root]select count(*) c from `heecms_shop_product` where 1=1
2020-05-11 12:18:51 [DEBUG] [root]select  *  from heecms_shop_product   where  (`heecms_shop_product`.delete_time IS NULL or `heecms_shop_product`.delete_time <=0 or `heecms_shop_product`.delete_time='')    
2020-05-11 12:18:51 [DEBUG] [root]自动加载类：app\admin\model\shop_category
2020-05-11 12:18:51 [DEBUG] [root]select * from heecms_shop_category   where ((`shop_category_id`='2')) and (`heecms_shop_category`.delete_time IS NULL or `heecms_shop_category`.delete_time <=0 or `heecms_shop_category`.delete_time='')    
2020-05-11 12:21:02 [DEBUG] [root]自动加载类：app\admin\controller\adminBase
2020-05-11 12:21:02 [DEBUG] [root]自动加载类：app\admin\model\users_group
2020-05-11 12:21:02 [DEBUG] [root]自动加载类：heephp\model
2020-05-11 12:21:02 [DEBUG] [root]自动加载类：heephp\orm\orm
2020-05-11 12:21:02 [DEBUG] [root]自动加载类：heephp\database\mysqli
2020-05-11 12:21:02 [DEBUG] [root]自动加载类：heephp\database\databaseInterface
2020-05-11 12:21:02 [DEBUG] [root]show full columns from `heecms_users_group`
2020-05-11 12:21:02 [DEBUG] [root]select * from heecms_users_group   where ((`users_group_id`=1)) and (`heecms_users_group`.delete_time IS NULL or `heecms_users_group`.delete_time <=0 or `heecms_users_group`.delete_time='')    
2020-05-11 12:21:02 [DEBUG] [root]自动加载类：app\admin\model\message
2020-05-11 12:21:02 [DEBUG] [root]show full columns from `heecms_message`
2020-05-11 12:21:02 [DEBUG] [root]select * from heecms_message   where ((`isread`=0 and `receiver_users_id`='1')) and (`heecms_message`.delete_time IS NULL or `heecms_message`.delete_time <=0 or `heecms_message`.delete_time='')  order by create_time desc  limit 5
2020-05-11 12:21:02 [DEBUG] [root]自动加载类：app\admin\model\menus
2020-05-11 12:21:02 [DEBUG] [root]show full columns from `heecms_menus`
2020-05-11 12:21:02 [DEBUG] [root]自动加载类：heephp\cache\file
2020-05-11 12:21:02 [DEBUG] [root]自动加载类：heephp\cache\cacheInterface
2020-05-11 12:21:02 [DEBUG] [root]show full columns from `heecms_menus`
2020-05-11 12:21:02 [DEBUG] [root]自动加载类：app\admin\model\users
2020-05-11 12:21:02 [DEBUG] [root]自动加载类：app\admin\model\shop_product
2020-05-11 12:21:02 [DEBUG] [root]select count(*) c from heecms_shop_product   where  (`heecms_shop_product`.delete_time IS NULL or `heecms_shop_product`.delete_time <=0 or `heecms_shop_product`.delete_time='')    
2020-05-11 12:21:02 [DEBUG] [root]select  *  from heecms_shop_product   where  (`heecms_shop_product`.delete_time IS NULL or `heecms_shop_product`.delete_time <=0 or `heecms_shop_product`.delete_time='')    
2020-05-11 12:21:02 [DEBUG] [root]自动加载类：app\admin\model\shop_category
2020-05-11 12:21:02 [DEBUG] [root]select * from heecms_shop_category   where ((`shop_category_id`='2')) and (`heecms_shop_category`.delete_time IS NULL or `heecms_shop_category`.delete_time <=0 or `heecms_shop_category`.delete_time='')    
2020-05-11 12:21:02 [DEBUG] [root]select * from heecms_shop_category   where ((`shop_category_id`='2')) and (`heecms_shop_category`.delete_time IS NULL or `heecms_shop_category`.delete_time <=0 or `heecms_shop_category`.delete_time='')    
2020-05-11 12:21:02 [DEBUG] [root]select * from heecms_shop_category   where ((`shop_category_id`='2')) and (`heecms_shop_category`.delete_time IS NULL or `heecms_shop_category`.delete_time <=0 or `heecms_shop_category`.delete_time='')    
2020-05-11 12:21:02 [DEBUG] [root]select * from heecms_shop_category   where ((`shop_category_id`='2')) and (`heecms_shop_category`.delete_time IS NULL or `heecms_shop_category`.delete_time <=0 or `heecms_shop_category`.delete_time='')    
2020-05-11 12:21:02 [DEBUG] [root]select * from heecms_shop_category   where ((`shop_category_id`='2')) and (`heecms_shop_category`.delete_time IS NULL or `heecms_shop_category`.delete_time <=0 or `heecms_shop_category`.delete_time='')    
2020-05-11 12:21:02 [DEBUG] [root]select * from heecms_shop_category   where ((`shop_category_id`='2')) and (`heecms_shop_category`.delete_time IS NULL or `heecms_shop_category`.delete_time <=0 or `heecms_shop_category`.delete_time='')    
2020-05-11 12:21:02 [DEBUG] [root]select * from heecms_shop_category   where ((`shop_category_id`='2')) and (`heecms_shop_category`.delete_time IS NULL or `heecms_shop_category`.delete_time <=0 or `heecms_shop_category`.delete_time='')    
2020-05-11 12:21:08 [DEBUG] [root]自动加载类：app\admin\controller\adminBase
2020-05-11 12:21:08 [DEBUG] [root]自动加载类：app\admin\model\users_group
2020-05-11 12:21:08 [DEBUG] [root]自动加载类：heephp\model
2020-05-11 12:21:08 [DEBUG] [root]自动加载类：heephp\orm\orm
2020-05-11 12:21:08 [DEBUG] [root]自动加载类：heephp\database\mysqli
2020-05-11 12:21:08 [DEBUG] [root]自动加载类：heephp\database\databaseInterface
2020-05-11 12:21:08 [DEBUG] [root]show full columns from `heecms_users_group`
2020-05-11 12:21:08 [DEBUG] [root]select * from heecms_users_group   where ((`users_group_id`=1)) and (`heecms_users_group`.delete_time IS NULL or `heecms_users_group`.delete_time <=0 or `heecms_users_group`.delete_time='')    
2020-05-11 12:21:08 [DEBUG] [root]自动加载类：app\admin\model\message
2020-05-11 12:21:08 [DEBUG] [root]show full columns from `heecms_message`
2020-05-11 12:21:08 [DEBUG] [root]select * from heecms_message   where ((`isread`=0 and `receiver_users_id`='1')) and (`heecms_message`.delete_time IS NULL or `heecms_message`.delete_time <=0 or `heecms_message`.delete_time='')  order by create_time desc  limit 5
2020-05-11 12:21:08 [DEBUG] [root]自动加载类：app\admin\model\menus
2020-05-11 12:21:08 [DEBUG] [root]show full columns from `heecms_menus`
2020-05-11 12:21:08 [DEBUG] [root]自动加载类：heephp\cache\file
2020-05-11 12:21:08 [DEBUG] [root]自动加载类：heephp\cache\cacheInterface
2020-05-11 12:21:08 [DEBUG] [root]show full columns from `heecms_menus`
2020-05-11 12:21:08 [DEBUG] [root]自动加载类：app\admin\model\users
2020-05-11 12:21:08 [DEBUG] [root]自动加载类：app\admin\model\shop_cart
2020-05-11 12:21:08 [DEBUG] [root]select *,sum(num) pcount,count(*) c from heecms_shop_cart    group by create_users_id order by create_time desc  
2020-05-11 12:21:08 [DEBUG] [root]select *,sum(num) pcount from heecms_shop_cart    group by create_users_id order by create_time desc  
2020-05-11 12:21:08 [DEBUG] [root]自动加载类：app\admin\model\shop_product
2020-05-11 12:21:08 [DEBUG] [root]select * from heecms_shop_product   where ((`shop_product_id`='1')) and (`heecms_shop_product`.delete_time IS NULL or `heecms_shop_product`.delete_time <=0 or `heecms_shop_product`.delete_time='')    
2020-05-11 12:21:11 [DEBUG] [root]自动加载类：app\admin\controller\adminBase
2020-05-11 12:21:11 [DEBUG] [root]自动加载类：app\admin\model\users_group
2020-05-11 12:21:11 [DEBUG] [root]自动加载类：heephp\model
2020-05-11 12:21:11 [DEBUG] [root]自动加载类：heephp\orm\orm
2020-05-11 12:21:11 [DEBUG] [root]自动加载类：heephp\database\mysqli
2020-05-11 12:21:11 [DEBUG] [root]自动加载类：heephp\database\databaseInterface
2020-05-11 12:21:11 [DEBUG] [root]show full columns from `heecms_users_group`
2020-05-11 12:21:11 [DEBUG] [root]select * from heecms_users_group   where ((`users_group_id`=1)) and (`heecms_users_group`.delete_time IS NULL or `heecms_users_group`.delete_time <=0 or `heecms_users_group`.delete_time='')    
2020-05-11 12:21:11 [DEBUG] [root]自动加载类：app\admin\model\message
2020-05-11 12:21:11 [DEBUG] [root]show full columns from `heecms_message`
2020-05-11 12:21:11 [DEBUG] [root]select * from heecms_message   where ((`isread`=0 and `receiver_users_id`='1')) and (`heecms_message`.delete_time IS NULL or `heecms_message`.delete_time <=0 or `heecms_message`.delete_time='')  order by create_time desc  limit 5
2020-05-11 12:21:11 [DEBUG] [root]自动加载类：app\admin\model\menus
2020-05-11 12:21:11 [DEBUG] [root]show full columns from `heecms_menus`
2020-05-11 12:21:11 [DEBUG] [root]自动加载类：heephp\cache\file
2020-05-11 12:21:11 [DEBUG] [root]自动加载类：heephp\cache\cacheInterface
2020-05-11 12:21:11 [DEBUG] [root]show full columns from `heecms_menus`
2020-05-11 12:21:11 [DEBUG] [root]自动加载类：app\admin\model\users
2020-05-11 12:21:11 [DEBUG] [root]自动加载类：app\admin\model\shop_product
2020-05-11 12:21:11 [DEBUG] [root]select count(*) c from heecms_shop_product   where  (`heecms_shop_product`.delete_time IS NULL or `heecms_shop_product`.delete_time <=0 or `heecms_shop_product`.delete_time='')    
2020-05-11 12:21:11 [DEBUG] [root]select  *  from heecms_shop_product   where  (`heecms_shop_product`.delete_time IS NULL or `heecms_shop_product`.delete_time <=0 or `heecms_shop_product`.delete_time='')    
2020-05-11 12:21:11 [DEBUG] [root]自动加载类：app\admin\model\shop_category
2020-05-11 12:21:11 [DEBUG] [root]select * from heecms_shop_category   where ((`shop_category_id`='2')) and (`heecms_shop_category`.delete_time IS NULL or `heecms_shop_category`.delete_time <=0 or `heecms_shop_category`.delete_time='')    
2020-05-11 12:21:11 [DEBUG] [root]select * from heecms_shop_category   where ((`shop_category_id`='2')) and (`heecms_shop_category`.delete_time IS NULL or `heecms_shop_category`.delete_time <=0 or `heecms_shop_category`.delete_time='')    
2020-05-11 12:21:11 [DEBUG] [root]select * from heecms_shop_category   where ((`shop_category_id`='2')) and (`heecms_shop_category`.delete_time IS NULL or `heecms_shop_category`.delete_time <=0 or `heecms_shop_category`.delete_time='')    
2020-05-11 12:21:11 [DEBUG] [root]select * from heecms_shop_category   where ((`shop_category_id`='2')) and (`heecms_shop_category`.delete_time IS NULL or `heecms_shop_category`.delete_time <=0 or `heecms_shop_category`.delete_time='')    
2020-05-11 12:21:11 [DEBUG] [root]select * from heecms_shop_category   where ((`shop_category_id`='2')) and (`heecms_shop_category`.delete_time IS NULL or `heecms_shop_category`.delete_time <=0 or `heecms_shop_category`.delete_time='')    
2020-05-11 12:21:11 [DEBUG] [root]select * from heecms_shop_category   where ((`shop_category_id`='2')) and (`heecms_shop_category`.delete_time IS NULL or `heecms_shop_category`.delete_time <=0 or `heecms_shop_category`.delete_time='')    
2020-05-11 12:21:11 [DEBUG] [root]select * from heecms_shop_category   where ((`shop_category_id`='2')) and (`heecms_shop_category`.delete_time IS NULL or `heecms_shop_category`.delete_time <=0 or `heecms_shop_category`.delete_time='')    
2020-05-11 12:21:12 [DEBUG] [root]自动加载类：app\admin\controller\adminBase
2020-05-11 12:21:12 [DEBUG] [root]自动加载类：app\admin\model\users_group
2020-05-11 12:21:12 [DEBUG] [root]自动加载类：heephp\model
2020-05-11 12:21:12 [DEBUG] [root]自动加载类：heephp\orm\orm
2020-05-11 12:21:12 [DEBUG] [root]自动加载类：heephp\database\mysqli
2020-05-11 12:21:12 [DEBUG] [root]自动加载类：heephp\database\databaseInterface
2020-05-11 12:21:12 [DEBUG] [root]show full columns from `heecms_users_group`
2020-05-11 12:21:12 [DEBUG] [root]select * from heecms_users_group   where ((`users_group_id`=1)) and (`heecms_users_group`.delete_time IS NULL or `heecms_users_group`.delete_time <=0 or `heecms_users_group`.delete_time='')    
2020-05-11 12:21:12 [DEBUG] [root]自动加载类：app\admin\model\message
2020-05-11 12:21:12 [DEBUG] [root]show full columns from `heecms_message`
2020-05-11 12:21:12 [DEBUG] [root]select * from heecms_message   where ((`isread`=0 and `receiver_users_id`='1')) and (`heecms_message`.delete_time IS NULL or `heecms_message`.delete_time <=0 or `heecms_message`.delete_time='')  order by create_time desc  limit 5
2020-05-11 12:21:12 [DEBUG] [root]自动加载类：app\admin\model\menus
2020-05-11 12:21:12 [DEBUG] [root]show full columns from `heecms_menus`
2020-05-11 12:21:12 [DEBUG] [root]自动加载类：heephp\cache\file
2020-05-11 12:21:12 [DEBUG] [root]自动加载类：heephp\cache\cacheInterface
2020-05-11 12:21:12 [DEBUG] [root]show full columns from `heecms_menus`
2020-05-11 12:21:12 [DEBUG] [root]自动加载类：app\admin\model\users
2020-05-11 12:21:12 [DEBUG] [root]自动加载类：app\admin\model\shop_category
2020-05-11 12:21:12 [DEBUG] [root]select count(*) c from heecms_shop_category   where ( `parent_id` IS NULL or `parent_id`='' or `parent_id`=0 ) and (`heecms_shop_category`.delete_time IS NULL or `heecms_shop_category`.delete_time <=0 or `heecms_shop_category`.delete_time='')    
2020-05-11 12:21:12 [DEBUG] [root]select  *  from heecms_shop_category   where  (`heecms_shop_category`.delete_time IS NULL or `heecms_shop_category`.delete_time <=0 or `heecms_shop_category`.delete_time='')    
2020-05-11 12:21:12 [DEBUG] [root]select * from heecms_shop_category   where ((`parent_id`='1')) and (`heecms_shop_category`.delete_time IS NULL or `heecms_shop_category`.delete_time <=0 or `heecms_shop_category`.delete_time='')  order by parent_id asc  
2020-05-11 12:21:12 [DEBUG] [root]select * from heecms_shop_category   where ((`parent_id`='2')) and (`heecms_shop_category`.delete_time IS NULL or `heecms_shop_category`.delete_time <=0 or `heecms_shop_category`.delete_time='')  order by parent_id asc  
2020-05-11 12:21:13 [DEBUG] [root]自动加载类：app\admin\controller\adminBase
2020-05-11 12:21:13 [DEBUG] [root]自动加载类：app\admin\model\users_group
2020-05-11 12:21:13 [DEBUG] [root]自动加载类：heephp\model
2020-05-11 12:21:13 [DEBUG] [root]自动加载类：heephp\orm\orm
2020-05-11 12:21:13 [DEBUG] [root]自动加载类：heephp\database\mysqli
2020-05-11 12:21:13 [DEBUG] [root]自动加载类：heephp\database\databaseInterface
2020-05-11 12:21:13 [DEBUG] [root]show full columns from `heecms_users_group`
2020-05-11 12:21:13 [DEBUG] [root]select * from heecms_users_group   where ((`users_group_id`=1)) and (`heecms_users_group`.delete_time IS NULL or `heecms_users_group`.delete_time <=0 or `heecms_users_group`.delete_time='')    
2020-05-11 12:21:13 [DEBUG] [root]自动加载类：app\admin\model\message
2020-05-11 12:21:13 [DEBUG] [root]show full columns from `heecms_message`
2020-05-11 12:21:13 [DEBUG] [root]select * from heecms_message   where ((`isread`=0 and `receiver_users_id`='1')) and (`heecms_message`.delete_time IS NULL or `heecms_message`.delete_time <=0 or `heecms_message`.delete_time='')  order by create_time desc  limit 5
2020-05-11 12:21:13 [DEBUG] [root]自动加载类：app\admin\model\menus
2020-05-11 12:21:13 [DEBUG] [root]show full columns from `heecms_menus`
2020-05-11 12:21:13 [DEBUG] [root]自动加载类：heephp\cache\file
2020-05-11 12:21:13 [DEBUG] [root]自动加载类：heephp\cache\cacheInterface
2020-05-11 12:21:13 [DEBUG] [root]show full columns from `heecms_menus`
2020-05-11 12:21:13 [DEBUG] [root]自动加载类：app\admin\model\users
2020-05-11 12:21:13 [DEBUG] [root]自动加载类：app\admin\model\shop_product
2020-05-11 12:21:13 [DEBUG] [root]select count(*) c from heecms_shop_product   where  (`heecms_shop_product`.delete_time IS NULL or `heecms_shop_product`.delete_time <=0 or `heecms_shop_product`.delete_time='')    
2020-05-11 12:21:13 [DEBUG] [root]select  *  from heecms_shop_product   where  (`heecms_shop_product`.delete_time IS NULL or `heecms_shop_product`.delete_time <=0 or `heecms_shop_product`.delete_time='')    
2020-05-11 12:21:13 [DEBUG] [root]自动加载类：app\admin\model\shop_category
2020-05-11 12:21:13 [DEBUG] [root]select * from heecms_shop_category   where ((`shop_category_id`='2')) and (`heecms_shop_category`.delete_time IS NULL or `heecms_shop_category`.delete_time <=0 or `heecms_shop_category`.delete_time='')    
2020-05-11 12:21:13 [DEBUG] [root]select * from heecms_shop_category   where ((`shop_category_id`='2')) and (`heecms_shop_category`.delete_time IS NULL or `heecms_shop_category`.delete_time <=0 or `heecms_shop_category`.delete_time='')    
2020-05-11 12:21:13 [DEBUG] [root]select * from heecms_shop_category   where ((`shop_category_id`='2')) and (`heecms_shop_category`.delete_time IS NULL or `heecms_shop_category`.delete_time <=0 or `heecms_shop_category`.delete_time='')    
2020-05-11 12:21:13 [DEBUG] [root]select * from heecms_shop_category   where ((`shop_category_id`='2')) and (`heecms_shop_category`.delete_time IS NULL or `heecms_shop_category`.delete_time <=0 or `heecms_shop_category`.delete_time='')    
2020-05-11 12:21:13 [DEBUG] [root]select * from heecms_shop_category   where ((`shop_category_id`='2')) and (`heecms_shop_category`.delete_time IS NULL or `heecms_shop_category`.delete_time <=0 or `heecms_shop_category`.delete_time='')    
2020-05-11 12:21:13 [DEBUG] [root]select * from heecms_shop_category   where ((`shop_category_id`='2')) and (`heecms_shop_category`.delete_time IS NULL or `heecms_shop_category`.delete_time <=0 or `heecms_shop_category`.delete_time='')    
2020-05-11 12:21:13 [DEBUG] [root]select * from heecms_shop_category   where ((`shop_category_id`='2')) and (`heecms_shop_category`.delete_time IS NULL or `heecms_shop_category`.delete_time <=0 or `heecms_shop_category`.delete_time='')    
